------------------------------------------------------------------------------------------------------------------------

[2021-05-16 13:55:52 #1 server] 
Server on port 6136 has started by 19736@LAPTOP-B255QIOF

[2021-05-16 13:56:14 #2 store] 
Database 'C:\Users\aritz\Downloads\Bets21\src\main\resources\db\src\main\resources\bets.temp' is opened by 19736@LAPTOP-B255QIOF

------------------------------------------------------------------------------------------------------------------------

[2021-05-16 13:56:14 #1 type] 
Type domain.Question is not enhanced.

[2021-05-16 13:56:14 #2 type] 
Type domain.Kuota is not enhanced.

[2021-05-16 13:56:14 #3 type] 
Type domain.Event is not enhanced.

[2021-05-16 13:56:14 #4 type] 
Type domain.Emaitza is not enhanced.

[2021-05-16 13:56:14 #5 type] 
Type domain.Apostu is not enhanced.

[2021-05-16 13:56:14 #6 type] 
Type domain.Erabiltzailea is not enhanced.

[2021-05-16 13:56:14 #7 type] 
Type domain.Erregistratua is not enhanced.

[2021-05-16 13:56:14 #8 type] 
Type domain.Langilea is not enhanced.

[2021-05-16 13:56:14 #9 type] 
Type domain.Administratzailea is not enhanced.

[2021-05-16 13:57:18 #3 store] 
Database 'C:\Users\aritz\Downloads\Bets21\src\main\resources\db\src\main\resources\bets.temp' is closed by 19736@LAPTOP-B255QIOF

------------------------------------------------------------------------------------------------------------------------

[2021-05-16 13:57:33 #1 server] 
java.net.BindException: Address already in use: bind
	at java.base/sun.nio.ch.Net.bind0(Native Method)
	at java.base/sun.nio.ch.Net.bind(Net.java:469)
	at java.base/sun.nio.ch.Net.bind(Net.java:458)
	at java.base/sun.nio.ch.NioSocketImpl.bind(NioSocketImpl.java:643)
	at java.base/java.net.ServerSocket.bind(ServerSocket.java:374)
	at java.base/java.net.ServerSocket.<init>(ServerSocket.java:260)
	at java.base/java.net.ServerSocket.<init>(ServerSocket.java:204)
	at com.objectdb.o.SMR.I(SMR.java:259)
	at com.objectdb.o.SMR.n(SMR.java:159)
	at com.objectdb.o.TOL.run(TOL.java:116)
	at com.objectdb.Server.runCommand(Server.java:200)
	at com.objectdb.Server.run(Server.java:104)
	at com.objectdb.Server.main(Server.java:63)

------------------------------------------------------------------------------------------------------------------------

[2021-05-16 14:03:13 #1 server] 
java.net.BindException: Address already in use: bind
	at java.base/sun.nio.ch.Net.bind0(Native Method)
	at java.base/sun.nio.ch.Net.bind(Net.java:469)
	at java.base/sun.nio.ch.Net.bind(Net.java:458)
	at java.base/sun.nio.ch.NioSocketImpl.bind(NioSocketImpl.java:643)
	at java.base/java.net.ServerSocket.bind(ServerSocket.java:374)
	at java.base/java.net.ServerSocket.<init>(ServerSocket.java:260)
	at java.base/java.net.ServerSocket.<init>(ServerSocket.java:204)
	at com.objectdb.o.SMR.I(SMR.java:259)
	at com.objectdb.o.SMR.n(SMR.java:159)
	at com.objectdb.o.TOL.run(TOL.java:116)
	at com.objectdb.Server.runCommand(Server.java:200)
	at com.objectdb.Server.run(Server.java:104)
	at com.objectdb.Server.main(Server.java:63)

[2021-05-16 14:03:19 #4 store] 
Database 'C:\Users\aritz\Downloads\Bets21\src\main\resources\db\src\main\resources\bets.temp' is opened by 19736@LAPTOP-B255QIOF

------------------------------------------------------------------------------------------------------------------------

[2021-05-16 14:03:19 #1 type] 
Type domain.Question is not enhanced.

[2021-05-16 14:03:19 #2 type] 
Type domain.Kuota is not enhanced.

[2021-05-16 14:03:19 #3 type] 
Type domain.Event is not enhanced.

[2021-05-16 14:03:19 #4 type] 
Type domain.Emaitza is not enhanced.

[2021-05-16 14:03:19 #5 type] 
Type domain.Apostu is not enhanced.

[2021-05-16 14:03:20 #6 type] 
Type domain.Erabiltzailea is not enhanced.

[2021-05-16 14:03:20 #7 type] 
Type domain.Erregistratua is not enhanced.

[2021-05-16 14:03:20 #8 type] 
Type domain.Langilea is not enhanced.

[2021-05-16 14:03:20 #9 type] 
Type domain.Administratzailea is not enhanced.

[2021-05-16 14:05:53 #5 store] 
Database 'C:\Users\aritz\Downloads\Bets21\src\main\resources\db\src\main\resources\bets.temp' is closed by 19736@LAPTOP-B255QIOF

------------------------------------------------------------------------------------------------------------------------

[2021-05-16 14:06:03 #1 server] 
java.net.BindException: Address already in use: bind
	at java.base/sun.nio.ch.Net.bind0(Native Method)
	at java.base/sun.nio.ch.Net.bind(Net.java:469)
	at java.base/sun.nio.ch.Net.bind(Net.java:458)
	at java.base/sun.nio.ch.NioSocketImpl.bind(NioSocketImpl.java:643)
	at java.base/java.net.ServerSocket.bind(ServerSocket.java:374)
	at java.base/java.net.ServerSocket.<init>(ServerSocket.java:260)
	at java.base/java.net.ServerSocket.<init>(ServerSocket.java:204)
	at com.objectdb.o.SMR.I(SMR.java:259)
	at com.objectdb.o.SMR.n(SMR.java:159)
	at com.objectdb.o.TOL.run(TOL.java:116)
	at com.objectdb.Server.runCommand(Server.java:200)
	at com.objectdb.Server.run(Server.java:104)
	at com.objectdb.Server.main(Server.java:63)

[2021-05-16 14:06:07 #6 store] 
Database 'C:\Users\aritz\Downloads\Bets21\src\main\resources\db\src\main\resources\bets.temp' is opened by 19736@LAPTOP-B255QIOF

------------------------------------------------------------------------------------------------------------------------

[2021-05-16 14:06:07 #1 type] 
Type domain.Question is not enhanced.

[2021-05-16 14:06:07 #2 type] 
Type domain.Kuota is not enhanced.

[2021-05-16 14:06:07 #3 type] 
Type domain.Event is not enhanced.

[2021-05-16 14:06:07 #4 type] 
Type domain.Emaitza is not enhanced.

[2021-05-16 14:06:07 #5 type] 
Type domain.Apostu is not enhanced.

[2021-05-16 14:06:07 #6 type] 
Type domain.Erabiltzailea is not enhanced.

[2021-05-16 14:06:07 #7 type] 
Type domain.Erregistratua is not enhanced.

[2021-05-16 14:06:07 #8 type] 
Type domain.Langilea is not enhanced.

[2021-05-16 14:06:07 #9 type] 
Type domain.Administratzailea is not enhanced.

[2021-05-16 14:06:37 #7 store] 
Database 'C:\Users\aritz\Downloads\Bets21\src\main\resources\db\src\main\resources\bets.temp' is closed by 19736@LAPTOP-B255QIOF

------------------------------------------------------------------------------------------------------------------------

[2021-05-16 14:06:45 #1 server] 
java.net.BindException: Address already in use: bind
	at java.base/sun.nio.ch.Net.bind0(Native Method)
	at java.base/sun.nio.ch.Net.bind(Net.java:469)
	at java.base/sun.nio.ch.Net.bind(Net.java:458)
	at java.base/sun.nio.ch.NioSocketImpl.bind(NioSocketImpl.java:643)
	at java.base/java.net.ServerSocket.bind(ServerSocket.java:374)
	at java.base/java.net.ServerSocket.<init>(ServerSocket.java:260)
	at java.base/java.net.ServerSocket.<init>(ServerSocket.java:204)
	at com.objectdb.o.SMR.I(SMR.java:259)
	at com.objectdb.o.SMR.n(SMR.java:159)
	at com.objectdb.o.TOL.run(TOL.java:116)
	at com.objectdb.Server.runCommand(Server.java:200)
	at com.objectdb.Server.run(Server.java:104)
	at com.objectdb.Server.main(Server.java:63)

[2021-05-16 14:06:50 #8 store] 
Database 'C:\Users\aritz\Downloads\Bets21\src\main\resources\db\src\main\resources\bets.temp' is opened by 19736@LAPTOP-B255QIOF

------------------------------------------------------------------------------------------------------------------------

[2021-05-16 14:06:50 #1 type] 
Type domain.Question is not enhanced.

[2021-05-16 14:06:50 #2 type] 
Type domain.Kuota is not enhanced.

[2021-05-16 14:06:50 #3 type] 
Type domain.Event is not enhanced.

[2021-05-16 14:06:50 #4 type] 
Type domain.Emaitza is not enhanced.

[2021-05-16 14:06:50 #5 type] 
Type domain.Apostu is not enhanced.

[2021-05-16 14:06:50 #6 type] 
Type domain.Erabiltzailea is not enhanced.

[2021-05-16 14:06:50 #7 type] 
Type domain.Erregistratua is not enhanced.

[2021-05-16 14:06:50 #8 type] 
Type domain.Langilea is not enhanced.

[2021-05-16 14:06:50 #9 type] 
Type domain.Administratzailea is not enhanced.

[2021-05-16 14:07:57 #9 store] 
Database 'C:\Users\aritz\Downloads\Bets21\src\main\resources\db\src\main\resources\bets.temp' is closed by 19736@LAPTOP-B255QIOF

------------------------------------------------------------------------------------------------------------------------

[2021-05-16 14:10:54 #1 server] 
java.net.BindException: Address already in use: bind
	at java.base/sun.nio.ch.Net.bind0(Native Method)
	at java.base/sun.nio.ch.Net.bind(Net.java:469)
	at java.base/sun.nio.ch.Net.bind(Net.java:458)
	at java.base/sun.nio.ch.NioSocketImpl.bind(NioSocketImpl.java:643)
	at java.base/java.net.ServerSocket.bind(ServerSocket.java:374)
	at java.base/java.net.ServerSocket.<init>(ServerSocket.java:260)
	at java.base/java.net.ServerSocket.<init>(ServerSocket.java:204)
	at com.objectdb.o.SMR.I(SMR.java:259)
	at com.objectdb.o.SMR.n(SMR.java:159)
	at com.objectdb.o.TOL.run(TOL.java:116)
	at com.objectdb.Server.runCommand(Server.java:200)
	at com.objectdb.Server.run(Server.java:104)
	at com.objectdb.Server.main(Server.java:63)

[2021-05-16 14:10:57 #10 store] 
Database 'C:\Users\aritz\Downloads\Bets21\src\main\resources\db\src\main\resources\bets.temp' is opened by 19736@LAPTOP-B255QIOF

------------------------------------------------------------------------------------------------------------------------

[2021-05-16 14:10:57 #1 type] 
Type domain.Question is not enhanced.

[2021-05-16 14:10:57 #2 type] 
Type domain.Kuota is not enhanced.

[2021-05-16 14:10:57 #3 type] 
Type domain.Event is not enhanced.

[2021-05-16 14:10:57 #4 type] 
Type domain.Emaitza is not enhanced.

[2021-05-16 14:10:57 #5 type] 
Type domain.Apostu is not enhanced.

[2021-05-16 14:10:57 #6 type] 
Type domain.Erabiltzailea is not enhanced.

[2021-05-16 14:10:57 #7 type] 
Type domain.Erregistratua is not enhanced.

[2021-05-16 14:10:57 #8 type] 
Type domain.Langilea is not enhanced.

[2021-05-16 14:10:57 #9 type] 
Type domain.Administratzailea is not enhanced.

[2021-05-16 14:11:18 #11 store] 
Database 'C:\Users\aritz\Downloads\Bets21\src\main\resources\db\src\main\resources\bets.temp' is closed by 19736@LAPTOP-B255QIOF

------------------------------------------------------------------------------------------------------------------------

[2021-05-16 14:16:33 #1 server] 
java.net.BindException: Address already in use: bind
	at java.base/sun.nio.ch.Net.bind0(Native Method)
	at java.base/sun.nio.ch.Net.bind(Net.java:469)
	at java.base/sun.nio.ch.Net.bind(Net.java:458)
	at java.base/sun.nio.ch.NioSocketImpl.bind(NioSocketImpl.java:643)
	at java.base/java.net.ServerSocket.bind(ServerSocket.java:374)
	at java.base/java.net.ServerSocket.<init>(ServerSocket.java:260)
	at java.base/java.net.ServerSocket.<init>(ServerSocket.java:204)
	at com.objectdb.o.SMR.I(SMR.java:259)
	at com.objectdb.o.SMR.n(SMR.java:159)
	at com.objectdb.o.TOL.run(TOL.java:116)
	at com.objectdb.Server.runCommand(Server.java:200)
	at com.objectdb.Server.run(Server.java:104)
	at com.objectdb.Server.main(Server.java:63)

[2021-05-16 14:16:37 #12 store] 
Database 'C:\Users\aritz\Downloads\Bets21\src\main\resources\db\src\main\resources\bets.temp' is opened by 19736@LAPTOP-B255QIOF

------------------------------------------------------------------------------------------------------------------------

[2021-05-16 14:16:37 #1 type] 
Type domain.Question is not enhanced.

[2021-05-16 14:16:37 #2 type] 
Type domain.Kuota is not enhanced.

[2021-05-16 14:16:37 #3 type] 
Type domain.Event is not enhanced.

[2021-05-16 14:16:37 #4 type] 
Type domain.Emaitza is not enhanced.

[2021-05-16 14:16:37 #5 type] 
Type domain.Apostu is not enhanced.

[2021-05-16 14:16:37 #6 type] 
Type domain.Erabiltzailea is not enhanced.

[2021-05-16 14:16:37 #7 type] 
Type domain.Erregistratua is not enhanced.

[2021-05-16 14:16:37 #8 type] 
Type domain.Langilea is not enhanced.

[2021-05-16 14:16:37 #9 type] 
Type domain.Administratzailea is not enhanced.

[2021-05-16 14:17:53 #13 store] 
Database 'C:\Users\aritz\Downloads\Bets21\src\main\resources\db\src\main\resources\bets.temp' is closed by 19736@LAPTOP-B255QIOF

------------------------------------------------------------------------------------------------------------------------

[2021-05-16 14:21:40 #1 server] 
java.net.BindException: Address already in use: bind
	at java.base/sun.nio.ch.Net.bind0(Native Method)
	at java.base/sun.nio.ch.Net.bind(Net.java:469)
	at java.base/sun.nio.ch.Net.bind(Net.java:458)
	at java.base/sun.nio.ch.NioSocketImpl.bind(NioSocketImpl.java:643)
	at java.base/java.net.ServerSocket.bind(ServerSocket.java:374)
	at java.base/java.net.ServerSocket.<init>(ServerSocket.java:260)
	at java.base/java.net.ServerSocket.<init>(ServerSocket.java:204)
	at com.objectdb.o.SMR.I(SMR.java:259)
	at com.objectdb.o.SMR.n(SMR.java:159)
	at com.objectdb.o.TOL.run(TOL.java:116)
	at com.objectdb.Server.runCommand(Server.java:200)
	at com.objectdb.Server.run(Server.java:104)
	at com.objectdb.Server.main(Server.java:63)

[2021-05-16 14:21:43 #14 store] 
Database 'C:\Users\aritz\Downloads\Bets21\src\main\resources\db\src\main\resources\bets.temp' is opened by 19736@LAPTOP-B255QIOF

------------------------------------------------------------------------------------------------------------------------

[2021-05-16 14:21:43 #1 type] 
Type domain.Question is not enhanced.

[2021-05-16 14:21:43 #2 type] 
Type domain.Kuota is not enhanced.

[2021-05-16 14:21:43 #3 type] 
Type domain.Event is not enhanced.

[2021-05-16 14:21:43 #4 type] 
Type domain.Emaitza is not enhanced.

[2021-05-16 14:21:43 #5 type] 
Type domain.Apostu is not enhanced.

[2021-05-16 14:21:43 #6 type] 
Type domain.Erabiltzailea is not enhanced.

[2021-05-16 14:21:43 #7 type] 
Type domain.Erregistratua is not enhanced.

[2021-05-16 14:21:43 #8 type] 
Type domain.Langilea is not enhanced.

[2021-05-16 14:21:43 #9 type] 
Type domain.Administratzailea is not enhanced.

[2021-05-16 14:24:39 #15 store] 
Database 'C:\Users\aritz\Downloads\Bets21\src\main\resources\db\src\main\resources\bets.temp' is closed by 19736@LAPTOP-B255QIOF

------------------------------------------------------------------------------------------------------------------------

[2021-05-16 14:28:06 #1 server] 
java.net.BindException: Address already in use: bind
	at java.base/sun.nio.ch.Net.bind0(Native Method)
	at java.base/sun.nio.ch.Net.bind(Net.java:469)
	at java.base/sun.nio.ch.Net.bind(Net.java:458)
	at java.base/sun.nio.ch.NioSocketImpl.bind(NioSocketImpl.java:643)
	at java.base/java.net.ServerSocket.bind(ServerSocket.java:374)
	at java.base/java.net.ServerSocket.<init>(ServerSocket.java:260)
	at java.base/java.net.ServerSocket.<init>(ServerSocket.java:204)
	at com.objectdb.o.SMR.I(SMR.java:259)
	at com.objectdb.o.SMR.n(SMR.java:159)
	at com.objectdb.o.TOL.run(TOL.java:116)
	at com.objectdb.Server.runCommand(Server.java:200)
	at com.objectdb.Server.run(Server.java:104)
	at com.objectdb.Server.main(Server.java:63)

[2021-05-16 14:28:10 #16 store] 
Database 'C:\Users\aritz\Downloads\Bets21\src\main\resources\db\src\main\resources\bets.temp' is opened by 19736@LAPTOP-B255QIOF

------------------------------------------------------------------------------------------------------------------------

[2021-05-16 14:28:10 #1 type] 
Type domain.Question is not enhanced.

[2021-05-16 14:28:10 #2 type] 
Type domain.Kuota is not enhanced.

[2021-05-16 14:28:10 #3 type] 
Type domain.Event is not enhanced.

[2021-05-16 14:28:10 #4 type] 
Type domain.Emaitza is not enhanced.

[2021-05-16 14:28:10 #5 type] 
Type domain.Apostu is not enhanced.

[2021-05-16 14:28:10 #6 type] 
Type domain.Erabiltzailea is not enhanced.

[2021-05-16 14:28:10 #7 type] 
Type domain.Erregistratua is not enhanced.

[2021-05-16 14:28:10 #8 type] 
Type domain.Langilea is not enhanced.

[2021-05-16 14:28:10 #9 type] 
Type domain.Administratzailea is not enhanced.

[2021-05-16 14:29:30 #17 store] 
Database 'C:\Users\aritz\Downloads\Bets21\src\main\resources\db\src\main\resources\bets.temp' is closed by 19736@LAPTOP-B255QIOF

------------------------------------------------------------------------------------------------------------------------

[2021-05-16 15:56:49 #1 server] 
java.net.BindException: Address already in use: bind
	at java.base/sun.nio.ch.Net.bind0(Native Method)
	at java.base/sun.nio.ch.Net.bind(Net.java:469)
	at java.base/sun.nio.ch.Net.bind(Net.java:458)
	at java.base/sun.nio.ch.NioSocketImpl.bind(NioSocketImpl.java:643)
	at java.base/java.net.ServerSocket.bind(ServerSocket.java:374)
	at java.base/java.net.ServerSocket.<init>(ServerSocket.java:260)
	at java.base/java.net.ServerSocket.<init>(ServerSocket.java:204)
	at com.objectdb.o.SMR.I(SMR.java:259)
	at com.objectdb.o.SMR.n(SMR.java:159)
	at com.objectdb.o.TOL.run(TOL.java:116)
	at com.objectdb.Server.runCommand(Server.java:200)
	at com.objectdb.Server.run(Server.java:104)
	at com.objectdb.Server.main(Server.java:63)

[2021-05-16 15:56:57 #18 store] 
Database 'C:\Users\aritz\Downloads\Bets21\src\main\resources\db\src\main\resources\bets.temp' is opened by 19736@LAPTOP-B255QIOF

------------------------------------------------------------------------------------------------------------------------

[2021-05-16 15:56:57 #1 type] 
Type domain.Question is not enhanced.

[2021-05-16 15:56:57 #2 type] 
Type domain.Kuota is not enhanced.

[2021-05-16 15:56:57 #3 type] 
Type domain.Event is not enhanced.

[2021-05-16 15:56:57 #4 type] 
Type domain.Emaitza is not enhanced.

[2021-05-16 15:56:57 #5 type] 
Type domain.Apostu is not enhanced.

[2021-05-16 15:56:57 #6 type] 
Type domain.Erabiltzailea is not enhanced.

[2021-05-16 15:56:57 #7 type] 
Type domain.Erregistratua is not enhanced.

[2021-05-16 15:56:57 #8 type] 
Type domain.Langilea is not enhanced.

[2021-05-16 15:56:57 #9 type] 
Type domain.Administratzailea is not enhanced.

[2021-05-16 15:58:17 #19 store] 
Database 'C:\Users\aritz\Downloads\Bets21\src\main\resources\db\src\main\resources\bets.temp' is closed by 19736@LAPTOP-B255QIOF

------------------------------------------------------------------------------------------------------------------------

[2021-05-16 16:08:17 #1 server] 
Server on port 6136 has started by 2480@DESKTOP-9IGFIE3

[2021-05-16 16:08:25 #2 store] 
Database 'C:\Users\Iker Sancho\eclipse-workspaceProiektua\Bets21\src\main\resources\db\src\main\resources\bets.temp' is opened by 2480@DESKTOP-9IGFIE3

------------------------------------------------------------------------------------------------------------------------

[2021-05-16 16:08:25 #1 type] 
Type domain.Question is not enhanced.

[2021-05-16 16:08:25 #2 type] 
Type domain.Kuota is not enhanced.

[2021-05-16 16:08:25 #3 type] 
Type domain.Event is not enhanced.

[2021-05-16 16:08:25 #4 type] 
Type domain.Emaitza is not enhanced.

[2021-05-16 16:08:25 #5 type] 
Type domain.Apostu is not enhanced.

[2021-05-16 16:08:25 #6 type] 
Type domain.Erabiltzailea is not enhanced.

[2021-05-16 16:08:25 #7 type] 
Type domain.Erregistratua is not enhanced.

[2021-05-16 16:08:25 #8 type] 
Type domain.Langilea is not enhanced.

[2021-05-16 16:08:25 #9 type] 
Type domain.Administratzailea is not enhanced.

[2021-05-16 16:08:40 #3 store] 
Database 'C:\Users\Iker Sancho\eclipse-workspaceProiektua\Bets21\src\main\resources\db\src\main\resources\bets.temp' is closed by 2480@DESKTOP-9IGFIE3

------------------------------------------------------------------------------------------------------------------------

[2021-05-16 16:08:52 #1 server] 
java.net.BindException: Address already in use: JVM_Bind
	at java.net.DualStackPlainSocketImpl.bind0(Native Method)
	at java.net.DualStackPlainSocketImpl.socketBind(Unknown Source)
	at java.net.AbstractPlainSocketImpl.bind(Unknown Source)
	at java.net.PlainSocketImpl.bind(Unknown Source)
	at java.net.ServerSocket.bind(Unknown Source)
	at java.net.ServerSocket.<init>(Unknown Source)
	at java.net.ServerSocket.<init>(Unknown Source)
	at com.objectdb.o.SMR.I(SMR.java:259)
	at com.objectdb.o.SMR.n(SMR.java:159)
	at com.objectdb.o.TOL.run(TOL.java:116)
	at com.objectdb.Server.runCommand(Server.java:200)
	at com.objectdb.Server.run(Server.java:104)
	at com.objectdb.Server.main(Server.java:63)

[2021-05-16 16:09:05 #4 store] 
Database 'C:\Users\Iker Sancho\eclipse-workspaceProiektua\Bets21\src\main\resources\db\src\main\resources\bets.temp' is opened by 2480@DESKTOP-9IGFIE3

------------------------------------------------------------------------------------------------------------------------

[2021-05-16 16:09:05 #1 type] 
Type domain.Question is not enhanced.

[2021-05-16 16:09:05 #2 type] 
Type domain.Kuota is not enhanced.

[2021-05-16 16:09:05 #3 type] 
Type domain.Event is not enhanced.

[2021-05-16 16:09:05 #4 type] 
Type domain.Emaitza is not enhanced.

[2021-05-16 16:09:05 #5 type] 
Type domain.Apostu is not enhanced.

[2021-05-16 16:09:05 #6 type] 
Type domain.Erabiltzailea is not enhanced.

[2021-05-16 16:09:05 #7 type] 
Type domain.Erregistratua is not enhanced.

[2021-05-16 16:09:05 #8 type] 
Type domain.Langilea is not enhanced.

[2021-05-16 16:09:05 #9 type] 
Type domain.Administratzailea is not enhanced.

[2021-05-16 16:09:42 #5 store] 
Database 'C:\Users\Iker Sancho\eclipse-workspaceProiektua\Bets21\src\main\resources\db\src\main\resources\bets.temp' is closed by 2480@DESKTOP-9IGFIE3

------------------------------------------------------------------------------------------------------------------------

[2021-05-16 19:22:56 #1 server] 
java.net.BindException: Address already in use: JVM_Bind
	at java.net.DualStackPlainSocketImpl.bind0(Native Method)
	at java.net.DualStackPlainSocketImpl.socketBind(Unknown Source)
	at java.net.AbstractPlainSocketImpl.bind(Unknown Source)
	at java.net.PlainSocketImpl.bind(Unknown Source)
	at java.net.ServerSocket.bind(Unknown Source)
	at java.net.ServerSocket.<init>(Unknown Source)
	at java.net.ServerSocket.<init>(Unknown Source)
	at com.objectdb.o.SMR.I(SMR.java:259)
	at com.objectdb.o.SMR.n(SMR.java:159)
	at com.objectdb.o.TOL.run(TOL.java:116)
	at com.objectdb.Server.runCommand(Server.java:200)
	at com.objectdb.Server.run(Server.java:104)
	at com.objectdb.Server.main(Server.java:63)

------------------------------------------------------------------------------------------------------------------------

[2021-05-16 19:23:03 #1 server] 
java.net.BindException: Address already in use: JVM_Bind
	at java.net.DualStackPlainSocketImpl.bind0(Native Method)
	at java.net.DualStackPlainSocketImpl.socketBind(Unknown Source)
	at java.net.AbstractPlainSocketImpl.bind(Unknown Source)
	at java.net.PlainSocketImpl.bind(Unknown Source)
	at java.net.ServerSocket.bind(Unknown Source)
	at java.net.ServerSocket.<init>(Unknown Source)
	at java.net.ServerSocket.<init>(Unknown Source)
	at com.objectdb.o.SMR.I(SMR.java:259)
	at com.objectdb.o.SMR.n(SMR.java:159)
	at com.objectdb.o.TOL.run(TOL.java:116)
	at com.objectdb.Server.runCommand(Server.java:200)
	at com.objectdb.Server.run(Server.java:104)
	at com.objectdb.Server.main(Server.java:63)

------------------------------------------------------------------------------------------------------------------------

[2021-05-16 19:24:37 #1 store] 
Database 'C:\Users\Iker Sancho\eclipse-workspaceProiektua\Bets21\src\main\resources\bets.temp' has been recovered (tr. 11-18)

[2021-05-16 19:24:37 #2 store] 
Database 'C:\Users\Iker Sancho\eclipse-workspaceProiektua\Bets21\src\main\resources\bets.temp' is opened by 4960@DESKTOP-9IGFIE3

[2021-05-16 19:24:38 #3 type] 
Type domain.Question is not enhanced.

[2021-05-16 19:24:38 #4 type] 
Type domain.Kuota is not enhanced.

[2021-05-16 19:24:38 #5 type] 
Type domain.Event is not enhanced.

[2021-05-16 19:24:38 #6 type] 
Type domain.Emaitza is not enhanced.

[2021-05-16 19:24:38 #7 type] 
Type domain.Apostu is not enhanced.

[2021-05-16 19:24:38 #8 type] 
Type domain.Erabiltzailea is not enhanced.

[2021-05-16 19:24:38 #9 type] 
Type domain.Erregistratua is not enhanced.

[2021-05-16 19:24:38 #10 type] 
Type domain.Langilea is not enhanced.

[2021-05-16 19:24:38 #11 type] 
Type domain.Administratzailea is not enhanced.

------------------------------------------------------------------------------------------------------------------------

[2021-05-16 19:24:46 #1 store] 
Database 'C:\Users\Iker Sancho\eclipse-workspaceProiektua\Bets21\src\main\resources\bets.temp' is opened by 11724@DESKTOP-9IGFIE3

[2021-05-16 19:24:46 #2 type] 
Type domain.Question is not enhanced.

[2021-05-16 19:24:46 #3 type] 
Type domain.Kuota is not enhanced.

[2021-05-16 19:24:46 #4 type] 
Type domain.Event is not enhanced.

[2021-05-16 19:24:46 #5 type] 
Type domain.Emaitza is not enhanced.

[2021-05-16 19:24:46 #6 type] 
Type domain.Apostu is not enhanced.

[2021-05-16 19:24:46 #7 type] 
Type domain.Erabiltzailea is not enhanced.

[2021-05-16 19:24:46 #8 type] 
Type domain.Erregistratua is not enhanced.

[2021-05-16 19:24:46 #9 type] 
Type domain.Langilea is not enhanced.

[2021-05-16 19:24:46 #10 type] 
Type domain.Administratzailea is not enhanced.

------------------------------------------------------------------------------------------------------------------------

[2021-05-16 19:25:08 #1 store] 
Database 'C:\Users\Iker Sancho\eclipse-workspaceProiektua\Bets21\src\main\resources\bets.temp' is opened by 16032@DESKTOP-9IGFIE3

[2021-05-16 19:25:08 #2 type.registry] 
New type domain.Question

[2021-05-16 19:25:08 #3 type] 
Type domain.Question is not enhanced.

[2021-05-16 19:25:08 #4 type.registry] 
New type domain.Kuota

[2021-05-16 19:25:08 #5 type.registry] 
New type domain.Event

[2021-05-16 19:25:08 #6 type] 
Type domain.Kuota is not enhanced.

[2021-05-16 19:25:08 #7 type.registry] 
New type domain.Emaitza

[2021-05-16 19:25:08 #8 type.registry] 
New type domain.Apostu

[2021-05-16 19:25:08 #9 type] 
Type domain.Event is not enhanced.

[2021-05-16 19:25:08 #10 type.registry] 
New type java.util.Vector<domain.Question>

[2021-05-16 19:25:08 #11 type] 
Type domain.Emaitza is not enhanced.

[2021-05-16 19:25:08 #12 type] 
Type domain.Apostu is not enhanced.

[2021-05-16 19:25:08 #13 type.registry] 
New type domain.Erabiltzailea

[2021-05-16 19:25:08 #14 type.registry] 
New type domain.Erregistratua

[2021-05-16 19:25:09 #15 type] 
Type domain.Erabiltzailea is not enhanced.

[2021-05-16 19:25:09 #16 type] 
Type domain.Erregistratua is not enhanced.

[2021-05-16 19:25:09 #17 type.registry] 
New type domain.Langilea

[2021-05-16 19:25:09 #18 type] 
Type domain.Langilea is not enhanced.

[2021-05-16 19:25:09 #19 type.registry] 
New type domain.Administratzailea

[2021-05-16 19:25:09 #20 type] 
Type domain.Administratzailea is not enhanced.

[2021-05-16 19:25:09 #21 type.registry] 
New type java.util.Vector<java.lang.Object>

[2021-05-16 19:25:09 #22 type.registry] 
New type java.util.Vector<domain.Kuota>

[2021-05-16 19:25:09 #23 type.registry] 
New type java.util.Vector<java.lang.Double>

[2021-05-16 19:25:09 #24 type.registry] 
New type java.util.Vector<domain.Apostu>

------------------------------------------------------------------------------------------------------------------------

[2021-05-16 19:25:16 #1 store] 
Database 'C:\Users\Iker Sancho\eclipse-workspaceProiektua\Bets21\src\main\resources\bets.temp' is opened by 1208@DESKTOP-9IGFIE3

[2021-05-16 19:25:16 #2 type.registry] 
New type domain.Question

[2021-05-16 19:25:16 #3 type] 
Type domain.Question is not enhanced.

[2021-05-16 19:25:16 #4 type.registry] 
New type domain.Kuota

[2021-05-16 19:25:16 #5 type.registry] 
New type domain.Event

[2021-05-16 19:25:16 #6 type] 
Type domain.Kuota is not enhanced.

[2021-05-16 19:25:16 #7 type.registry] 
New type domain.Emaitza

[2021-05-16 19:25:16 #8 type.registry] 
New type domain.Apostu

[2021-05-16 19:25:16 #9 type] 
Type domain.Event is not enhanced.

[2021-05-16 19:25:16 #10 type.registry] 
New type java.util.Vector<domain.Question>

[2021-05-16 19:25:16 #11 type] 
Type domain.Emaitza is not enhanced.

[2021-05-16 19:25:16 #12 type] 
Type domain.Apostu is not enhanced.

[2021-05-16 19:25:16 #13 type.registry] 
New type domain.Erabiltzailea

[2021-05-16 19:25:16 #14 type.registry] 
New type domain.Erregistratua

[2021-05-16 19:25:16 #15 type] 
Type domain.Erabiltzailea is not enhanced.

[2021-05-16 19:25:16 #16 type] 
Type domain.Erregistratua is not enhanced.

[2021-05-16 19:25:16 #17 type.registry] 
New type domain.Langilea

[2021-05-16 19:25:16 #18 type] 
Type domain.Langilea is not enhanced.

[2021-05-16 19:25:16 #19 type.registry] 
New type domain.Administratzailea

[2021-05-16 19:25:16 #20 type] 
Type domain.Administratzailea is not enhanced.

[2021-05-16 19:25:16 #21 type.registry] 
New type java.util.Vector<java.lang.Object>

[2021-05-16 19:25:16 #22 type.registry] 
New type java.util.Vector<domain.Kuota>

[2021-05-16 19:25:16 #23 type.registry] 
New type java.util.Vector<java.lang.Double>

[2021-05-16 19:25:16 #24 type.registry] 
New type java.util.Vector<domain.Apostu>

------------------------------------------------------------------------------------------------------------------------

[2021-05-16 19:25:48 #1 store] 
Database 'C:\Users\Iker Sancho\eclipse-workspaceProiektua\Bets21\src\main\resources\bets.temp' has been recovered (tr. 1-11)

[2021-05-16 19:25:48 #2 store] 
Database 'C:\Users\Iker Sancho\eclipse-workspaceProiektua\Bets21\src\main\resources\bets.temp' is opened by 11300@DESKTOP-9IGFIE3

[2021-05-16 19:25:48 #3 type] 
Type domain.Question is not enhanced.

[2021-05-16 19:25:48 #4 type] 
Type domain.Kuota is not enhanced.

[2021-05-16 19:25:48 #5 type] 
Type domain.Event is not enhanced.

[2021-05-16 19:25:48 #6 type] 
Type domain.Emaitza is not enhanced.

[2021-05-16 19:25:48 #7 type] 
Type domain.Apostu is not enhanced.

[2021-05-16 19:25:48 #8 type] 
Type domain.Erabiltzailea is not enhanced.

[2021-05-16 19:25:48 #9 type] 
Type domain.Erregistratua is not enhanced.

[2021-05-16 19:25:48 #10 type] 
Type domain.Langilea is not enhanced.

[2021-05-16 19:25:48 #11 type] 
Type domain.Administratzailea is not enhanced.

------------------------------------------------------------------------------------------------------------------------

[2021-05-16 19:26:23 #1 server] 
java.net.BindException: Address already in use: JVM_Bind
	at java.net.DualStackPlainSocketImpl.bind0(Native Method)
	at java.net.DualStackPlainSocketImpl.socketBind(Unknown Source)
	at java.net.AbstractPlainSocketImpl.bind(Unknown Source)
	at java.net.PlainSocketImpl.bind(Unknown Source)
	at java.net.ServerSocket.bind(Unknown Source)
	at java.net.ServerSocket.<init>(Unknown Source)
	at java.net.ServerSocket.<init>(Unknown Source)
	at com.objectdb.o.SMR.I(SMR.java:259)
	at com.objectdb.o.SMR.n(SMR.java:159)
	at com.objectdb.o.TOL.run(TOL.java:116)
	at com.objectdb.Server.runCommand(Server.java:200)
	at com.objectdb.Server.run(Server.java:104)
	at com.objectdb.Server.main(Server.java:63)

[2021-05-16 19:26:33 #6 store] 
Database 'C:\Users\Iker Sancho\eclipse-workspaceProiektua\Bets21\src\main\resources\db\src\main\resources\bets.temp' is opened by 2480@DESKTOP-9IGFIE3

------------------------------------------------------------------------------------------------------------------------

[2021-05-16 19:26:33 #1 type] 
Type domain.Question is not enhanced.

[2021-05-16 19:26:34 #2 type] 
Type domain.Kuota is not enhanced.

[2021-05-16 19:26:34 #3 type] 
Type domain.Event is not enhanced.

[2021-05-16 19:26:34 #4 type] 
Type domain.Emaitza is not enhanced.

[2021-05-16 19:26:34 #5 type] 
Type domain.Apostu is not enhanced.

[2021-05-16 19:26:34 #6 type] 
Type domain.Erabiltzailea is not enhanced.

[2021-05-16 19:26:34 #7 type] 
Type domain.Erregistratua is not enhanced.

[2021-05-16 19:26:34 #8 type] 
Type domain.Langilea is not enhanced.

[2021-05-16 19:26:34 #9 type] 
Type domain.Administratzailea is not enhanced.

[2021-05-16 19:31:45 #7 store] 
Database 'C:\Users\Iker Sancho\eclipse-workspaceProiektua\Bets21\src\main\resources\db\src\main\resources\bets.temp' is closed by 2480@DESKTOP-9IGFIE3

[2021-05-16 19:32:15 #8 server] 
Server on port 6136 has stopped by 2480@DESKTOP-9IGFIE3

------------------------------------------------------------------------------------------------------------------------

[2021-05-16 19:32:27 #1 server] 
Server on port 6136 has started by 13832@DESKTOP-9IGFIE3

[2021-05-16 19:32:45 #2 store] 
Database 'C:\Users\Iker Sancho\eclipse-workspaceProiektua\Bets21\src\main\resources\db\src\main\resources\bets.temp' is opened by 13832@DESKTOP-9IGFIE3

------------------------------------------------------------------------------------------------------------------------

[2021-05-16 19:32:45 #1 type.registry] 
New type domain.Question

[2021-05-16 19:32:45 #2 type] 
Type domain.Question is not enhanced.

[2021-05-16 19:32:45 #3 type.registry] 
New type domain.Kuota

[2021-05-16 19:32:45 #4 type.registry] 
New type domain.Event

[2021-05-16 19:32:45 #5 type] 
Type domain.Kuota is not enhanced.

[2021-05-16 19:32:45 #6 type.registry] 
New type domain.Emaitza

[2021-05-16 19:32:45 #7 type.registry] 
New type domain.Apostu

[2021-05-16 19:32:45 #8 type] 
Type domain.Event is not enhanced.

[2021-05-16 19:32:45 #9 type.registry] 
New type java.util.Vector<domain.Question>

[2021-05-16 19:32:45 #10 type] 
Type domain.Emaitza is not enhanced.

[2021-05-16 19:32:45 #11 type] 
Type domain.Apostu is not enhanced.

[2021-05-16 19:32:45 #12 type.registry] 
New type domain.Erabiltzailea

[2021-05-16 19:32:45 #13 type.registry] 
New type domain.Erregistratua

[2021-05-16 19:32:45 #14 type] 
Type domain.Erabiltzailea is not enhanced.

[2021-05-16 19:32:45 #15 type] 
Type domain.Erregistratua is not enhanced.

[2021-05-16 19:32:45 #16 type.registry] 
New type domain.Langilea

[2021-05-16 19:32:45 #17 type] 
Type domain.Langilea is not enhanced.

[2021-05-16 19:32:45 #18 type.registry] 
New type domain.Administratzailea

[2021-05-16 19:32:45 #19 type] 
Type domain.Administratzailea is not enhanced.

[2021-05-16 19:32:45 #20 type.registry] 
New type java.util.Vector<java.lang.Object>

[2021-05-16 19:32:45 #21 type.registry] 
New type java.util.Vector<domain.Kuota>

[2021-05-16 19:32:45 #22 type.registry] 
New type java.util.Vector<java.lang.Double>

[2021-05-16 19:32:45 #23 type.registry] 
New type java.util.Vector<domain.Apostu>

[2021-05-16 19:33:08 #3 store] 
Database 'C:\Users\Iker Sancho\eclipse-workspaceProiektua\Bets21\src\main\resources\db\src\main\resources\bets.temp' is closed by 13832@DESKTOP-9IGFIE3

[2021-05-16 19:33:23 #4 server] 
Server on port 6136 has stopped by 13832@DESKTOP-9IGFIE3

------------------------------------------------------------------------------------------------------------------------

[2021-05-16 20:27:20 #1 server] 
Server on port 6136 has started by 12972@DESKTOP-9IGFIE3

[2021-05-16 20:27:31 #2 store] 
Database 'C:\Users\Iker Sancho\eclipse-workspaceProiektua\Bets21\src\main\resources\db\src\main\resources\bets.temp' is opened by 12972@DESKTOP-9IGFIE3

------------------------------------------------------------------------------------------------------------------------

[2021-05-16 20:27:31 #1 type] 
Type domain.Question is not enhanced.

[2021-05-16 20:27:31 #2 type] 
Type domain.Kuota is not enhanced.

[2021-05-16 20:27:31 #3 type] 
Type domain.Event is not enhanced.

[2021-05-16 20:27:31 #4 type] 
Type domain.Emaitza is not enhanced.

[2021-05-16 20:27:31 #5 type] 
Type domain.Apostu is not enhanced.

[2021-05-16 20:27:31 #6 type] 
Type domain.Erabiltzailea is not enhanced.

[2021-05-16 20:27:31 #7 type] 
Type domain.Erregistratua is not enhanced.

[2021-05-16 20:27:31 #8 type] 
Type domain.Langilea is not enhanced.

[2021-05-16 20:27:31 #9 type] 
Type domain.Administratzailea is not enhanced.

[2021-05-16 20:29:54 #10 type.registry] 
New type java.util.Vector<domain.Erregistratua>

[2021-05-16 20:32:30 #3 store] 
Database 'C:\Users\Iker Sancho\eclipse-workspaceProiektua\Bets21\src\main\resources\db\src\main\resources\bets.temp' is closed by 12972@DESKTOP-9IGFIE3

[2021-05-16 20:32:48 #4 server] 
Server on port 6136 has stopped by 12972@DESKTOP-9IGFIE3

------------------------------------------------------------------------------------------------------------------------

[2021-05-16 20:32:53 #1 server] 
Server on port 6136 has started by 4960@DESKTOP-9IGFIE3

[2021-05-16 20:32:57 #2 store] 
Database 'C:\Users\Iker Sancho\eclipse-workspaceProiektua\Bets21\src\main\resources\db\src\main\resources\bets.temp' is opened by 4960@DESKTOP-9IGFIE3

------------------------------------------------------------------------------------------------------------------------

[2021-05-16 20:32:57 #1 type.registry] 
New type domain.Question

[2021-05-16 20:32:57 #2 type] 
Type domain.Question is not enhanced.

[2021-05-16 20:32:57 #3 type.registry] 
New type domain.Kuota

[2021-05-16 20:32:57 #4 type.registry] 
New type domain.Event

[2021-05-16 20:32:57 #5 type] 
Type domain.Kuota is not enhanced.

[2021-05-16 20:32:57 #6 type.registry] 
New type domain.Emaitza

[2021-05-16 20:32:57 #7 type.registry] 
New type domain.Apostu

[2021-05-16 20:32:57 #8 type] 
Type domain.Event is not enhanced.

[2021-05-16 20:32:57 #9 type.registry] 
New type java.util.Vector<domain.Question>

[2021-05-16 20:32:57 #10 type] 
Type domain.Emaitza is not enhanced.

[2021-05-16 20:32:57 #11 type] 
Type domain.Apostu is not enhanced.

[2021-05-16 20:32:57 #12 type.registry] 
New type domain.Erabiltzailea

[2021-05-16 20:32:57 #13 type.registry] 
New type domain.Erregistratua

[2021-05-16 20:32:57 #14 type] 
Type domain.Erabiltzailea is not enhanced.

[2021-05-16 20:32:57 #15 type] 
Type domain.Erregistratua is not enhanced.

[2021-05-16 20:32:57 #16 type.registry] 
New type domain.Langilea

[2021-05-16 20:32:57 #17 type] 
Type domain.Langilea is not enhanced.

[2021-05-16 20:32:57 #18 type.registry] 
New type domain.Administratzailea

[2021-05-16 20:32:57 #19 type] 
Type domain.Administratzailea is not enhanced.

[2021-05-16 20:32:57 #20 type.registry] 
New type java.util.Vector<java.lang.Object>

[2021-05-16 20:32:57 #21 type.registry] 
New type java.util.Vector<domain.Kuota>

[2021-05-16 20:32:57 #22 type.registry] 
New type java.util.Vector<java.lang.Double>

[2021-05-16 20:32:57 #23 type.registry] 
New type java.util.Vector<domain.Apostu>

[2021-05-16 20:33:41 #3 store] 
Database 'C:\Users\Iker Sancho\eclipse-workspaceProiektua\Bets21\src\main\resources\db\src\main\resources\bets.temp' is closed by 4960@DESKTOP-9IGFIE3

[2021-05-16 20:33:47 #4 server] 
Server on port 6136 has stopped by 4960@DESKTOP-9IGFIE3

------------------------------------------------------------------------------------------------------------------------

[2021-05-16 20:34:01 #1 server] 
Server on port 6136 has started by 15972@DESKTOP-9IGFIE3

[2021-05-16 20:34:05 #2 store] 
Database 'C:\Users\Iker Sancho\eclipse-workspaceProiektua\Bets21\src\main\resources\db\src\main\resources\bets.temp' is opened by 15972@DESKTOP-9IGFIE3

------------------------------------------------------------------------------------------------------------------------

[2021-05-16 20:34:06 #1 type] 
Type domain.Question is not enhanced.

[2021-05-16 20:34:06 #2 type] 
Type domain.Kuota is not enhanced.

[2021-05-16 20:34:06 #3 type] 
Type domain.Event is not enhanced.

[2021-05-16 20:34:06 #4 type] 
Type domain.Emaitza is not enhanced.

[2021-05-16 20:34:06 #5 type] 
Type domain.Apostu is not enhanced.

[2021-05-16 20:34:06 #6 type] 
Type domain.Erabiltzailea is not enhanced.

[2021-05-16 20:34:06 #7 type] 
Type domain.Erregistratua is not enhanced.

[2021-05-16 20:34:06 #8 type] 
Type domain.Langilea is not enhanced.

[2021-05-16 20:34:06 #9 type] 
Type domain.Administratzailea is not enhanced.

[2021-05-16 20:41:15 #10 type.registry] 
New type java.util.Vector<domain.Erregistratua>

[2021-05-16 20:43:56 #3 store] 
Database 'C:\Users\Iker Sancho\eclipse-workspaceProiektua\Bets21\src\main\resources\db\src\main\resources\bets.temp' is closed by 15972@DESKTOP-9IGFIE3

[2021-05-16 20:43:59 #4 server] 
Server on port 6136 has stopped by 15972@DESKTOP-9IGFIE3

