------------------------------------------------------------------------------------------------------------------------

[2021-04-15 21:38:06 #1 store] 
Database 'D:\OneDrive\Uni\SI1\Proiektua\Iterazioak\Bets21\src\main\resources\bets.temp' is opened by 17808@LAPTOP-PR5SQP5G

[2021-04-15 21:38:07 #2 type] 
Type domain.Question is not enhanced.

[2021-04-15 21:38:07 #3 type] 
Type domain.Kuota is not enhanced.

[2021-04-15 21:38:07 #4 type] 
Type domain.Event is not enhanced.

[2021-04-15 21:38:07 #5 type] 
Type domain.Emaitza is not enhanced.

[2021-04-15 21:38:07 #6 type] 
Type domain.Apostu is not enhanced.

[2021-04-15 21:38:07 #7 type] 
Type domain.Erabiltzailea is not enhanced.

[2021-04-15 21:38:07 #8 type] 
Type domain.Erregistratua is not enhanced.

[2021-04-15 21:38:07 #9 type] 
Type domain.Langilea is not enhanced.

[2021-04-15 21:38:07 #10 type] 
Type domain.Administratzailea is not enhanced.

------------------------------------------------------------------------------------------------------------------------

[2021-04-15 21:39:38 #1 store] 
Database 'D:\OneDrive\Uni\SI1\Proiektua\Iterazioak\Bets21\src\main\resources\bets.temp' is opened by 15680@LAPTOP-PR5SQP5G

[2021-04-15 21:39:38 #2 type] 
Type domain.Question is not enhanced.

[2021-04-15 21:39:38 #3 type] 
Type domain.Kuota is not enhanced.

[2021-04-15 21:39:38 #4 type] 
Type domain.Event is not enhanced.

[2021-04-15 21:39:38 #5 type] 
Type domain.Emaitza is not enhanced.

[2021-04-15 21:39:38 #6 type] 
Type domain.Apostu is not enhanced.

[2021-04-15 21:39:38 #7 type] 
Type domain.Erabiltzailea is not enhanced.

[2021-04-15 21:39:38 #8 type] 
Type domain.Erregistratua is not enhanced.

[2021-04-15 21:39:38 #9 type] 
Type domain.Langilea is not enhanced.

[2021-04-15 21:39:38 #10 type] 
Type domain.Administratzailea is not enhanced.

