------------------------------------------------------------------------------------------------------------------------

[2021-05-10 11:13:18 #1 store] 
Database 'D:\OneDrive\Uni\SI1\Proiektua\Iterazioak\Bets21\src\main\resources\bets.temp' is opened by 13812@Mikel

[2021-05-10 11:13:19 #2 type.registry] 
New type domain.Question

[2021-05-10 11:13:19 #3 type] 
Type domain.Question is not enhanced.

[2021-05-10 11:13:19 #4 type.registry] 
New type domain.Kuota

[2021-05-10 11:13:19 #5 type.registry] 
New type domain.Event

[2021-05-10 11:13:19 #6 type] 
Type domain.Kuota is not enhanced.

[2021-05-10 11:13:19 #7 type.registry] 
New type domain.Emaitza

[2021-05-10 11:13:19 #8 type.registry] 
New type domain.Apostu

[2021-05-10 11:13:19 #9 type] 
Type domain.Event is not enhanced.

[2021-05-10 11:13:19 #10 type.registry] 
New type java.util.Vector<domain.Question>

[2021-05-10 11:13:19 #11 type] 
Type domain.Emaitza is not enhanced.

[2021-05-10 11:13:19 #12 type] 
Type domain.Apostu is not enhanced.

[2021-05-10 11:13:19 #13 type.registry] 
New type domain.Erabiltzailea

[2021-05-10 11:13:19 #14 type.registry] 
New type domain.Erregistratua

[2021-05-10 11:13:19 #15 type] 
Type domain.Erabiltzailea is not enhanced.

[2021-05-10 11:13:19 #16 type] 
Type domain.Erregistratua is not enhanced.

[2021-05-10 11:13:19 #17 type.registry] 
New type domain.Langilea

[2021-05-10 11:13:19 #18 type] 
Type domain.Langilea is not enhanced.

[2021-05-10 11:13:19 #19 type.registry] 
New type domain.Administratzailea

[2021-05-10 11:13:19 #20 type] 
Type domain.Administratzailea is not enhanced.

[2021-05-10 11:13:19 #21 type.registry] 
New type java.util.Vector<java.lang.Object>

[2021-05-10 11:13:19 #22 type.registry] 
New type java.util.Vector<domain.Kuota>

------------------------------------------------------------------------------------------------------------------------

[2021-05-10 11:14:12 #1 store] 
Database 'D:\OneDrive\Uni\SI1\Proiektua\Iterazioak\Bets21\src\main\resources\bets.temp' is opened by 11364@Mikel

[2021-05-10 11:14:12 #2 type.registry] 
New type domain.Question

[2021-05-10 11:14:12 #3 type] 
Type domain.Question is not enhanced.

[2021-05-10 11:14:12 #4 type.registry] 
New type domain.Kuota

[2021-05-10 11:14:12 #5 type.registry] 
New type domain.Event

[2021-05-10 11:14:12 #6 type] 
Type domain.Kuota is not enhanced.

[2021-05-10 11:14:12 #7 type.registry] 
New type domain.Emaitza

[2021-05-10 11:14:12 #8 type.registry] 
New type domain.Apostu

[2021-05-10 11:14:12 #9 type] 
Type domain.Event is not enhanced.

[2021-05-10 11:14:12 #10 type.registry] 
New type java.util.Vector<domain.Question>

[2021-05-10 11:14:12 #11 type] 
Type domain.Emaitza is not enhanced.

[2021-05-10 11:14:12 #12 type] 
Type domain.Apostu is not enhanced.

[2021-05-10 11:14:12 #13 type.registry] 
New type domain.Erabiltzailea

[2021-05-10 11:14:12 #14 type.registry] 
New type domain.Erregistratua

[2021-05-10 11:14:12 #15 type] 
Type domain.Erabiltzailea is not enhanced.

[2021-05-10 11:14:12 #16 type] 
Type domain.Erregistratua is not enhanced.

[2021-05-10 11:14:12 #17 type.registry] 
New type domain.Langilea

[2021-05-10 11:14:12 #18 type] 
Type domain.Langilea is not enhanced.

[2021-05-10 11:14:12 #19 type.registry] 
New type domain.Administratzailea

[2021-05-10 11:14:12 #20 type] 
Type domain.Administratzailea is not enhanced.

[2021-05-10 11:14:12 #21 type.registry] 
New type java.util.Vector<java.lang.Object>

[2021-05-10 11:14:12 #22 type.registry] 
New type java.util.Vector<domain.Kuota>

------------------------------------------------------------------------------------------------------------------------

[2021-05-10 11:21:31 #1 store] 
Database 'D:\OneDrive\Uni\SI1\Proiektua\Iterazioak\Bets21\src\main\resources\bets.temp' is opened by 5604@Mikel

[2021-05-10 11:21:31 #2 type.registry] 
New type domain.Question

[2021-05-10 11:21:31 #3 type] 
Type domain.Question is not enhanced.

[2021-05-10 11:21:31 #4 type.registry] 
New type domain.Kuota

[2021-05-10 11:21:31 #5 type.registry] 
New type domain.Event

[2021-05-10 11:21:31 #6 type] 
Type domain.Kuota is not enhanced.

[2021-05-10 11:21:31 #7 type.registry] 
New type domain.Emaitza

[2021-05-10 11:21:31 #8 type.registry] 
New type domain.Apostu

[2021-05-10 11:21:31 #9 type] 
Type domain.Event is not enhanced.

[2021-05-10 11:21:31 #10 type.registry] 
New type java.util.Vector<domain.Question>

[2021-05-10 11:21:31 #11 type] 
Type domain.Emaitza is not enhanced.

[2021-05-10 11:21:31 #12 type] 
Type domain.Apostu is not enhanced.

[2021-05-10 11:21:31 #13 type.registry] 
New type domain.Erabiltzailea

[2021-05-10 11:21:31 #14 type.registry] 
New type domain.Erregistratua

[2021-05-10 11:21:31 #15 type] 
Type domain.Erabiltzailea is not enhanced.

[2021-05-10 11:21:31 #16 type] 
Type domain.Erregistratua is not enhanced.

[2021-05-10 11:21:31 #17 type.registry] 
New type domain.Langilea

[2021-05-10 11:21:31 #18 type] 
Type domain.Langilea is not enhanced.

[2021-05-10 11:21:31 #19 type.registry] 
New type domain.Administratzailea

[2021-05-10 11:21:31 #20 type] 
Type domain.Administratzailea is not enhanced.

[2021-05-10 11:21:31 #21 type.registry] 
New type java.util.Vector<java.lang.Object>

[2021-05-10 11:21:31 #22 type.registry] 
New type java.util.Vector<domain.Kuota>

------------------------------------------------------------------------------------------------------------------------

[2021-05-10 16:57:32 #1 store] 
Database 'D:\OneDrive\Uni\SI1\Proiektua\Iterazioak\Bets21\src\main\resources\bets.temp' is opened by 4040@LAPTOP-PR5SQP5G

[2021-05-10 16:57:33 #2 type.registry] 
New type domain.Question

[2021-05-10 16:57:33 #3 type] 
Type domain.Question is not enhanced.

[2021-05-10 16:57:33 #4 type.registry] 
New type domain.Kuota

[2021-05-10 16:57:33 #5 type.registry] 
New type domain.Event

[2021-05-10 16:57:33 #6 type] 
Type domain.Kuota is not enhanced.

[2021-05-10 16:57:33 #7 type.registry] 
New type domain.Emaitza

[2021-05-10 16:57:33 #8 type.registry] 
New type domain.Apostu

[2021-05-10 16:57:33 #9 type] 
Type domain.Event is not enhanced.

[2021-05-10 16:57:33 #10 type.registry] 
New type java.util.Vector<domain.Question>

[2021-05-10 16:57:33 #11 type] 
Type domain.Emaitza is not enhanced.

[2021-05-10 16:57:33 #12 type] 
Type domain.Apostu is not enhanced.

[2021-05-10 16:57:33 #13 type.registry] 
New type domain.Erabiltzailea

[2021-05-10 16:57:33 #14 type.registry] 
New type domain.Erregistratua

[2021-05-10 16:57:33 #15 type] 
Type domain.Erabiltzailea is not enhanced.

[2021-05-10 16:57:33 #16 type] 
Type domain.Erregistratua is not enhanced.

[2021-05-10 16:57:33 #17 type.registry] 
New type domain.Langilea

[2021-05-10 16:57:33 #18 type] 
Type domain.Langilea is not enhanced.

[2021-05-10 16:57:33 #19 type.registry] 
New type domain.Administratzailea

[2021-05-10 16:57:33 #20 type] 
Type domain.Administratzailea is not enhanced.

[2021-05-10 16:57:33 #21 type.registry] 
New type java.util.Vector<java.lang.Object>

[2021-05-10 16:57:33 #22 type.registry] 
New type java.util.Vector<domain.Kuota>

------------------------------------------------------------------------------------------------------------------------

[2021-05-10 17:07:09 #1 store] 
Database 'D:\OneDrive\Uni\SI1\Proiektua\Iterazioak\Bets21\src\main\resources\bets.temp' is opened by 16544@LAPTOP-PR5SQP5G

[2021-05-10 17:07:09 #2 type.registry] 
New type domain.Question

[2021-05-10 17:07:09 #3 type] 
Type domain.Question is not enhanced.

[2021-05-10 17:07:09 #4 type.registry] 
New type domain.Kuota

[2021-05-10 17:07:09 #5 type.registry] 
New type domain.Event

[2021-05-10 17:07:09 #6 type] 
Type domain.Kuota is not enhanced.

[2021-05-10 17:07:09 #7 type.registry] 
New type domain.Emaitza

[2021-05-10 17:07:09 #8 type.registry] 
New type domain.Apostu

[2021-05-10 17:07:10 #9 type] 
Type domain.Event is not enhanced.

[2021-05-10 17:07:10 #10 type.registry] 
New type java.util.Vector<domain.Question>

[2021-05-10 17:07:10 #11 type] 
Type domain.Emaitza is not enhanced.

[2021-05-10 17:07:10 #12 type] 
Type domain.Apostu is not enhanced.

[2021-05-10 17:07:10 #13 type.registry] 
New type domain.Erabiltzailea

[2021-05-10 17:07:10 #14 type.registry] 
New type domain.Erregistratua

[2021-05-10 17:07:10 #15 type] 
Type domain.Erabiltzailea is not enhanced.

[2021-05-10 17:07:10 #16 type] 
Type domain.Erregistratua is not enhanced.

[2021-05-10 17:07:10 #17 type.registry] 
New type domain.Langilea

[2021-05-10 17:07:10 #18 type] 
Type domain.Langilea is not enhanced.

[2021-05-10 17:07:10 #19 type.registry] 
New type domain.Administratzailea

[2021-05-10 17:07:10 #20 type] 
Type domain.Administratzailea is not enhanced.

[2021-05-10 17:07:10 #21 type.registry] 
New type java.util.Vector<java.lang.Object>

[2021-05-10 17:07:10 #22 type.registry] 
New type java.util.Vector<domain.Kuota>

[2021-05-10 17:07:10 #23 type.registry] 
New type java.util.Vector<domain.Apostu>

------------------------------------------------------------------------------------------------------------------------

[2021-05-10 17:36:47 #1 store] 
Database 'D:\OneDrive\Uni\SI1\Proiektua\Iterazioak\Bets21\src\main\resources\bets.temp' is opened by 14260@LAPTOP-PR5SQP5G

[2021-05-10 17:36:47 #2 type.registry] 
New type domain.Question

[2021-05-10 17:36:47 #3 type] 
Type domain.Question is not enhanced.

[2021-05-10 17:36:47 #4 type.registry] 
New type domain.Kuota

[2021-05-10 17:36:47 #5 type.registry] 
New type domain.Event

[2021-05-10 17:36:47 #6 type] 
Type domain.Kuota is not enhanced.

[2021-05-10 17:36:47 #7 type.registry] 
New type domain.Emaitza

[2021-05-10 17:36:47 #8 type.registry] 
New type domain.Apostu

[2021-05-10 17:36:47 #9 type] 
Type domain.Event is not enhanced.

[2021-05-10 17:36:47 #10 type.registry] 
New type java.util.Vector<domain.Question>

[2021-05-10 17:36:47 #11 type] 
Type domain.Emaitza is not enhanced.

[2021-05-10 17:36:47 #12 type] 
Type domain.Apostu is not enhanced.

[2021-05-10 17:36:47 #13 type.registry] 
New type domain.Erabiltzailea

[2021-05-10 17:36:47 #14 type.registry] 
New type domain.Erregistratua

[2021-05-10 17:36:47 #15 type] 
Type domain.Erabiltzailea is not enhanced.

[2021-05-10 17:36:47 #16 type] 
Type domain.Erregistratua is not enhanced.

[2021-05-10 17:36:47 #17 type.registry] 
New type domain.Langilea

[2021-05-10 17:36:47 #18 type] 
Type domain.Langilea is not enhanced.

[2021-05-10 17:36:47 #19 type.registry] 
New type domain.Administratzailea

[2021-05-10 17:36:47 #20 type] 
Type domain.Administratzailea is not enhanced.

[2021-05-10 17:36:47 #21 type.registry] 
New type java.util.Vector<java.lang.Object>

[2021-05-10 17:36:47 #22 type.registry] 
New type java.util.Vector<domain.Kuota>

[2021-05-10 17:36:47 #23 type.registry] 
New type java.util.Vector<domain.Apostu>

------------------------------------------------------------------------------------------------------------------------

[2021-05-10 17:43:38 #1 store] 
Database 'D:\OneDrive\Uni\SI1\Proiektua\Iterazioak\Bets21\src\main\resources\bets.temp' is opened by 11228@LAPTOP-PR5SQP5G

[2021-05-10 17:43:38 #2 type.registry] 
New type domain.Question

[2021-05-10 17:43:38 #3 type] 
Type domain.Question is not enhanced.

[2021-05-10 17:43:38 #4 type.registry] 
New type domain.Kuota

[2021-05-10 17:43:38 #5 type.registry] 
New type domain.Event

[2021-05-10 17:43:38 #6 type] 
Type domain.Kuota is not enhanced.

[2021-05-10 17:43:38 #7 type.registry] 
New type domain.Emaitza

[2021-05-10 17:43:38 #8 type.registry] 
New type domain.Apostu

[2021-05-10 17:43:38 #9 type] 
Type domain.Event is not enhanced.

[2021-05-10 17:43:38 #10 type.registry] 
New type java.util.Vector<domain.Question>

[2021-05-10 17:43:38 #11 type] 
Type domain.Emaitza is not enhanced.

[2021-05-10 17:43:38 #12 type] 
Type domain.Apostu is not enhanced.

[2021-05-10 17:43:38 #13 type.registry] 
New type domain.Erabiltzailea

[2021-05-10 17:43:38 #14 type.registry] 
New type domain.Erregistratua

[2021-05-10 17:43:38 #15 type] 
Type domain.Erabiltzailea is not enhanced.

[2021-05-10 17:43:38 #16 type] 
Type domain.Erregistratua is not enhanced.

[2021-05-10 17:43:38 #17 type.registry] 
New type domain.Langilea

[2021-05-10 17:43:38 #18 type] 
Type domain.Langilea is not enhanced.

[2021-05-10 17:43:38 #19 type.registry] 
New type domain.Administratzailea

[2021-05-10 17:43:38 #20 type] 
Type domain.Administratzailea is not enhanced.

[2021-05-10 17:43:38 #21 type.registry] 
New type java.util.Vector<java.lang.Object>

[2021-05-10 17:43:38 #22 type.registry] 
New type java.util.Vector<domain.Kuota>

[2021-05-10 17:43:38 #23 type.registry] 
New type java.util.Vector<domain.Apostu>

------------------------------------------------------------------------------------------------------------------------

[2021-05-10 17:45:46 #1 store] 
Database 'D:\OneDrive\Uni\SI1\Proiektua\Iterazioak\Bets21\src\main\resources\bets.temp' is opened by 17396@LAPTOP-PR5SQP5G

[2021-05-10 17:45:46 #2 type.registry] 
New type domain.Question

[2021-05-10 17:45:46 #3 type] 
Type domain.Question is not enhanced.

[2021-05-10 17:45:46 #4 type.registry] 
New type domain.Kuota

[2021-05-10 17:45:46 #5 type.registry] 
New type domain.Event

[2021-05-10 17:45:46 #6 type] 
Type domain.Kuota is not enhanced.

[2021-05-10 17:45:46 #7 type.registry] 
New type domain.Emaitza

[2021-05-10 17:45:46 #8 type.registry] 
New type domain.Apostu

[2021-05-10 17:45:46 #9 type] 
Type domain.Event is not enhanced.

[2021-05-10 17:45:46 #10 type.registry] 
New type java.util.Vector<domain.Question>

[2021-05-10 17:45:46 #11 type] 
Type domain.Emaitza is not enhanced.

[2021-05-10 17:45:46 #12 type] 
Type domain.Apostu is not enhanced.

[2021-05-10 17:45:46 #13 type.registry] 
New type domain.Erabiltzailea

[2021-05-10 17:45:46 #14 type.registry] 
New type domain.Erregistratua

[2021-05-10 17:45:46 #15 type] 
Type domain.Erabiltzailea is not enhanced.

[2021-05-10 17:45:46 #16 type] 
Type domain.Erregistratua is not enhanced.

[2021-05-10 17:45:46 #17 type.registry] 
New type domain.Langilea

[2021-05-10 17:45:46 #18 type] 
Type domain.Langilea is not enhanced.

[2021-05-10 17:45:46 #19 type.registry] 
New type domain.Administratzailea

[2021-05-10 17:45:46 #20 type] 
Type domain.Administratzailea is not enhanced.

[2021-05-10 17:45:46 #21 type.registry] 
New type java.util.Vector<java.lang.Object>

[2021-05-10 17:45:46 #22 type.registry] 
New type java.util.Vector<domain.Kuota>

[2021-05-10 17:45:46 #23 type.registry] 
New type java.util.Vector<domain.Apostu>

------------------------------------------------------------------------------------------------------------------------

[2021-05-10 17:49:36 #1 store] 
Database 'D:\OneDrive\Uni\SI1\Proiektua\Iterazioak\Bets21\src\main\resources\bets.temp' is opened by 12208@LAPTOP-PR5SQP5G

[2021-05-10 17:49:36 #2 type.registry] 
New type domain.Question

[2021-05-10 17:49:36 #3 type] 
Type domain.Question is not enhanced.

[2021-05-10 17:49:36 #4 type.registry] 
New type domain.Kuota

[2021-05-10 17:49:36 #5 type.registry] 
New type domain.Event

[2021-05-10 17:49:36 #6 type] 
Type domain.Kuota is not enhanced.

[2021-05-10 17:49:36 #7 type.registry] 
New type domain.Emaitza

[2021-05-10 17:49:36 #8 type.registry] 
New type domain.Apostu

[2021-05-10 17:49:36 #9 type] 
Type domain.Event is not enhanced.

[2021-05-10 17:49:36 #10 type.registry] 
New type java.util.Vector<domain.Question>

[2021-05-10 17:49:36 #11 type] 
Type domain.Emaitza is not enhanced.

[2021-05-10 17:49:36 #12 type] 
Type domain.Apostu is not enhanced.

[2021-05-10 17:49:36 #13 type.registry] 
New type domain.Erabiltzailea

[2021-05-10 17:49:36 #14 type.registry] 
New type domain.Erregistratua

[2021-05-10 17:49:36 #15 type] 
Type domain.Erabiltzailea is not enhanced.

[2021-05-10 17:49:36 #16 type] 
Type domain.Erregistratua is not enhanced.

[2021-05-10 17:49:36 #17 type.registry] 
New type domain.Langilea

[2021-05-10 17:49:36 #18 type] 
Type domain.Langilea is not enhanced.

[2021-05-10 17:49:36 #19 type.registry] 
New type domain.Administratzailea

[2021-05-10 17:49:36 #20 type] 
Type domain.Administratzailea is not enhanced.

[2021-05-10 17:49:36 #21 type.registry] 
New type java.util.Vector<java.lang.Object>

[2021-05-10 17:49:36 #22 type.registry] 
New type java.util.Vector<domain.Kuota>

[2021-05-10 17:49:36 #23 type.registry] 
New type java.util.Vector<domain.Apostu>

------------------------------------------------------------------------------------------------------------------------

[2021-05-10 17:50:19 #1 store] 
Database 'D:\OneDrive\Uni\SI1\Proiektua\Iterazioak\Bets21\src\main\resources\bets.temp' is opened by 17240@LAPTOP-PR5SQP5G

[2021-05-10 17:50:20 #2 type.registry] 
New type domain.Question

[2021-05-10 17:50:20 #3 type] 
Type domain.Question is not enhanced.

[2021-05-10 17:50:20 #4 type.registry] 
New type domain.Kuota

[2021-05-10 17:50:20 #5 type.registry] 
New type domain.Event

[2021-05-10 17:50:20 #6 type] 
Type domain.Kuota is not enhanced.

[2021-05-10 17:50:20 #7 type.registry] 
New type domain.Emaitza

[2021-05-10 17:50:20 #8 type.registry] 
New type domain.Apostu

[2021-05-10 17:50:20 #9 type] 
Type domain.Event is not enhanced.

[2021-05-10 17:50:20 #10 type.registry] 
New type java.util.Vector<domain.Question>

[2021-05-10 17:50:20 #11 type] 
Type domain.Emaitza is not enhanced.

[2021-05-10 17:50:20 #12 type] 
Type domain.Apostu is not enhanced.

[2021-05-10 17:50:20 #13 type.registry] 
New type domain.Erabiltzailea

[2021-05-10 17:50:20 #14 type.registry] 
New type domain.Erregistratua

[2021-05-10 17:50:20 #15 type] 
Type domain.Erabiltzailea is not enhanced.

[2021-05-10 17:50:20 #16 type] 
Type domain.Erregistratua is not enhanced.

[2021-05-10 17:50:20 #17 type.registry] 
New type domain.Langilea

[2021-05-10 17:50:20 #18 type] 
Type domain.Langilea is not enhanced.

[2021-05-10 17:50:20 #19 type.registry] 
New type domain.Administratzailea

[2021-05-10 17:50:20 #20 type] 
Type domain.Administratzailea is not enhanced.

[2021-05-10 17:50:20 #21 type.registry] 
New type java.util.Vector<java.lang.Object>

[2021-05-10 17:50:20 #22 type.registry] 
New type java.util.Vector<domain.Kuota>

[2021-05-10 17:50:20 #23 type.registry] 
New type java.util.Vector<domain.Apostu>

------------------------------------------------------------------------------------------------------------------------

[2021-05-10 18:11:00 #1 store] 
Database 'D:\OneDrive\Uni\SI1\Proiektua\Iterazioak\Bets21\src\main\resources\bets.temp' is opened by 13880@LAPTOP-PR5SQP5G

[2021-05-10 18:11:00 #2 type.registry] 
New type domain.Question

[2021-05-10 18:11:00 #3 type] 
Type domain.Question is not enhanced.

[2021-05-10 18:11:00 #4 type.registry] 
New type domain.Kuota

[2021-05-10 18:11:00 #5 type.registry] 
New type domain.Event

[2021-05-10 18:11:00 #6 type] 
Type domain.Kuota is not enhanced.

[2021-05-10 18:11:00 #7 type.registry] 
New type domain.Emaitza

[2021-05-10 18:11:00 #8 type.registry] 
New type domain.Apostu

[2021-05-10 18:11:00 #9 type] 
Type domain.Event is not enhanced.

[2021-05-10 18:11:00 #10 type.registry] 
New type java.util.Vector<domain.Question>

[2021-05-10 18:11:00 #11 type] 
Type domain.Emaitza is not enhanced.

[2021-05-10 18:11:00 #12 type] 
Type domain.Apostu is not enhanced.

[2021-05-10 18:11:00 #13 type.registry] 
New type domain.Erabiltzailea

[2021-05-10 18:11:00 #14 type.registry] 
New type domain.Erregistratua

[2021-05-10 18:11:00 #15 type] 
Type domain.Erabiltzailea is not enhanced.

[2021-05-10 18:11:00 #16 type] 
Type domain.Erregistratua is not enhanced.

[2021-05-10 18:11:00 #17 type.registry] 
New type domain.Langilea

[2021-05-10 18:11:00 #18 type] 
Type domain.Langilea is not enhanced.

[2021-05-10 18:11:00 #19 type.registry] 
New type domain.Administratzailea

[2021-05-10 18:11:00 #20 type] 
Type domain.Administratzailea is not enhanced.

[2021-05-10 18:11:00 #21 type.registry] 
New type java.util.Vector<java.lang.Object>

[2021-05-10 18:11:00 #22 type.registry] 
New type java.util.Vector<domain.Kuota>

[2021-05-10 18:11:00 #23 type.registry] 
New type java.util.Vector<domain.Apostu>

------------------------------------------------------------------------------------------------------------------------

[2021-05-10 18:46:38 #1 store] 
Database 'D:\OneDrive\Uni\SI1\Proiektua\Iterazioak\Bets21\src\main\resources\bets.temp' is opened by 13808@LAPTOP-PR5SQP5G

[2021-05-10 18:46:39 #2 type.registry] 
New type domain.Question

[2021-05-10 18:46:39 #3 type] 
Type domain.Question is not enhanced.

[2021-05-10 18:46:39 #4 type.registry] 
New type domain.Kuota

[2021-05-10 18:46:39 #5 type.registry] 
New type domain.Event

[2021-05-10 18:46:39 #6 type] 
Type domain.Kuota is not enhanced.

[2021-05-10 18:46:39 #7 type.registry] 
New type domain.Emaitza

[2021-05-10 18:46:39 #8 type.registry] 
New type domain.Apostu

[2021-05-10 18:46:39 #9 type] 
Type domain.Event is not enhanced.

[2021-05-10 18:46:39 #10 type.registry] 
New type java.util.Vector<domain.Question>

[2021-05-10 18:46:39 #11 type] 
Type domain.Emaitza is not enhanced.

[2021-05-10 18:46:39 #12 type] 
Type domain.Apostu is not enhanced.

[2021-05-10 18:46:39 #13 type.registry] 
New type domain.Erabiltzailea

[2021-05-10 18:46:39 #14 type.registry] 
New type domain.Erregistratua

[2021-05-10 18:46:39 #15 type] 
Type domain.Erabiltzailea is not enhanced.

[2021-05-10 18:46:39 #16 type] 
Type domain.Erregistratua is not enhanced.

[2021-05-10 18:46:39 #17 type.registry] 
New type domain.Langilea

[2021-05-10 18:46:39 #18 type] 
Type domain.Langilea is not enhanced.

[2021-05-10 18:46:39 #19 type.registry] 
New type domain.Administratzailea

[2021-05-10 18:46:39 #20 type] 
Type domain.Administratzailea is not enhanced.

[2021-05-10 18:46:39 #21 type.registry] 
New type java.util.Vector<java.lang.Object>

[2021-05-10 18:46:39 #22 type.registry] 
New type java.util.Vector<domain.Kuota>

[2021-05-10 18:46:39 #23 type.registry] 
New type java.util.Vector<domain.Apostu>

------------------------------------------------------------------------------------------------------------------------

[2021-05-10 18:51:28 #1 store] 
Database 'D:\OneDrive\Uni\SI1\Proiektua\Iterazioak\Bets21\src\main\resources\bets.temp' is opened by 6896@LAPTOP-PR5SQP5G

[2021-05-10 18:51:29 #2 type.registry] 
New type domain.Question

[2021-05-10 18:51:29 #3 type] 
Type domain.Question is not enhanced.

[2021-05-10 18:51:29 #4 type.registry] 
New type domain.Kuota

[2021-05-10 18:51:29 #5 type.registry] 
New type domain.Event

[2021-05-10 18:51:29 #6 type] 
Type domain.Kuota is not enhanced.

[2021-05-10 18:51:29 #7 type.registry] 
New type domain.Emaitza

[2021-05-10 18:51:29 #8 type.registry] 
New type domain.Apostu

[2021-05-10 18:51:29 #9 type] 
Type domain.Event is not enhanced.

[2021-05-10 18:51:29 #10 type.registry] 
New type java.util.Vector<domain.Question>

[2021-05-10 18:51:29 #11 type] 
Type domain.Emaitza is not enhanced.

[2021-05-10 18:51:29 #12 type] 
Type domain.Apostu is not enhanced.

[2021-05-10 18:51:29 #13 type.registry] 
New type domain.Erabiltzailea

[2021-05-10 18:51:29 #14 type.registry] 
New type domain.Erregistratua

[2021-05-10 18:51:29 #15 type] 
Type domain.Erabiltzailea is not enhanced.

[2021-05-10 18:51:29 #16 type] 
Type domain.Erregistratua is not enhanced.

[2021-05-10 18:51:29 #17 type.registry] 
New type domain.Langilea

[2021-05-10 18:51:29 #18 type] 
Type domain.Langilea is not enhanced.

[2021-05-10 18:51:29 #19 type.registry] 
New type domain.Administratzailea

[2021-05-10 18:51:29 #20 type] 
Type domain.Administratzailea is not enhanced.

[2021-05-10 18:51:29 #21 type.registry] 
New type java.util.Vector<java.lang.Object>

[2021-05-10 18:51:29 #22 type.registry] 
New type java.util.Vector<domain.Kuota>

[2021-05-10 18:51:29 #23 type.registry] 
New type java.util.Vector<domain.Apostu>

------------------------------------------------------------------------------------------------------------------------

[2021-05-10 18:53:05 #1 store] 
Database 'D:\OneDrive\Uni\SI1\Proiektua\Iterazioak\Bets21\src\main\resources\bets.temp' is opened by 16696@LAPTOP-PR5SQP5G

[2021-05-10 18:53:05 #2 type.registry] 
New type domain.Question

[2021-05-10 18:53:05 #3 type] 
Type domain.Question is not enhanced.

[2021-05-10 18:53:05 #4 type.registry] 
New type domain.Kuota

[2021-05-10 18:53:05 #5 type.registry] 
New type domain.Event

[2021-05-10 18:53:05 #6 type] 
Type domain.Kuota is not enhanced.

[2021-05-10 18:53:05 #7 type.registry] 
New type domain.Emaitza

[2021-05-10 18:53:05 #8 type.registry] 
New type domain.Apostu

[2021-05-10 18:53:05 #9 type] 
Type domain.Event is not enhanced.

[2021-05-10 18:53:05 #10 type.registry] 
New type java.util.Vector<domain.Question>

[2021-05-10 18:53:05 #11 type] 
Type domain.Emaitza is not enhanced.

[2021-05-10 18:53:05 #12 type] 
Type domain.Apostu is not enhanced.

[2021-05-10 18:53:05 #13 type.registry] 
New type domain.Erabiltzailea

[2021-05-10 18:53:05 #14 type.registry] 
New type domain.Erregistratua

[2021-05-10 18:53:05 #15 type] 
Type domain.Erabiltzailea is not enhanced.

[2021-05-10 18:53:05 #16 type] 
Type domain.Erregistratua is not enhanced.

[2021-05-10 18:53:05 #17 type.registry] 
New type domain.Langilea

[2021-05-10 18:53:05 #18 type] 
Type domain.Langilea is not enhanced.

[2021-05-10 18:53:05 #19 type.registry] 
New type domain.Administratzailea

[2021-05-10 18:53:05 #20 type] 
Type domain.Administratzailea is not enhanced.

[2021-05-10 18:53:05 #21 type.registry] 
New type java.util.Vector<java.lang.Object>

[2021-05-10 18:53:05 #22 type.registry] 
New type java.util.Vector<domain.Kuota>

[2021-05-10 18:53:05 #23 type.registry] 
New type java.util.Vector<domain.Apostu>

------------------------------------------------------------------------------------------------------------------------

[2021-05-10 18:53:58 #1 store] 
Database 'D:\OneDrive\Uni\SI1\Proiektua\Iterazioak\Bets21\src\main\resources\bets.temp' is opened by 11812@LAPTOP-PR5SQP5G

[2021-05-10 18:53:58 #2 type.registry] 
New type domain.Question

[2021-05-10 18:53:58 #3 type] 
Type domain.Question is not enhanced.

[2021-05-10 18:53:58 #4 type.registry] 
New type domain.Kuota

[2021-05-10 18:53:58 #5 type.registry] 
New type domain.Event

[2021-05-10 18:53:58 #6 type] 
Type domain.Kuota is not enhanced.

[2021-05-10 18:53:58 #7 type.registry] 
New type domain.Emaitza

[2021-05-10 18:53:58 #8 type.registry] 
New type domain.Apostu

[2021-05-10 18:53:58 #9 type] 
Type domain.Event is not enhanced.

[2021-05-10 18:53:58 #10 type.registry] 
New type java.util.Vector<domain.Question>

[2021-05-10 18:53:58 #11 type] 
Type domain.Emaitza is not enhanced.

[2021-05-10 18:53:58 #12 type] 
Type domain.Apostu is not enhanced.

[2021-05-10 18:53:58 #13 type.registry] 
New type domain.Erabiltzailea

[2021-05-10 18:53:58 #14 type.registry] 
New type domain.Erregistratua

[2021-05-10 18:53:58 #15 type] 
Type domain.Erabiltzailea is not enhanced.

[2021-05-10 18:53:58 #16 type] 
Type domain.Erregistratua is not enhanced.

[2021-05-10 18:53:58 #17 type.registry] 
New type domain.Langilea

[2021-05-10 18:53:58 #18 type] 
Type domain.Langilea is not enhanced.

[2021-05-10 18:53:58 #19 type.registry] 
New type domain.Administratzailea

[2021-05-10 18:53:58 #20 type] 
Type domain.Administratzailea is not enhanced.

[2021-05-10 18:53:58 #21 type.registry] 
New type java.util.Vector<java.lang.Object>

[2021-05-10 18:53:58 #22 type.registry] 
New type java.util.Vector<domain.Kuota>

[2021-05-10 18:53:58 #23 type.registry] 
New type java.util.Vector<domain.Apostu>

------------------------------------------------------------------------------------------------------------------------

[2021-05-10 18:56:07 #1 store] 
Database 'D:\OneDrive\Uni\SI1\Proiektua\Iterazioak\Bets21\src\main\resources\bets.temp' is opened by 9900@LAPTOP-PR5SQP5G

[2021-05-10 18:56:07 #2 type.registry] 
New type domain.Question

[2021-05-10 18:56:07 #3 type] 
Type domain.Question is not enhanced.

[2021-05-10 18:56:07 #4 type.registry] 
New type domain.Kuota

[2021-05-10 18:56:08 #5 type.registry] 
New type domain.Event

[2021-05-10 18:56:08 #6 type] 
Type domain.Kuota is not enhanced.

[2021-05-10 18:56:08 #7 type.registry] 
New type domain.Emaitza

[2021-05-10 18:56:08 #8 type.registry] 
New type domain.Apostu

[2021-05-10 18:56:08 #9 type] 
Type domain.Event is not enhanced.

[2021-05-10 18:56:08 #10 type.registry] 
New type java.util.Vector<domain.Question>

[2021-05-10 18:56:08 #11 type] 
Type domain.Emaitza is not enhanced.

[2021-05-10 18:56:08 #12 type] 
Type domain.Apostu is not enhanced.

[2021-05-10 18:56:08 #13 type.registry] 
New type domain.Erabiltzailea

[2021-05-10 18:56:08 #14 type.registry] 
New type domain.Erregistratua

[2021-05-10 18:56:08 #15 type] 
Type domain.Erabiltzailea is not enhanced.

[2021-05-10 18:56:08 #16 type] 
Type domain.Erregistratua is not enhanced.

[2021-05-10 18:56:08 #17 type.registry] 
New type domain.Langilea

[2021-05-10 18:56:08 #18 type] 
Type domain.Langilea is not enhanced.

[2021-05-10 18:56:08 #19 type.registry] 
New type domain.Administratzailea

[2021-05-10 18:56:08 #20 type] 
Type domain.Administratzailea is not enhanced.

[2021-05-10 18:56:08 #21 type.registry] 
New type java.util.Vector<java.lang.Object>

[2021-05-10 18:56:08 #22 type.registry] 
New type java.util.Vector<domain.Kuota>

[2021-05-10 18:56:08 #23 type.registry] 
New type java.util.Vector<domain.Apostu>

------------------------------------------------------------------------------------------------------------------------

[2021-05-10 18:57:03 #1 store] 
Database 'D:\OneDrive\Uni\SI1\Proiektua\Iterazioak\Bets21\src\main\resources\bets.temp' is opened by 2660@LAPTOP-PR5SQP5G

[2021-05-10 18:57:03 #2 type.registry] 
New type domain.Question

[2021-05-10 18:57:03 #3 type] 
Type domain.Question is not enhanced.

[2021-05-10 18:57:03 #4 type.registry] 
New type domain.Kuota

[2021-05-10 18:57:03 #5 type.registry] 
New type domain.Event

[2021-05-10 18:57:03 #6 type] 
Type domain.Kuota is not enhanced.

[2021-05-10 18:57:03 #7 type.registry] 
New type domain.Emaitza

[2021-05-10 18:57:03 #8 type.registry] 
New type domain.Apostu

[2021-05-10 18:57:03 #9 type] 
Type domain.Event is not enhanced.

[2021-05-10 18:57:04 #10 type.registry] 
New type java.util.Vector<domain.Question>

[2021-05-10 18:57:04 #11 type] 
Type domain.Emaitza is not enhanced.

[2021-05-10 18:57:04 #12 type] 
Type domain.Apostu is not enhanced.

[2021-05-10 18:57:04 #13 type.registry] 
New type domain.Erabiltzailea

[2021-05-10 18:57:04 #14 type.registry] 
New type domain.Erregistratua

[2021-05-10 18:57:04 #15 type] 
Type domain.Erabiltzailea is not enhanced.

[2021-05-10 18:57:04 #16 type] 
Type domain.Erregistratua is not enhanced.

[2021-05-10 18:57:04 #17 type.registry] 
New type domain.Langilea

[2021-05-10 18:57:04 #18 type] 
Type domain.Langilea is not enhanced.

[2021-05-10 18:57:04 #19 type.registry] 
New type domain.Administratzailea

[2021-05-10 18:57:04 #20 type] 
Type domain.Administratzailea is not enhanced.

[2021-05-10 18:57:04 #21 type.registry] 
New type java.util.Vector<java.lang.Object>

[2021-05-10 18:57:04 #22 type.registry] 
New type java.util.Vector<domain.Kuota>

[2021-05-10 18:57:04 #23 type.registry] 
New type java.util.Vector<domain.Apostu>

------------------------------------------------------------------------------------------------------------------------

[2021-05-10 19:14:19 #1 store] 
Database 'D:\OneDrive\Uni\SI1\Proiektua\Iterazioak\Bets21\src\main\resources\bets.temp' is opened by 9508@LAPTOP-PR5SQP5G

[2021-05-10 19:14:20 #2 type.registry] 
New type domain.Question

[2021-05-10 19:14:20 #3 type] 
Type domain.Question is not enhanced.

[2021-05-10 19:14:20 #4 type.registry] 
New type domain.Kuota

[2021-05-10 19:14:20 #5 type.registry] 
New type domain.Event

[2021-05-10 19:14:20 #6 type] 
Type domain.Kuota is not enhanced.

[2021-05-10 19:14:20 #7 type.registry] 
New type domain.Emaitza

[2021-05-10 19:14:20 #8 type.registry] 
New type domain.Apostu

[2021-05-10 19:14:20 #9 type] 
Type domain.Event is not enhanced.

[2021-05-10 19:14:20 #10 type.registry] 
New type java.util.Vector<domain.Question>

[2021-05-10 19:14:20 #11 type] 
Type domain.Emaitza is not enhanced.

[2021-05-10 19:14:20 #12 type] 
Type domain.Apostu is not enhanced.

[2021-05-10 19:14:20 #13 type.registry] 
New type domain.Erabiltzailea

[2021-05-10 19:14:20 #14 type.registry] 
New type domain.Erregistratua

[2021-05-10 19:14:20 #15 type] 
Type domain.Erabiltzailea is not enhanced.

[2021-05-10 19:14:20 #16 type] 
Type domain.Erregistratua is not enhanced.

[2021-05-10 19:14:20 #17 type.registry] 
New type domain.Langilea

[2021-05-10 19:14:20 #18 type] 
Type domain.Langilea is not enhanced.

[2021-05-10 19:14:20 #19 type.registry] 
New type domain.Administratzailea

[2021-05-10 19:14:20 #20 type] 
Type domain.Administratzailea is not enhanced.

[2021-05-10 19:14:20 #21 type.registry] 
New type java.util.Vector<java.lang.Object>

[2021-05-10 19:14:20 #22 type.registry] 
New type java.util.Vector<domain.Kuota>

[2021-05-10 19:14:20 #23 type.registry] 
New type java.util.Vector<domain.Apostu>

[2021-05-10 19:14:27 #24 type.registry] 
New type java.util.Vector<java.lang.Double>

------------------------------------------------------------------------------------------------------------------------

[2021-05-10 19:16:23 #1 store] 
Database 'D:\OneDrive\Uni\SI1\Proiektua\Iterazioak\Bets21\src\main\resources\bets.temp' is opened by 11648@LAPTOP-PR5SQP5G

[2021-05-10 19:16:23 #2 type.registry] 
New type domain.Question

[2021-05-10 19:16:23 #3 type] 
Type domain.Question is not enhanced.

[2021-05-10 19:16:23 #4 type.registry] 
New type domain.Kuota

[2021-05-10 19:16:23 #5 type.registry] 
New type domain.Event

[2021-05-10 19:16:23 #6 type] 
Type domain.Kuota is not enhanced.

[2021-05-10 19:16:23 #7 type.registry] 
New type domain.Emaitza

[2021-05-10 19:16:23 #8 type.registry] 
New type domain.Apostu

[2021-05-10 19:16:23 #9 type] 
Type domain.Event is not enhanced.

[2021-05-10 19:16:23 #10 type.registry] 
New type java.util.Vector<domain.Question>

[2021-05-10 19:16:23 #11 type] 
Type domain.Emaitza is not enhanced.

[2021-05-10 19:16:23 #12 type] 
Type domain.Apostu is not enhanced.

[2021-05-10 19:16:23 #13 type.registry] 
New type domain.Erabiltzailea

[2021-05-10 19:16:23 #14 type.registry] 
New type domain.Erregistratua

[2021-05-10 19:16:23 #15 type] 
Type domain.Erabiltzailea is not enhanced.

[2021-05-10 19:16:23 #16 type] 
Type domain.Erregistratua is not enhanced.

[2021-05-10 19:16:23 #17 type.registry] 
New type domain.Langilea

[2021-05-10 19:16:23 #18 type] 
Type domain.Langilea is not enhanced.

[2021-05-10 19:16:23 #19 type.registry] 
New type domain.Administratzailea

[2021-05-10 19:16:23 #20 type] 
Type domain.Administratzailea is not enhanced.

[2021-05-10 19:16:23 #21 type.registry] 
New type java.util.Vector<java.lang.Object>

[2021-05-10 19:16:23 #22 type.registry] 
New type java.util.Vector<domain.Kuota>

[2021-05-10 19:16:23 #23 type.registry] 
New type java.util.Vector<domain.Apostu>

[2021-05-10 19:16:30 #24 type.registry] 
New type java.util.Vector<java.lang.Double>

------------------------------------------------------------------------------------------------------------------------

[2021-05-10 19:19:22 #1 store] 
Database 'D:\OneDrive\Uni\SI1\Proiektua\Iterazioak\Bets21\src\main\resources\bets.temp' is opened by 4868@LAPTOP-PR5SQP5G

[2021-05-10 19:19:23 #2 type.registry] 
New type domain.Question

[2021-05-10 19:19:23 #3 type] 
Type domain.Question is not enhanced.

[2021-05-10 19:19:23 #4 type.registry] 
New type domain.Kuota

[2021-05-10 19:19:23 #5 type.registry] 
New type domain.Event

[2021-05-10 19:19:23 #6 type] 
Type domain.Kuota is not enhanced.

[2021-05-10 19:19:23 #7 type.registry] 
New type domain.Emaitza

[2021-05-10 19:19:23 #8 type.registry] 
New type domain.Apostu

[2021-05-10 19:19:23 #9 type] 
Type domain.Event is not enhanced.

[2021-05-10 19:19:23 #10 type.registry] 
New type java.util.Vector<domain.Question>

[2021-05-10 19:19:23 #11 type] 
Type domain.Emaitza is not enhanced.

[2021-05-10 19:19:23 #12 type] 
Type domain.Apostu is not enhanced.

[2021-05-10 19:19:23 #13 type.registry] 
New type domain.Erabiltzailea

[2021-05-10 19:19:23 #14 type.registry] 
New type domain.Erregistratua

[2021-05-10 19:19:23 #15 type] 
Type domain.Erabiltzailea is not enhanced.

[2021-05-10 19:19:23 #16 type] 
Type domain.Erregistratua is not enhanced.

[2021-05-10 19:19:23 #17 type.registry] 
New type domain.Langilea

[2021-05-10 19:19:23 #18 type] 
Type domain.Langilea is not enhanced.

[2021-05-10 19:19:23 #19 type.registry] 
New type domain.Administratzailea

[2021-05-10 19:19:23 #20 type] 
Type domain.Administratzailea is not enhanced.

[2021-05-10 19:19:23 #21 type.registry] 
New type java.util.Vector<java.lang.Object>

[2021-05-10 19:19:23 #22 type.registry] 
New type java.util.Vector<domain.Kuota>

[2021-05-10 19:19:23 #23 type.registry] 
New type java.util.Vector<domain.Apostu>

[2021-05-10 19:19:30 #24 type.registry] 
New type java.util.Vector<java.lang.Double>

------------------------------------------------------------------------------------------------------------------------

[2021-05-10 19:21:09 #1 store] 
Database 'D:\OneDrive\Uni\SI1\Proiektua\Iterazioak\Bets21\src\main\resources\bets.temp' is opened by 5472@LAPTOP-PR5SQP5G

[2021-05-10 19:21:09 #2 type.registry] 
New type domain.Question

[2021-05-10 19:21:09 #3 type] 
Type domain.Question is not enhanced.

[2021-05-10 19:21:09 #4 type.registry] 
New type domain.Kuota

[2021-05-10 19:21:09 #5 type.registry] 
New type domain.Event

[2021-05-10 19:21:09 #6 type] 
Type domain.Kuota is not enhanced.

[2021-05-10 19:21:09 #7 type.registry] 
New type domain.Emaitza

[2021-05-10 19:21:09 #8 type.registry] 
New type domain.Apostu

[2021-05-10 19:21:09 #9 type] 
Type domain.Event is not enhanced.

[2021-05-10 19:21:09 #10 type.registry] 
New type java.util.Vector<domain.Question>

[2021-05-10 19:21:09 #11 type] 
Type domain.Emaitza is not enhanced.

[2021-05-10 19:21:09 #12 type] 
Type domain.Apostu is not enhanced.

[2021-05-10 19:21:09 #13 type.registry] 
New type domain.Erabiltzailea

[2021-05-10 19:21:09 #14 type.registry] 
New type domain.Erregistratua

[2021-05-10 19:21:09 #15 type] 
Type domain.Erabiltzailea is not enhanced.

[2021-05-10 19:21:09 #16 type] 
Type domain.Erregistratua is not enhanced.

[2021-05-10 19:21:09 #17 type.registry] 
New type domain.Langilea

[2021-05-10 19:21:09 #18 type] 
Type domain.Langilea is not enhanced.

[2021-05-10 19:21:09 #19 type.registry] 
New type domain.Administratzailea

[2021-05-10 19:21:09 #20 type] 
Type domain.Administratzailea is not enhanced.

[2021-05-10 19:21:09 #21 type.registry] 
New type java.util.Vector<java.lang.Object>

[2021-05-10 19:21:09 #22 type.registry] 
New type java.util.Vector<domain.Kuota>

[2021-05-10 19:21:09 #23 type.registry] 
New type java.util.Vector<domain.Apostu>

[2021-05-10 19:21:17 #24 type.registry] 
New type java.util.Vector<java.lang.Double>

------------------------------------------------------------------------------------------------------------------------

[2021-05-10 19:22:24 #1 store] 
Database 'D:\OneDrive\Uni\SI1\Proiektua\Iterazioak\Bets21\src\main\resources\bets.temp' is opened by 7808@LAPTOP-PR5SQP5G

[2021-05-10 19:22:24 #2 type.registry] 
New type domain.Question

[2021-05-10 19:22:24 #3 type] 
Type domain.Question is not enhanced.

[2021-05-10 19:22:24 #4 type.registry] 
New type domain.Kuota

[2021-05-10 19:22:24 #5 type.registry] 
New type domain.Event

[2021-05-10 19:22:24 #6 type] 
Type domain.Kuota is not enhanced.

[2021-05-10 19:22:24 #7 type.registry] 
New type domain.Emaitza

[2021-05-10 19:22:24 #8 type.registry] 
New type domain.Apostu

[2021-05-10 19:22:24 #9 type] 
Type domain.Event is not enhanced.

[2021-05-10 19:22:24 #10 type.registry] 
New type java.util.Vector<domain.Question>

[2021-05-10 19:22:24 #11 type] 
Type domain.Emaitza is not enhanced.

[2021-05-10 19:22:24 #12 type] 
Type domain.Apostu is not enhanced.

[2021-05-10 19:22:24 #13 type.registry] 
New type domain.Erabiltzailea

[2021-05-10 19:22:24 #14 type.registry] 
New type domain.Erregistratua

[2021-05-10 19:22:24 #15 type] 
Type domain.Erabiltzailea is not enhanced.

[2021-05-10 19:22:24 #16 type] 
Type domain.Erregistratua is not enhanced.

[2021-05-10 19:22:24 #17 type.registry] 
New type domain.Langilea

[2021-05-10 19:22:24 #18 type] 
Type domain.Langilea is not enhanced.

[2021-05-10 19:22:24 #19 type.registry] 
New type domain.Administratzailea

[2021-05-10 19:22:24 #20 type] 
Type domain.Administratzailea is not enhanced.

[2021-05-10 19:22:24 #21 type.registry] 
New type java.util.Vector<java.lang.Object>

[2021-05-10 19:22:24 #22 type.registry] 
New type java.util.Vector<domain.Kuota>

[2021-05-10 19:22:24 #23 type.registry] 
New type java.util.Vector<domain.Apostu>

[2021-05-10 19:22:35 #24 type.registry] 
New type java.util.Vector<java.lang.Double>

------------------------------------------------------------------------------------------------------------------------

[2021-05-10 19:25:00 #1 store] 
Database 'D:\OneDrive\Uni\SI1\Proiektua\Iterazioak\Bets21\src\main\resources\bets.temp' is opened by 9756@LAPTOP-PR5SQP5G

[2021-05-10 19:25:00 #2 type.registry] 
New type domain.Question

[2021-05-10 19:25:00 #3 type] 
Type domain.Question is not enhanced.

[2021-05-10 19:25:00 #4 type.registry] 
New type domain.Kuota

[2021-05-10 19:25:00 #5 type.registry] 
New type domain.Event

[2021-05-10 19:25:00 #6 type] 
Type domain.Kuota is not enhanced.

[2021-05-10 19:25:00 #7 type.registry] 
New type domain.Emaitza

[2021-05-10 19:25:00 #8 type.registry] 
New type domain.Apostu

[2021-05-10 19:25:00 #9 type] 
Type domain.Event is not enhanced.

[2021-05-10 19:25:00 #10 type.registry] 
New type java.util.Vector<domain.Question>

[2021-05-10 19:25:00 #11 type] 
Type domain.Emaitza is not enhanced.

[2021-05-10 19:25:00 #12 type] 
Type domain.Apostu is not enhanced.

[2021-05-10 19:25:00 #13 type.registry] 
New type domain.Erabiltzailea

[2021-05-10 19:25:00 #14 type.registry] 
New type domain.Erregistratua

[2021-05-10 19:25:00 #15 type] 
Type domain.Erabiltzailea is not enhanced.

[2021-05-10 19:25:00 #16 type] 
Type domain.Erregistratua is not enhanced.

[2021-05-10 19:25:00 #17 type.registry] 
New type domain.Langilea

[2021-05-10 19:25:00 #18 type] 
Type domain.Langilea is not enhanced.

[2021-05-10 19:25:00 #19 type.registry] 
New type domain.Administratzailea

[2021-05-10 19:25:00 #20 type] 
Type domain.Administratzailea is not enhanced.

[2021-05-10 19:25:00 #21 type.registry] 
New type java.util.Vector<java.lang.Object>

[2021-05-10 19:25:00 #22 type.registry] 
New type java.util.Vector<domain.Kuota>

[2021-05-10 19:25:00 #23 type.registry] 
New type java.util.Vector<domain.Apostu>

[2021-05-10 19:25:06 #24 type.registry] 
New type java.util.Vector<java.lang.Double>

------------------------------------------------------------------------------------------------------------------------

[2021-05-10 19:26:33 #1 store] 
Database 'D:\OneDrive\Uni\SI1\Proiektua\Iterazioak\Bets21\src\main\resources\bets.temp' is opened by 7888@LAPTOP-PR5SQP5G

[2021-05-10 19:26:34 #2 type.registry] 
New type domain.Question

[2021-05-10 19:26:34 #3 type] 
Type domain.Question is not enhanced.

[2021-05-10 19:26:34 #4 type.registry] 
New type domain.Kuota

[2021-05-10 19:26:34 #5 type.registry] 
New type domain.Event

[2021-05-10 19:26:34 #6 type] 
Type domain.Kuota is not enhanced.

[2021-05-10 19:26:34 #7 type.registry] 
New type domain.Emaitza

[2021-05-10 19:26:34 #8 type.registry] 
New type domain.Apostu

[2021-05-10 19:26:34 #9 type] 
Type domain.Event is not enhanced.

[2021-05-10 19:26:34 #10 type.registry] 
New type java.util.Vector<domain.Question>

[2021-05-10 19:26:34 #11 type] 
Type domain.Emaitza is not enhanced.

[2021-05-10 19:26:34 #12 type] 
Type domain.Apostu is not enhanced.

[2021-05-10 19:26:34 #13 type.registry] 
New type domain.Erabiltzailea

[2021-05-10 19:26:34 #14 type.registry] 
New type domain.Erregistratua

[2021-05-10 19:26:34 #15 type] 
Type domain.Erabiltzailea is not enhanced.

[2021-05-10 19:26:34 #16 type] 
Type domain.Erregistratua is not enhanced.

[2021-05-10 19:26:34 #17 type.registry] 
New type domain.Langilea

[2021-05-10 19:26:34 #18 type] 
Type domain.Langilea is not enhanced.

[2021-05-10 19:26:34 #19 type.registry] 
New type domain.Administratzailea

[2021-05-10 19:26:34 #20 type] 
Type domain.Administratzailea is not enhanced.

[2021-05-10 19:26:34 #21 type.registry] 
New type java.util.Vector<java.lang.Object>

[2021-05-10 19:26:34 #22 type.registry] 
New type java.util.Vector<domain.Kuota>

[2021-05-10 19:26:34 #23 type.registry] 
New type java.util.Vector<domain.Apostu>

[2021-05-10 19:26:42 #24 type.registry] 
New type java.util.Vector<java.lang.Double>

------------------------------------------------------------------------------------------------------------------------

[2021-05-10 19:29:37 #1 store] 
Database 'D:\OneDrive\Uni\SI1\Proiektua\Iterazioak\Bets21\src\main\resources\bets.temp' is opened by 4632@LAPTOP-PR5SQP5G

[2021-05-10 19:29:37 #2 type.registry] 
New type domain.Question

[2021-05-10 19:29:37 #3 type] 
Type domain.Question is not enhanced.

[2021-05-10 19:29:37 #4 type.registry] 
New type domain.Kuota

[2021-05-10 19:29:37 #5 type.registry] 
New type domain.Event

[2021-05-10 19:29:37 #6 type] 
Type domain.Kuota is not enhanced.

[2021-05-10 19:29:37 #7 type.registry] 
New type domain.Emaitza

[2021-05-10 19:29:37 #8 type.registry] 
New type domain.Apostu

[2021-05-10 19:29:37 #9 type] 
Type domain.Event is not enhanced.

[2021-05-10 19:29:37 #10 type.registry] 
New type java.util.Vector<domain.Question>

[2021-05-10 19:29:37 #11 type] 
Type domain.Emaitza is not enhanced.

[2021-05-10 19:29:37 #12 type] 
Type domain.Apostu is not enhanced.

[2021-05-10 19:29:37 #13 type.registry] 
New type domain.Erabiltzailea

[2021-05-10 19:29:37 #14 type.registry] 
New type domain.Erregistratua

[2021-05-10 19:29:37 #15 type] 
Type domain.Erabiltzailea is not enhanced.

[2021-05-10 19:29:37 #16 type] 
Type domain.Erregistratua is not enhanced.

[2021-05-10 19:29:37 #17 type.registry] 
New type domain.Langilea

[2021-05-10 19:29:37 #18 type] 
Type domain.Langilea is not enhanced.

[2021-05-10 19:29:37 #19 type.registry] 
New type domain.Administratzailea

[2021-05-10 19:29:37 #20 type] 
Type domain.Administratzailea is not enhanced.

[2021-05-10 19:29:37 #21 type.registry] 
New type java.util.Vector<java.lang.Object>

[2021-05-10 19:29:37 #22 type.registry] 
New type java.util.Vector<domain.Kuota>

[2021-05-10 19:29:37 #23 type.registry] 
New type java.util.Vector<domain.Apostu>

[2021-05-10 19:29:43 #24 type.registry] 
New type java.util.Vector<java.lang.Double>

------------------------------------------------------------------------------------------------------------------------

[2021-05-10 19:32:47 #1 store] 
Database 'D:\OneDrive\Uni\SI1\Proiektua\Iterazioak\Bets21\src\main\resources\bets.temp' has been recovered (tr. 1-14)

[2021-05-10 19:32:47 #2 store] 
Database 'D:\OneDrive\Uni\SI1\Proiektua\Iterazioak\Bets21\src\main\resources\bets.temp' is opened by 14808@LAPTOP-PR5SQP5G

[2021-05-10 19:32:47 #3 type] 
Type domain.Question is not enhanced.

[2021-05-10 19:32:47 #4 type] 
Type domain.Kuota is not enhanced.

[2021-05-10 19:32:47 #5 type] 
Type domain.Event is not enhanced.

[2021-05-10 19:32:47 #6 type] 
Type domain.Emaitza is not enhanced.

[2021-05-10 19:32:47 #7 type] 
Type domain.Apostu is not enhanced.

[2021-05-10 19:32:47 #8 type] 
Type domain.Erabiltzailea is not enhanced.

[2021-05-10 19:32:47 #9 type] 
Type domain.Erregistratua is not enhanced.

[2021-05-10 19:32:47 #10 type] 
Type domain.Langilea is not enhanced.

[2021-05-10 19:32:47 #11 type] 
Type domain.Administratzailea is not enhanced.

------------------------------------------------------------------------------------------------------------------------

[2021-05-10 19:45:26 #1 store] 
Database 'D:\OneDrive\Uni\SI1\Proiektua\Iterazioak\Bets21\src\main\resources\bets.temp' is opened by 10948@LAPTOP-PR5SQP5G

[2021-05-10 19:45:27 #2 type.registry] 
New type domain.Question

[2021-05-10 19:45:27 #3 type] 
Type domain.Question is not enhanced.

[2021-05-10 19:45:27 #4 type.registry] 
New type domain.Kuota

[2021-05-10 19:45:27 #5 type.registry] 
New type domain.Event

[2021-05-10 19:45:27 #6 type] 
Type domain.Kuota is not enhanced.

[2021-05-10 19:45:27 #7 type.registry] 
New type domain.Emaitza

[2021-05-10 19:45:27 #8 type.registry] 
New type domain.Apostu

[2021-05-10 19:45:27 #9 type] 
Type domain.Event is not enhanced.

[2021-05-10 19:45:27 #10 type.registry] 
New type java.util.Vector<domain.Question>

[2021-05-10 19:45:27 #11 type] 
Type domain.Emaitza is not enhanced.

[2021-05-10 19:45:27 #12 type] 
Type domain.Apostu is not enhanced.

[2021-05-10 19:45:27 #13 type.registry] 
New type domain.Erabiltzailea

[2021-05-10 19:45:27 #14 type.registry] 
New type domain.Erregistratua

[2021-05-10 19:45:27 #15 type] 
Type domain.Erabiltzailea is not enhanced.

[2021-05-10 19:45:27 #16 type] 
Type domain.Erregistratua is not enhanced.

[2021-05-10 19:45:27 #17 type.registry] 
New type domain.Langilea

[2021-05-10 19:45:27 #18 type] 
Type domain.Langilea is not enhanced.

[2021-05-10 19:45:27 #19 type.registry] 
New type domain.Administratzailea

[2021-05-10 19:45:27 #20 type] 
Type domain.Administratzailea is not enhanced.

[2021-05-10 19:45:27 #21 type.registry] 
New type java.util.Vector<java.lang.Object>

[2021-05-10 19:45:27 #22 type.registry] 
New type java.util.Vector<domain.Kuota>

[2021-05-10 19:45:27 #23 type.registry] 
New type java.util.Vector<domain.Apostu>

------------------------------------------------------------------------------------------------------------------------

[2021-05-10 19:45:40 #1 store] 
Database 'D:\OneDrive\Uni\SI1\Proiektua\Iterazioak\Bets21\src\main\resources\bets.temp' has been recovered (tr. 1-9)

[2021-05-10 19:45:40 #2 store] 
Database 'D:\OneDrive\Uni\SI1\Proiektua\Iterazioak\Bets21\src\main\resources\bets.temp' is opened by 8352@LAPTOP-PR5SQP5G

[2021-05-10 19:45:41 #3 type] 
Type domain.Question is not enhanced.

[2021-05-10 19:45:41 #4 type] 
Type domain.Kuota is not enhanced.

[2021-05-10 19:45:41 #5 type] 
Type domain.Event is not enhanced.

[2021-05-10 19:45:41 #6 type] 
Type domain.Emaitza is not enhanced.

[2021-05-10 19:45:41 #7 type] 
Type domain.Apostu is not enhanced.

[2021-05-10 19:45:41 #8 type] 
Type domain.Erabiltzailea is not enhanced.

[2021-05-10 19:45:41 #9 type] 
Type domain.Erregistratua is not enhanced.

[2021-05-10 19:45:41 #10 type] 
Type domain.Langilea is not enhanced.

[2021-05-10 19:45:41 #11 type] 
Type domain.Administratzailea is not enhanced.

[2021-05-10 19:45:48 #12 type.registry] 
New type java.util.Vector<java.lang.Double>

------------------------------------------------------------------------------------------------------------------------

[2021-05-10 19:47:27 #1 store] 
Database 'D:\OneDrive\Uni\SI1\Proiektua\Iterazioak\Bets21\src\main\resources\bets.temp' has been recovered (tr. 10-18)

[2021-05-10 19:47:27 #2 store] 
Database 'D:\OneDrive\Uni\SI1\Proiektua\Iterazioak\Bets21\src\main\resources\bets.temp' is opened by 6912@LAPTOP-PR5SQP5G

[2021-05-10 19:47:27 #3 type] 
Type domain.Question is not enhanced.

[2021-05-10 19:47:27 #4 type] 
Type domain.Kuota is not enhanced.

[2021-05-10 19:47:27 #5 type] 
Type domain.Event is not enhanced.

[2021-05-10 19:47:27 #6 type] 
Type domain.Emaitza is not enhanced.

[2021-05-10 19:47:27 #7 type] 
Type domain.Apostu is not enhanced.

[2021-05-10 19:47:27 #8 type] 
Type domain.Erabiltzailea is not enhanced.

[2021-05-10 19:47:27 #9 type] 
Type domain.Erregistratua is not enhanced.

[2021-05-10 19:47:27 #10 type] 
Type domain.Langilea is not enhanced.

[2021-05-10 19:47:27 #11 type] 
Type domain.Administratzailea is not enhanced.

------------------------------------------------------------------------------------------------------------------------

[2021-05-10 19:47:37 #1 store] 
Database 'D:\OneDrive\Uni\SI1\Proiektua\Iterazioak\Bets21\src\main\resources\bets.temp' is opened by 14172@LAPTOP-PR5SQP5G

[2021-05-10 19:47:38 #2 type] 
Type domain.Question is not enhanced.

[2021-05-10 19:47:38 #3 type] 
Type domain.Kuota is not enhanced.

[2021-05-10 19:47:38 #4 type] 
Type domain.Event is not enhanced.

[2021-05-10 19:47:38 #5 type] 
Type domain.Emaitza is not enhanced.

[2021-05-10 19:47:38 #6 type] 
Type domain.Apostu is not enhanced.

[2021-05-10 19:47:38 #7 type] 
Type domain.Erabiltzailea is not enhanced.

[2021-05-10 19:47:38 #8 type] 
Type domain.Erregistratua is not enhanced.

[2021-05-10 19:47:38 #9 type] 
Type domain.Langilea is not enhanced.

[2021-05-10 19:47:38 #10 type] 
Type domain.Administratzailea is not enhanced.

------------------------------------------------------------------------------------------------------------------------

[2021-05-10 19:48:26 #1 store] 
Database 'D:\OneDrive\Uni\SI1\Proiektua\Iterazioak\Bets21\src\main\resources\bets.temp' has been recovered (tr. 19-22)

[2021-05-10 19:48:26 #2 store] 
Database 'D:\OneDrive\Uni\SI1\Proiektua\Iterazioak\Bets21\src\main\resources\bets.temp' is opened by 18272@LAPTOP-PR5SQP5G

[2021-05-10 19:48:27 #3 type] 
Type domain.Question is not enhanced.

[2021-05-10 19:48:27 #4 type] 
Type domain.Kuota is not enhanced.

[2021-05-10 19:48:27 #5 type] 
Type domain.Event is not enhanced.

[2021-05-10 19:48:27 #6 type] 
Type domain.Emaitza is not enhanced.

[2021-05-10 19:48:27 #7 type] 
Type domain.Apostu is not enhanced.

[2021-05-10 19:48:27 #8 type] 
Type domain.Erabiltzailea is not enhanced.

[2021-05-10 19:48:27 #9 type] 
Type domain.Erregistratua is not enhanced.

[2021-05-10 19:48:27 #10 type] 
Type domain.Langilea is not enhanced.

[2021-05-10 19:48:27 #11 type] 
Type domain.Administratzailea is not enhanced.

------------------------------------------------------------------------------------------------------------------------

[2021-05-10 19:49:18 #1 store] 
Database 'D:\OneDrive\Uni\SI1\Proiektua\Iterazioak\Bets21\src\main\resources\bets.temp' is opened by 17388@LAPTOP-PR5SQP5G

[2021-05-10 19:49:18 #2 type] 
Type domain.Question is not enhanced.

[2021-05-10 19:49:18 #3 type] 
Type domain.Kuota is not enhanced.

[2021-05-10 19:49:18 #4 type] 
Type domain.Event is not enhanced.

[2021-05-10 19:49:18 #5 type] 
Type domain.Emaitza is not enhanced.

[2021-05-10 19:49:18 #6 type] 
Type domain.Apostu is not enhanced.

[2021-05-10 19:49:18 #7 type] 
Type domain.Erabiltzailea is not enhanced.

[2021-05-10 19:49:18 #8 type] 
Type domain.Erregistratua is not enhanced.

[2021-05-10 19:49:18 #9 type] 
Type domain.Langilea is not enhanced.

[2021-05-10 19:49:18 #10 type] 
Type domain.Administratzailea is not enhanced.

------------------------------------------------------------------------------------------------------------------------

[2021-05-10 19:50:19 #1 store] 
Database 'D:\OneDrive\Uni\SI1\Proiektua\Iterazioak\Bets21\src\main\resources\bets.temp' is opened by 13372@LAPTOP-PR5SQP5G

[2021-05-10 19:50:19 #2 type.registry] 
New type domain.Question

[2021-05-10 19:50:19 #3 type] 
Type domain.Question is not enhanced.

[2021-05-10 19:50:19 #4 type.registry] 
New type domain.Kuota

[2021-05-10 19:50:19 #5 type.registry] 
New type domain.Event

[2021-05-10 19:50:19 #6 type] 
Type domain.Kuota is not enhanced.

[2021-05-10 19:50:19 #7 type.registry] 
New type domain.Emaitza

[2021-05-10 19:50:19 #8 type.registry] 
New type domain.Apostu

[2021-05-10 19:50:19 #9 type] 
Type domain.Event is not enhanced.

[2021-05-10 19:50:19 #10 type.registry] 
New type java.util.Vector<domain.Question>

[2021-05-10 19:50:19 #11 type] 
Type domain.Emaitza is not enhanced.

[2021-05-10 19:50:19 #12 type] 
Type domain.Apostu is not enhanced.

[2021-05-10 19:50:19 #13 type.registry] 
New type domain.Erabiltzailea

[2021-05-10 19:50:19 #14 type.registry] 
New type domain.Erregistratua

[2021-05-10 19:50:19 #15 type] 
Type domain.Erabiltzailea is not enhanced.

[2021-05-10 19:50:19 #16 type] 
Type domain.Erregistratua is not enhanced.

[2021-05-10 19:50:19 #17 type.registry] 
New type domain.Langilea

[2021-05-10 19:50:19 #18 type] 
Type domain.Langilea is not enhanced.

[2021-05-10 19:50:19 #19 type.registry] 
New type domain.Administratzailea

[2021-05-10 19:50:19 #20 type] 
Type domain.Administratzailea is not enhanced.

[2021-05-10 19:50:20 #21 type.registry] 
New type java.util.Vector<java.lang.Object>

[2021-05-10 19:50:20 #22 type.registry] 
New type java.util.Vector<domain.Kuota>

[2021-05-10 19:50:20 #23 type.registry] 
New type java.util.Vector<domain.Apostu>

------------------------------------------------------------------------------------------------------------------------

[2021-05-10 19:50:31 #1 store] 
Database 'D:\OneDrive\Uni\SI1\Proiektua\Iterazioak\Bets21\src\main\resources\bets.temp' has been recovered (tr. 1-9)

[2021-05-10 19:50:31 #2 store] 
Database 'D:\OneDrive\Uni\SI1\Proiektua\Iterazioak\Bets21\src\main\resources\bets.temp' is opened by 17264@LAPTOP-PR5SQP5G

[2021-05-10 19:50:31 #3 type] 
Type domain.Question is not enhanced.

[2021-05-10 19:50:31 #4 type] 
Type domain.Kuota is not enhanced.

[2021-05-10 19:50:31 #5 type] 
Type domain.Event is not enhanced.

[2021-05-10 19:50:31 #6 type] 
Type domain.Emaitza is not enhanced.

[2021-05-10 19:50:31 #7 type] 
Type domain.Apostu is not enhanced.

[2021-05-10 19:50:31 #8 type] 
Type domain.Erabiltzailea is not enhanced.

[2021-05-10 19:50:31 #9 type] 
Type domain.Erregistratua is not enhanced.

[2021-05-10 19:50:31 #10 type] 
Type domain.Langilea is not enhanced.

[2021-05-10 19:50:31 #11 type] 
Type domain.Administratzailea is not enhanced.

[2021-05-10 19:50:38 #12 type.registry] 
New type java.util.Vector<java.lang.Double>

------------------------------------------------------------------------------------------------------------------------

[2021-05-10 19:51:11 #1 store] 
Database 'D:\OneDrive\Uni\SI1\Proiektua\Iterazioak\Bets21\src\main\resources\bets.temp' has been recovered (tr. 10-17)

[2021-05-10 19:51:11 #2 store] 
Database 'D:\OneDrive\Uni\SI1\Proiektua\Iterazioak\Bets21\src\main\resources\bets.temp' is opened by 17840@LAPTOP-PR5SQP5G

[2021-05-10 19:51:12 #3 type] 
Type domain.Question is not enhanced.

[2021-05-10 19:51:12 #4 type] 
Type domain.Kuota is not enhanced.

[2021-05-10 19:51:12 #5 type] 
Type domain.Event is not enhanced.

[2021-05-10 19:51:12 #6 type] 
Type domain.Emaitza is not enhanced.

[2021-05-10 19:51:12 #7 type] 
Type domain.Apostu is not enhanced.

[2021-05-10 19:51:12 #8 type] 
Type domain.Erabiltzailea is not enhanced.

[2021-05-10 19:51:12 #9 type] 
Type domain.Erregistratua is not enhanced.

[2021-05-10 19:51:12 #10 type] 
Type domain.Langilea is not enhanced.

[2021-05-10 19:51:12 #11 type] 
Type domain.Administratzailea is not enhanced.

------------------------------------------------------------------------------------------------------------------------

[2021-05-10 19:52:11 #1 store] 
Database 'D:\OneDrive\Uni\SI1\Proiektua\Iterazioak\Bets21\src\main\resources\bets.temp' has been recovered (tr. 18-27)

[2021-05-10 19:52:12 #2 store] 
Database 'D:\OneDrive\Uni\SI1\Proiektua\Iterazioak\Bets21\src\main\resources\bets.temp' is opened by 12280@LAPTOP-PR5SQP5G

[2021-05-10 19:52:12 #3 type] 
Type domain.Question is not enhanced.

[2021-05-10 19:52:12 #4 type] 
Type domain.Kuota is not enhanced.

[2021-05-10 19:52:12 #5 type] 
Type domain.Event is not enhanced.

[2021-05-10 19:52:12 #6 type] 
Type domain.Emaitza is not enhanced.

[2021-05-10 19:52:12 #7 type] 
Type domain.Apostu is not enhanced.

[2021-05-10 19:52:12 #8 type] 
Type domain.Erabiltzailea is not enhanced.

[2021-05-10 19:52:12 #9 type] 
Type domain.Erregistratua is not enhanced.

[2021-05-10 19:52:12 #10 type] 
Type domain.Langilea is not enhanced.

[2021-05-10 19:52:12 #11 type] 
Type domain.Administratzailea is not enhanced.

------------------------------------------------------------------------------------------------------------------------

[2021-05-10 19:56:39 #1 store] 
Database 'D:\OneDrive\Uni\SI1\Proiektua\Iterazioak\Bets21\src\main\resources\bets.temp' is opened by 2072@LAPTOP-PR5SQP5G

[2021-05-10 19:56:39 #2 type.registry] 
New type domain.Question

[2021-05-10 19:56:39 #3 type] 
Type domain.Question is not enhanced.

[2021-05-10 19:56:39 #4 type.registry] 
New type domain.Kuota

[2021-05-10 19:56:39 #5 type.registry] 
New type domain.Event

[2021-05-10 19:56:39 #6 type] 
Type domain.Kuota is not enhanced.

[2021-05-10 19:56:39 #7 type.registry] 
New type domain.Emaitza

[2021-05-10 19:56:39 #8 type.registry] 
New type domain.Apostu

[2021-05-10 19:56:39 #9 type] 
Type domain.Event is not enhanced.

[2021-05-10 19:56:39 #10 type.registry] 
New type java.util.Vector<domain.Question>

[2021-05-10 19:56:39 #11 type] 
Type domain.Emaitza is not enhanced.

[2021-05-10 19:56:39 #12 type] 
Type domain.Apostu is not enhanced.

[2021-05-10 19:56:39 #13 type.registry] 
New type domain.Erabiltzailea

[2021-05-10 19:56:39 #14 type.registry] 
New type domain.Erregistratua

[2021-05-10 19:56:39 #15 type] 
Type domain.Erabiltzailea is not enhanced.

[2021-05-10 19:56:39 #16 type] 
Type domain.Erregistratua is not enhanced.

[2021-05-10 19:56:39 #17 type.registry] 
New type domain.Langilea

[2021-05-10 19:56:39 #18 type] 
Type domain.Langilea is not enhanced.

[2021-05-10 19:56:39 #19 type.registry] 
New type domain.Administratzailea

[2021-05-10 19:56:39 #20 type] 
Type domain.Administratzailea is not enhanced.

[2021-05-10 19:56:39 #21 type.registry] 
New type java.util.Vector<java.lang.Object>

[2021-05-10 19:56:39 #22 type.registry] 
New type java.util.Vector<domain.Kuota>

[2021-05-10 19:56:39 #23 type.registry] 
New type java.util.Vector<domain.Apostu>

[2021-05-10 19:56:46 #24 type.registry] 
New type java.util.Vector<java.lang.Double>

------------------------------------------------------------------------------------------------------------------------

[2021-05-10 19:58:35 #1 store] 
Database 'D:\OneDrive\Uni\SI1\Proiektua\Iterazioak\Bets21\src\main\resources\bets.temp' is opened by 2656@LAPTOP-PR5SQP5G

[2021-05-10 19:58:35 #2 type.registry] 
New type domain.Question

[2021-05-10 19:58:35 #3 type] 
Type domain.Question is not enhanced.

[2021-05-10 19:58:35 #4 type.registry] 
New type domain.Kuota

[2021-05-10 19:58:35 #5 type.registry] 
New type domain.Event

[2021-05-10 19:58:35 #6 type] 
Type domain.Kuota is not enhanced.

[2021-05-10 19:58:35 #7 type.registry] 
New type domain.Emaitza

[2021-05-10 19:58:35 #8 type.registry] 
New type domain.Apostu

[2021-05-10 19:58:35 #9 type] 
Type domain.Event is not enhanced.

[2021-05-10 19:58:36 #10 type.registry] 
New type java.util.Vector<domain.Question>

[2021-05-10 19:58:36 #11 type] 
Type domain.Emaitza is not enhanced.

[2021-05-10 19:58:36 #12 type] 
Type domain.Apostu is not enhanced.

[2021-05-10 19:58:36 #13 type.registry] 
New type domain.Erabiltzailea

[2021-05-10 19:58:36 #14 type.registry] 
New type domain.Erregistratua

[2021-05-10 19:58:36 #15 type] 
Type domain.Erabiltzailea is not enhanced.

[2021-05-10 19:58:36 #16 type] 
Type domain.Erregistratua is not enhanced.

[2021-05-10 19:58:36 #17 type.registry] 
New type domain.Langilea

[2021-05-10 19:58:36 #18 type] 
Type domain.Langilea is not enhanced.

[2021-05-10 19:58:36 #19 type.registry] 
New type domain.Administratzailea

[2021-05-10 19:58:36 #20 type] 
Type domain.Administratzailea is not enhanced.

[2021-05-10 19:58:36 #21 type.registry] 
New type java.util.Vector<java.lang.Object>

[2021-05-10 19:58:36 #22 type.registry] 
New type java.util.Vector<domain.Kuota>

[2021-05-10 19:58:36 #23 type.registry] 
New type java.util.Vector<domain.Apostu>

[2021-05-10 19:58:42 #24 type.registry] 
New type java.util.Vector<java.lang.Double>

------------------------------------------------------------------------------------------------------------------------

[2021-05-10 19:59:17 #1 store] 
Database 'D:\OneDrive\Uni\SI1\Proiektua\Iterazioak\Bets21\src\main\resources\bets.temp' has been recovered (tr. 1-15)

[2021-05-10 19:59:17 #2 store] 
Database 'D:\OneDrive\Uni\SI1\Proiektua\Iterazioak\Bets21\src\main\resources\bets.temp' is opened by 8748@LAPTOP-PR5SQP5G

[2021-05-10 19:59:18 #3 type] 
Type domain.Question is not enhanced.

[2021-05-10 19:59:18 #4 type] 
Type domain.Kuota is not enhanced.

[2021-05-10 19:59:18 #5 type] 
Type domain.Event is not enhanced.

[2021-05-10 19:59:18 #6 type] 
Type domain.Emaitza is not enhanced.

[2021-05-10 19:59:18 #7 type] 
Type domain.Apostu is not enhanced.

[2021-05-10 19:59:18 #8 type] 
Type domain.Erabiltzailea is not enhanced.

[2021-05-10 19:59:18 #9 type] 
Type domain.Erregistratua is not enhanced.

[2021-05-10 19:59:18 #10 type] 
Type domain.Langilea is not enhanced.

[2021-05-10 19:59:18 #11 type] 
Type domain.Administratzailea is not enhanced.

------------------------------------------------------------------------------------------------------------------------

[2021-05-10 20:05:07 #1 store] 
Database 'D:\OneDrive\Uni\SI1\Proiektua\Iterazioak\Bets21\src\main\resources\bets.temp' is opened by 11128@LAPTOP-PR5SQP5G

[2021-05-10 20:05:07 #2 type.registry] 
New type domain.Question

[2021-05-10 20:05:07 #3 type] 
Type domain.Question is not enhanced.

[2021-05-10 20:05:07 #4 type.registry] 
New type domain.Kuota

[2021-05-10 20:05:07 #5 type.registry] 
New type domain.Event

[2021-05-10 20:05:07 #6 type] 
Type domain.Kuota is not enhanced.

[2021-05-10 20:05:07 #7 type.registry] 
New type domain.Emaitza

[2021-05-10 20:05:07 #8 type.registry] 
New type domain.Apostu

[2021-05-10 20:05:07 #9 type] 
Type domain.Event is not enhanced.

[2021-05-10 20:05:07 #10 type.registry] 
New type java.util.Vector<domain.Question>

[2021-05-10 20:05:07 #11 type] 
Type domain.Emaitza is not enhanced.

[2021-05-10 20:05:07 #12 type] 
Type domain.Apostu is not enhanced.

[2021-05-10 20:05:07 #13 type.registry] 
New type domain.Erabiltzailea

[2021-05-10 20:05:07 #14 type.registry] 
New type domain.Erregistratua

[2021-05-10 20:05:07 #15 type] 
Type domain.Erabiltzailea is not enhanced.

[2021-05-10 20:05:07 #16 type] 
Type domain.Erregistratua is not enhanced.

[2021-05-10 20:05:07 #17 type.registry] 
New type domain.Langilea

[2021-05-10 20:05:07 #18 type] 
Type domain.Langilea is not enhanced.

[2021-05-10 20:05:07 #19 type.registry] 
New type domain.Administratzailea

[2021-05-10 20:05:07 #20 type] 
Type domain.Administratzailea is not enhanced.

[2021-05-10 20:05:07 #21 type.registry] 
New type java.util.Vector<java.lang.Object>

[2021-05-10 20:05:07 #22 type.registry] 
New type java.util.Vector<domain.Kuota>

[2021-05-10 20:05:07 #23 type.registry] 
New type java.util.Vector<domain.Apostu>

------------------------------------------------------------------------------------------------------------------------

[2021-05-10 20:05:16 #1 store] 
Database 'D:\OneDrive\Uni\SI1\Proiektua\Iterazioak\Bets21\src\main\resources\bets.temp' has been recovered (tr. 1-9)

[2021-05-10 20:05:16 #2 store] 
Database 'D:\OneDrive\Uni\SI1\Proiektua\Iterazioak\Bets21\src\main\resources\bets.temp' is opened by 3708@LAPTOP-PR5SQP5G

[2021-05-10 20:05:16 #3 type] 
Type domain.Question is not enhanced.

[2021-05-10 20:05:16 #4 type] 
Type domain.Kuota is not enhanced.

[2021-05-10 20:05:16 #5 type] 
Type domain.Event is not enhanced.

[2021-05-10 20:05:16 #6 type] 
Type domain.Emaitza is not enhanced.

[2021-05-10 20:05:16 #7 type] 
Type domain.Apostu is not enhanced.

[2021-05-10 20:05:16 #8 type] 
Type domain.Erabiltzailea is not enhanced.

[2021-05-10 20:05:16 #9 type] 
Type domain.Erregistratua is not enhanced.

[2021-05-10 20:05:16 #10 type] 
Type domain.Langilea is not enhanced.

[2021-05-10 20:05:16 #11 type] 
Type domain.Administratzailea is not enhanced.

[2021-05-10 20:05:24 #12 type.registry] 
New type java.util.Vector<java.lang.Double>

------------------------------------------------------------------------------------------------------------------------

[2021-05-10 20:06:27 #1 store] 
Database 'D:\OneDrive\Uni\SI1\Proiektua\Iterazioak\Bets21\src\main\resources\bets.temp' is opened by 6876@LAPTOP-PR5SQP5G

[2021-05-10 20:06:27 #2 type.registry] 
New type domain.Question

[2021-05-10 20:06:27 #3 type] 
Type domain.Question is not enhanced.

[2021-05-10 20:06:27 #4 type.registry] 
New type domain.Kuota

[2021-05-10 20:06:27 #5 type.registry] 
New type domain.Event

[2021-05-10 20:06:27 #6 type] 
Type domain.Kuota is not enhanced.

[2021-05-10 20:06:27 #7 type.registry] 
New type domain.Emaitza

[2021-05-10 20:06:27 #8 type.registry] 
New type domain.Apostu

[2021-05-10 20:06:27 #9 type] 
Type domain.Event is not enhanced.

[2021-05-10 20:06:27 #10 type.registry] 
New type java.util.Vector<domain.Question>

[2021-05-10 20:06:27 #11 type] 
Type domain.Emaitza is not enhanced.

[2021-05-10 20:06:27 #12 type] 
Type domain.Apostu is not enhanced.

[2021-05-10 20:06:27 #13 type.registry] 
New type domain.Erabiltzailea

[2021-05-10 20:06:27 #14 type.registry] 
New type domain.Erregistratua

[2021-05-10 20:06:27 #15 type] 
Type domain.Erabiltzailea is not enhanced.

[2021-05-10 20:06:27 #16 type] 
Type domain.Erregistratua is not enhanced.

[2021-05-10 20:06:27 #17 type.registry] 
New type domain.Langilea

[2021-05-10 20:06:27 #18 type] 
Type domain.Langilea is not enhanced.

[2021-05-10 20:06:27 #19 type.registry] 
New type domain.Administratzailea

[2021-05-10 20:06:27 #20 type] 
Type domain.Administratzailea is not enhanced.

[2021-05-10 20:06:27 #21 type.registry] 
New type java.util.Vector<java.lang.Object>

[2021-05-10 20:06:27 #22 type.registry] 
New type java.util.Vector<domain.Kuota>

[2021-05-10 20:06:27 #23 type.registry] 
New type java.util.Vector<domain.Apostu>

------------------------------------------------------------------------------------------------------------------------

[2021-05-10 20:06:38 #1 store] 
Database 'D:\OneDrive\Uni\SI1\Proiektua\Iterazioak\Bets21\src\main\resources\bets.temp' has been recovered (tr. 1-9)

[2021-05-10 20:06:38 #2 store] 
Database 'D:\OneDrive\Uni\SI1\Proiektua\Iterazioak\Bets21\src\main\resources\bets.temp' is opened by 7520@LAPTOP-PR5SQP5G

[2021-05-10 20:06:38 #3 type] 
Type domain.Question is not enhanced.

[2021-05-10 20:06:38 #4 type] 
Type domain.Kuota is not enhanced.

[2021-05-10 20:06:38 #5 type] 
Type domain.Event is not enhanced.

[2021-05-10 20:06:38 #6 type] 
Type domain.Emaitza is not enhanced.

[2021-05-10 20:06:38 #7 type] 
Type domain.Apostu is not enhanced.

[2021-05-10 20:06:38 #8 type] 
Type domain.Erabiltzailea is not enhanced.

[2021-05-10 20:06:38 #9 type] 
Type domain.Erregistratua is not enhanced.

[2021-05-10 20:06:38 #10 type] 
Type domain.Langilea is not enhanced.

[2021-05-10 20:06:38 #11 type] 
Type domain.Administratzailea is not enhanced.

[2021-05-10 20:06:48 #12 type.registry] 
New type java.util.Vector<java.lang.Double>

------------------------------------------------------------------------------------------------------------------------

[2021-05-10 20:07:48 #1 store] 
Database 'D:\OneDrive\Uni\SI1\Proiektua\Iterazioak\Bets21\src\main\resources\bets.temp' has been recovered (tr. 10-17)

[2021-05-10 20:07:48 #2 store] 
Database 'D:\OneDrive\Uni\SI1\Proiektua\Iterazioak\Bets21\src\main\resources\bets.temp' is opened by 16128@LAPTOP-PR5SQP5G

[2021-05-10 20:07:49 #3 type] 
Type domain.Question is not enhanced.

[2021-05-10 20:07:49 #4 type] 
Type domain.Kuota is not enhanced.

[2021-05-10 20:07:49 #5 type] 
Type domain.Event is not enhanced.

[2021-05-10 20:07:49 #6 type] 
Type domain.Emaitza is not enhanced.

[2021-05-10 20:07:49 #7 type] 
Type domain.Apostu is not enhanced.

[2021-05-10 20:07:49 #8 type] 
Type domain.Erabiltzailea is not enhanced.

[2021-05-10 20:07:49 #9 type] 
Type domain.Erregistratua is not enhanced.

[2021-05-10 20:07:49 #10 type] 
Type domain.Langilea is not enhanced.

[2021-05-10 20:07:49 #11 type] 
Type domain.Administratzailea is not enhanced.

------------------------------------------------------------------------------------------------------------------------

[2021-05-10 22:35:54 #1 store] 
Database 'C:\Users\Iker Sancho\eclipse-workspaceProiektua\Bets21\src\main\resources\bets.temp' is opened by 6900@DESKTOP-9IGFIE3

[2021-05-10 22:35:54 #2 type] 
Type domain.Question is not enhanced.

[2021-05-10 22:35:54 #3 type] 
Type domain.Kuota is not enhanced.

[2021-05-10 22:35:54 #4 type] 
Type domain.Event is not enhanced.

[2021-05-10 22:35:54 #5 type] 
Type domain.Emaitza is not enhanced.

[2021-05-10 22:35:54 #6 type] 
Type domain.Apostu is not enhanced.

[2021-05-10 22:35:54 #7 type] 
Type domain.Erabiltzailea is not enhanced.

[2021-05-10 22:35:54 #8 type] 
Type domain.Erregistratua is not enhanced.

[2021-05-10 22:35:54 #9 type] 
Type domain.Langilea is not enhanced.

[2021-05-10 22:35:54 #10 type] 
Type domain.Administratzailea is not enhanced.

------------------------------------------------------------------------------------------------------------------------

[2021-05-10 22:37:01 #1 store] 
Database 'C:\Users\Iker Sancho\eclipse-workspaceProiektua\Bets21\src\main\resources\bets.temp' has been recovered (tr. 18-23)

[2021-05-10 22:37:01 #2 store] 
Database 'C:\Users\Iker Sancho\eclipse-workspaceProiektua\Bets21\src\main\resources\bets.temp' is opened by 7832@DESKTOP-9IGFIE3

[2021-05-10 22:37:01 #3 type] 
Type domain.Question is not enhanced.

[2021-05-10 22:37:01 #4 type] 
Type domain.Kuota is not enhanced.

[2021-05-10 22:37:01 #5 type] 
Type domain.Event is not enhanced.

[2021-05-10 22:37:01 #6 type] 
Type domain.Emaitza is not enhanced.

[2021-05-10 22:37:01 #7 type] 
Type domain.Apostu is not enhanced.

[2021-05-10 22:37:01 #8 type] 
Type domain.Erabiltzailea is not enhanced.

[2021-05-10 22:37:01 #9 type] 
Type domain.Erregistratua is not enhanced.

[2021-05-10 22:37:01 #10 type] 
Type domain.Langilea is not enhanced.

[2021-05-10 22:37:01 #11 type] 
Type domain.Administratzailea is not enhanced.

------------------------------------------------------------------------------------------------------------------------

[2021-05-10 22:50:21 #1 store] 
Database 'C:\Users\Iker Sancho\eclipse-workspaceProiektua\Bets21\src\main\resources\bets.temp' has been recovered (tr. 24-27)

[2021-05-10 22:50:21 #2 store] 
Database 'C:\Users\Iker Sancho\eclipse-workspaceProiektua\Bets21\src\main\resources\bets.temp' is opened by 4124@DESKTOP-9IGFIE3

[2021-05-10 22:50:22 #3 type] 
Type domain.Question is not enhanced.

[2021-05-10 22:50:22 #4 type] 
Type domain.Kuota is not enhanced.

[2021-05-10 22:50:22 #5 type] 
Type domain.Event is not enhanced.

[2021-05-10 22:50:22 #6 type] 
Type domain.Emaitza is not enhanced.

[2021-05-10 22:50:22 #7 type] 
Type domain.Apostu is not enhanced.

[2021-05-10 22:50:22 #8 type] 
Type domain.Erabiltzailea is not enhanced.

[2021-05-10 22:50:22 #9 type] 
Type domain.Erregistratua is not enhanced.

[2021-05-10 22:50:22 #10 type] 
Type domain.Langilea is not enhanced.

[2021-05-10 22:50:22 #11 type] 
Type domain.Administratzailea is not enhanced.

------------------------------------------------------------------------------------------------------------------------

[2021-05-10 22:51:47 #1 store] 
Database 'C:\Users\Iker Sancho\eclipse-workspaceProiektua\Bets21\src\main\resources\bets.temp' has been recovered (tr. 28-31)

[2021-05-10 22:51:47 #2 store] 
Database 'C:\Users\Iker Sancho\eclipse-workspaceProiektua\Bets21\src\main\resources\bets.temp' is opened by 6152@DESKTOP-9IGFIE3

[2021-05-10 22:51:47 #3 type] 
Type domain.Question is not enhanced.

[2021-05-10 22:51:47 #4 type] 
Type domain.Kuota is not enhanced.

[2021-05-10 22:51:47 #5 type] 
Type domain.Event is not enhanced.

[2021-05-10 22:51:47 #6 type] 
Type domain.Emaitza is not enhanced.

[2021-05-10 22:51:47 #7 type] 
Type domain.Apostu is not enhanced.

[2021-05-10 22:51:47 #8 type] 
Type domain.Erabiltzailea is not enhanced.

[2021-05-10 22:51:47 #9 type] 
Type domain.Erregistratua is not enhanced.

[2021-05-10 22:51:47 #10 type] 
Type domain.Langilea is not enhanced.

[2021-05-10 22:51:47 #11 type] 
Type domain.Administratzailea is not enhanced.

------------------------------------------------------------------------------------------------------------------------

[2021-05-10 22:53:09 #1 store] 
Database 'C:\Users\Iker Sancho\eclipse-workspaceProiektua\Bets21\src\main\resources\bets.temp' has been recovered (tr. 32-35)

[2021-05-10 22:53:09 #2 store] 
Database 'C:\Users\Iker Sancho\eclipse-workspaceProiektua\Bets21\src\main\resources\bets.temp' is opened by 3520@DESKTOP-9IGFIE3

[2021-05-10 22:53:09 #3 type] 
Type domain.Question is not enhanced.

[2021-05-10 22:53:09 #4 type] 
Type domain.Kuota is not enhanced.

[2021-05-10 22:53:09 #5 type] 
Type domain.Event is not enhanced.

[2021-05-10 22:53:09 #6 type] 
Type domain.Emaitza is not enhanced.

[2021-05-10 22:53:09 #7 type] 
Type domain.Apostu is not enhanced.

[2021-05-10 22:53:09 #8 type] 
Type domain.Erabiltzailea is not enhanced.

[2021-05-10 22:53:09 #9 type] 
Type domain.Erregistratua is not enhanced.

[2021-05-10 22:53:10 #10 type] 
Type domain.Langilea is not enhanced.

[2021-05-10 22:53:10 #11 type] 
Type domain.Administratzailea is not enhanced.

------------------------------------------------------------------------------------------------------------------------

[2021-05-10 22:55:40 #1 store] 
Database 'C:\Users\Iker Sancho\eclipse-workspaceProiektua\Bets21\src\main\resources\bets.temp' has been recovered (tr. 36-41)

[2021-05-10 22:55:40 #2 store] 
Database 'C:\Users\Iker Sancho\eclipse-workspaceProiektua\Bets21\src\main\resources\bets.temp' is opened by 12256@DESKTOP-9IGFIE3

[2021-05-10 22:55:41 #3 type] 
Type domain.Question is not enhanced.

[2021-05-10 22:55:41 #4 type] 
Type domain.Kuota is not enhanced.

[2021-05-10 22:55:41 #5 type] 
Type domain.Event is not enhanced.

[2021-05-10 22:55:41 #6 type] 
Type domain.Emaitza is not enhanced.

[2021-05-10 22:55:41 #7 type] 
Type domain.Apostu is not enhanced.

[2021-05-10 22:55:41 #8 type] 
Type domain.Erabiltzailea is not enhanced.

[2021-05-10 22:55:41 #9 type] 
Type domain.Erregistratua is not enhanced.

[2021-05-10 22:55:41 #10 type] 
Type domain.Langilea is not enhanced.

[2021-05-10 22:55:41 #11 type] 
Type domain.Administratzailea is not enhanced.

------------------------------------------------------------------------------------------------------------------------

[2021-05-10 23:06:23 #1 store] 
Database 'C:\Users\Iker Sancho\eclipse-workspaceProiektua\Bets21\src\main\resources\bets.temp' has been recovered (tr. 42-47)

[2021-05-10 23:06:23 #2 store] 
Database 'C:\Users\Iker Sancho\eclipse-workspaceProiektua\Bets21\src\main\resources\bets.temp' is opened by 15632@DESKTOP-9IGFIE3

[2021-05-10 23:06:23 #3 type] 
Type domain.Question is not enhanced.

[2021-05-10 23:06:23 #4 type] 
Type domain.Kuota is not enhanced.

[2021-05-10 23:06:23 #5 type] 
Type domain.Event is not enhanced.

[2021-05-10 23:06:23 #6 type] 
Type domain.Emaitza is not enhanced.

[2021-05-10 23:06:23 #7 type] 
Type domain.Apostu is not enhanced.

[2021-05-10 23:06:23 #8 type] 
Type domain.Erabiltzailea is not enhanced.

[2021-05-10 23:06:23 #9 type] 
Type domain.Erregistratua is not enhanced.

[2021-05-10 23:06:23 #10 type] 
Type domain.Langilea is not enhanced.

[2021-05-10 23:06:23 #11 type] 
Type domain.Administratzailea is not enhanced.

