------------------------------------------------------------------------------------------------------------------------

[2021-05-06 12:44:58 #1 store] 
Database 'C:\Users\aritz\Desktop\Bets21\src\main\resources\bets.temp' is opened by 2920@LAPTOP-B255QIOF

[2021-05-06 12:44:59 #2 type] 
Type domain.Question is not enhanced.

[2021-05-06 12:44:59 #3 type] 
Type domain.Kuota is not enhanced.

[2021-05-06 12:44:59 #4 type] 
Type domain.Event is not enhanced.

[2021-05-06 12:44:59 #5 type] 
Type domain.Emaitza is not enhanced.

[2021-05-06 12:44:59 #6 type] 
Type domain.Apostu is not enhanced.

[2021-05-06 12:44:59 #7 type] 
Type domain.Erabiltzailea is not enhanced.

[2021-05-06 12:44:59 #8 type] 
Type domain.Erregistratua is not enhanced.

[2021-05-06 12:44:59 #9 type] 
Type domain.Langilea is not enhanced.

[2021-05-06 12:44:59 #10 type] 
Type domain.Administratzailea is not enhanced.

------------------------------------------------------------------------------------------------------------------------

[2021-05-06 12:46:56 #1 store] 
Database 'C:\Users\aritz\Desktop\Bets21\src\main\resources\bets.temp' is opened by 15144@LAPTOP-B255QIOF

[2021-05-06 12:46:57 #2 type] 
Type domain.Question is not enhanced.

[2021-05-06 12:46:57 #3 type] 
Type domain.Kuota is not enhanced.

[2021-05-06 12:46:57 #4 type] 
Type domain.Event is not enhanced.

[2021-05-06 12:46:57 #5 type] 
Type domain.Emaitza is not enhanced.

[2021-05-06 12:46:57 #6 type] 
Type domain.Apostu is not enhanced.

[2021-05-06 12:46:57 #7 type] 
Type domain.Erabiltzailea is not enhanced.

[2021-05-06 12:46:57 #8 type] 
Type domain.Erregistratua is not enhanced.

[2021-05-06 12:46:57 #9 type] 
Type domain.Langilea is not enhanced.

[2021-05-06 12:46:57 #10 type] 
Type domain.Administratzailea is not enhanced.

------------------------------------------------------------------------------------------------------------------------

[2021-05-06 12:54:23 #1 store] 
Database 'C:\Users\aritz\Desktop\Bets21\src\main\resources\bets.temp' has been recovered (tr. 43-46)

[2021-05-06 12:54:23 #2 store] 
Database 'C:\Users\aritz\Desktop\Bets21\src\main\resources\bets.temp' is opened by 31204@LAPTOP-B255QIOF

[2021-05-06 12:54:23 #3 type] 
Type domain.Question is not enhanced.

[2021-05-06 12:54:23 #4 type] 
Type domain.Kuota is not enhanced.

[2021-05-06 12:54:23 #5 type] 
Type domain.Event is not enhanced.

[2021-05-06 12:54:23 #6 type] 
Type domain.Emaitza is not enhanced.

[2021-05-06 12:54:23 #7 type] 
Type domain.Apostu is not enhanced.

[2021-05-06 12:54:23 #8 type] 
Type domain.Erabiltzailea is not enhanced.

[2021-05-06 12:54:23 #9 type] 
Type domain.Erregistratua is not enhanced.

[2021-05-06 12:54:23 #10 type] 
Type domain.Langilea is not enhanced.

[2021-05-06 12:54:23 #11 type] 
Type domain.Administratzailea is not enhanced.

------------------------------------------------------------------------------------------------------------------------

[2021-05-06 12:54:36 #1 store] 
Database 'C:\Users\aritz\Desktop\Bets21\src\main\resources\bets.temp' is opened by 20472@LAPTOP-B255QIOF

[2021-05-06 12:54:36 #2 type] 
Type domain.Question is not enhanced.

[2021-05-06 12:54:36 #3 type] 
Type domain.Kuota is not enhanced.

[2021-05-06 12:54:36 #4 type] 
Type domain.Event is not enhanced.

[2021-05-06 12:54:36 #5 type] 
Type domain.Emaitza is not enhanced.

[2021-05-06 12:54:36 #6 type] 
Type domain.Apostu is not enhanced.

[2021-05-06 12:54:36 #7 type] 
Type domain.Erabiltzailea is not enhanced.

[2021-05-06 12:54:36 #8 type] 
Type domain.Erregistratua is not enhanced.

[2021-05-06 12:54:36 #9 type] 
Type domain.Langilea is not enhanced.

[2021-05-06 12:54:36 #10 type] 
Type domain.Administratzailea is not enhanced.

------------------------------------------------------------------------------------------------------------------------

[2021-05-06 12:55:03 #1 store] 
Database 'C:\Users\aritz\Desktop\Bets21\src\main\resources\bets.temp' is opened by 22152@LAPTOP-B255QIOF

[2021-05-06 12:55:03 #2 type] 
Type domain.Question is not enhanced.

[2021-05-06 12:55:03 #3 type] 
Type domain.Kuota is not enhanced.

[2021-05-06 12:55:03 #4 type] 
Type domain.Event is not enhanced.

[2021-05-06 12:55:03 #5 type] 
Type domain.Emaitza is not enhanced.

[2021-05-06 12:55:03 #6 type] 
Type domain.Apostu is not enhanced.

[2021-05-06 12:55:03 #7 type] 
Type domain.Erabiltzailea is not enhanced.

[2021-05-06 12:55:03 #8 type] 
Type domain.Erregistratua is not enhanced.

[2021-05-06 12:55:03 #9 type] 
Type domain.Langilea is not enhanced.

[2021-05-06 12:55:03 #10 type] 
Type domain.Administratzailea is not enhanced.

------------------------------------------------------------------------------------------------------------------------

[2021-05-06 12:55:20 #1 store] 
Database 'C:\Users\aritz\Desktop\Bets21\src\main\resources\bets.temp' is opened by 26992@LAPTOP-B255QIOF

[2021-05-06 12:55:20 #2 type] 
Type domain.Question is not enhanced.

[2021-05-06 12:55:20 #3 type] 
Type domain.Kuota is not enhanced.

[2021-05-06 12:55:20 #4 type] 
Type domain.Event is not enhanced.

[2021-05-06 12:55:20 #5 type] 
Type domain.Emaitza is not enhanced.

[2021-05-06 12:55:20 #6 type] 
Type domain.Apostu is not enhanced.

[2021-05-06 12:55:20 #7 type] 
Type domain.Erabiltzailea is not enhanced.

[2021-05-06 12:55:20 #8 type] 
Type domain.Erregistratua is not enhanced.

[2021-05-06 12:55:20 #9 type] 
Type domain.Langilea is not enhanced.

[2021-05-06 12:55:20 #10 type] 
Type domain.Administratzailea is not enhanced.

------------------------------------------------------------------------------------------------------------------------

[2021-05-06 12:57:13 #1 store] 
Database 'C:\Users\aritz\Desktop\Bets21\src\main\resources\bets.temp' is opened by 33648@LAPTOP-B255QIOF

[2021-05-06 12:57:13 #2 type] 
Type domain.Question is not enhanced.

[2021-05-06 12:57:13 #3 type] 
Type domain.Kuota is not enhanced.

[2021-05-06 12:57:13 #4 type] 
Type domain.Event is not enhanced.

[2021-05-06 12:57:13 #5 type] 
Type domain.Emaitza is not enhanced.

[2021-05-06 12:57:13 #6 type] 
Type domain.Apostu is not enhanced.

[2021-05-06 12:57:13 #7 type] 
Type domain.Erabiltzailea is not enhanced.

[2021-05-06 12:57:13 #8 type] 
Type domain.Erregistratua is not enhanced.

[2021-05-06 12:57:13 #9 type] 
Type domain.Langilea is not enhanced.

[2021-05-06 12:57:13 #10 type] 
Type domain.Administratzailea is not enhanced.

------------------------------------------------------------------------------------------------------------------------

[2021-05-06 12:58:13 #1 store] 
Database 'C:\Users\aritz\Desktop\Bets21\src\main\resources\bets.temp' is opened by 18212@LAPTOP-B255QIOF

[2021-05-06 12:58:13 #2 type.registry] 
New type domain.Question

[2021-05-06 12:58:13 #3 type] 
Type domain.Question is not enhanced.

[2021-05-06 12:58:13 #4 type.registry] 
New type domain.Kuota

[2021-05-06 12:58:13 #5 type.registry] 
New type domain.Event

[2021-05-06 12:58:13 #6 type] 
Type domain.Kuota is not enhanced.

[2021-05-06 12:58:13 #7 type.registry] 
New type domain.Emaitza

[2021-05-06 12:58:13 #8 type.registry] 
New type domain.Apostu

[2021-05-06 12:58:13 #9 type] 
Type domain.Event is not enhanced.

[2021-05-06 12:58:13 #10 type.registry] 
New type java.util.Vector<domain.Question>

[2021-05-06 12:58:13 #11 type] 
Type domain.Emaitza is not enhanced.

[2021-05-06 12:58:13 #12 type] 
Type domain.Apostu is not enhanced.

[2021-05-06 12:58:13 #13 type.registry] 
New type domain.Erabiltzailea

[2021-05-06 12:58:13 #14 type.registry] 
New type domain.Erregistratua

[2021-05-06 12:58:13 #15 type] 
Type domain.Erabiltzailea is not enhanced.

[2021-05-06 12:58:13 #16 type] 
Type domain.Erregistratua is not enhanced.

[2021-05-06 12:58:13 #17 type.registry] 
New type domain.Langilea

[2021-05-06 12:58:13 #18 type] 
Type domain.Langilea is not enhanced.

[2021-05-06 12:58:13 #19 type.registry] 
New type domain.Administratzailea

[2021-05-06 12:58:13 #20 type] 
Type domain.Administratzailea is not enhanced.

[2021-05-06 12:58:13 #21 type.registry] 
New type java.util.Vector<java.lang.Object>

[2021-05-06 12:58:13 #22 type.registry] 
New type java.util.Vector<domain.Kuota>

------------------------------------------------------------------------------------------------------------------------

[2021-05-06 12:58:29 #1 store] 
Database 'C:\Users\aritz\Desktop\Bets21\src\main\resources\bets.temp' has been recovered (tr. 1-8)

[2021-05-06 12:58:29 #2 store] 
Database 'C:\Users\aritz\Desktop\Bets21\src\main\resources\bets.temp' is opened by 2240@LAPTOP-B255QIOF

[2021-05-06 12:58:29 #3 type] 
Type domain.Question is not enhanced.

[2021-05-06 12:58:29 #4 type] 
Type domain.Kuota is not enhanced.

[2021-05-06 12:58:29 #5 type] 
Type domain.Event is not enhanced.

[2021-05-06 12:58:29 #6 type] 
Type domain.Emaitza is not enhanced.

[2021-05-06 12:58:29 #7 type] 
Type domain.Apostu is not enhanced.

[2021-05-06 12:58:29 #8 type] 
Type domain.Erabiltzailea is not enhanced.

[2021-05-06 12:58:29 #9 type] 
Type domain.Erregistratua is not enhanced.

[2021-05-06 12:58:29 #10 type] 
Type domain.Langilea is not enhanced.

[2021-05-06 12:58:29 #11 type] 
Type domain.Administratzailea is not enhanced.

------------------------------------------------------------------------------------------------------------------------

[2021-05-06 12:59:09 #1 store] 
Database 'C:\Users\aritz\Desktop\Bets21\src\main\resources\bets.temp' is opened by 12936@LAPTOP-B255QIOF

[2021-05-06 12:59:09 #2 type] 
Type domain.Question is not enhanced.

[2021-05-06 12:59:09 #3 type] 
Type domain.Kuota is not enhanced.

[2021-05-06 12:59:09 #4 type] 
Type domain.Event is not enhanced.

[2021-05-06 12:59:09 #5 type] 
Type domain.Emaitza is not enhanced.

[2021-05-06 12:59:09 #6 type] 
Type domain.Apostu is not enhanced.

[2021-05-06 12:59:09 #7 type] 
Type domain.Erabiltzailea is not enhanced.

[2021-05-06 12:59:09 #8 type] 
Type domain.Erregistratua is not enhanced.

[2021-05-06 12:59:09 #9 type] 
Type domain.Langilea is not enhanced.

[2021-05-06 12:59:09 #10 type] 
Type domain.Administratzailea is not enhanced.

[2021-05-06 12:59:35 #11 type.registry] 
New type java.util.Vector<domain.Apostu>

------------------------------------------------------------------------------------------------------------------------

[2021-05-06 13:00:48 #1 store] 
Database 'C:\Users\aritz\Desktop\Bets21\src\main\resources\bets.temp' has been recovered (tr. 9-16)

[2021-05-06 13:00:48 #2 store] 
Database 'C:\Users\aritz\Desktop\Bets21\src\main\resources\bets.temp' is opened by 33672@LAPTOP-B255QIOF

[2021-05-06 13:00:48 #3 type] 
Type domain.Question is not enhanced.

[2021-05-06 13:00:48 #4 type] 
Type domain.Kuota is not enhanced.

[2021-05-06 13:00:48 #5 type] 
Type domain.Event is not enhanced.

[2021-05-06 13:00:48 #6 type] 
Type domain.Emaitza is not enhanced.

[2021-05-06 13:00:48 #7 type] 
Type domain.Apostu is not enhanced.

[2021-05-06 13:00:48 #8 type] 
Type domain.Erabiltzailea is not enhanced.

[2021-05-06 13:00:48 #9 type] 
Type domain.Erregistratua is not enhanced.

[2021-05-06 13:00:48 #10 type] 
Type domain.Langilea is not enhanced.

[2021-05-06 13:00:48 #11 type] 
Type domain.Administratzailea is not enhanced.

[2021-05-06 13:01:36 #12 type.registry] 
New type java.util.Vector<java.lang.Double>

------------------------------------------------------------------------------------------------------------------------

[2021-05-06 13:02:34 #1 store] 
Database 'C:\Users\aritz\Desktop\Bets21\src\main\resources\bets.temp' has been recovered (tr. 17-18)

[2021-05-06 13:02:34 #2 store] 
Database 'C:\Users\aritz\Desktop\Bets21\src\main\resources\bets.temp' is opened by 30432@LAPTOP-B255QIOF

[2021-05-06 13:02:34 #3 type] 
Type domain.Question is not enhanced.

[2021-05-06 13:02:34 #4 type] 
Type domain.Kuota is not enhanced.

[2021-05-06 13:02:34 #5 type] 
Type domain.Event is not enhanced.

[2021-05-06 13:02:34 #6 type] 
Type domain.Emaitza is not enhanced.

[2021-05-06 13:02:34 #7 type] 
Type domain.Apostu is not enhanced.

[2021-05-06 13:02:34 #8 type] 
Type domain.Erabiltzailea is not enhanced.

[2021-05-06 13:02:34 #9 type] 
Type domain.Erregistratua is not enhanced.

[2021-05-06 13:02:34 #10 type] 
Type domain.Langilea is not enhanced.

[2021-05-06 13:02:34 #11 type] 
Type domain.Administratzailea is not enhanced.

------------------------------------------------------------------------------------------------------------------------

[2021-05-06 13:02:42 #1 store] 
Database 'C:\Users\aritz\Desktop\Bets21\src\main\resources\bets.temp' is opened by 6548@LAPTOP-B255QIOF

[2021-05-06 13:02:42 #2 type] 
Type domain.Question is not enhanced.

[2021-05-06 13:02:42 #3 type] 
Type domain.Kuota is not enhanced.

[2021-05-06 13:02:42 #4 type] 
Type domain.Event is not enhanced.

[2021-05-06 13:02:42 #5 type] 
Type domain.Emaitza is not enhanced.

[2021-05-06 13:02:42 #6 type] 
Type domain.Apostu is not enhanced.

[2021-05-06 13:02:42 #7 type] 
Type domain.Erabiltzailea is not enhanced.

[2021-05-06 13:02:42 #8 type] 
Type domain.Erregistratua is not enhanced.

[2021-05-06 13:02:42 #9 type] 
Type domain.Langilea is not enhanced.

[2021-05-06 13:02:42 #10 type] 
Type domain.Administratzailea is not enhanced.

------------------------------------------------------------------------------------------------------------------------

[2021-05-06 13:17:52 #1 store] 
Database 'D:\OneDrive\Uni\SI1\Proiektua\Iterazioak\Bets21\src\main\resources\bets.temp' is opened by 2488@LAPTOP-PR5SQP5G

[2021-05-06 13:17:52 #2 type.registry] 
New type domain.Question

[2021-05-06 13:17:52 #3 type] 
Type domain.Question is not enhanced.

[2021-05-06 13:17:52 #4 type.registry] 
New type domain.Kuota

[2021-05-06 13:17:52 #5 type.registry] 
New type domain.Event

[2021-05-06 13:17:52 #6 type] 
Type domain.Kuota is not enhanced.

[2021-05-06 13:17:52 #7 type.registry] 
New type domain.Emaitza

[2021-05-06 13:17:52 #8 type.registry] 
New type domain.Apostu

[2021-05-06 13:17:52 #9 type] 
Type domain.Event is not enhanced.

[2021-05-06 13:17:52 #10 type.registry] 
New type java.util.Vector<domain.Question>

[2021-05-06 13:17:52 #11 type] 
Type domain.Emaitza is not enhanced.

[2021-05-06 13:17:52 #12 type] 
Type domain.Apostu is not enhanced.

[2021-05-06 13:17:52 #13 type.registry] 
New type domain.Erabiltzailea

[2021-05-06 13:17:52 #14 type.registry] 
New type domain.Erregistratua

[2021-05-06 13:17:52 #15 type] 
Type domain.Erabiltzailea is not enhanced.

[2021-05-06 13:17:52 #16 type] 
Type domain.Erregistratua is not enhanced.

[2021-05-06 13:17:52 #17 type.registry] 
New type domain.Langilea

[2021-05-06 13:17:52 #18 type] 
Type domain.Langilea is not enhanced.

[2021-05-06 13:17:52 #19 type.registry] 
New type domain.Administratzailea

[2021-05-06 13:17:52 #20 type] 
Type domain.Administratzailea is not enhanced.

[2021-05-06 13:17:52 #21 type.registry] 
New type java.util.Vector<java.lang.Object>

[2021-05-06 13:17:52 #22 type.registry] 
New type java.util.Vector<domain.Kuota>

------------------------------------------------------------------------------------------------------------------------

[2021-05-06 13:18:10 #1 store] 
Database 'D:\OneDrive\Uni\SI1\Proiektua\Iterazioak\Bets21\src\main\resources\bets.temp' has been recovered (tr. 1-8)

[2021-05-06 13:18:10 #2 store] 
Database 'D:\OneDrive\Uni\SI1\Proiektua\Iterazioak\Bets21\src\main\resources\bets.temp' is opened by 13276@LAPTOP-PR5SQP5G

[2021-05-06 13:18:10 #3 type] 
Type domain.Question is not enhanced.

[2021-05-06 13:18:10 #4 type] 
Type domain.Kuota is not enhanced.

[2021-05-06 13:18:10 #5 type] 
Type domain.Event is not enhanced.

[2021-05-06 13:18:10 #6 type] 
Type domain.Emaitza is not enhanced.

[2021-05-06 13:18:10 #7 type] 
Type domain.Apostu is not enhanced.

[2021-05-06 13:18:10 #8 type] 
Type domain.Erabiltzailea is not enhanced.

[2021-05-06 13:18:10 #9 type] 
Type domain.Erregistratua is not enhanced.

[2021-05-06 13:18:10 #10 type] 
Type domain.Langilea is not enhanced.

[2021-05-06 13:18:10 #11 type] 
Type domain.Administratzailea is not enhanced.

[2021-05-06 13:18:45 #12 type.registry] 
New type java.util.Vector<java.lang.Double>

------------------------------------------------------------------------------------------------------------------------

[2021-05-06 13:19:45 #1 server] 
Server on port 6136 has started by 4808@LAPTOP-PR5SQP5G

[2021-05-06 13:19:51 #2 store] 
Database 'D:\OneDrive\Uni\SI1\Proiektua\Iterazioak\Bets21\src\main\resources\db\src\main\resources\bets.temp' is opened by 4808@LAPTOP-PR5SQP5G

------------------------------------------------------------------------------------------------------------------------

[2021-05-06 13:19:52 #1 type.registry] 
New type domain.Question

[2021-05-06 13:19:52 #2 type] 
Type domain.Question is not enhanced.

[2021-05-06 13:19:52 #3 type.registry] 
New type domain.Kuota

[2021-05-06 13:19:52 #4 type.registry] 
New type domain.Event

[2021-05-06 13:19:52 #5 type] 
Type domain.Kuota is not enhanced.

[2021-05-06 13:19:52 #6 type.registry] 
New type domain.Emaitza

[2021-05-06 13:19:52 #7 type.registry] 
New type domain.Apostu

[2021-05-06 13:19:52 #8 type] 
Type domain.Event is not enhanced.

[2021-05-06 13:19:52 #9 type.registry] 
New type java.util.Vector<domain.Question>

[2021-05-06 13:19:52 #10 type] 
Type domain.Emaitza is not enhanced.

[2021-05-06 13:19:52 #11 type] 
Type domain.Apostu is not enhanced.

[2021-05-06 13:19:52 #12 type.registry] 
New type domain.Erabiltzailea

[2021-05-06 13:19:52 #13 type.registry] 
New type domain.Erregistratua

[2021-05-06 13:19:52 #14 type] 
Type domain.Erabiltzailea is not enhanced.

[2021-05-06 13:19:52 #15 type] 
Type domain.Erregistratua is not enhanced.

[2021-05-06 13:19:52 #16 type.registry] 
New type domain.Langilea

[2021-05-06 13:19:52 #17 type] 
Type domain.Langilea is not enhanced.

[2021-05-06 13:19:52 #18 type.registry] 
New type domain.Administratzailea

[2021-05-06 13:19:52 #19 type] 
Type domain.Administratzailea is not enhanced.

[2021-05-06 13:19:52 #20 type.registry] 
New type java.util.Vector<java.lang.Object>

[2021-05-06 13:19:52 #21 type.registry] 
New type java.util.Vector<domain.Kuota>

[2021-05-06 13:19:57 #3 store] 
Database 'D:\OneDrive\Uni\SI1\Proiektua\Iterazioak\Bets21\src\main\resources\db\src\main\resources\bets.temp' is closed by 4808@LAPTOP-PR5SQP5G

------------------------------------------------------------------------------------------------------------------------

[2021-05-06 13:20:10 #1 server] 
Server on port 6136 has started by 5556@LAPTOP-PR5SQP5G

[2021-05-06 13:20:14 #2 store] 
Database 'D:\OneDrive\Uni\SI1\Proiektua\Iterazioak\Bets21\src\main\resources\db\src\main\resources\bets.temp' is opened by 5556@LAPTOP-PR5SQP5G

------------------------------------------------------------------------------------------------------------------------

[2021-05-06 13:20:15 #1 type] 
Type domain.Question is not enhanced.

[2021-05-06 13:20:15 #2 type] 
Type domain.Kuota is not enhanced.

[2021-05-06 13:20:15 #3 type] 
Type domain.Event is not enhanced.

[2021-05-06 13:20:15 #4 type] 
Type domain.Emaitza is not enhanced.

[2021-05-06 13:20:15 #5 type] 
Type domain.Apostu is not enhanced.

[2021-05-06 13:20:15 #6 type] 
Type domain.Erabiltzailea is not enhanced.

[2021-05-06 13:20:15 #7 type] 
Type domain.Erregistratua is not enhanced.

[2021-05-06 13:20:15 #8 type] 
Type domain.Langilea is not enhanced.

[2021-05-06 13:20:15 #9 type] 
Type domain.Administratzailea is not enhanced.

[2021-05-06 13:20:39 #10 type.registry] 
New type java.util.Vector<java.lang.Double>

[2021-05-06 13:21:29 #3 store] 
Database 'D:\OneDrive\Uni\SI1\Proiektua\Iterazioak\Bets21\src\main\resources\db\src\main\resources\bets.temp' is closed by 5556@LAPTOP-PR5SQP5G

------------------------------------------------------------------------------------------------------------------------

[2021-05-06 13:21:36 #1 server] 
Server on port 6136 has started by 10824@LAPTOP-PR5SQP5G

[2021-05-06 13:21:40 #2 store] 
Database 'D:\OneDrive\Uni\SI1\Proiektua\Iterazioak\Bets21\src\main\resources\db\src\main\resources\bets.temp' is opened by 10824@LAPTOP-PR5SQP5G

------------------------------------------------------------------------------------------------------------------------

[2021-05-06 13:21:40 #1 type] 
Type domain.Question is not enhanced.

[2021-05-06 13:21:40 #2 type] 
Type domain.Kuota is not enhanced.

[2021-05-06 13:21:40 #3 type] 
Type domain.Event is not enhanced.

[2021-05-06 13:21:40 #4 type] 
Type domain.Emaitza is not enhanced.

[2021-05-06 13:21:40 #5 type] 
Type domain.Apostu is not enhanced.

[2021-05-06 13:21:40 #6 type] 
Type domain.Erabiltzailea is not enhanced.

[2021-05-06 13:21:40 #7 type] 
Type domain.Erregistratua is not enhanced.

[2021-05-06 13:21:40 #8 type] 
Type domain.Langilea is not enhanced.

[2021-05-06 13:21:40 #9 type] 
Type domain.Administratzailea is not enhanced.

[2021-05-06 13:22:04 #3 store] 
Database 'D:\OneDrive\Uni\SI1\Proiektua\Iterazioak\Bets21\src\main\resources\db\src\main\resources\bets.temp' is closed by 10824@LAPTOP-PR5SQP5G

