------------------------------------------------------------------------------------------------------------------------

[2021-05-03 16:19:38 #1 store] 
Database 'D:\OneDrive\Uni\SI1\Proiektua\Iterazioak\Bets21\src\main\resources\bets.temp' is opened by 10584@LAPTOP-PR5SQP5G

[2021-05-03 16:19:38 #2 type.registry] 
New type domain.Question

[2021-05-03 16:19:38 #3 type] 
Type domain.Question is not enhanced.

[2021-05-03 16:19:38 #4 type.registry] 
New type domain.Kuota

[2021-05-03 16:19:38 #5 type.registry] 
New type domain.Event

[2021-05-03 16:19:38 #6 type] 
Type domain.Kuota is not enhanced.

[2021-05-03 16:19:38 #7 type.registry] 
New type domain.Emaitza

[2021-05-03 16:19:38 #8 type.registry] 
New type domain.Apostu

[2021-05-03 16:19:38 #9 type] 
Type domain.Event is not enhanced.

[2021-05-03 16:19:38 #10 type.registry] 
New type java.util.Vector<domain.Question>

[2021-05-03 16:19:38 #11 type] 
Type domain.Emaitza is not enhanced.

[2021-05-03 16:19:38 #12 type] 
Type domain.Apostu is not enhanced.

[2021-05-03 16:19:38 #13 type.registry] 
New type domain.Erabiltzailea

[2021-05-03 16:19:38 #14 type.registry] 
New type domain.Erregistratua

[2021-05-03 16:19:38 #15 type] 
Type domain.Erabiltzailea is not enhanced.

[2021-05-03 16:19:38 #16 type] 
Type domain.Erregistratua is not enhanced.

[2021-05-03 16:19:38 #17 type.registry] 
New type domain.Langilea

[2021-05-03 16:19:38 #18 type] 
Type domain.Langilea is not enhanced.

[2021-05-03 16:19:38 #19 type.registry] 
New type domain.Administratzailea

[2021-05-03 16:19:38 #20 type] 
Type domain.Administratzailea is not enhanced.

[2021-05-03 16:19:38 #21 type.registry] 
New type java.util.Vector<java.lang.Object>

[2021-05-03 16:19:38 #22 type.registry] 
New type java.util.Vector<domain.Kuota>

------------------------------------------------------------------------------------------------------------------------

[2021-05-03 16:20:18 #1 store] 
Database 'D:\OneDrive\Uni\SI1\Proiektua\Iterazioak\Bets21\src\main\resources\bets.temp' is opened by 7396@LAPTOP-PR5SQP5G

[2021-05-03 16:20:18 #2 type.registry] 
New type domain.Question

[2021-05-03 16:20:18 #3 type] 
Type domain.Question is not enhanced.

[2021-05-03 16:20:18 #4 type.registry] 
New type domain.Kuota

[2021-05-03 16:20:18 #5 type.registry] 
New type domain.Event

[2021-05-03 16:20:18 #6 type] 
Type domain.Kuota is not enhanced.

[2021-05-03 16:20:18 #7 type.registry] 
New type domain.Emaitza

[2021-05-03 16:20:18 #8 type.registry] 
New type domain.Apostu

[2021-05-03 16:20:18 #9 type] 
Type domain.Event is not enhanced.

[2021-05-03 16:20:19 #10 type.registry] 
New type java.util.Vector<domain.Question>

[2021-05-03 16:20:19 #11 type] 
Type domain.Emaitza is not enhanced.

[2021-05-03 16:20:19 #12 type] 
Type domain.Apostu is not enhanced.

[2021-05-03 16:20:19 #13 type.registry] 
New type domain.Erabiltzailea

[2021-05-03 16:20:19 #14 type.registry] 
New type domain.Erregistratua

[2021-05-03 16:20:19 #15 type] 
Type domain.Erabiltzailea is not enhanced.

[2021-05-03 16:20:19 #16 type] 
Type domain.Erregistratua is not enhanced.

[2021-05-03 16:20:19 #17 type.registry] 
New type domain.Langilea

[2021-05-03 16:20:19 #18 type] 
Type domain.Langilea is not enhanced.

[2021-05-03 16:20:19 #19 type.registry] 
New type domain.Administratzailea

[2021-05-03 16:20:19 #20 type] 
Type domain.Administratzailea is not enhanced.

[2021-05-03 16:20:19 #21 type.registry] 
New type java.util.Vector<java.lang.Object>

[2021-05-03 16:20:19 #22 type.registry] 
New type java.util.Vector<domain.Kuota>

