------------------------------------------------------------------------------------------------------------------------

[2021-05-07 22:01:53 #1 store] 
Database 'C:\Users\Iker Sancho\eclipse-workspaceProiektua\Bets21\src\main\resources\bets.temp' has been recovered (tr. 9-10)

[2021-05-07 22:01:53 #2 store] 
Database 'C:\Users\Iker Sancho\eclipse-workspaceProiektua\Bets21\src\main\resources\bets.temp' is opened by 20312@DESKTOP-9IGFIE3

[2021-05-07 22:01:53 #3 type] 
Type domain.Question is not enhanced.

[2021-05-07 22:01:53 #4 type] 
Type domain.Kuota is not enhanced.

[2021-05-07 22:01:53 #5 type] 
Type domain.Event is not enhanced.

[2021-05-07 22:01:53 #6 type] 
Type domain.Emaitza is not enhanced.

[2021-05-07 22:01:53 #7 type] 
Type domain.Apostu is not enhanced.

[2021-05-07 22:01:53 #8 type] 
Type domain.Erabiltzailea is not enhanced.

[2021-05-07 22:01:53 #9 type] 
Type domain.Erregistratua is not enhanced.

[2021-05-07 22:01:53 #10 type] 
Type domain.Langilea is not enhanced.

[2021-05-07 22:01:53 #11 type] 
Type domain.Administratzailea is not enhanced.

------------------------------------------------------------------------------------------------------------------------

[2021-05-07 22:02:23 #1 store] 
Database 'C:\Users\Iker Sancho\eclipse-workspaceProiektua\Bets21\src\main\resources\bets.temp' has been recovered (tr. 11-11)

[2021-05-07 22:02:23 #2 store] 
Database 'C:\Users\Iker Sancho\eclipse-workspaceProiektua\Bets21\src\main\resources\bets.temp' is opened by 6820@DESKTOP-9IGFIE3

[2021-05-07 22:02:23 #3 type] 
Type domain.Question is not enhanced.

[2021-05-07 22:02:23 #4 type] 
Type domain.Kuota is not enhanced.

[2021-05-07 22:02:23 #5 type] 
Type domain.Event is not enhanced.

[2021-05-07 22:02:23 #6 type] 
Type domain.Emaitza is not enhanced.

[2021-05-07 22:02:23 #7 type] 
Type domain.Apostu is not enhanced.

[2021-05-07 22:02:23 #8 type] 
Type domain.Erabiltzailea is not enhanced.

[2021-05-07 22:02:23 #9 type] 
Type domain.Erregistratua is not enhanced.

[2021-05-07 22:02:23 #10 type] 
Type domain.Langilea is not enhanced.

[2021-05-07 22:02:23 #11 type] 
Type domain.Administratzailea is not enhanced.

