------------------------------------------------------------------------------------------------------------------------

[2021-04-15 17:29:18 #1 store] 
Database 'C:\Users\aritz\Desktop\Bets21\src\main\resources\bets.temp' is opened by 17288@LAPTOP-B255QIOF

[2021-04-15 17:29:18 #2 type] 
Type domain.Question is not enhanced.

[2021-04-15 17:29:18 #3 type] 
Type domain.Kuota is not enhanced.

[2021-04-15 17:29:18 #4 type] 
Type domain.Event is not enhanced.

[2021-04-15 17:29:18 #5 type] 
Type domain.Emaitza is not enhanced.

[2021-04-15 17:29:18 #6 type] 
Type domain.Apostu is not enhanced.

[2021-04-15 17:29:18 #7 type] 
Type domain.Erabiltzailea is not enhanced.

[2021-04-15 17:29:18 #8 type] 
Type domain.Erregistratua is not enhanced.

[2021-04-15 17:29:18 #9 type] 
Type domain.Langilea is not enhanced.

[2021-04-15 17:29:18 #10 type] 
Type domain.Administratzailea is not enhanced.

------------------------------------------------------------------------------------------------------------------------

[2021-04-15 17:31:29 #1 store] 
Database 'C:\Users\aritz\Desktop\Bets21\src\main\resources\bets.temp' has been recovered (tr. 26-27)

[2021-04-15 17:31:29 #2 store] 
Database 'C:\Users\aritz\Desktop\Bets21\src\main\resources\bets.temp' is opened by 9508@LAPTOP-B255QIOF

[2021-04-15 17:31:29 #3 type] 
Type domain.Question is not enhanced.

[2021-04-15 17:31:29 #4 type] 
Type domain.Kuota is not enhanced.

[2021-04-15 17:31:29 #5 type] 
Type domain.Event is not enhanced.

[2021-04-15 17:31:29 #6 type] 
Type domain.Emaitza is not enhanced.

[2021-04-15 17:31:29 #7 type] 
Type domain.Apostu is not enhanced.

[2021-04-15 17:31:29 #8 type] 
Type domain.Erabiltzailea is not enhanced.

[2021-04-15 17:31:29 #9 type] 
Type domain.Erregistratua is not enhanced.

[2021-04-15 17:31:29 #10 type] 
Type domain.Langilea is not enhanced.

[2021-04-15 17:31:29 #11 type] 
Type domain.Administratzailea is not enhanced.

------------------------------------------------------------------------------------------------------------------------

[2021-04-15 17:32:36 #1 store] 
Database 'C:\Users\aritz\Desktop\Bets21\src\main\resources\bets.temp' has been recovered (tr. 28-29)

[2021-04-15 17:32:36 #2 store] 
Database 'C:\Users\aritz\Desktop\Bets21\src\main\resources\bets.temp' is opened by 14164@LAPTOP-B255QIOF

[2021-04-15 17:32:37 #3 type] 
Type domain.Question is not enhanced.

[2021-04-15 17:32:37 #4 type] 
Type domain.Kuota is not enhanced.

[2021-04-15 17:32:37 #5 type] 
Type domain.Event is not enhanced.

[2021-04-15 17:32:37 #6 type] 
Type domain.Emaitza is not enhanced.

[2021-04-15 17:32:37 #7 type] 
Type domain.Apostu is not enhanced.

[2021-04-15 17:32:37 #8 type] 
Type domain.Erabiltzailea is not enhanced.

[2021-04-15 17:32:37 #9 type] 
Type domain.Erregistratua is not enhanced.

[2021-04-15 17:32:37 #10 type] 
Type domain.Langilea is not enhanced.

[2021-04-15 17:32:37 #11 type] 
Type domain.Administratzailea is not enhanced.

------------------------------------------------------------------------------------------------------------------------

[2021-04-15 17:33:09 #1 store] 
Database 'C:\Users\aritz\Desktop\Bets21\src\main\resources\bets.temp' has been recovered (tr. 30-31)

[2021-04-15 17:33:09 #2 store] 
Database 'C:\Users\aritz\Desktop\Bets21\src\main\resources\bets.temp' is opened by 6840@LAPTOP-B255QIOF

[2021-04-15 17:33:09 #3 type] 
Type domain.Question is not enhanced.

[2021-04-15 17:33:09 #4 type] 
Type domain.Kuota is not enhanced.

[2021-04-15 17:33:09 #5 type] 
Type domain.Event is not enhanced.

[2021-04-15 17:33:09 #6 type] 
Type domain.Emaitza is not enhanced.

[2021-04-15 17:33:09 #7 type] 
Type domain.Apostu is not enhanced.

[2021-04-15 17:33:09 #8 type] 
Type domain.Erabiltzailea is not enhanced.

[2021-04-15 17:33:09 #9 type] 
Type domain.Erregistratua is not enhanced.

[2021-04-15 17:33:09 #10 type] 
Type domain.Langilea is not enhanced.

[2021-04-15 17:33:09 #11 type] 
Type domain.Administratzailea is not enhanced.

------------------------------------------------------------------------------------------------------------------------

[2021-04-15 17:33:36 #1 store] 
Database 'C:\Users\aritz\Desktop\Bets21\src\main\resources\bets.temp' has been recovered (tr. 32-34)

[2021-04-15 17:33:37 #2 store] 
Database 'C:\Users\aritz\Desktop\Bets21\src\main\resources\bets.temp' is opened by 17364@LAPTOP-B255QIOF

[2021-04-15 17:33:37 #3 type] 
Type domain.Question is not enhanced.

[2021-04-15 17:33:37 #4 type] 
Type domain.Kuota is not enhanced.

[2021-04-15 17:33:37 #5 type] 
Type domain.Event is not enhanced.

[2021-04-15 17:33:37 #6 type] 
Type domain.Emaitza is not enhanced.

[2021-04-15 17:33:37 #7 type] 
Type domain.Apostu is not enhanced.

[2021-04-15 17:33:37 #8 type] 
Type domain.Erabiltzailea is not enhanced.

[2021-04-15 17:33:37 #9 type] 
Type domain.Erregistratua is not enhanced.

[2021-04-15 17:33:37 #10 type] 
Type domain.Langilea is not enhanced.

[2021-04-15 17:33:37 #11 type] 
Type domain.Administratzailea is not enhanced.

------------------------------------------------------------------------------------------------------------------------

[2021-04-15 17:58:51 #1 store] 
Database 'C:\Users\aritz\Desktop\Bets21\src\main\resources\bets.temp' is opened by 15548@LAPTOP-B255QIOF

[2021-04-15 17:58:51 #2 type] 
Type domain.Question is not enhanced.

[2021-04-15 17:58:51 #3 type] 
Type domain.Kuota is not enhanced.

[2021-04-15 17:58:51 #4 type] 
Type domain.Event is not enhanced.

[2021-04-15 17:58:51 #5 type] 
Type domain.Emaitza is not enhanced.

[2021-04-15 17:58:51 #6 type] 
Type domain.Apostu is not enhanced.

[2021-04-15 17:58:51 #7 type] 
Type domain.Erabiltzailea is not enhanced.

[2021-04-15 17:58:51 #8 type] 
Type domain.Erregistratua is not enhanced.

[2021-04-15 17:58:51 #9 type] 
Type domain.Langilea is not enhanced.

[2021-04-15 17:58:51 #10 type] 
Type domain.Administratzailea is not enhanced.

