------------------------------------------------------------------------------------------------------------------------

[2021-05-09 03:45:01 #1 store] 
Database 'C:\Users\Iker Sancho\eclipse-workspaceProiektua\Bets21\src\main\resources\bets.temp' is opened by 22008@DESKTOP-9IGFIE3

[2021-05-09 03:45:02 #2 type] 
Type domain.Question is not enhanced.

[2021-05-09 03:45:02 #3 type] 
Type domain.Kuota is not enhanced.

[2021-05-09 03:45:02 #4 type] 
Type domain.Event is not enhanced.

[2021-05-09 03:45:02 #5 type] 
Type domain.Emaitza is not enhanced.

[2021-05-09 03:45:02 #6 type] 
Type domain.Apostu is not enhanced.

[2021-05-09 03:45:02 #7 type] 
Type domain.Erabiltzailea is not enhanced.

[2021-05-09 03:45:02 #8 type] 
Type domain.Erregistratua is not enhanced.

[2021-05-09 03:45:02 #9 type] 
Type domain.Langilea is not enhanced.

[2021-05-09 03:45:02 #10 type] 
Type domain.Administratzailea is not enhanced.

------------------------------------------------------------------------------------------------------------------------

[2021-05-09 03:45:37 #1 store] 
Database 'C:\Users\Iker Sancho\eclipse-workspaceProiektua\Bets21\src\main\resources\bets.temp' is opened by 18260@DESKTOP-9IGFIE3

[2021-05-09 03:45:37 #2 type] 
Type domain.Question is not enhanced.

[2021-05-09 03:45:37 #3 type] 
Type domain.Kuota is not enhanced.

[2021-05-09 03:45:37 #4 type] 
Type domain.Event is not enhanced.

[2021-05-09 03:45:37 #5 type] 
Type domain.Emaitza is not enhanced.

[2021-05-09 03:45:37 #6 type] 
Type domain.Apostu is not enhanced.

[2021-05-09 03:45:37 #7 type] 
Type domain.Erabiltzailea is not enhanced.

[2021-05-09 03:45:37 #8 type] 
Type domain.Erregistratua is not enhanced.

[2021-05-09 03:45:37 #9 type] 
Type domain.Langilea is not enhanced.

[2021-05-09 03:45:37 #10 type] 
Type domain.Administratzailea is not enhanced.

------------------------------------------------------------------------------------------------------------------------

[2021-05-09 20:49:07 #1 store] 
Database 'C:\Users\Iker Sancho\eclipse-workspaceProiektua\Bets21\src\main\resources\bets.temp' is opened by 14064@DESKTOP-9IGFIE3

[2021-05-09 20:49:07 #2 type] 
Type domain.Question is not enhanced.

[2021-05-09 20:49:07 #3 type] 
Type domain.Kuota is not enhanced.

[2021-05-09 20:49:07 #4 type] 
Type domain.Event is not enhanced.

[2021-05-09 20:49:07 #5 type] 
Type domain.Emaitza is not enhanced.

[2021-05-09 20:49:07 #6 type] 
Type domain.Apostu is not enhanced.

[2021-05-09 20:49:07 #7 type] 
Type domain.Erabiltzailea is not enhanced.

[2021-05-09 20:49:07 #8 type] 
Type domain.Erregistratua is not enhanced.

[2021-05-09 20:49:07 #9 type] 
Type domain.Langilea is not enhanced.

[2021-05-09 20:49:07 #10 type] 
Type domain.Administratzailea is not enhanced.

