------------------------------------------------------------------------------------------------------------------------

[2021-05-11 00:51:42 #1 store] 
Database 'C:\Users\Iker Sancho\eclipse-workspaceProiektua\Bets21\src\main\resources\bets.temp' has been recovered (tr. 48-55)

[2021-05-11 00:51:42 #2 store] 
Database 'C:\Users\Iker Sancho\eclipse-workspaceProiektua\Bets21\src\main\resources\bets.temp' is opened by 3216@DESKTOP-9IGFIE3

[2021-05-11 00:51:43 #3 type] 
Type domain.Question is not enhanced.

[2021-05-11 00:51:43 #4 type] 
Type domain.Kuota is not enhanced.

[2021-05-11 00:51:43 #5 type] 
Type domain.Event is not enhanced.

[2021-05-11 00:51:43 #6 type] 
Type domain.Emaitza is not enhanced.

[2021-05-11 00:51:43 #7 type] 
Type domain.Apostu is not enhanced.

[2021-05-11 00:51:43 #8 type] 
Type domain.Erabiltzailea is not enhanced.

[2021-05-11 00:51:43 #9 type] 
Type domain.Erregistratua is not enhanced.

[2021-05-11 00:51:43 #10 type] 
Type domain.Langilea is not enhanced.

[2021-05-11 00:51:43 #11 type] 
Type domain.Administratzailea is not enhanced.

------------------------------------------------------------------------------------------------------------------------

[2021-05-11 15:27:03 #1 store] 
Database 'C:\Users\Iker Sancho\eclipse-workspaceProiektua\Bets21\src\main\resources\bets.temp' has been recovered (tr. 56-56)

[2021-05-11 15:27:03 #2 store] 
Database 'C:\Users\Iker Sancho\eclipse-workspaceProiektua\Bets21\src\main\resources\bets.temp' is opened by 4644@DESKTOP-9IGFIE3

[2021-05-11 15:27:03 #3 type] 
Type domain.Question is not enhanced.

[2021-05-11 15:27:03 #4 type] 
Type domain.Kuota is not enhanced.

[2021-05-11 15:27:03 #5 type] 
Type domain.Event is not enhanced.

[2021-05-11 15:27:03 #6 type] 
Type domain.Emaitza is not enhanced.

[2021-05-11 15:27:03 #7 type] 
Type domain.Apostu is not enhanced.

[2021-05-11 15:27:03 #8 type] 
Type domain.Erabiltzailea is not enhanced.

[2021-05-11 15:27:03 #9 type] 
Type domain.Erregistratua is not enhanced.

[2021-05-11 15:27:03 #10 type] 
Type domain.Langilea is not enhanced.

[2021-05-11 15:27:03 #11 type] 
Type domain.Administratzailea is not enhanced.

------------------------------------------------------------------------------------------------------------------------

[2021-05-11 15:30:41 #1 store] 
Database 'C:\Users\Iker Sancho\eclipse-workspaceProiektua\Bets21\src\main\resources\bets.temp' has been recovered (tr. 57-70)

[2021-05-11 15:30:41 #2 store] 
Database 'C:\Users\Iker Sancho\eclipse-workspaceProiektua\Bets21\src\main\resources\bets.temp' is opened by 13760@DESKTOP-9IGFIE3

[2021-05-11 15:30:41 #3 type] 
Type domain.Question is not enhanced.

[2021-05-11 15:30:41 #4 type] 
Type domain.Kuota is not enhanced.

[2021-05-11 15:30:41 #5 type] 
Type domain.Event is not enhanced.

[2021-05-11 15:30:41 #6 type] 
Type domain.Emaitza is not enhanced.

[2021-05-11 15:30:41 #7 type] 
Type domain.Apostu is not enhanced.

[2021-05-11 15:30:41 #8 type] 
Type domain.Erabiltzailea is not enhanced.

[2021-05-11 15:30:41 #9 type] 
Type domain.Erregistratua is not enhanced.

[2021-05-11 15:30:41 #10 type] 
Type domain.Langilea is not enhanced.

[2021-05-11 15:30:41 #11 type] 
Type domain.Administratzailea is not enhanced.

------------------------------------------------------------------------------------------------------------------------

[2021-05-11 15:33:26 #1 store] 
Database 'C:\Users\Iker Sancho\eclipse-workspaceProiektua\Bets21\src\main\resources\bets.temp' has been recovered (tr. 71-71)

[2021-05-11 15:33:26 #2 store] 
Database 'C:\Users\Iker Sancho\eclipse-workspaceProiektua\Bets21\src\main\resources\bets.temp' is opened by 6464@DESKTOP-9IGFIE3

[2021-05-11 15:33:26 #3 type] 
Type domain.Question is not enhanced.

[2021-05-11 15:33:26 #4 type] 
Type domain.Kuota is not enhanced.

[2021-05-11 15:33:26 #5 type] 
Type domain.Event is not enhanced.

[2021-05-11 15:33:26 #6 type] 
Type domain.Emaitza is not enhanced.

[2021-05-11 15:33:26 #7 type] 
Type domain.Apostu is not enhanced.

[2021-05-11 15:33:26 #8 type] 
Type domain.Erabiltzailea is not enhanced.

[2021-05-11 15:33:26 #9 type] 
Type domain.Erregistratua is not enhanced.

[2021-05-11 15:33:26 #10 type] 
Type domain.Langilea is not enhanced.

[2021-05-11 15:33:26 #11 type] 
Type domain.Administratzailea is not enhanced.

------------------------------------------------------------------------------------------------------------------------

[2021-05-11 15:38:33 #1 store] 
Database 'C:\Users\Iker Sancho\eclipse-workspaceProiektua\Bets21\src\main\resources\bets.temp' is opened by 16020@DESKTOP-9IGFIE3

[2021-05-11 15:38:33 #2 type] 
Type domain.Question is not enhanced.

[2021-05-11 15:38:33 #3 type] 
Type domain.Kuota is not enhanced.

[2021-05-11 15:38:33 #4 type] 
Type domain.Event is not enhanced.

[2021-05-11 15:38:33 #5 type] 
Type domain.Emaitza is not enhanced.

[2021-05-11 15:38:33 #6 type] 
Type domain.Apostu is not enhanced.

[2021-05-11 15:38:33 #7 type] 
Type domain.Erabiltzailea is not enhanced.

[2021-05-11 15:38:33 #8 type] 
Type domain.Erregistratua is not enhanced.

[2021-05-11 15:38:33 #9 type] 
Type domain.Langilea is not enhanced.

[2021-05-11 15:38:33 #10 type] 
Type domain.Administratzailea is not enhanced.

------------------------------------------------------------------------------------------------------------------------

[2021-05-11 19:14:49 #1 store] 
Database 'C:\Users\Iker Sancho\eclipse-workspaceProiektua\Bets21\src\main\resources\bets.temp' has been recovered (tr. 72-73)

[2021-05-11 19:14:50 #2 store] 
Database 'C:\Users\Iker Sancho\eclipse-workspaceProiektua\Bets21\src\main\resources\bets.temp' is opened by 16168@DESKTOP-9IGFIE3

[2021-05-11 19:14:50 #3 type] 
Type domain.Question is not enhanced.

[2021-05-11 19:14:50 #4 type] 
Type domain.Kuota is not enhanced.

[2021-05-11 19:14:50 #5 type] 
Type domain.Event is not enhanced.

[2021-05-11 19:14:50 #6 type] 
Type domain.Emaitza is not enhanced.

[2021-05-11 19:14:50 #7 type] 
Type domain.Apostu is not enhanced.

[2021-05-11 19:14:50 #8 type] 
Type domain.Erabiltzailea is not enhanced.

[2021-05-11 19:14:50 #9 type] 
Type domain.Erregistratua is not enhanced.

[2021-05-11 19:14:50 #10 type] 
Type domain.Langilea is not enhanced.

[2021-05-11 19:14:50 #11 type] 
Type domain.Administratzailea is not enhanced.

------------------------------------------------------------------------------------------------------------------------

[2021-05-11 20:07:36 #1 store] 
Database 'C:\Users\Iker Sancho\eclipse-workspaceProiektua\Bets21\src\main\resources\bets.temp' has been recovered (tr. 74-74)

[2021-05-11 20:07:36 #2 store] 
Database 'C:\Users\Iker Sancho\eclipse-workspaceProiektua\Bets21\src\main\resources\bets.temp' is opened by 16140@DESKTOP-9IGFIE3

[2021-05-11 20:07:36 #3 type] 
Type domain.Question is not enhanced.

[2021-05-11 20:07:36 #4 type] 
Type domain.Kuota is not enhanced.

[2021-05-11 20:07:36 #5 type] 
Type domain.Event is not enhanced.

[2021-05-11 20:07:36 #6 type] 
Type domain.Emaitza is not enhanced.

[2021-05-11 20:07:36 #7 type] 
Type domain.Apostu is not enhanced.

[2021-05-11 20:07:36 #8 type] 
Type domain.Erabiltzailea is not enhanced.

[2021-05-11 20:07:36 #9 type] 
Type domain.Erregistratua is not enhanced.

[2021-05-11 20:07:36 #10 type] 
Type domain.Langilea is not enhanced.

[2021-05-11 20:07:36 #11 type] 
Type domain.Administratzailea is not enhanced.

------------------------------------------------------------------------------------------------------------------------

[2021-05-11 20:10:29 #1 store] 
Database 'C:\Users\Iker Sancho\eclipse-workspaceProiektua\Bets21\src\main\resources\bets.temp' has been recovered (tr. 75-76)

[2021-05-11 20:10:29 #2 store] 
Database 'C:\Users\Iker Sancho\eclipse-workspaceProiektua\Bets21\src\main\resources\bets.temp' is opened by 20472@DESKTOP-9IGFIE3

[2021-05-11 20:10:29 #3 type] 
Type domain.Question is not enhanced.

[2021-05-11 20:10:29 #4 type] 
Type domain.Kuota is not enhanced.

[2021-05-11 20:10:29 #5 type] 
Type domain.Event is not enhanced.

[2021-05-11 20:10:29 #6 type] 
Type domain.Emaitza is not enhanced.

[2021-05-11 20:10:29 #7 type] 
Type domain.Apostu is not enhanced.

[2021-05-11 20:10:29 #8 type] 
Type domain.Erabiltzailea is not enhanced.

[2021-05-11 20:10:29 #9 type] 
Type domain.Erregistratua is not enhanced.

[2021-05-11 20:10:29 #10 type] 
Type domain.Langilea is not enhanced.

[2021-05-11 20:10:29 #11 type] 
Type domain.Administratzailea is not enhanced.

------------------------------------------------------------------------------------------------------------------------

[2021-05-11 20:19:03 #1 store] 
Database 'C:\Users\Iker Sancho\eclipse-workspaceProiektua\Bets21\src\main\resources\bets.temp' is opened by 18984@DESKTOP-9IGFIE3

[2021-05-11 20:19:03 #2 type] 
Type domain.Question is not enhanced.

[2021-05-11 20:19:03 #3 type] 
Type domain.Kuota is not enhanced.

[2021-05-11 20:19:03 #4 type] 
Type domain.Event is not enhanced.

[2021-05-11 20:19:03 #5 type] 
Type domain.Emaitza is not enhanced.

[2021-05-11 20:19:03 #6 type] 
Type domain.Apostu is not enhanced.

[2021-05-11 20:19:03 #7 type] 
Type domain.Erabiltzailea is not enhanced.

[2021-05-11 20:19:03 #8 type] 
Type domain.Erregistratua is not enhanced.

[2021-05-11 20:19:03 #9 type] 
Type domain.Langilea is not enhanced.

[2021-05-11 20:19:03 #10 type] 
Type domain.Administratzailea is not enhanced.

------------------------------------------------------------------------------------------------------------------------

[2021-05-11 20:19:10 #1 store] 
Database 'C:\Users\Iker Sancho\eclipse-workspaceProiektua\Bets21\src\main\resources\bets.temp' is opened by 12004@DESKTOP-9IGFIE3

[2021-05-11 20:19:11 #2 type] 
Type domain.Question is not enhanced.

[2021-05-11 20:19:11 #3 type] 
Type domain.Kuota is not enhanced.

[2021-05-11 20:19:11 #4 type] 
Type domain.Event is not enhanced.

[2021-05-11 20:19:11 #5 type] 
Type domain.Emaitza is not enhanced.

[2021-05-11 20:19:11 #6 type] 
Type domain.Apostu is not enhanced.

[2021-05-11 20:19:11 #7 type] 
Type domain.Erabiltzailea is not enhanced.

[2021-05-11 20:19:11 #8 type] 
Type domain.Erregistratua is not enhanced.

[2021-05-11 20:19:11 #9 type] 
Type domain.Langilea is not enhanced.

[2021-05-11 20:19:11 #10 type] 
Type domain.Administratzailea is not enhanced.

------------------------------------------------------------------------------------------------------------------------

[2021-05-11 20:21:26 #1 store] 
Database 'C:\Users\Iker Sancho\eclipse-workspaceProiektua\Bets21\src\main\resources\bets.temp' is opened by 6304@DESKTOP-9IGFIE3

[2021-05-11 20:21:26 #2 type] 
Type domain.Question is not enhanced.

[2021-05-11 20:21:26 #3 type] 
Type domain.Kuota is not enhanced.

[2021-05-11 20:21:26 #4 type] 
Type domain.Event is not enhanced.

[2021-05-11 20:21:26 #5 type] 
Type domain.Emaitza is not enhanced.

[2021-05-11 20:21:26 #6 type] 
Type domain.Apostu is not enhanced.

[2021-05-11 20:21:26 #7 type] 
Type domain.Erabiltzailea is not enhanced.

[2021-05-11 20:21:26 #8 type] 
Type domain.Erregistratua is not enhanced.

[2021-05-11 20:21:26 #9 type] 
Type domain.Langilea is not enhanced.

[2021-05-11 20:21:26 #10 type] 
Type domain.Administratzailea is not enhanced.

------------------------------------------------------------------------------------------------------------------------

[2021-05-11 21:37:29 #1 store] 
Database 'C:\Users\Iker Sancho\eclipse-workspaceProiektua\Bets21\src\main\resources\bets.temp' is opened by 21048@DESKTOP-9IGFIE3

[2021-05-11 21:37:30 #2 type] 
Type domain.Question is not enhanced.

[2021-05-11 21:37:30 #3 type] 
Type domain.Kuota is not enhanced.

[2021-05-11 21:37:30 #4 type] 
Type domain.Event is not enhanced.

[2021-05-11 21:37:30 #5 type] 
Type domain.Emaitza is not enhanced.

[2021-05-11 21:37:30 #6 type] 
Type domain.Apostu is not enhanced.

[2021-05-11 21:37:30 #7 type] 
Type domain.Erabiltzailea is not enhanced.

[2021-05-11 21:37:30 #8 type] 
Type domain.Erregistratua is not enhanced.

[2021-05-11 21:37:30 #9 type] 
Type domain.Langilea is not enhanced.

[2021-05-11 21:37:30 #10 type] 
Type domain.Administratzailea is not enhanced.

------------------------------------------------------------------------------------------------------------------------

[2021-05-11 21:41:02 #1 store] 
Database 'C:\Users\Iker Sancho\eclipse-workspaceProiektua\Bets21\src\main\resources\bets.temp' has been recovered (tr. 77-81)

[2021-05-11 21:41:02 #2 store] 
Database 'C:\Users\Iker Sancho\eclipse-workspaceProiektua\Bets21\src\main\resources\bets.temp' is opened by 14240@DESKTOP-9IGFIE3

[2021-05-11 21:41:02 #3 type] 
Type domain.Question is not enhanced.

[2021-05-11 21:41:02 #4 type] 
Type domain.Kuota is not enhanced.

[2021-05-11 21:41:02 #5 type] 
Type domain.Event is not enhanced.

[2021-05-11 21:41:02 #6 type] 
Type domain.Emaitza is not enhanced.

[2021-05-11 21:41:02 #7 type] 
Type domain.Apostu is not enhanced.

[2021-05-11 21:41:02 #8 type] 
Type domain.Erabiltzailea is not enhanced.

[2021-05-11 21:41:02 #9 type] 
Type domain.Erregistratua is not enhanced.

[2021-05-11 21:41:02 #10 type] 
Type domain.Langilea is not enhanced.

[2021-05-11 21:41:02 #11 type] 
Type domain.Administratzailea is not enhanced.

------------------------------------------------------------------------------------------------------------------------

[2021-05-11 21:50:25 #1 store] 
Database 'C:\Users\Iker Sancho\eclipse-workspaceProiektua\Bets21\src\main\resources\bets.temp' has been recovered (tr. 82-85)

[2021-05-11 21:50:25 #2 store] 
Database 'C:\Users\Iker Sancho\eclipse-workspaceProiektua\Bets21\src\main\resources\bets.temp' is opened by 4256@DESKTOP-9IGFIE3

[2021-05-11 21:50:25 #3 type] 
Type domain.Question is not enhanced.

[2021-05-11 21:50:25 #4 type] 
Type domain.Kuota is not enhanced.

[2021-05-11 21:50:25 #5 type] 
Type domain.Event is not enhanced.

[2021-05-11 21:50:25 #6 type] 
Type domain.Emaitza is not enhanced.

[2021-05-11 21:50:25 #7 type] 
Type domain.Apostu is not enhanced.

[2021-05-11 21:50:25 #8 type] 
Type domain.Erabiltzailea is not enhanced.

[2021-05-11 21:50:25 #9 type] 
Type domain.Erregistratua is not enhanced.

[2021-05-11 21:50:25 #10 type] 
Type domain.Langilea is not enhanced.

[2021-05-11 21:50:25 #11 type] 
Type domain.Administratzailea is not enhanced.

------------------------------------------------------------------------------------------------------------------------

[2021-05-11 21:52:44 #1 store] 
Database 'C:\Users\Iker Sancho\eclipse-workspaceProiektua\Bets21\src\main\resources\bets.temp' has been recovered (tr. 86-90)

[2021-05-11 21:52:44 #2 store] 
Database 'C:\Users\Iker Sancho\eclipse-workspaceProiektua\Bets21\src\main\resources\bets.temp' is opened by 10436@DESKTOP-9IGFIE3

[2021-05-11 21:52:44 #3 type] 
Type domain.Question is not enhanced.

[2021-05-11 21:52:44 #4 type] 
Type domain.Kuota is not enhanced.

[2021-05-11 21:52:44 #5 type] 
Type domain.Event is not enhanced.

[2021-05-11 21:52:44 #6 type] 
Type domain.Emaitza is not enhanced.

[2021-05-11 21:52:44 #7 type] 
Type domain.Apostu is not enhanced.

[2021-05-11 21:52:44 #8 type] 
Type domain.Erabiltzailea is not enhanced.

[2021-05-11 21:52:44 #9 type] 
Type domain.Erregistratua is not enhanced.

[2021-05-11 21:52:44 #10 type] 
Type domain.Langilea is not enhanced.

[2021-05-11 21:52:44 #11 type] 
Type domain.Administratzailea is not enhanced.

------------------------------------------------------------------------------------------------------------------------

[2021-05-11 21:52:51 #1 store] 
Database 'C:\Users\Iker Sancho\eclipse-workspaceProiektua\Bets21\src\main\resources\bets.temp' is opened by 14596@DESKTOP-9IGFIE3

[2021-05-11 21:52:51 #2 type] 
Type domain.Question is not enhanced.

[2021-05-11 21:52:52 #3 type] 
Type domain.Kuota is not enhanced.

[2021-05-11 21:52:52 #4 type] 
Type domain.Event is not enhanced.

[2021-05-11 21:52:52 #5 type] 
Type domain.Emaitza is not enhanced.

[2021-05-11 21:52:52 #6 type] 
Type domain.Apostu is not enhanced.

[2021-05-11 21:52:52 #7 type] 
Type domain.Erabiltzailea is not enhanced.

[2021-05-11 21:52:52 #8 type] 
Type domain.Erregistratua is not enhanced.

[2021-05-11 21:52:52 #9 type] 
Type domain.Langilea is not enhanced.

[2021-05-11 21:52:52 #10 type] 
Type domain.Administratzailea is not enhanced.

------------------------------------------------------------------------------------------------------------------------

[2021-05-11 21:53:07 #1 store] 
Database 'C:\Users\Iker Sancho\eclipse-workspaceProiektua\Bets21\src\main\resources\bets.temp' is opened by 15464@DESKTOP-9IGFIE3

[2021-05-11 21:53:07 #2 type] 
Type domain.Question is not enhanced.

[2021-05-11 21:53:07 #3 type] 
Type domain.Kuota is not enhanced.

[2021-05-11 21:53:07 #4 type] 
Type domain.Event is not enhanced.

[2021-05-11 21:53:07 #5 type] 
Type domain.Emaitza is not enhanced.

[2021-05-11 21:53:07 #6 type] 
Type domain.Apostu is not enhanced.

[2021-05-11 21:53:07 #7 type] 
Type domain.Erabiltzailea is not enhanced.

[2021-05-11 21:53:07 #8 type] 
Type domain.Erregistratua is not enhanced.

[2021-05-11 21:53:07 #9 type] 
Type domain.Langilea is not enhanced.

[2021-05-11 21:53:07 #10 type] 
Type domain.Administratzailea is not enhanced.

[2021-05-11 21:53:40 #11 type.registry] 
New type java.util.Vector<domain.Erregistratua>

------------------------------------------------------------------------------------------------------------------------

[2021-05-11 21:55:14 #1 store] 
Database 'C:\Users\Iker Sancho\eclipse-workspaceProiektua\Bets21\src\main\resources\bets.temp' has been recovered (tr. 91-93)

[2021-05-11 21:55:14 #2 store] 
Database 'C:\Users\Iker Sancho\eclipse-workspaceProiektua\Bets21\src\main\resources\bets.temp' is opened by 10120@DESKTOP-9IGFIE3

[2021-05-11 21:55:14 #3 type] 
Type domain.Question is not enhanced.

[2021-05-11 21:55:14 #4 type] 
Type domain.Kuota is not enhanced.

[2021-05-11 21:55:14 #5 type] 
Type domain.Event is not enhanced.

[2021-05-11 21:55:14 #6 type] 
Type domain.Emaitza is not enhanced.

[2021-05-11 21:55:14 #7 type] 
Type domain.Apostu is not enhanced.

[2021-05-11 21:55:14 #8 type] 
Type domain.Erabiltzailea is not enhanced.

[2021-05-11 21:55:14 #9 type] 
Type domain.Erregistratua is not enhanced.

[2021-05-11 21:55:14 #10 type] 
Type domain.Langilea is not enhanced.

[2021-05-11 21:55:14 #11 type] 
Type domain.Administratzailea is not enhanced.

------------------------------------------------------------------------------------------------------------------------

[2021-05-11 21:55:25 #1 store] 
Database 'C:\Users\Iker Sancho\eclipse-workspaceProiektua\Bets21\src\main\resources\bets.temp' is opened by 13128@DESKTOP-9IGFIE3

[2021-05-11 21:55:25 #2 type] 
Type domain.Question is not enhanced.

[2021-05-11 21:55:25 #3 type] 
Type domain.Kuota is not enhanced.

[2021-05-11 21:55:25 #4 type] 
Type domain.Event is not enhanced.

[2021-05-11 21:55:25 #5 type] 
Type domain.Emaitza is not enhanced.

[2021-05-11 21:55:25 #6 type] 
Type domain.Apostu is not enhanced.

[2021-05-11 21:55:25 #7 type] 
Type domain.Erabiltzailea is not enhanced.

[2021-05-11 21:55:25 #8 type] 
Type domain.Erregistratua is not enhanced.

[2021-05-11 21:55:25 #9 type] 
Type domain.Langilea is not enhanced.

[2021-05-11 21:55:25 #10 type] 
Type domain.Administratzailea is not enhanced.

------------------------------------------------------------------------------------------------------------------------

[2021-05-11 21:55:34 #1 store] 
Database 'C:\Users\Iker Sancho\eclipse-workspaceProiektua\Bets21\src\main\resources\bets.temp' is opened by 8084@DESKTOP-9IGFIE3

[2021-05-11 21:55:34 #2 type] 
Type domain.Question is not enhanced.

[2021-05-11 21:55:35 #3 type] 
Type domain.Kuota is not enhanced.

[2021-05-11 21:55:35 #4 type] 
Type domain.Event is not enhanced.

[2021-05-11 21:55:35 #5 type] 
Type domain.Emaitza is not enhanced.

[2021-05-11 21:55:35 #6 type] 
Type domain.Apostu is not enhanced.

[2021-05-11 21:55:35 #7 type] 
Type domain.Erabiltzailea is not enhanced.

[2021-05-11 21:55:35 #8 type] 
Type domain.Erregistratua is not enhanced.

[2021-05-11 21:55:35 #9 type] 
Type domain.Langilea is not enhanced.

[2021-05-11 21:55:35 #10 type] 
Type domain.Administratzailea is not enhanced.

------------------------------------------------------------------------------------------------------------------------

[2021-05-11 21:56:02 #1 store] 
Database 'C:\Users\Iker Sancho\eclipse-workspaceProiektua\Bets21\src\main\resources\bets.temp' is opened by 8132@DESKTOP-9IGFIE3

[2021-05-11 21:56:02 #2 type.registry] 
New type domain.Question

[2021-05-11 21:56:02 #3 type] 
Type domain.Question is not enhanced.

[2021-05-11 21:56:02 #4 type.registry] 
New type domain.Kuota

[2021-05-11 21:56:02 #5 type.registry] 
New type domain.Event

[2021-05-11 21:56:02 #6 type] 
Type domain.Kuota is not enhanced.

[2021-05-11 21:56:02 #7 type.registry] 
New type domain.Emaitza

[2021-05-11 21:56:02 #8 type.registry] 
New type domain.Apostu

[2021-05-11 21:56:02 #9 type] 
Type domain.Event is not enhanced.

[2021-05-11 21:56:02 #10 type.registry] 
New type java.util.Vector<domain.Question>

[2021-05-11 21:56:02 #11 type] 
Type domain.Emaitza is not enhanced.

[2021-05-11 21:56:02 #12 type] 
Type domain.Apostu is not enhanced.

[2021-05-11 21:56:02 #13 type.registry] 
New type domain.Erabiltzailea

[2021-05-11 21:56:02 #14 type.registry] 
New type domain.Erregistratua

[2021-05-11 21:56:02 #15 type] 
Type domain.Erabiltzailea is not enhanced.

[2021-05-11 21:56:02 #16 type] 
Type domain.Erregistratua is not enhanced.

[2021-05-11 21:56:02 #17 type.registry] 
New type domain.Langilea

[2021-05-11 21:56:02 #18 type] 
Type domain.Langilea is not enhanced.

[2021-05-11 21:56:02 #19 type.registry] 
New type domain.Administratzailea

[2021-05-11 21:56:02 #20 type] 
Type domain.Administratzailea is not enhanced.

[2021-05-11 21:56:02 #21 type.registry] 
New type java.util.Vector<java.lang.Object>

[2021-05-11 21:56:02 #22 type.registry] 
New type java.util.Vector<domain.Kuota>

[2021-05-11 21:56:02 #23 type.registry] 
New type java.util.Vector<java.lang.Double>

[2021-05-11 21:56:02 #24 type.registry] 
New type java.util.Vector<domain.Apostu>

[2021-05-11 21:56:21 #25 type.registry] 
New type java.util.Vector<domain.Erregistratua>

------------------------------------------------------------------------------------------------------------------------

[2021-05-11 21:56:48 #1 store] 
Database 'C:\Users\Iker Sancho\eclipse-workspaceProiektua\Bets21\src\main\resources\bets.temp' has been recovered (tr. 1-16)

[2021-05-11 21:56:48 #2 store] 
Database 'C:\Users\Iker Sancho\eclipse-workspaceProiektua\Bets21\src\main\resources\bets.temp' is opened by 17104@DESKTOP-9IGFIE3

[2021-05-11 21:56:49 #3 type] 
Type domain.Question is not enhanced.

[2021-05-11 21:56:49 #4 type] 
Type domain.Kuota is not enhanced.

[2021-05-11 21:56:49 #5 type] 
Type domain.Event is not enhanced.

[2021-05-11 21:56:49 #6 type] 
Type domain.Emaitza is not enhanced.

[2021-05-11 21:56:49 #7 type] 
Type domain.Apostu is not enhanced.

[2021-05-11 21:56:49 #8 type] 
Type domain.Erabiltzailea is not enhanced.

[2021-05-11 21:56:49 #9 type] 
Type domain.Erregistratua is not enhanced.

[2021-05-11 21:56:49 #10 type] 
Type domain.Langilea is not enhanced.

[2021-05-11 21:56:49 #11 type] 
Type domain.Administratzailea is not enhanced.

------------------------------------------------------------------------------------------------------------------------

[2021-05-11 21:57:17 #1 store] 
Database 'C:\Users\Iker Sancho\eclipse-workspaceProiektua\Bets21\src\main\resources\bets.temp' has been recovered (tr. 17-17)

[2021-05-11 21:57:17 #2 store] 
Database 'C:\Users\Iker Sancho\eclipse-workspaceProiektua\Bets21\src\main\resources\bets.temp' is opened by 18292@DESKTOP-9IGFIE3

[2021-05-11 21:57:17 #3 type] 
Type domain.Question is not enhanced.

[2021-05-11 21:57:17 #4 type] 
Type domain.Kuota is not enhanced.

[2021-05-11 21:57:17 #5 type] 
Type domain.Event is not enhanced.

[2021-05-11 21:57:17 #6 type] 
Type domain.Emaitza is not enhanced.

[2021-05-11 21:57:17 #7 type] 
Type domain.Apostu is not enhanced.

[2021-05-11 21:57:17 #8 type] 
Type domain.Erabiltzailea is not enhanced.

[2021-05-11 21:57:17 #9 type] 
Type domain.Erregistratua is not enhanced.

[2021-05-11 21:57:17 #10 type] 
Type domain.Langilea is not enhanced.

[2021-05-11 21:57:17 #11 type] 
Type domain.Administratzailea is not enhanced.

------------------------------------------------------------------------------------------------------------------------

[2021-05-11 21:57:39 #1 store] 
Database 'C:\Users\Iker Sancho\eclipse-workspaceProiektua\Bets21\src\main\resources\bets.temp' has been recovered (tr. 18-19)

[2021-05-11 21:57:39 #2 store] 
Database 'C:\Users\Iker Sancho\eclipse-workspaceProiektua\Bets21\src\main\resources\bets.temp' is opened by 15048@DESKTOP-9IGFIE3

[2021-05-11 21:57:39 #3 type] 
Type domain.Question is not enhanced.

[2021-05-11 21:57:39 #4 type] 
Type domain.Kuota is not enhanced.

[2021-05-11 21:57:39 #5 type] 
Type domain.Event is not enhanced.

[2021-05-11 21:57:39 #6 type] 
Type domain.Emaitza is not enhanced.

[2021-05-11 21:57:39 #7 type] 
Type domain.Apostu is not enhanced.

[2021-05-11 21:57:39 #8 type] 
Type domain.Erabiltzailea is not enhanced.

[2021-05-11 21:57:39 #9 type] 
Type domain.Erregistratua is not enhanced.

[2021-05-11 21:57:39 #10 type] 
Type domain.Langilea is not enhanced.

[2021-05-11 21:57:39 #11 type] 
Type domain.Administratzailea is not enhanced.

------------------------------------------------------------------------------------------------------------------------

[2021-05-11 21:59:59 #1 store] 
Database 'C:\Users\Iker Sancho\eclipse-workspaceProiektua\Bets21\src\main\resources\bets.temp' is opened by 14928@DESKTOP-9IGFIE3

[2021-05-11 21:59:59 #2 type.registry] 
New type domain.Question

[2021-05-11 21:59:59 #3 type] 
Type domain.Question is not enhanced.

[2021-05-11 21:59:59 #4 type.registry] 
New type domain.Kuota

[2021-05-11 21:59:59 #5 type.registry] 
New type domain.Event

[2021-05-11 21:59:59 #6 type] 
Type domain.Kuota is not enhanced.

[2021-05-11 21:59:59 #7 type.registry] 
New type domain.Emaitza

[2021-05-11 21:59:59 #8 type.registry] 
New type domain.Apostu

[2021-05-11 21:59:59 #9 type] 
Type domain.Event is not enhanced.

[2021-05-11 21:59:59 #10 type.registry] 
New type java.util.Vector<domain.Question>

[2021-05-11 21:59:59 #11 type] 
Type domain.Emaitza is not enhanced.

[2021-05-11 21:59:59 #12 type] 
Type domain.Apostu is not enhanced.

[2021-05-11 21:59:59 #13 type.registry] 
New type domain.Erabiltzailea

[2021-05-11 21:59:59 #14 type.registry] 
New type domain.Erregistratua

[2021-05-11 21:59:59 #15 type] 
Type domain.Erabiltzailea is not enhanced.

[2021-05-11 21:59:59 #16 type] 
Type domain.Erregistratua is not enhanced.

[2021-05-11 21:59:59 #17 type.registry] 
New type domain.Langilea

[2021-05-11 21:59:59 #18 type] 
Type domain.Langilea is not enhanced.

[2021-05-11 21:59:59 #19 type.registry] 
New type domain.Administratzailea

[2021-05-11 21:59:59 #20 type] 
Type domain.Administratzailea is not enhanced.

[2021-05-11 21:59:59 #21 type.registry] 
New type java.util.Vector<java.lang.Object>

[2021-05-11 21:59:59 #22 type.registry] 
New type java.util.Vector<domain.Kuota>

[2021-05-11 21:59:59 #23 type.registry] 
New type java.util.Vector<java.lang.Double>

[2021-05-11 21:59:59 #24 type.registry] 
New type java.util.Vector<domain.Apostu>

------------------------------------------------------------------------------------------------------------------------

[2021-05-11 22:00:05 #1 store] 
Database 'C:\Users\Iker Sancho\eclipse-workspaceProiektua\Bets21\src\main\resources\bets.temp' is opened by 10224@DESKTOP-9IGFIE3

[2021-05-11 22:00:05 #2 type.registry] 
New type domain.Question

[2021-05-11 22:00:05 #3 type] 
Type domain.Question is not enhanced.

[2021-05-11 22:00:05 #4 type.registry] 
New type domain.Kuota

[2021-05-11 22:00:05 #5 type.registry] 
New type domain.Event

[2021-05-11 22:00:05 #6 type] 
Type domain.Kuota is not enhanced.

[2021-05-11 22:00:05 #7 type.registry] 
New type domain.Emaitza

[2021-05-11 22:00:05 #8 type.registry] 
New type domain.Apostu

[2021-05-11 22:00:05 #9 type] 
Type domain.Event is not enhanced.

[2021-05-11 22:00:05 #10 type.registry] 
New type java.util.Vector<domain.Question>

[2021-05-11 22:00:05 #11 type] 
Type domain.Emaitza is not enhanced.

[2021-05-11 22:00:05 #12 type] 
Type domain.Apostu is not enhanced.

[2021-05-11 22:00:05 #13 type.registry] 
New type domain.Erabiltzailea

[2021-05-11 22:00:05 #14 type.registry] 
New type domain.Erregistratua

[2021-05-11 22:00:05 #15 type] 
Type domain.Erabiltzailea is not enhanced.

[2021-05-11 22:00:05 #16 type] 
Type domain.Erregistratua is not enhanced.

[2021-05-11 22:00:05 #17 type.registry] 
New type domain.Langilea

[2021-05-11 22:00:05 #18 type] 
Type domain.Langilea is not enhanced.

[2021-05-11 22:00:05 #19 type.registry] 
New type domain.Administratzailea

[2021-05-11 22:00:05 #20 type] 
Type domain.Administratzailea is not enhanced.

[2021-05-11 22:00:05 #21 type.registry] 
New type java.util.Vector<java.lang.Object>

[2021-05-11 22:00:05 #22 type.registry] 
New type java.util.Vector<domain.Kuota>

[2021-05-11 22:00:05 #23 type.registry] 
New type java.util.Vector<java.lang.Double>

[2021-05-11 22:00:05 #24 type.registry] 
New type java.util.Vector<domain.Apostu>

------------------------------------------------------------------------------------------------------------------------

[2021-05-11 22:01:36 #1 store] 
Database 'C:\Users\Iker Sancho\eclipse-workspaceProiektua\Bets21\src\main\resources\bets.temp' has been recovered (tr. 1-10)

[2021-05-11 22:01:36 #2 store] 
Database 'C:\Users\Iker Sancho\eclipse-workspaceProiektua\Bets21\src\main\resources\bets.temp' is opened by 888@DESKTOP-9IGFIE3

[2021-05-11 22:01:36 #3 type] 
Type domain.Question is not enhanced.

[2021-05-11 22:01:36 #4 type] 
Type domain.Kuota is not enhanced.

[2021-05-11 22:01:36 #5 type] 
Type domain.Event is not enhanced.

[2021-05-11 22:01:36 #6 type] 
Type domain.Emaitza is not enhanced.

[2021-05-11 22:01:36 #7 type] 
Type domain.Apostu is not enhanced.

[2021-05-11 22:01:36 #8 type] 
Type domain.Erabiltzailea is not enhanced.

[2021-05-11 22:01:36 #9 type] 
Type domain.Erregistratua is not enhanced.

[2021-05-11 22:01:36 #10 type] 
Type domain.Langilea is not enhanced.

[2021-05-11 22:01:36 #11 type] 
Type domain.Administratzailea is not enhanced.

------------------------------------------------------------------------------------------------------------------------

[2021-05-11 22:04:25 #1 store] 
Database 'C:\Users\Iker Sancho\eclipse-workspaceProiektua\Bets21\src\main\resources\bets.temp' has been recovered (tr. 11-11)

[2021-05-11 22:04:25 #2 store] 
Database 'C:\Users\Iker Sancho\eclipse-workspaceProiektua\Bets21\src\main\resources\bets.temp' is opened by 2940@DESKTOP-9IGFIE3

[2021-05-11 22:04:25 #3 type] 
Type domain.Question is not enhanced.

[2021-05-11 22:04:25 #4 type] 
Type domain.Kuota is not enhanced.

[2021-05-11 22:04:25 #5 type] 
Type domain.Event is not enhanced.

[2021-05-11 22:04:25 #6 type] 
Type domain.Emaitza is not enhanced.

[2021-05-11 22:04:25 #7 type] 
Type domain.Apostu is not enhanced.

[2021-05-11 22:04:25 #8 type] 
Type domain.Erabiltzailea is not enhanced.

[2021-05-11 22:04:25 #9 type] 
Type domain.Erregistratua is not enhanced.

[2021-05-11 22:04:25 #10 type] 
Type domain.Langilea is not enhanced.

[2021-05-11 22:04:25 #11 type] 
Type domain.Administratzailea is not enhanced.

------------------------------------------------------------------------------------------------------------------------

[2021-05-11 22:04:59 #1 store] 
Database 'C:\Users\Iker Sancho\eclipse-workspaceProiektua\Bets21\src\main\resources\bets.temp' is opened by 19440@DESKTOP-9IGFIE3

[2021-05-11 22:04:59 #2 type.registry] 
New type domain.Question

[2021-05-11 22:04:59 #3 type] 
Type domain.Question is not enhanced.

[2021-05-11 22:04:59 #4 type.registry] 
New type domain.Kuota

[2021-05-11 22:04:59 #5 type.registry] 
New type domain.Event

[2021-05-11 22:04:59 #6 type] 
Type domain.Kuota is not enhanced.

[2021-05-11 22:04:59 #7 type.registry] 
New type domain.Emaitza

[2021-05-11 22:04:59 #8 type.registry] 
New type domain.Apostu

[2021-05-11 22:04:59 #9 type] 
Type domain.Event is not enhanced.

[2021-05-11 22:04:59 #10 type.registry] 
New type java.util.Vector<domain.Question>

[2021-05-11 22:04:59 #11 type] 
Type domain.Emaitza is not enhanced.

[2021-05-11 22:04:59 #12 type] 
Type domain.Apostu is not enhanced.

[2021-05-11 22:04:59 #13 type.registry] 
New type domain.Erabiltzailea

[2021-05-11 22:04:59 #14 type.registry] 
New type domain.Erregistratua

[2021-05-11 22:04:59 #15 type] 
Type domain.Erabiltzailea is not enhanced.

[2021-05-11 22:04:59 #16 type] 
Type domain.Erregistratua is not enhanced.

[2021-05-11 22:04:59 #17 type.registry] 
New type domain.Langilea

[2021-05-11 22:04:59 #18 type] 
Type domain.Langilea is not enhanced.

[2021-05-11 22:04:59 #19 type.registry] 
New type domain.Administratzailea

[2021-05-11 22:04:59 #20 type] 
Type domain.Administratzailea is not enhanced.

[2021-05-11 22:04:59 #21 type.registry] 
New type java.util.Vector<java.lang.Object>

[2021-05-11 22:04:59 #22 type.registry] 
New type java.util.Vector<domain.Kuota>

[2021-05-11 22:04:59 #23 type.registry] 
New type java.util.Vector<java.lang.Double>

[2021-05-11 22:04:59 #24 type.registry] 
New type java.util.Vector<domain.Apostu>

------------------------------------------------------------------------------------------------------------------------

[2021-05-11 22:05:54 #1 store] 
Database 'C:\Users\Iker Sancho\eclipse-workspaceProiektua\Bets21\src\main\resources\bets.temp' has been recovered (tr. 1-13)

[2021-05-11 22:05:54 #2 store] 
Database 'C:\Users\Iker Sancho\eclipse-workspaceProiektua\Bets21\src\main\resources\bets.temp' is opened by 10080@DESKTOP-9IGFIE3

[2021-05-11 22:05:54 #3 type] 
Type domain.Question is not enhanced.

[2021-05-11 22:05:54 #4 type] 
Type domain.Kuota is not enhanced.

[2021-05-11 22:05:54 #5 type] 
Type domain.Event is not enhanced.

[2021-05-11 22:05:54 #6 type] 
Type domain.Emaitza is not enhanced.

[2021-05-11 22:05:54 #7 type] 
Type domain.Apostu is not enhanced.

[2021-05-11 22:05:54 #8 type] 
Type domain.Erabiltzailea is not enhanced.

[2021-05-11 22:05:54 #9 type] 
Type domain.Erregistratua is not enhanced.

[2021-05-11 22:05:54 #10 type] 
Type domain.Langilea is not enhanced.

[2021-05-11 22:05:54 #11 type] 
Type domain.Administratzailea is not enhanced.

------------------------------------------------------------------------------------------------------------------------

[2021-05-11 22:08:28 #1 store] 
Database 'C:\Users\Iker Sancho\eclipse-workspaceProiektua\Bets21\src\main\resources\bets.temp' has been recovered (tr. 14-14)

[2021-05-11 22:08:29 #2 store] 
Database 'C:\Users\Iker Sancho\eclipse-workspaceProiektua\Bets21\src\main\resources\bets.temp' is opened by 11256@DESKTOP-9IGFIE3

[2021-05-11 22:08:29 #3 type] 
Type domain.Question is not enhanced.

[2021-05-11 22:08:29 #4 type] 
Type domain.Kuota is not enhanced.

[2021-05-11 22:08:29 #5 type] 
Type domain.Event is not enhanced.

[2021-05-11 22:08:29 #6 type] 
Type domain.Emaitza is not enhanced.

[2021-05-11 22:08:29 #7 type] 
Type domain.Apostu is not enhanced.

[2021-05-11 22:08:29 #8 type] 
Type domain.Erabiltzailea is not enhanced.

[2021-05-11 22:08:29 #9 type] 
Type domain.Erregistratua is not enhanced.

[2021-05-11 22:08:29 #10 type] 
Type domain.Langilea is not enhanced.

[2021-05-11 22:08:29 #11 type] 
Type domain.Administratzailea is not enhanced.

------------------------------------------------------------------------------------------------------------------------

[2021-05-11 22:11:33 #1 store] 
Database 'C:\Users\Iker Sancho\eclipse-workspaceProiektua\Bets21\src\main\resources\bets.temp' is opened by 12624@DESKTOP-9IGFIE3

[2021-05-11 22:11:33 #2 type.registry] 
New type domain.Question

[2021-05-11 22:11:33 #3 type] 
Type domain.Question is not enhanced.

[2021-05-11 22:11:33 #4 type.registry] 
New type domain.Kuota

[2021-05-11 22:11:33 #5 type.registry] 
New type domain.Event

[2021-05-11 22:11:33 #6 type] 
Type domain.Kuota is not enhanced.

[2021-05-11 22:11:33 #7 type.registry] 
New type domain.Emaitza

[2021-05-11 22:11:33 #8 type.registry] 
New type domain.Apostu

[2021-05-11 22:11:33 #9 type] 
Type domain.Event is not enhanced.

[2021-05-11 22:11:33 #10 type.registry] 
New type java.util.Vector<domain.Question>

[2021-05-11 22:11:33 #11 type] 
Type domain.Emaitza is not enhanced.

[2021-05-11 22:11:33 #12 type] 
Type domain.Apostu is not enhanced.

[2021-05-11 22:11:33 #13 type.registry] 
New type domain.Erabiltzailea

[2021-05-11 22:11:33 #14 type.registry] 
New type domain.Erregistratua

[2021-05-11 22:11:33 #15 type] 
Type domain.Erabiltzailea is not enhanced.

[2021-05-11 22:11:33 #16 type] 
Type domain.Erregistratua is not enhanced.

[2021-05-11 22:11:33 #17 type.registry] 
New type domain.Langilea

[2021-05-11 22:11:33 #18 type] 
Type domain.Langilea is not enhanced.

[2021-05-11 22:11:33 #19 type.registry] 
New type domain.Administratzailea

[2021-05-11 22:11:33 #20 type] 
Type domain.Administratzailea is not enhanced.

[2021-05-11 22:11:33 #21 type.registry] 
New type java.util.Vector<java.lang.Object>

[2021-05-11 22:11:33 #22 type.registry] 
New type java.util.Vector<domain.Kuota>

[2021-05-11 22:11:33 #23 type.registry] 
New type java.util.Vector<java.lang.Double>

[2021-05-11 22:11:33 #24 type.registry] 
New type java.util.Vector<domain.Apostu>

------------------------------------------------------------------------------------------------------------------------

[2021-05-11 22:12:08 #1 store] 
Database 'C:\Users\Iker Sancho\eclipse-workspaceProiektua\Bets21\src\main\resources\bets.temp' has been recovered (tr. 1-13)

[2021-05-11 22:12:08 #2 store] 
Database 'C:\Users\Iker Sancho\eclipse-workspaceProiektua\Bets21\src\main\resources\bets.temp' is opened by 2904@DESKTOP-9IGFIE3

[2021-05-11 22:12:08 #3 type] 
Type domain.Question is not enhanced.

[2021-05-11 22:12:08 #4 type] 
Type domain.Kuota is not enhanced.

[2021-05-11 22:12:08 #5 type] 
Type domain.Event is not enhanced.

[2021-05-11 22:12:08 #6 type] 
Type domain.Emaitza is not enhanced.

[2021-05-11 22:12:08 #7 type] 
Type domain.Apostu is not enhanced.

[2021-05-11 22:12:08 #8 type] 
Type domain.Erabiltzailea is not enhanced.

[2021-05-11 22:12:08 #9 type] 
Type domain.Erregistratua is not enhanced.

[2021-05-11 22:12:08 #10 type] 
Type domain.Langilea is not enhanced.

[2021-05-11 22:12:08 #11 type] 
Type domain.Administratzailea is not enhanced.

------------------------------------------------------------------------------------------------------------------------

[2021-05-11 22:14:00 #1 store] 
Database 'C:\Users\Iker Sancho\eclipse-workspaceProiektua\Bets21\src\main\resources\bets.temp' has been recovered (tr. 14-16)

[2021-05-11 22:14:00 #2 store] 
Database 'C:\Users\Iker Sancho\eclipse-workspaceProiektua\Bets21\src\main\resources\bets.temp' is opened by 3824@DESKTOP-9IGFIE3

[2021-05-11 22:14:00 #3 type] 
Type domain.Question is not enhanced.

[2021-05-11 22:14:00 #4 type] 
Type domain.Kuota is not enhanced.

[2021-05-11 22:14:00 #5 type] 
Type domain.Event is not enhanced.

[2021-05-11 22:14:00 #6 type] 
Type domain.Emaitza is not enhanced.

[2021-05-11 22:14:00 #7 type] 
Type domain.Apostu is not enhanced.

[2021-05-11 22:14:00 #8 type] 
Type domain.Erabiltzailea is not enhanced.

[2021-05-11 22:14:00 #9 type] 
Type domain.Erregistratua is not enhanced.

[2021-05-11 22:14:00 #10 type] 
Type domain.Langilea is not enhanced.

[2021-05-11 22:14:00 #11 type] 
Type domain.Administratzailea is not enhanced.

------------------------------------------------------------------------------------------------------------------------

[2021-05-11 22:22:42 #1 store] 
Database 'C:\Users\Iker Sancho\eclipse-workspaceProiektua\Bets21\src\main\resources\bets.temp' is opened by 12832@DESKTOP-9IGFIE3

[2021-05-11 22:22:42 #2 type.registry] 
New type domain.Question

[2021-05-11 22:22:42 #3 type] 
Type domain.Question is not enhanced.

[2021-05-11 22:22:42 #4 type.registry] 
New type domain.Kuota

[2021-05-11 22:22:42 #5 type.registry] 
New type domain.Event

[2021-05-11 22:22:42 #6 type] 
Type domain.Kuota is not enhanced.

[2021-05-11 22:22:42 #7 type.registry] 
New type domain.Emaitza

[2021-05-11 22:22:42 #8 type.registry] 
New type domain.Apostu

[2021-05-11 22:22:42 #9 type] 
Type domain.Event is not enhanced.

[2021-05-11 22:22:42 #10 type.registry] 
New type java.util.Vector<domain.Question>

[2021-05-11 22:22:42 #11 type] 
Type domain.Emaitza is not enhanced.

[2021-05-11 22:22:42 #12 type] 
Type domain.Apostu is not enhanced.

[2021-05-11 22:22:42 #13 type.registry] 
New type domain.Erabiltzailea

[2021-05-11 22:22:42 #14 type.registry] 
New type domain.Erregistratua

[2021-05-11 22:22:42 #15 type] 
Type domain.Erabiltzailea is not enhanced.

[2021-05-11 22:22:42 #16 type] 
Type domain.Erregistratua is not enhanced.

[2021-05-11 22:22:42 #17 type.registry] 
New type domain.Langilea

[2021-05-11 22:22:42 #18 type] 
Type domain.Langilea is not enhanced.

[2021-05-11 22:22:42 #19 type.registry] 
New type domain.Administratzailea

[2021-05-11 22:22:42 #20 type] 
Type domain.Administratzailea is not enhanced.

[2021-05-11 22:22:42 #21 type.registry] 
New type java.util.Vector<java.lang.Object>

[2021-05-11 22:22:42 #22 type.registry] 
New type java.util.Vector<domain.Kuota>

[2021-05-11 22:22:42 #23 type.registry] 
New type java.util.Vector<java.lang.Double>

[2021-05-11 22:22:42 #24 type.registry] 
New type java.util.Vector<domain.Apostu>

------------------------------------------------------------------------------------------------------------------------

[2021-05-11 22:23:22 #1 store] 
Database 'C:\Users\Iker Sancho\eclipse-workspaceProiektua\Bets21\src\main\resources\bets.temp' is opened by 7316@DESKTOP-9IGFIE3

[2021-05-11 22:23:22 #2 type.registry] 
New type domain.Question

[2021-05-11 22:23:22 #3 type] 
Type domain.Question is not enhanced.

[2021-05-11 22:23:22 #4 type.registry] 
New type domain.Kuota

[2021-05-11 22:23:22 #5 type.registry] 
New type domain.Event

[2021-05-11 22:23:22 #6 type] 
Type domain.Kuota is not enhanced.

[2021-05-11 22:23:22 #7 type.registry] 
New type domain.Emaitza

[2021-05-11 22:23:22 #8 type.registry] 
New type domain.Apostu

[2021-05-11 22:23:22 #9 type] 
Type domain.Event is not enhanced.

[2021-05-11 22:23:22 #10 type.registry] 
New type java.util.Vector<domain.Question>

[2021-05-11 22:23:22 #11 type] 
Type domain.Emaitza is not enhanced.

[2021-05-11 22:23:22 #12 type] 
Type domain.Apostu is not enhanced.

[2021-05-11 22:23:22 #13 type.registry] 
New type domain.Erabiltzailea

[2021-05-11 22:23:22 #14 type.registry] 
New type domain.Erregistratua

[2021-05-11 22:23:22 #15 type] 
Type domain.Erabiltzailea is not enhanced.

[2021-05-11 22:23:22 #16 type] 
Type domain.Erregistratua is not enhanced.

[2021-05-11 22:23:22 #17 type.registry] 
New type domain.Langilea

[2021-05-11 22:23:22 #18 type] 
Type domain.Langilea is not enhanced.

[2021-05-11 22:23:22 #19 type.registry] 
New type domain.Administratzailea

[2021-05-11 22:23:22 #20 type] 
Type domain.Administratzailea is not enhanced.

[2021-05-11 22:23:22 #21 type.registry] 
New type java.util.Vector<java.lang.Object>

[2021-05-11 22:23:22 #22 type.registry] 
New type java.util.Vector<domain.Kuota>

[2021-05-11 22:23:22 #23 type.registry] 
New type java.util.Vector<java.lang.Double>

[2021-05-11 22:23:22 #24 type.registry] 
New type java.util.Vector<domain.Apostu>

------------------------------------------------------------------------------------------------------------------------

[2021-05-11 22:24:11 #1 store] 
Database 'C:\Users\Iker Sancho\eclipse-workspaceProiektua\Bets21\src\main\resources\bets.temp' has been recovered (tr. 1-13)

[2021-05-11 22:24:11 #2 store] 
Database 'C:\Users\Iker Sancho\eclipse-workspaceProiektua\Bets21\src\main\resources\bets.temp' is opened by 11548@DESKTOP-9IGFIE3

[2021-05-11 22:24:11 #3 type] 
Type domain.Question is not enhanced.

[2021-05-11 22:24:11 #4 type] 
Type domain.Kuota is not enhanced.

[2021-05-11 22:24:11 #5 type] 
Type domain.Event is not enhanced.

[2021-05-11 22:24:11 #6 type] 
Type domain.Emaitza is not enhanced.

[2021-05-11 22:24:11 #7 type] 
Type domain.Apostu is not enhanced.

[2021-05-11 22:24:11 #8 type] 
Type domain.Erabiltzailea is not enhanced.

[2021-05-11 22:24:11 #9 type] 
Type domain.Erregistratua is not enhanced.

[2021-05-11 22:24:11 #10 type] 
Type domain.Langilea is not enhanced.

[2021-05-11 22:24:11 #11 type] 
Type domain.Administratzailea is not enhanced.

------------------------------------------------------------------------------------------------------------------------

[2021-05-11 22:25:01 #1 store] 
Database 'C:\Users\Iker Sancho\eclipse-workspaceProiektua\Bets21\src\main\resources\bets.temp' is opened by 20536@DESKTOP-9IGFIE3

[2021-05-11 22:25:01 #2 type] 
Type domain.Question is not enhanced.

[2021-05-11 22:25:01 #3 type] 
Type domain.Kuota is not enhanced.

[2021-05-11 22:25:01 #4 type] 
Type domain.Event is not enhanced.

[2021-05-11 22:25:01 #5 type] 
Type domain.Emaitza is not enhanced.

[2021-05-11 22:25:01 #6 type] 
Type domain.Apostu is not enhanced.

[2021-05-11 22:25:01 #7 type] 
Type domain.Erabiltzailea is not enhanced.

[2021-05-11 22:25:01 #8 type] 
Type domain.Erregistratua is not enhanced.

[2021-05-11 22:25:01 #9 type] 
Type domain.Langilea is not enhanced.

[2021-05-11 22:25:01 #10 type] 
Type domain.Administratzailea is not enhanced.

------------------------------------------------------------------------------------------------------------------------

[2021-05-11 22:29:48 #1 store] 
Database 'C:\Users\Iker Sancho\eclipse-workspaceProiektua\Bets21\src\main\resources\bets.temp' has been recovered (tr. 14-14)

[2021-05-11 22:29:48 #2 store] 
Database 'C:\Users\Iker Sancho\eclipse-workspaceProiektua\Bets21\src\main\resources\bets.temp' is opened by 14564@DESKTOP-9IGFIE3

[2021-05-11 22:29:48 #3 type] 
Type domain.Question is not enhanced.

[2021-05-11 22:29:48 #4 type] 
Type domain.Kuota is not enhanced.

[2021-05-11 22:29:48 #5 type] 
Type domain.Event is not enhanced.

[2021-05-11 22:29:48 #6 type] 
Type domain.Emaitza is not enhanced.

[2021-05-11 22:29:48 #7 type] 
Type domain.Apostu is not enhanced.

[2021-05-11 22:29:48 #8 type] 
Type domain.Erabiltzailea is not enhanced.

[2021-05-11 22:29:48 #9 type] 
Type domain.Erregistratua is not enhanced.

[2021-05-11 22:29:48 #10 type] 
Type domain.Langilea is not enhanced.

[2021-05-11 22:29:48 #11 type] 
Type domain.Administratzailea is not enhanced.

------------------------------------------------------------------------------------------------------------------------

[2021-05-11 22:30:00 #1 store] 
Database 'C:\Users\Iker Sancho\eclipse-workspaceProiektua\Bets21\src\main\resources\bets.temp' is opened by 9096@DESKTOP-9IGFIE3

[2021-05-11 22:30:00 #2 type] 
Type domain.Question is not enhanced.

[2021-05-11 22:30:00 #3 type] 
Type domain.Kuota is not enhanced.

[2021-05-11 22:30:00 #4 type] 
Type domain.Event is not enhanced.

[2021-05-11 22:30:00 #5 type] 
Type domain.Emaitza is not enhanced.

[2021-05-11 22:30:00 #6 type] 
Type domain.Apostu is not enhanced.

[2021-05-11 22:30:00 #7 type] 
Type domain.Erabiltzailea is not enhanced.

[2021-05-11 22:30:00 #8 type] 
Type domain.Erregistratua is not enhanced.

[2021-05-11 22:30:00 #9 type] 
Type domain.Langilea is not enhanced.

[2021-05-11 22:30:00 #10 type] 
Type domain.Administratzailea is not enhanced.

------------------------------------------------------------------------------------------------------------------------

[2021-05-11 22:31:02 #1 store] 
Database 'C:\Users\Iker Sancho\eclipse-workspaceProiektua\Bets21\src\main\resources\bets.temp' is opened by 19424@DESKTOP-9IGFIE3

[2021-05-11 22:31:03 #2 type] 
Type domain.Question is not enhanced.

[2021-05-11 22:31:03 #3 type] 
Type domain.Kuota is not enhanced.

[2021-05-11 22:31:03 #4 type] 
Type domain.Event is not enhanced.

[2021-05-11 22:31:03 #5 type] 
Type domain.Emaitza is not enhanced.

[2021-05-11 22:31:03 #6 type] 
Type domain.Apostu is not enhanced.

[2021-05-11 22:31:03 #7 type] 
Type domain.Erabiltzailea is not enhanced.

[2021-05-11 22:31:03 #8 type] 
Type domain.Erregistratua is not enhanced.

[2021-05-11 22:31:03 #9 type] 
Type domain.Langilea is not enhanced.

[2021-05-11 22:31:03 #10 type] 
Type domain.Administratzailea is not enhanced.

------------------------------------------------------------------------------------------------------------------------

[2021-05-11 22:41:27 #1 store] 
Database 'C:\Users\Iker Sancho\eclipse-workspaceProiektua\Bets21\src\main\resources\bets.temp' has been recovered (tr. 15-18)

[2021-05-11 22:41:27 #2 store] 
Database 'C:\Users\Iker Sancho\eclipse-workspaceProiektua\Bets21\src\main\resources\bets.temp' is opened by 15272@DESKTOP-9IGFIE3

[2021-05-11 22:41:27 #3 type] 
Type domain.Question is not enhanced.

[2021-05-11 22:41:27 #4 type] 
Type domain.Kuota is not enhanced.

[2021-05-11 22:41:27 #5 type] 
Type domain.Event is not enhanced.

[2021-05-11 22:41:27 #6 type] 
Type domain.Emaitza is not enhanced.

[2021-05-11 22:41:27 #7 type] 
Type domain.Apostu is not enhanced.

[2021-05-11 22:41:27 #8 type] 
Type domain.Erabiltzailea is not enhanced.

[2021-05-11 22:41:27 #9 type] 
Type domain.Erregistratua is not enhanced.

[2021-05-11 22:41:27 #10 type] 
Type domain.Langilea is not enhanced.

[2021-05-11 22:41:27 #11 type] 
Type domain.Administratzailea is not enhanced.

------------------------------------------------------------------------------------------------------------------------

[2021-05-11 23:02:00 #1 store] 
Database 'C:\Users\Iker Sancho\eclipse-workspaceProiektua\Bets21\src\main\resources\bets.temp' is opened by 13220@DESKTOP-9IGFIE3

[2021-05-11 23:02:00 #2 type.registry] 
New type domain.Question

[2021-05-11 23:02:00 #3 type] 
Type domain.Question is not enhanced.

[2021-05-11 23:02:00 #4 type.registry] 
New type domain.Kuota

[2021-05-11 23:02:00 #5 type.registry] 
New type domain.Event

[2021-05-11 23:02:00 #6 type] 
Type domain.Kuota is not enhanced.

[2021-05-11 23:02:00 #7 type.registry] 
New type domain.Emaitza

[2021-05-11 23:02:00 #8 type.registry] 
New type domain.Apostu

[2021-05-11 23:02:00 #9 type] 
Type domain.Event is not enhanced.

[2021-05-11 23:02:00 #10 type.registry] 
New type java.util.Vector<domain.Question>

[2021-05-11 23:02:00 #11 type] 
Type domain.Emaitza is not enhanced.

[2021-05-11 23:02:00 #12 type] 
Type domain.Apostu is not enhanced.

[2021-05-11 23:02:00 #13 type.registry] 
New type domain.Erabiltzailea

[2021-05-11 23:02:00 #14 type.registry] 
New type domain.Erregistratua

[2021-05-11 23:02:00 #15 type] 
Type domain.Erabiltzailea is not enhanced.

[2021-05-11 23:02:00 #16 type] 
Type domain.Erregistratua is not enhanced.

[2021-05-11 23:02:00 #17 type.registry] 
New type domain.Langilea

[2021-05-11 23:02:00 #18 type] 
Type domain.Langilea is not enhanced.

[2021-05-11 23:02:00 #19 type.registry] 
New type domain.Administratzailea

[2021-05-11 23:02:00 #20 type] 
Type domain.Administratzailea is not enhanced.

[2021-05-11 23:02:00 #21 type.registry] 
New type java.util.Vector<java.lang.Object>

[2021-05-11 23:02:00 #22 type.registry] 
New type java.util.Vector<domain.Kuota>

[2021-05-11 23:02:00 #23 type.registry] 
New type java.util.Vector<java.lang.Double>

[2021-05-11 23:02:00 #24 type.registry] 
New type java.util.Vector<domain.Apostu>

[2021-05-11 23:02:19 #25 type.registry] 
New type java.util.Vector<domain.Erregistratua>

------------------------------------------------------------------------------------------------------------------------

[2021-05-11 23:02:49 #1 store] 
Database 'C:\Users\Iker Sancho\eclipse-workspaceProiektua\Bets21\src\main\resources\bets.temp' has been recovered (tr. 1-13)

[2021-05-11 23:02:49 #2 store] 
Database 'C:\Users\Iker Sancho\eclipse-workspaceProiektua\Bets21\src\main\resources\bets.temp' is opened by 21956@DESKTOP-9IGFIE3

[2021-05-11 23:02:49 #3 type] 
Type domain.Question is not enhanced.

[2021-05-11 23:02:49 #4 type] 
Type domain.Kuota is not enhanced.

[2021-05-11 23:02:49 #5 type] 
Type domain.Event is not enhanced.

[2021-05-11 23:02:49 #6 type] 
Type domain.Emaitza is not enhanced.

[2021-05-11 23:02:49 #7 type] 
Type domain.Apostu is not enhanced.

[2021-05-11 23:02:49 #8 type] 
Type domain.Erabiltzailea is not enhanced.

[2021-05-11 23:02:49 #9 type] 
Type domain.Erregistratua is not enhanced.

[2021-05-11 23:02:49 #10 type] 
Type domain.Langilea is not enhanced.

[2021-05-11 23:02:49 #11 type] 
Type domain.Administratzailea is not enhanced.

------------------------------------------------------------------------------------------------------------------------

[2021-05-11 23:03:34 #1 store] 
Database 'C:\Users\Iker Sancho\eclipse-workspaceProiektua\Bets21\src\main\resources\bets.temp' has been recovered (tr. 14-18)

[2021-05-11 23:03:34 #2 store] 
Database 'C:\Users\Iker Sancho\eclipse-workspaceProiektua\Bets21\src\main\resources\bets.temp' is opened by 19440@DESKTOP-9IGFIE3

[2021-05-11 23:03:34 #3 type] 
Type domain.Question is not enhanced.

[2021-05-11 23:03:34 #4 type] 
Type domain.Kuota is not enhanced.

[2021-05-11 23:03:34 #5 type] 
Type domain.Event is not enhanced.

[2021-05-11 23:03:34 #6 type] 
Type domain.Emaitza is not enhanced.

[2021-05-11 23:03:34 #7 type] 
Type domain.Apostu is not enhanced.

[2021-05-11 23:03:34 #8 type] 
Type domain.Erabiltzailea is not enhanced.

[2021-05-11 23:03:34 #9 type] 
Type domain.Erregistratua is not enhanced.

[2021-05-11 23:03:34 #10 type] 
Type domain.Langilea is not enhanced.

[2021-05-11 23:03:34 #11 type] 
Type domain.Administratzailea is not enhanced.

------------------------------------------------------------------------------------------------------------------------

[2021-05-11 23:04:32 #1 store] 
Database 'C:\Users\Iker Sancho\eclipse-workspaceProiektua\Bets21\src\main\resources\bets.temp' is opened by 13308@DESKTOP-9IGFIE3

[2021-05-11 23:04:33 #2 type] 
Type domain.Question is not enhanced.

[2021-05-11 23:04:33 #3 type] 
Type domain.Kuota is not enhanced.

[2021-05-11 23:04:33 #4 type] 
Type domain.Event is not enhanced.

[2021-05-11 23:04:33 #5 type] 
Type domain.Emaitza is not enhanced.

[2021-05-11 23:04:33 #6 type] 
Type domain.Apostu is not enhanced.

[2021-05-11 23:04:33 #7 type] 
Type domain.Erabiltzailea is not enhanced.

[2021-05-11 23:04:33 #8 type] 
Type domain.Erregistratua is not enhanced.

[2021-05-11 23:04:33 #9 type] 
Type domain.Langilea is not enhanced.

[2021-05-11 23:04:33 #10 type] 
Type domain.Administratzailea is not enhanced.

------------------------------------------------------------------------------------------------------------------------

[2021-05-11 23:08:56 #1 store] 
Database 'C:\Users\Iker Sancho\eclipse-workspaceProiektua\Bets21\src\main\resources\bets.temp' is opened by 16452@DESKTOP-9IGFIE3

[2021-05-11 23:08:56 #2 type.registry] 
New type domain.Question

[2021-05-11 23:08:56 #3 type] 
Type domain.Question is not enhanced.

[2021-05-11 23:08:56 #4 type.registry] 
New type domain.Kuota

[2021-05-11 23:08:56 #5 type.registry] 
New type domain.Event

[2021-05-11 23:08:56 #6 type] 
Type domain.Kuota is not enhanced.

[2021-05-11 23:08:56 #7 type.registry] 
New type domain.Emaitza

[2021-05-11 23:08:56 #8 type.registry] 
New type domain.Apostu

[2021-05-11 23:08:56 #9 type] 
Type domain.Event is not enhanced.

[2021-05-11 23:08:56 #10 type.registry] 
New type java.util.Vector<domain.Question>

[2021-05-11 23:08:56 #11 type] 
Type domain.Emaitza is not enhanced.

[2021-05-11 23:08:56 #12 type] 
Type domain.Apostu is not enhanced.

[2021-05-11 23:08:56 #13 type.registry] 
New type domain.Erabiltzailea

[2021-05-11 23:08:56 #14 type.registry] 
New type domain.Erregistratua

[2021-05-11 23:08:56 #15 type] 
Type domain.Erabiltzailea is not enhanced.

[2021-05-11 23:08:56 #16 type] 
Type domain.Erregistratua is not enhanced.

[2021-05-11 23:08:56 #17 type.registry] 
New type domain.Langilea

[2021-05-11 23:08:56 #18 type] 
Type domain.Langilea is not enhanced.

[2021-05-11 23:08:56 #19 type.registry] 
New type domain.Administratzailea

[2021-05-11 23:08:56 #20 type] 
Type domain.Administratzailea is not enhanced.

[2021-05-11 23:08:56 #21 type.registry] 
New type java.util.Vector<java.lang.Object>

[2021-05-11 23:08:56 #22 type.registry] 
New type java.util.Vector<domain.Kuota>

[2021-05-11 23:08:56 #23 type.registry] 
New type java.util.Vector<java.lang.Double>

[2021-05-11 23:08:56 #24 type.registry] 
New type java.util.Vector<domain.Apostu>

[2021-05-11 23:09:15 #25 type.registry] 
New type java.util.Vector<domain.Erregistratua>

------------------------------------------------------------------------------------------------------------------------

[2021-05-11 23:09:28 #1 store] 
Database 'C:\Users\Iker Sancho\eclipse-workspaceProiektua\Bets21\src\main\resources\bets.temp' has been recovered (tr. 1-13)

[2021-05-11 23:09:28 #2 store] 
Database 'C:\Users\Iker Sancho\eclipse-workspaceProiektua\Bets21\src\main\resources\bets.temp' is opened by 21540@DESKTOP-9IGFIE3

[2021-05-11 23:09:28 #3 type] 
Type domain.Question is not enhanced.

[2021-05-11 23:09:28 #4 type] 
Type domain.Kuota is not enhanced.

[2021-05-11 23:09:28 #5 type] 
Type domain.Event is not enhanced.

[2021-05-11 23:09:28 #6 type] 
Type domain.Emaitza is not enhanced.

[2021-05-11 23:09:28 #7 type] 
Type domain.Apostu is not enhanced.

[2021-05-11 23:09:28 #8 type] 
Type domain.Erabiltzailea is not enhanced.

[2021-05-11 23:09:28 #9 type] 
Type domain.Erregistratua is not enhanced.

[2021-05-11 23:09:28 #10 type] 
Type domain.Langilea is not enhanced.

[2021-05-11 23:09:28 #11 type] 
Type domain.Administratzailea is not enhanced.

------------------------------------------------------------------------------------------------------------------------

[2021-05-11 23:10:00 #1 store] 
Database 'C:\Users\Iker Sancho\eclipse-workspaceProiektua\Bets21\src\main\resources\bets.temp' has been recovered (tr. 14-18)

[2021-05-11 23:10:00 #2 store] 
Database 'C:\Users\Iker Sancho\eclipse-workspaceProiektua\Bets21\src\main\resources\bets.temp' is opened by 13204@DESKTOP-9IGFIE3

[2021-05-11 23:10:00 #3 type] 
Type domain.Question is not enhanced.

[2021-05-11 23:10:00 #4 type] 
Type domain.Kuota is not enhanced.

[2021-05-11 23:10:00 #5 type] 
Type domain.Event is not enhanced.

[2021-05-11 23:10:00 #6 type] 
Type domain.Emaitza is not enhanced.

[2021-05-11 23:10:00 #7 type] 
Type domain.Apostu is not enhanced.

[2021-05-11 23:10:00 #8 type] 
Type domain.Erabiltzailea is not enhanced.

[2021-05-11 23:10:00 #9 type] 
Type domain.Erregistratua is not enhanced.

[2021-05-11 23:10:00 #10 type] 
Type domain.Langilea is not enhanced.

[2021-05-11 23:10:00 #11 type] 
Type domain.Administratzailea is not enhanced.

------------------------------------------------------------------------------------------------------------------------

[2021-05-11 23:10:11 #1 store] 
Database 'C:\Users\Iker Sancho\eclipse-workspaceProiektua\Bets21\src\main\resources\bets.temp' is opened by 13112@DESKTOP-9IGFIE3

[2021-05-11 23:10:11 #2 type] 
Type domain.Question is not enhanced.

[2021-05-11 23:10:11 #3 type] 
Type domain.Kuota is not enhanced.

[2021-05-11 23:10:11 #4 type] 
Type domain.Event is not enhanced.

[2021-05-11 23:10:11 #5 type] 
Type domain.Emaitza is not enhanced.

[2021-05-11 23:10:11 #6 type] 
Type domain.Apostu is not enhanced.

[2021-05-11 23:10:11 #7 type] 
Type domain.Erabiltzailea is not enhanced.

[2021-05-11 23:10:11 #8 type] 
Type domain.Erregistratua is not enhanced.

[2021-05-11 23:10:11 #9 type] 
Type domain.Langilea is not enhanced.

[2021-05-11 23:10:11 #10 type] 
Type domain.Administratzailea is not enhanced.

------------------------------------------------------------------------------------------------------------------------

[2021-05-11 23:10:34 #1 store] 
Database 'C:\Users\Iker Sancho\eclipse-workspaceProiektua\Bets21\src\main\resources\bets.temp' has been recovered (tr. 19-23)

[2021-05-11 23:10:34 #2 store] 
Database 'C:\Users\Iker Sancho\eclipse-workspaceProiektua\Bets21\src\main\resources\bets.temp' is opened by 7480@DESKTOP-9IGFIE3

[2021-05-11 23:10:34 #3 type] 
Type domain.Question is not enhanced.

[2021-05-11 23:10:34 #4 type] 
Type domain.Kuota is not enhanced.

[2021-05-11 23:10:34 #5 type] 
Type domain.Event is not enhanced.

[2021-05-11 23:10:34 #6 type] 
Type domain.Emaitza is not enhanced.

[2021-05-11 23:10:34 #7 type] 
Type domain.Apostu is not enhanced.

[2021-05-11 23:10:34 #8 type] 
Type domain.Erabiltzailea is not enhanced.

[2021-05-11 23:10:34 #9 type] 
Type domain.Erregistratua is not enhanced.

[2021-05-11 23:10:34 #10 type] 
Type domain.Langilea is not enhanced.

[2021-05-11 23:10:34 #11 type] 
Type domain.Administratzailea is not enhanced.

------------------------------------------------------------------------------------------------------------------------

[2021-05-11 23:10:42 #1 store] 
Database 'C:\Users\Iker Sancho\eclipse-workspaceProiektua\Bets21\src\main\resources\bets.temp' is opened by 14596@DESKTOP-9IGFIE3

[2021-05-11 23:10:42 #2 type] 
Type domain.Question is not enhanced.

[2021-05-11 23:10:42 #3 type] 
Type domain.Kuota is not enhanced.

[2021-05-11 23:10:42 #4 type] 
Type domain.Event is not enhanced.

[2021-05-11 23:10:42 #5 type] 
Type domain.Emaitza is not enhanced.

[2021-05-11 23:10:42 #6 type] 
Type domain.Apostu is not enhanced.

[2021-05-11 23:10:42 #7 type] 
Type domain.Erabiltzailea is not enhanced.

[2021-05-11 23:10:42 #8 type] 
Type domain.Erregistratua is not enhanced.

[2021-05-11 23:10:42 #9 type] 
Type domain.Langilea is not enhanced.

[2021-05-11 23:10:42 #10 type] 
Type domain.Administratzailea is not enhanced.

------------------------------------------------------------------------------------------------------------------------

[2021-05-11 23:43:08 #1 store] 
Database 'C:\Users\Iker Sancho\eclipse-workspaceProiektua\Bets21\src\main\resources\bets.temp' is opened by 15776@DESKTOP-9IGFIE3

[2021-05-11 23:43:08 #2 type.registry] 
New type domain.Question

[2021-05-11 23:43:08 #3 type] 
Type domain.Question is not enhanced.

[2021-05-11 23:43:08 #4 type.registry] 
New type domain.Kuota

[2021-05-11 23:43:08 #5 type.registry] 
New type domain.Event

[2021-05-11 23:43:08 #6 type] 
Type domain.Kuota is not enhanced.

[2021-05-11 23:43:08 #7 type.registry] 
New type domain.Emaitza

[2021-05-11 23:43:08 #8 type.registry] 
New type domain.Apostu

[2021-05-11 23:43:08 #9 type] 
Type domain.Event is not enhanced.

[2021-05-11 23:43:08 #10 type.registry] 
New type java.util.Vector<domain.Question>

[2021-05-11 23:43:08 #11 type] 
Type domain.Emaitza is not enhanced.

[2021-05-11 23:43:08 #12 type] 
Type domain.Apostu is not enhanced.

[2021-05-11 23:43:08 #13 type.registry] 
New type domain.Erabiltzailea

[2021-05-11 23:43:08 #14 type.registry] 
New type domain.Erregistratua

[2021-05-11 23:43:08 #15 type] 
Type domain.Erabiltzailea is not enhanced.

[2021-05-11 23:43:08 #16 type] 
Type domain.Erregistratua is not enhanced.

[2021-05-11 23:43:08 #17 type.registry] 
New type domain.Langilea

[2021-05-11 23:43:08 #18 type] 
Type domain.Langilea is not enhanced.

[2021-05-11 23:43:08 #19 type.registry] 
New type domain.Administratzailea

[2021-05-11 23:43:08 #20 type] 
Type domain.Administratzailea is not enhanced.

[2021-05-11 23:43:08 #21 type.registry] 
New type java.util.Vector<java.lang.Object>

[2021-05-11 23:43:08 #22 type.registry] 
New type java.util.Vector<domain.Kuota>

[2021-05-11 23:43:08 #23 type.registry] 
New type java.util.Vector<java.lang.Double>

[2021-05-11 23:43:08 #24 type.registry] 
New type java.util.Vector<domain.Apostu>

[2021-05-11 23:43:18 #25 type.registry] 
New type java.util.Vector<domain.Erregistratua>

------------------------------------------------------------------------------------------------------------------------

[2021-05-11 23:43:34 #1 store] 
Database 'C:\Users\Iker Sancho\eclipse-workspaceProiektua\Bets21\src\main\resources\bets.temp' has been recovered (tr. 1-13)

[2021-05-11 23:43:34 #2 store] 
Database 'C:\Users\Iker Sancho\eclipse-workspaceProiektua\Bets21\src\main\resources\bets.temp' is opened by 13024@DESKTOP-9IGFIE3

[2021-05-11 23:43:34 #3 type] 
Type domain.Question is not enhanced.

[2021-05-11 23:43:34 #4 type] 
Type domain.Kuota is not enhanced.

[2021-05-11 23:43:34 #5 type] 
Type domain.Event is not enhanced.

[2021-05-11 23:43:34 #6 type] 
Type domain.Emaitza is not enhanced.

[2021-05-11 23:43:34 #7 type] 
Type domain.Apostu is not enhanced.

[2021-05-11 23:43:34 #8 type] 
Type domain.Erabiltzailea is not enhanced.

[2021-05-11 23:43:34 #9 type] 
Type domain.Erregistratua is not enhanced.

[2021-05-11 23:43:34 #10 type] 
Type domain.Langilea is not enhanced.

[2021-05-11 23:43:34 #11 type] 
Type domain.Administratzailea is not enhanced.

------------------------------------------------------------------------------------------------------------------------

[2021-05-11 23:44:05 #1 store] 
Database 'C:\Users\Iker Sancho\eclipse-workspaceProiektua\Bets21\src\main\resources\bets.temp' has been recovered (tr. 14-14)

[2021-05-11 23:44:05 #2 store] 
Database 'C:\Users\Iker Sancho\eclipse-workspaceProiektua\Bets21\src\main\resources\bets.temp' is opened by 15924@DESKTOP-9IGFIE3

[2021-05-11 23:44:05 #3 type] 
Type domain.Question is not enhanced.

[2021-05-11 23:44:05 #4 type] 
Type domain.Kuota is not enhanced.

[2021-05-11 23:44:05 #5 type] 
Type domain.Event is not enhanced.

[2021-05-11 23:44:05 #6 type] 
Type domain.Emaitza is not enhanced.

[2021-05-11 23:44:05 #7 type] 
Type domain.Apostu is not enhanced.

[2021-05-11 23:44:05 #8 type] 
Type domain.Erabiltzailea is not enhanced.

[2021-05-11 23:44:05 #9 type] 
Type domain.Erregistratua is not enhanced.

[2021-05-11 23:44:05 #10 type] 
Type domain.Langilea is not enhanced.

[2021-05-11 23:44:05 #11 type] 
Type domain.Administratzailea is not enhanced.

------------------------------------------------------------------------------------------------------------------------

[2021-05-11 23:44:10 #1 store] 
Database 'C:\Users\Iker Sancho\eclipse-workspaceProiektua\Bets21\src\main\resources\bets.temp' is opened by 6028@DESKTOP-9IGFIE3

[2021-05-11 23:44:10 #2 type] 
Type domain.Question is not enhanced.

[2021-05-11 23:44:10 #3 type] 
Type domain.Kuota is not enhanced.

[2021-05-11 23:44:10 #4 type] 
Type domain.Event is not enhanced.

[2021-05-11 23:44:10 #5 type] 
Type domain.Emaitza is not enhanced.

[2021-05-11 23:44:10 #6 type] 
Type domain.Apostu is not enhanced.

[2021-05-11 23:44:10 #7 type] 
Type domain.Erabiltzailea is not enhanced.

[2021-05-11 23:44:10 #8 type] 
Type domain.Erregistratua is not enhanced.

[2021-05-11 23:44:10 #9 type] 
Type domain.Langilea is not enhanced.

[2021-05-11 23:44:10 #10 type] 
Type domain.Administratzailea is not enhanced.

------------------------------------------------------------------------------------------------------------------------

[2021-05-11 23:44:40 #1 store] 
Database 'C:\Users\Iker Sancho\eclipse-workspaceProiektua\Bets21\src\main\resources\bets.temp' has been recovered (tr. 15-18)

[2021-05-11 23:44:40 #2 store] 
Database 'C:\Users\Iker Sancho\eclipse-workspaceProiektua\Bets21\src\main\resources\bets.temp' is opened by 13436@DESKTOP-9IGFIE3

[2021-05-11 23:44:40 #3 type] 
Type domain.Question is not enhanced.

[2021-05-11 23:44:40 #4 type] 
Type domain.Kuota is not enhanced.

[2021-05-11 23:44:40 #5 type] 
Type domain.Event is not enhanced.

[2021-05-11 23:44:40 #6 type] 
Type domain.Emaitza is not enhanced.

[2021-05-11 23:44:40 #7 type] 
Type domain.Apostu is not enhanced.

[2021-05-11 23:44:40 #8 type] 
Type domain.Erabiltzailea is not enhanced.

[2021-05-11 23:44:40 #9 type] 
Type domain.Erregistratua is not enhanced.

[2021-05-11 23:44:40 #10 type] 
Type domain.Langilea is not enhanced.

[2021-05-11 23:44:40 #11 type] 
Type domain.Administratzailea is not enhanced.

------------------------------------------------------------------------------------------------------------------------

[2021-05-11 23:44:58 #1 store] 
Database 'C:\Users\Iker Sancho\eclipse-workspaceProiektua\Bets21\src\main\resources\bets.temp' is opened by 9672@DESKTOP-9IGFIE3

[2021-05-11 23:44:58 #2 type] 
Type domain.Question is not enhanced.

[2021-05-11 23:44:58 #3 type] 
Type domain.Kuota is not enhanced.

[2021-05-11 23:44:58 #4 type] 
Type domain.Event is not enhanced.

[2021-05-11 23:44:58 #5 type] 
Type domain.Emaitza is not enhanced.

[2021-05-11 23:44:58 #6 type] 
Type domain.Apostu is not enhanced.

[2021-05-11 23:44:58 #7 type] 
Type domain.Erabiltzailea is not enhanced.

[2021-05-11 23:44:58 #8 type] 
Type domain.Erregistratua is not enhanced.

[2021-05-11 23:44:58 #9 type] 
Type domain.Langilea is not enhanced.

[2021-05-11 23:44:58 #10 type] 
Type domain.Administratzailea is not enhanced.

------------------------------------------------------------------------------------------------------------------------

[2021-05-11 23:45:19 #1 store] 
Database 'C:\Users\Iker Sancho\eclipse-workspaceProiektua\Bets21\src\main\resources\bets.temp' has been recovered (tr. 19-23)

[2021-05-11 23:45:19 #2 store] 
Database 'C:\Users\Iker Sancho\eclipse-workspaceProiektua\Bets21\src\main\resources\bets.temp' is opened by 19768@DESKTOP-9IGFIE3

[2021-05-11 23:45:19 #3 type] 
Type domain.Question is not enhanced.

[2021-05-11 23:45:19 #4 type] 
Type domain.Kuota is not enhanced.

[2021-05-11 23:45:19 #5 type] 
Type domain.Event is not enhanced.

[2021-05-11 23:45:19 #6 type] 
Type domain.Emaitza is not enhanced.

[2021-05-11 23:45:19 #7 type] 
Type domain.Apostu is not enhanced.

[2021-05-11 23:45:19 #8 type] 
Type domain.Erabiltzailea is not enhanced.

[2021-05-11 23:45:19 #9 type] 
Type domain.Erregistratua is not enhanced.

[2021-05-11 23:45:19 #10 type] 
Type domain.Langilea is not enhanced.

[2021-05-11 23:45:19 #11 type] 
Type domain.Administratzailea is not enhanced.

------------------------------------------------------------------------------------------------------------------------

[2021-05-11 23:45:45 #1 store] 
Database 'C:\Users\Iker Sancho\eclipse-workspaceProiektua\Bets21\src\main\resources\bets.temp' is opened by 8300@DESKTOP-9IGFIE3

[2021-05-11 23:45:45 #2 type] 
Type domain.Question is not enhanced.

[2021-05-11 23:45:45 #3 type] 
Type domain.Kuota is not enhanced.

[2021-05-11 23:45:45 #4 type] 
Type domain.Event is not enhanced.

[2021-05-11 23:45:45 #5 type] 
Type domain.Emaitza is not enhanced.

[2021-05-11 23:45:45 #6 type] 
Type domain.Apostu is not enhanced.

[2021-05-11 23:45:45 #7 type] 
Type domain.Erabiltzailea is not enhanced.

[2021-05-11 23:45:45 #8 type] 
Type domain.Erregistratua is not enhanced.

[2021-05-11 23:45:45 #9 type] 
Type domain.Langilea is not enhanced.

[2021-05-11 23:45:45 #10 type] 
Type domain.Administratzailea is not enhanced.

------------------------------------------------------------------------------------------------------------------------

[2021-05-11 23:47:15 #1 store] 
Database 'C:\Users\Iker Sancho\eclipse-workspaceProiektua\Bets21\src\main\resources\bets.temp' is opened by 22232@DESKTOP-9IGFIE3

[2021-05-11 23:47:15 #2 type] 
Type domain.Question is not enhanced.

[2021-05-11 23:47:15 #3 type] 
Type domain.Kuota is not enhanced.

[2021-05-11 23:47:15 #4 type] 
Type domain.Event is not enhanced.

[2021-05-11 23:47:15 #5 type] 
Type domain.Emaitza is not enhanced.

[2021-05-11 23:47:15 #6 type] 
Type domain.Apostu is not enhanced.

[2021-05-11 23:47:15 #7 type] 
Type domain.Erabiltzailea is not enhanced.

[2021-05-11 23:47:15 #8 type] 
Type domain.Erregistratua is not enhanced.

[2021-05-11 23:47:15 #9 type] 
Type domain.Langilea is not enhanced.

[2021-05-11 23:47:15 #10 type] 
Type domain.Administratzailea is not enhanced.

------------------------------------------------------------------------------------------------------------------------

[2021-05-11 23:47:47 #1 store] 
Database 'C:\Users\Iker Sancho\eclipse-workspaceProiektua\Bets21\src\main\resources\bets.temp' is opened by 6960@DESKTOP-9IGFIE3

[2021-05-11 23:47:47 #2 type] 
Type domain.Question is not enhanced.

[2021-05-11 23:47:47 #3 type] 
Type domain.Kuota is not enhanced.

[2021-05-11 23:47:47 #4 type] 
Type domain.Event is not enhanced.

[2021-05-11 23:47:47 #5 type] 
Type domain.Emaitza is not enhanced.

[2021-05-11 23:47:47 #6 type] 
Type domain.Apostu is not enhanced.

[2021-05-11 23:47:47 #7 type] 
Type domain.Erabiltzailea is not enhanced.

[2021-05-11 23:47:47 #8 type] 
Type domain.Erregistratua is not enhanced.

[2021-05-11 23:47:47 #9 type] 
Type domain.Langilea is not enhanced.

[2021-05-11 23:47:47 #10 type] 
Type domain.Administratzailea is not enhanced.

------------------------------------------------------------------------------------------------------------------------

[2021-05-11 23:49:16 #1 store] 
Database 'C:\Users\Iker Sancho\eclipse-workspaceProiektua\Bets21\src\main\resources\bets.temp' is opened by 19356@DESKTOP-9IGFIE3

[2021-05-11 23:49:16 #2 type] 
Type domain.Question is not enhanced.

[2021-05-11 23:49:16 #3 type] 
Type domain.Kuota is not enhanced.

[2021-05-11 23:49:16 #4 type] 
Type domain.Event is not enhanced.

[2021-05-11 23:49:16 #5 type] 
Type domain.Emaitza is not enhanced.

[2021-05-11 23:49:16 #6 type] 
Type domain.Apostu is not enhanced.

[2021-05-11 23:49:16 #7 type] 
Type domain.Erabiltzailea is not enhanced.

[2021-05-11 23:49:16 #8 type] 
Type domain.Erregistratua is not enhanced.

[2021-05-11 23:49:16 #9 type] 
Type domain.Langilea is not enhanced.

[2021-05-11 23:49:16 #10 type] 
Type domain.Administratzailea is not enhanced.

------------------------------------------------------------------------------------------------------------------------

[2021-05-11 23:51:51 #1 store] 
Database 'C:\Users\Iker Sancho\eclipse-workspaceProiektua\Bets21\src\main\resources\bets.temp' is opened by 21120@DESKTOP-9IGFIE3

[2021-05-11 23:51:51 #2 type] 
Type domain.Question is not enhanced.

[2021-05-11 23:51:51 #3 type] 
Type domain.Kuota is not enhanced.

[2021-05-11 23:51:51 #4 type] 
Type domain.Event is not enhanced.

[2021-05-11 23:51:51 #5 type] 
Type domain.Emaitza is not enhanced.

[2021-05-11 23:51:51 #6 type] 
Type domain.Apostu is not enhanced.

[2021-05-11 23:51:51 #7 type] 
Type domain.Erabiltzailea is not enhanced.

[2021-05-11 23:51:51 #8 type] 
Type domain.Erregistratua is not enhanced.

[2021-05-11 23:51:51 #9 type] 
Type domain.Langilea is not enhanced.

[2021-05-11 23:51:51 #10 type] 
Type domain.Administratzailea is not enhanced.

