------------------------------------------------------------------------------------------------------------------------

[2021-04-07 16:37:42 #1 store] 
Database 'D:\OneDrive\Uni\SI1\Proiektua\Iterazioak\Bets21\src\main\resources\bets.temp' is opened by 9560@Mikel

[2021-04-07 16:37:42 #2 type] 
Type domain.Question is not enhanced.

[2021-04-07 16:37:42 #3 type] 
Type domain.Kuota is not enhanced.

[2021-04-07 16:37:42 #4 type] 
Type domain.Event is not enhanced.

[2021-04-07 16:37:42 #5 type] 
Type domain.Emaitza is not enhanced.

[2021-04-07 16:37:42 #6 type] 
Type domain.Apostu is not enhanced.

[2021-04-07 16:37:42 #7 type] 
Type domain.Erabiltzailea is not enhanced.

[2021-04-07 16:37:42 #8 type] 
Type domain.Erregistratua is not enhanced.

[2021-04-07 16:37:42 #9 type] 
Type domain.Langilea is not enhanced.

[2021-04-07 16:37:42 #10 type] 
Type domain.Administratzailea is not enhanced.

------------------------------------------------------------------------------------------------------------------------

[2021-04-07 16:37:59 #1 store] 
Database 'D:\OneDrive\Uni\SI1\Proiektua\Iterazioak\Bets21\src\main\resources\bets.temp' is opened by 2452@Mikel

[2021-04-07 16:38:00 #2 type] 
Type domain.Question is not enhanced.

[2021-04-07 16:38:00 #3 type] 
Type domain.Kuota is not enhanced.

[2021-04-07 16:38:00 #4 type] 
Type domain.Event is not enhanced.

[2021-04-07 16:38:00 #5 type] 
Type domain.Emaitza is not enhanced.

[2021-04-07 16:38:00 #6 type] 
Type domain.Apostu is not enhanced.

[2021-04-07 16:38:00 #7 type] 
Type domain.Erabiltzailea is not enhanced.

[2021-04-07 16:38:00 #8 type] 
Type domain.Erregistratua is not enhanced.

[2021-04-07 16:38:00 #9 type] 
Type domain.Langilea is not enhanced.

[2021-04-07 16:38:00 #10 type] 
Type domain.Administratzailea is not enhanced.

------------------------------------------------------------------------------------------------------------------------

[2021-04-07 16:38:32 #1 store] 
Database 'D:\OneDrive\Uni\SI1\Proiektua\Iterazioak\Bets21\src\main\resources\bets.temp' is opened by 2988@Mikel

[2021-04-07 16:38:32 #2 type] 
Type domain.Question is not enhanced.

[2021-04-07 16:38:32 #3 type] 
Type domain.Kuota is not enhanced.

[2021-04-07 16:38:32 #4 type] 
Type domain.Event is not enhanced.

[2021-04-07 16:38:32 #5 type] 
Type domain.Emaitza is not enhanced.

[2021-04-07 16:38:32 #6 type] 
Type domain.Apostu is not enhanced.

[2021-04-07 16:38:32 #7 type] 
Type domain.Erabiltzailea is not enhanced.

[2021-04-07 16:38:32 #8 type] 
Type domain.Erregistratua is not enhanced.

[2021-04-07 16:38:32 #9 type] 
Type domain.Langilea is not enhanced.

[2021-04-07 16:38:32 #10 type] 
Type domain.Administratzailea is not enhanced.

------------------------------------------------------------------------------------------------------------------------

[2021-04-07 16:41:37 #1 store] 
Database 'D:\OneDrive\Uni\SI1\Proiektua\Iterazioak\Bets21\src\main\resources\bets.temp' is opened by 1780@Mikel

[2021-04-07 16:41:37 #2 type] 
Type domain.Question is not enhanced.

[2021-04-07 16:41:37 #3 type] 
Type domain.Kuota is not enhanced.

[2021-04-07 16:41:37 #4 type] 
Type domain.Event is not enhanced.

[2021-04-07 16:41:37 #5 type] 
Type domain.Emaitza is not enhanced.

[2021-04-07 16:41:37 #6 type] 
Type domain.Apostu is not enhanced.

[2021-04-07 16:41:37 #7 type] 
Type domain.Erabiltzailea is not enhanced.

[2021-04-07 16:41:37 #8 type] 
Type domain.Erregistratua is not enhanced.

[2021-04-07 16:41:37 #9 type] 
Type domain.Langilea is not enhanced.

[2021-04-07 16:41:37 #10 type] 
Type domain.Administratzailea is not enhanced.

------------------------------------------------------------------------------------------------------------------------

[2021-04-07 17:00:49 #1 store] 
Database 'D:\OneDrive\Uni\SI1\Proiektua\Iterazioak\Bets21\src\main\resources\bets.temp' is opened by 5360@Mikel

[2021-04-07 17:00:49 #2 type] 
Type domain.Question is not enhanced.

[2021-04-07 17:00:49 #3 type] 
Type domain.Kuota is not enhanced.

[2021-04-07 17:00:49 #4 type] 
Type domain.Event is not enhanced.

[2021-04-07 17:00:49 #5 type] 
Type domain.Emaitza is not enhanced.

[2021-04-07 17:00:49 #6 type] 
Type domain.Apostu is not enhanced.

[2021-04-07 17:00:49 #7 type] 
Type domain.Erabiltzailea is not enhanced.

[2021-04-07 17:00:49 #8 type] 
Type domain.Erregistratua is not enhanced.

[2021-04-07 17:00:49 #9 type] 
Type domain.Langilea is not enhanced.

[2021-04-07 17:00:49 #10 type] 
Type domain.Administratzailea is not enhanced.

------------------------------------------------------------------------------------------------------------------------

[2021-04-07 17:01:37 #1 store] 
Database 'D:\OneDrive\Uni\SI1\Proiektua\Iterazioak\Bets21\src\main\resources\bets.temp' is opened by 11628@Mikel

[2021-04-07 17:01:37 #2 type] 
Type domain.Question is not enhanced.

[2021-04-07 17:01:37 #3 type] 
Type domain.Kuota is not enhanced.

[2021-04-07 17:01:37 #4 type] 
Type domain.Event is not enhanced.

[2021-04-07 17:01:37 #5 type] 
Type domain.Emaitza is not enhanced.

[2021-04-07 17:01:37 #6 type] 
Type domain.Apostu is not enhanced.

[2021-04-07 17:01:37 #7 type] 
Type domain.Erabiltzailea is not enhanced.

[2021-04-07 17:01:37 #8 type] 
Type domain.Erregistratua is not enhanced.

[2021-04-07 17:01:37 #9 type] 
Type domain.Langilea is not enhanced.

[2021-04-07 17:01:37 #10 type] 
Type domain.Administratzailea is not enhanced.

------------------------------------------------------------------------------------------------------------------------

[2021-04-07 17:43:21 #1 server] 
Server on port 6136 has started by 1636@Mikel

[2021-04-07 17:43:24 #2 store] 
Database 'D:\OneDrive\Uni\SI1\Proiektua\Iterazioak\Bets21\src\main\resources\db\src\main\resources\bets.temp' is opened by 1636@Mikel

------------------------------------------------------------------------------------------------------------------------

[2021-04-07 17:43:25 #1 type.registry] 
New type domain.Question

[2021-04-07 17:43:25 #2 type] 
Type domain.Question is not enhanced.

[2021-04-07 17:43:25 #3 type.registry] 
New type domain.Kuota

[2021-04-07 17:43:25 #4 type.registry] 
New type domain.Event

[2021-04-07 17:43:25 #5 type] 
Type domain.Kuota is not enhanced.

[2021-04-07 17:43:25 #6 type.registry] 
New type domain.Emaitza

[2021-04-07 17:43:25 #7 type.registry] 
New type domain.Apostu

[2021-04-07 17:43:25 #8 type] 
Type domain.Event is not enhanced.

[2021-04-07 17:43:25 #9 type.registry] 
New type java.util.Vector<domain.Question>

[2021-04-07 17:43:25 #10 type] 
Type domain.Emaitza is not enhanced.

[2021-04-07 17:43:25 #11 type] 
Type domain.Apostu is not enhanced.

[2021-04-07 17:43:25 #12 type.registry] 
New type domain.Erabiltzailea

[2021-04-07 17:43:25 #13 type.registry] 
New type domain.Erregistratua

[2021-04-07 17:43:25 #14 type] 
Type domain.Erabiltzailea is not enhanced.

[2021-04-07 17:43:25 #15 type] 
Type domain.Erregistratua is not enhanced.

[2021-04-07 17:43:25 #16 type.registry] 
New type domain.Langilea

[2021-04-07 17:43:25 #17 type] 
Type domain.Langilea is not enhanced.

[2021-04-07 17:43:25 #18 type.registry] 
New type domain.Administratzailea

[2021-04-07 17:43:25 #19 type] 
Type domain.Administratzailea is not enhanced.

[2021-04-07 17:43:25 #20 type.registry] 
New type java.util.Vector<java.lang.Object>

[2021-04-07 17:43:25 #21 type.registry] 
New type java.util.Vector<domain.Kuota>

[2021-04-07 17:45:09 #3 store] 
Database 'D:\OneDrive\Uni\SI1\Proiektua\Iterazioak\Bets21\src\main\resources\db\src\main\resources\bets.temp' is closed by 1636@Mikel

[2021-04-07 17:45:14 #4 store] 
Database 'D:\OneDrive\Uni\SI1\Proiektua\Iterazioak\Bets21\src\main\resources\db\src\main\resources\bets.temp' is opened by 1636@Mikel

------------------------------------------------------------------------------------------------------------------------

[2021-04-07 17:45:14 #1 type.registry] 
New type domain.Question

[2021-04-07 17:45:14 #2 type] 
Type domain.Question is not enhanced.

[2021-04-07 17:45:14 #3 type.registry] 
New type domain.Kuota

[2021-04-07 17:45:14 #4 type.registry] 
New type domain.Event

[2021-04-07 17:45:14 #5 type] 
Type domain.Kuota is not enhanced.

[2021-04-07 17:45:14 #6 type.registry] 
New type domain.Emaitza

[2021-04-07 17:45:14 #7 type.registry] 
New type domain.Apostu

[2021-04-07 17:45:14 #8 type] 
Type domain.Event is not enhanced.

[2021-04-07 17:45:14 #9 type.registry] 
New type java.util.Vector<domain.Question>

[2021-04-07 17:45:14 #10 type] 
Type domain.Emaitza is not enhanced.

[2021-04-07 17:45:14 #11 type] 
Type domain.Apostu is not enhanced.

[2021-04-07 17:45:14 #12 type.registry] 
New type domain.Erabiltzailea

[2021-04-07 17:45:14 #13 type.registry] 
New type domain.Erregistratua

[2021-04-07 17:45:14 #14 type] 
Type domain.Erabiltzailea is not enhanced.

[2021-04-07 17:45:14 #15 type] 
Type domain.Erregistratua is not enhanced.

[2021-04-07 17:45:14 #16 type.registry] 
New type domain.Langilea

[2021-04-07 17:45:14 #17 type] 
Type domain.Langilea is not enhanced.

[2021-04-07 17:45:14 #18 type.registry] 
New type domain.Administratzailea

[2021-04-07 17:45:14 #19 type] 
Type domain.Administratzailea is not enhanced.

[2021-04-07 17:45:14 #20 type.registry] 
New type java.util.Vector<java.lang.Object>

[2021-04-07 17:45:14 #21 type.registry] 
New type java.util.Vector<domain.Kuota>

[2021-04-07 17:48:06 #5 store] 
Database 'D:\OneDrive\Uni\SI1\Proiektua\Iterazioak\Bets21\src\main\resources\db\src\main\resources\bets.temp' is closed by 1636@Mikel

------------------------------------------------------------------------------------------------------------------------

[2021-04-07 17:48:17 #1 store] 
Database 'D:\OneDrive\Uni\SI1\Proiektua\Iterazioak\Bets21\src\main\resources\bets.temp' is opened by 3156@Mikel

[2021-04-07 17:48:17 #2 type.registry] 
New type domain.Question

[2021-04-07 17:48:17 #3 type] 
Type domain.Question is not enhanced.

[2021-04-07 17:48:17 #4 type.registry] 
New type domain.Kuota

[2021-04-07 17:48:17 #5 type.registry] 
New type domain.Event

[2021-04-07 17:48:17 #6 type] 
Type domain.Kuota is not enhanced.

[2021-04-07 17:48:17 #7 type.registry] 
New type domain.Emaitza

[2021-04-07 17:48:17 #8 type.registry] 
New type domain.Apostu

[2021-04-07 17:48:17 #9 type] 
Type domain.Event is not enhanced.

[2021-04-07 17:48:17 #10 type.registry] 
New type java.util.Vector<domain.Question>

[2021-04-07 17:48:17 #11 type] 
Type domain.Emaitza is not enhanced.

[2021-04-07 17:48:17 #12 type] 
Type domain.Apostu is not enhanced.

[2021-04-07 17:48:17 #13 type.registry] 
New type domain.Erabiltzailea

[2021-04-07 17:48:17 #14 type.registry] 
New type domain.Erregistratua

[2021-04-07 17:48:17 #15 type] 
Type domain.Erabiltzailea is not enhanced.

[2021-04-07 17:48:17 #16 type] 
Type domain.Erregistratua is not enhanced.

[2021-04-07 17:48:17 #17 type.registry] 
New type domain.Langilea

[2021-04-07 17:48:17 #18 type] 
Type domain.Langilea is not enhanced.

[2021-04-07 17:48:17 #19 type.registry] 
New type domain.Administratzailea

[2021-04-07 17:48:17 #20 type] 
Type domain.Administratzailea is not enhanced.

[2021-04-07 17:48:17 #21 type.registry] 
New type java.util.Vector<java.lang.Object>

[2021-04-07 17:48:17 #22 type.registry] 
New type java.util.Vector<domain.Kuota>

------------------------------------------------------------------------------------------------------------------------

[2021-04-07 17:48:33 #1 store] 
Database 'D:\OneDrive\Uni\SI1\Proiektua\Iterazioak\Bets21\src\main\resources\bets.temp' has been recovered (tr. 1-8)

[2021-04-07 17:48:33 #2 store] 
Database 'D:\OneDrive\Uni\SI1\Proiektua\Iterazioak\Bets21\src\main\resources\bets.temp' is opened by 392@Mikel

[2021-04-07 17:48:34 #3 type] 
Type domain.Question is not enhanced.

[2021-04-07 17:48:34 #4 type] 
Type domain.Kuota is not enhanced.

[2021-04-07 17:48:34 #5 type] 
Type domain.Event is not enhanced.

[2021-04-07 17:48:34 #6 type] 
Type domain.Emaitza is not enhanced.

[2021-04-07 17:48:34 #7 type] 
Type domain.Apostu is not enhanced.

[2021-04-07 17:48:34 #8 type] 
Type domain.Erabiltzailea is not enhanced.

[2021-04-07 17:48:34 #9 type] 
Type domain.Erregistratua is not enhanced.

[2021-04-07 17:48:34 #10 type] 
Type domain.Langilea is not enhanced.

[2021-04-07 17:48:34 #11 type] 
Type domain.Administratzailea is not enhanced.

[2021-04-07 17:48:38 #12 type.registry] 
New type java.util.Vector<java.lang.Double>

------------------------------------------------------------------------------------------------------------------------

[2021-04-07 17:49:17 #1 store] 
Database 'D:\OneDrive\Uni\SI1\Proiektua\Iterazioak\Bets21\src\main\resources\bets.temp' has been recovered (tr. 9-10)

[2021-04-07 17:49:17 #2 store] 
Database 'D:\OneDrive\Uni\SI1\Proiektua\Iterazioak\Bets21\src\main\resources\bets.temp' is opened by 4748@Mikel

[2021-04-07 17:49:18 #3 type] 
Type domain.Question is not enhanced.

[2021-04-07 17:49:18 #4 type] 
Type domain.Kuota is not enhanced.

[2021-04-07 17:49:18 #5 type] 
Type domain.Event is not enhanced.

[2021-04-07 17:49:18 #6 type] 
Type domain.Emaitza is not enhanced.

[2021-04-07 17:49:18 #7 type] 
Type domain.Apostu is not enhanced.

[2021-04-07 17:49:18 #8 type] 
Type domain.Erabiltzailea is not enhanced.

[2021-04-07 17:49:18 #9 type] 
Type domain.Erregistratua is not enhanced.

[2021-04-07 17:49:18 #10 type] 
Type domain.Langilea is not enhanced.

[2021-04-07 17:49:18 #11 type] 
Type domain.Administratzailea is not enhanced.

[2021-04-07 17:49:54 #12 type.registry] 
New type java.util.Vector<domain.Apostu>

------------------------------------------------------------------------------------------------------------------------

[2021-04-07 17:50:00 #1 store] 
Database 'D:\OneDrive\Uni\SI1\Proiektua\Iterazioak\Bets21\src\main\resources\bets.temp' has been recovered (tr. 11-12)

[2021-04-07 17:50:01 #2 store] 
Database 'D:\OneDrive\Uni\SI1\Proiektua\Iterazioak\Bets21\src\main\resources\bets.temp' is opened by 2512@Mikel

[2021-04-07 17:50:01 #3 type] 
Type domain.Question is not enhanced.

[2021-04-07 17:50:01 #4 type] 
Type domain.Kuota is not enhanced.

[2021-04-07 17:50:01 #5 type] 
Type domain.Event is not enhanced.

[2021-04-07 17:50:01 #6 type] 
Type domain.Emaitza is not enhanced.

[2021-04-07 17:50:01 #7 type] 
Type domain.Apostu is not enhanced.

[2021-04-07 17:50:01 #8 type] 
Type domain.Erabiltzailea is not enhanced.

[2021-04-07 17:50:01 #9 type] 
Type domain.Erregistratua is not enhanced.

[2021-04-07 17:50:01 #10 type] 
Type domain.Langilea is not enhanced.

[2021-04-07 17:50:01 #11 type] 
Type domain.Administratzailea is not enhanced.

------------------------------------------------------------------------------------------------------------------------

[2021-04-07 17:50:14 #1 store] 
Database 'D:\OneDrive\Uni\SI1\Proiektua\Iterazioak\Bets21\src\main\resources\bets.temp' is opened by 3788@Mikel

[2021-04-07 17:50:15 #2 type] 
Type domain.Question is not enhanced.

[2021-04-07 17:50:15 #3 type] 
Type domain.Kuota is not enhanced.

[2021-04-07 17:50:15 #4 type] 
Type domain.Event is not enhanced.

[2021-04-07 17:50:15 #5 type] 
Type domain.Emaitza is not enhanced.

[2021-04-07 17:50:15 #6 type] 
Type domain.Apostu is not enhanced.

[2021-04-07 17:50:15 #7 type] 
Type domain.Erabiltzailea is not enhanced.

[2021-04-07 17:50:15 #8 type] 
Type domain.Erregistratua is not enhanced.

[2021-04-07 17:50:15 #9 type] 
Type domain.Langilea is not enhanced.

[2021-04-07 17:50:15 #10 type] 
Type domain.Administratzailea is not enhanced.

------------------------------------------------------------------------------------------------------------------------

[2021-04-07 17:50:47 #1 store] 
Database 'D:\OneDrive\Uni\SI1\Proiektua\Iterazioak\Bets21\src\main\resources\bets.temp' has been recovered (tr. 13-14)

[2021-04-07 17:50:47 #2 store] 
Database 'D:\OneDrive\Uni\SI1\Proiektua\Iterazioak\Bets21\src\main\resources\bets.temp' is opened by 7344@Mikel

[2021-04-07 17:50:47 #3 type] 
Type domain.Question is not enhanced.

[2021-04-07 17:50:47 #4 type] 
Type domain.Kuota is not enhanced.

[2021-04-07 17:50:47 #5 type] 
Type domain.Event is not enhanced.

[2021-04-07 17:50:47 #6 type] 
Type domain.Emaitza is not enhanced.

[2021-04-07 17:50:47 #7 type] 
Type domain.Apostu is not enhanced.

[2021-04-07 17:50:47 #8 type] 
Type domain.Erabiltzailea is not enhanced.

[2021-04-07 17:50:47 #9 type] 
Type domain.Erregistratua is not enhanced.

[2021-04-07 17:50:47 #10 type] 
Type domain.Langilea is not enhanced.

[2021-04-07 17:50:47 #11 type] 
Type domain.Administratzailea is not enhanced.

------------------------------------------------------------------------------------------------------------------------

[2021-04-07 17:51:12 #1 store] 
Database 'D:\OneDrive\Uni\SI1\Proiektua\Iterazioak\Bets21\src\main\resources\bets.temp' is opened by 7612@Mikel

[2021-04-07 17:51:13 #2 type] 
Type domain.Question is not enhanced.

[2021-04-07 17:51:13 #3 type] 
Type domain.Kuota is not enhanced.

[2021-04-07 17:51:13 #4 type] 
Type domain.Event is not enhanced.

[2021-04-07 17:51:13 #5 type] 
Type domain.Emaitza is not enhanced.

[2021-04-07 17:51:13 #6 type] 
Type domain.Apostu is not enhanced.

[2021-04-07 17:51:13 #7 type] 
Type domain.Erabiltzailea is not enhanced.

[2021-04-07 17:51:13 #8 type] 
Type domain.Erregistratua is not enhanced.

[2021-04-07 17:51:13 #9 type] 
Type domain.Langilea is not enhanced.

[2021-04-07 17:51:13 #10 type] 
Type domain.Administratzailea is not enhanced.

------------------------------------------------------------------------------------------------------------------------

[2021-04-07 17:51:30 #1 store] 
Database 'D:\OneDrive\Uni\SI1\Proiektua\Iterazioak\Bets21\src\main\resources\bets.temp' is opened by 1252@Mikel

[2021-04-07 17:51:31 #2 type] 
Type domain.Question is not enhanced.

[2021-04-07 17:51:31 #3 type] 
Type domain.Kuota is not enhanced.

[2021-04-07 17:51:31 #4 type] 
Type domain.Event is not enhanced.

[2021-04-07 17:51:31 #5 type] 
Type domain.Emaitza is not enhanced.

[2021-04-07 17:51:31 #6 type] 
Type domain.Apostu is not enhanced.

[2021-04-07 17:51:31 #7 type] 
Type domain.Erabiltzailea is not enhanced.

[2021-04-07 17:51:31 #8 type] 
Type domain.Erregistratua is not enhanced.

[2021-04-07 17:51:31 #9 type] 
Type domain.Langilea is not enhanced.

[2021-04-07 17:51:31 #10 type] 
Type domain.Administratzailea is not enhanced.

------------------------------------------------------------------------------------------------------------------------

[2021-04-07 17:52:05 #1 store] 
Database 'D:\OneDrive\Uni\SI1\Proiektua\Iterazioak\Bets21\src\main\resources\bets.temp' has been recovered (tr. 15-16)

[2021-04-07 17:52:05 #2 store] 
Database 'D:\OneDrive\Uni\SI1\Proiektua\Iterazioak\Bets21\src\main\resources\bets.temp' is opened by 8400@Mikel

[2021-04-07 17:52:05 #3 type] 
Type domain.Question is not enhanced.

[2021-04-07 17:52:05 #4 type] 
Type domain.Kuota is not enhanced.

[2021-04-07 17:52:05 #5 type] 
Type domain.Event is not enhanced.

[2021-04-07 17:52:05 #6 type] 
Type domain.Emaitza is not enhanced.

[2021-04-07 17:52:05 #7 type] 
Type domain.Apostu is not enhanced.

[2021-04-07 17:52:05 #8 type] 
Type domain.Erabiltzailea is not enhanced.

[2021-04-07 17:52:05 #9 type] 
Type domain.Erregistratua is not enhanced.

[2021-04-07 17:52:05 #10 type] 
Type domain.Langilea is not enhanced.

[2021-04-07 17:52:05 #11 type] 
Type domain.Administratzailea is not enhanced.

------------------------------------------------------------------------------------------------------------------------

[2021-04-07 17:52:22 #1 store] 
Database 'D:\OneDrive\Uni\SI1\Proiektua\Iterazioak\Bets21\src\main\resources\bets.temp' is opened by 6300@Mikel

[2021-04-07 17:52:22 #2 type] 
Type domain.Question is not enhanced.

[2021-04-07 17:52:22 #3 type] 
Type domain.Kuota is not enhanced.

[2021-04-07 17:52:22 #4 type] 
Type domain.Event is not enhanced.

[2021-04-07 17:52:22 #5 type] 
Type domain.Emaitza is not enhanced.

[2021-04-07 17:52:22 #6 type] 
Type domain.Apostu is not enhanced.

[2021-04-07 17:52:22 #7 type] 
Type domain.Erabiltzailea is not enhanced.

[2021-04-07 17:52:22 #8 type] 
Type domain.Erregistratua is not enhanced.

[2021-04-07 17:52:22 #9 type] 
Type domain.Langilea is not enhanced.

[2021-04-07 17:52:22 #10 type] 
Type domain.Administratzailea is not enhanced.

------------------------------------------------------------------------------------------------------------------------

[2021-04-07 17:52:56 #1 store] 
Database 'D:\OneDrive\Uni\SI1\Proiektua\Iterazioak\Bets21\src\main\resources\bets.temp' has been recovered (tr. 17-17)

[2021-04-07 17:52:56 #2 store] 
Database 'D:\OneDrive\Uni\SI1\Proiektua\Iterazioak\Bets21\src\main\resources\bets.temp' is opened by 6444@Mikel

[2021-04-07 17:52:57 #3 type] 
Type domain.Question is not enhanced.

[2021-04-07 17:52:57 #4 type] 
Type domain.Kuota is not enhanced.

[2021-04-07 17:52:57 #5 type] 
Type domain.Event is not enhanced.

[2021-04-07 17:52:57 #6 type] 
Type domain.Emaitza is not enhanced.

[2021-04-07 17:52:57 #7 type] 
Type domain.Apostu is not enhanced.

[2021-04-07 17:52:57 #8 type] 
Type domain.Erabiltzailea is not enhanced.

[2021-04-07 17:52:57 #9 type] 
Type domain.Erregistratua is not enhanced.

[2021-04-07 17:52:57 #10 type] 
Type domain.Langilea is not enhanced.

[2021-04-07 17:52:57 #11 type] 
Type domain.Administratzailea is not enhanced.

------------------------------------------------------------------------------------------------------------------------

[2021-04-07 17:53:08 #1 store] 
Database 'D:\OneDrive\Uni\SI1\Proiektua\Iterazioak\Bets21\src\main\resources\bets.temp' is opened by 12828@Mikel

[2021-04-07 17:53:08 #2 type] 
Type domain.Question is not enhanced.

[2021-04-07 17:53:08 #3 type] 
Type domain.Kuota is not enhanced.

[2021-04-07 17:53:08 #4 type] 
Type domain.Event is not enhanced.

[2021-04-07 17:53:08 #5 type] 
Type domain.Emaitza is not enhanced.

[2021-04-07 17:53:08 #6 type] 
Type domain.Apostu is not enhanced.

[2021-04-07 17:53:08 #7 type] 
Type domain.Erabiltzailea is not enhanced.

[2021-04-07 17:53:08 #8 type] 
Type domain.Erregistratua is not enhanced.

[2021-04-07 17:53:08 #9 type] 
Type domain.Langilea is not enhanced.

[2021-04-07 17:53:08 #10 type] 
Type domain.Administratzailea is not enhanced.

------------------------------------------------------------------------------------------------------------------------

[2021-04-07 17:53:43 #1 store] 
Database 'D:\OneDrive\Uni\SI1\Proiektua\Iterazioak\Bets21\src\main\resources\bets.temp' has been recovered (tr. 18-21)

[2021-04-07 17:53:43 #2 store] 
Database 'D:\OneDrive\Uni\SI1\Proiektua\Iterazioak\Bets21\src\main\resources\bets.temp' is opened by 1704@Mikel

[2021-04-07 17:53:43 #3 type] 
Type domain.Question is not enhanced.

[2021-04-07 17:53:43 #4 type] 
Type domain.Kuota is not enhanced.

[2021-04-07 17:53:43 #5 type] 
Type domain.Event is not enhanced.

[2021-04-07 17:53:43 #6 type] 
Type domain.Emaitza is not enhanced.

[2021-04-07 17:53:43 #7 type] 
Type domain.Apostu is not enhanced.

[2021-04-07 17:53:43 #8 type] 
Type domain.Erabiltzailea is not enhanced.

[2021-04-07 17:53:43 #9 type] 
Type domain.Erregistratua is not enhanced.

[2021-04-07 17:53:43 #10 type] 
Type domain.Langilea is not enhanced.

[2021-04-07 17:53:43 #11 type] 
Type domain.Administratzailea is not enhanced.

------------------------------------------------------------------------------------------------------------------------

[2021-04-07 17:54:06 #1 store] 
Database 'D:\OneDrive\Uni\SI1\Proiektua\Iterazioak\Bets21\src\main\resources\bets.temp' has been recovered (tr. 22-22)

[2021-04-07 17:54:06 #2 store] 
Database 'D:\OneDrive\Uni\SI1\Proiektua\Iterazioak\Bets21\src\main\resources\bets.temp' is opened by 6928@Mikel

[2021-04-07 17:54:06 #3 type] 
Type domain.Question is not enhanced.

[2021-04-07 17:54:06 #4 type] 
Type domain.Kuota is not enhanced.

[2021-04-07 17:54:06 #5 type] 
Type domain.Event is not enhanced.

[2021-04-07 17:54:06 #6 type] 
Type domain.Emaitza is not enhanced.

[2021-04-07 17:54:06 #7 type] 
Type domain.Apostu is not enhanced.

[2021-04-07 17:54:06 #8 type] 
Type domain.Erabiltzailea is not enhanced.

[2021-04-07 17:54:06 #9 type] 
Type domain.Erregistratua is not enhanced.

[2021-04-07 17:54:06 #10 type] 
Type domain.Langilea is not enhanced.

[2021-04-07 17:54:06 #11 type] 
Type domain.Administratzailea is not enhanced.

------------------------------------------------------------------------------------------------------------------------

[2021-04-07 17:54:50 #1 store] 
Database 'D:\OneDrive\Uni\SI1\Proiektua\Iterazioak\Bets21\src\main\resources\bets.temp' is opened by 3796@Mikel

[2021-04-07 17:54:50 #2 type] 
Type domain.Question is not enhanced.

[2021-04-07 17:54:50 #3 type] 
Type domain.Kuota is not enhanced.

[2021-04-07 17:54:50 #4 type] 
Type domain.Event is not enhanced.

[2021-04-07 17:54:50 #5 type] 
Type domain.Emaitza is not enhanced.

[2021-04-07 17:54:50 #6 type] 
Type domain.Apostu is not enhanced.

[2021-04-07 17:54:50 #7 type] 
Type domain.Erabiltzailea is not enhanced.

[2021-04-07 17:54:50 #8 type] 
Type domain.Erregistratua is not enhanced.

[2021-04-07 17:54:50 #9 type] 
Type domain.Langilea is not enhanced.

[2021-04-07 17:54:50 #10 type] 
Type domain.Administratzailea is not enhanced.

------------------------------------------------------------------------------------------------------------------------

[2021-04-07 17:55:31 #1 store] 
Database 'D:\OneDrive\Uni\SI1\Proiektua\Iterazioak\Bets21\src\main\resources\bets.temp' is opened by 8092@Mikel

[2021-04-07 17:55:31 #2 type] 
Type domain.Question is not enhanced.

[2021-04-07 17:55:31 #3 type] 
Type domain.Kuota is not enhanced.

[2021-04-07 17:55:31 #4 type] 
Type domain.Event is not enhanced.

[2021-04-07 17:55:31 #5 type] 
Type domain.Emaitza is not enhanced.

[2021-04-07 17:55:31 #6 type] 
Type domain.Apostu is not enhanced.

[2021-04-07 17:55:31 #7 type] 
Type domain.Erabiltzailea is not enhanced.

[2021-04-07 17:55:31 #8 type] 
Type domain.Erregistratua is not enhanced.

[2021-04-07 17:55:31 #9 type] 
Type domain.Langilea is not enhanced.

[2021-04-07 17:55:31 #10 type] 
Type domain.Administratzailea is not enhanced.

------------------------------------------------------------------------------------------------------------------------

[2021-04-07 17:55:53 #1 store] 
Database 'D:\OneDrive\Uni\SI1\Proiektua\Iterazioak\Bets21\src\main\resources\bets.temp' has been recovered (tr. 23-24)

[2021-04-07 17:55:53 #2 store] 
Database 'D:\OneDrive\Uni\SI1\Proiektua\Iterazioak\Bets21\src\main\resources\bets.temp' is opened by 8892@Mikel

[2021-04-07 17:55:53 #3 type] 
Type domain.Question is not enhanced.

[2021-04-07 17:55:53 #4 type] 
Type domain.Kuota is not enhanced.

[2021-04-07 17:55:53 #5 type] 
Type domain.Event is not enhanced.

[2021-04-07 17:55:53 #6 type] 
Type domain.Emaitza is not enhanced.

[2021-04-07 17:55:53 #7 type] 
Type domain.Apostu is not enhanced.

[2021-04-07 17:55:53 #8 type] 
Type domain.Erabiltzailea is not enhanced.

[2021-04-07 17:55:53 #9 type] 
Type domain.Erregistratua is not enhanced.

[2021-04-07 17:55:53 #10 type] 
Type domain.Langilea is not enhanced.

[2021-04-07 17:55:53 #11 type] 
Type domain.Administratzailea is not enhanced.

------------------------------------------------------------------------------------------------------------------------

[2021-04-07 17:56:12 #1 store] 
Database 'D:\OneDrive\Uni\SI1\Proiektua\Iterazioak\Bets21\src\main\resources\bets.temp' has been recovered (tr. 25-25)

[2021-04-07 17:56:12 #2 store] 
Database 'D:\OneDrive\Uni\SI1\Proiektua\Iterazioak\Bets21\src\main\resources\bets.temp' is opened by 3748@Mikel

[2021-04-07 17:56:12 #3 type] 
Type domain.Question is not enhanced.

[2021-04-07 17:56:12 #4 type] 
Type domain.Kuota is not enhanced.

[2021-04-07 17:56:12 #5 type] 
Type domain.Event is not enhanced.

[2021-04-07 17:56:12 #6 type] 
Type domain.Emaitza is not enhanced.

[2021-04-07 17:56:12 #7 type] 
Type domain.Apostu is not enhanced.

[2021-04-07 17:56:12 #8 type] 
Type domain.Erabiltzailea is not enhanced.

[2021-04-07 17:56:12 #9 type] 
Type domain.Erregistratua is not enhanced.

[2021-04-07 17:56:12 #10 type] 
Type domain.Langilea is not enhanced.

[2021-04-07 17:56:12 #11 type] 
Type domain.Administratzailea is not enhanced.

------------------------------------------------------------------------------------------------------------------------

[2021-04-07 19:40:02 #1 store] 
Database 'D:\OneDrive\Uni\SI1\Proiektua\Iterazioak\Bets21\src\main\resources\bets.temp' is opened by 11784@Mikel

[2021-04-07 19:40:02 #2 type] 
Type domain.Question is not enhanced.

[2021-04-07 19:40:02 #3 type] 
Type domain.Kuota is not enhanced.

[2021-04-07 19:40:02 #4 type] 
Type domain.Event is not enhanced.

[2021-04-07 19:40:02 #5 type] 
Type domain.Emaitza is not enhanced.

[2021-04-07 19:40:02 #6 type] 
Type domain.Apostu is not enhanced.

[2021-04-07 19:40:02 #7 type] 
Type domain.Erabiltzailea is not enhanced.

[2021-04-07 19:40:02 #8 type] 
Type domain.Erregistratua is not enhanced.

[2021-04-07 19:40:02 #9 type] 
Type domain.Langilea is not enhanced.

[2021-04-07 19:40:02 #10 type] 
Type domain.Administratzailea is not enhanced.

------------------------------------------------------------------------------------------------------------------------

[2021-04-07 19:49:55 #1 store] 
Database 'D:\OneDrive\Uni\SI1\Proiektua\Iterazioak\Bets21\src\main\resources\bets.temp' is opened by 12400@Mikel

[2021-04-07 19:49:56 #2 type.registry] 
New type domain.Question

[2021-04-07 19:49:56 #3 type] 
Type domain.Question is not enhanced.

[2021-04-07 19:49:56 #4 type.registry] 
New type domain.Kuota

[2021-04-07 19:49:56 #5 type.registry] 
New type domain.Event

[2021-04-07 19:49:56 #6 type] 
Type domain.Kuota is not enhanced.

[2021-04-07 19:49:56 #7 type.registry] 
New type domain.Emaitza

[2021-04-07 19:49:56 #8 type.registry] 
New type domain.Apostu

[2021-04-07 19:49:56 #9 type] 
Type domain.Event is not enhanced.

[2021-04-07 19:49:56 #10 type.registry] 
New type java.util.Vector<domain.Question>

[2021-04-07 19:49:56 #11 type] 
Type domain.Emaitza is not enhanced.

[2021-04-07 19:49:56 #12 type] 
Type domain.Apostu is not enhanced.

[2021-04-07 19:49:56 #13 type.registry] 
New type domain.Erabiltzailea

[2021-04-07 19:49:56 #14 type.registry] 
New type domain.Erregistratua

[2021-04-07 19:49:56 #15 type] 
Type domain.Erabiltzailea is not enhanced.

[2021-04-07 19:49:56 #16 type] 
Type domain.Erregistratua is not enhanced.

[2021-04-07 19:49:56 #17 type.registry] 
New type domain.Langilea

[2021-04-07 19:49:56 #18 type] 
Type domain.Langilea is not enhanced.

[2021-04-07 19:49:56 #19 type.registry] 
New type domain.Administratzailea

[2021-04-07 19:49:56 #20 type] 
Type domain.Administratzailea is not enhanced.

[2021-04-07 19:49:56 #21 type.registry] 
New type java.util.Vector<java.lang.Object>

[2021-04-07 19:49:56 #22 type.registry] 
New type java.util.Vector<domain.Kuota>

[2021-04-07 19:50:48 #23 type.registry] 
New type java.util.Vector<domain.Apostu>

------------------------------------------------------------------------------------------------------------------------

[2021-04-07 19:52:00 #1 store] 
Database 'D:\OneDrive\Uni\SI1\Proiektua\Iterazioak\Bets21\src\main\resources\bets.temp' is opened by 13400@Mikel

[2021-04-07 19:52:00 #2 type.registry] 
New type domain.Question

[2021-04-07 19:52:00 #3 type] 
Type domain.Question is not enhanced.

[2021-04-07 19:52:00 #4 type.registry] 
New type domain.Kuota

[2021-04-07 19:52:00 #5 type.registry] 
New type domain.Event

[2021-04-07 19:52:00 #6 type] 
Type domain.Kuota is not enhanced.

[2021-04-07 19:52:00 #7 type.registry] 
New type domain.Emaitza

[2021-04-07 19:52:00 #8 type.registry] 
New type domain.Apostu

[2021-04-07 19:52:00 #9 type] 
Type domain.Event is not enhanced.

[2021-04-07 19:52:00 #10 type.registry] 
New type java.util.Vector<domain.Question>

[2021-04-07 19:52:00 #11 type] 
Type domain.Emaitza is not enhanced.

[2021-04-07 19:52:00 #12 type] 
Type domain.Apostu is not enhanced.

[2021-04-07 19:52:00 #13 type.registry] 
New type domain.Erabiltzailea

[2021-04-07 19:52:00 #14 type.registry] 
New type domain.Erregistratua

[2021-04-07 19:52:00 #15 type] 
Type domain.Erabiltzailea is not enhanced.

[2021-04-07 19:52:00 #16 type] 
Type domain.Erregistratua is not enhanced.

[2021-04-07 19:52:00 #17 type.registry] 
New type domain.Langilea

[2021-04-07 19:52:00 #18 type] 
Type domain.Langilea is not enhanced.

[2021-04-07 19:52:00 #19 type.registry] 
New type domain.Administratzailea

[2021-04-07 19:52:00 #20 type] 
Type domain.Administratzailea is not enhanced.

[2021-04-07 19:52:00 #21 type.registry] 
New type java.util.Vector<java.lang.Object>

[2021-04-07 19:52:00 #22 type.registry] 
New type java.util.Vector<domain.Kuota>

------------------------------------------------------------------------------------------------------------------------

[2021-04-07 19:52:37 #1 store] 
Database 'D:\OneDrive\Uni\SI1\Proiektua\Iterazioak\Bets21\src\main\resources\bets.temp' is opened by 7972@Mikel

[2021-04-07 19:52:38 #2 type.registry] 
New type domain.Question

[2021-04-07 19:52:38 #3 type] 
Type domain.Question is not enhanced.

[2021-04-07 19:52:38 #4 type.registry] 
New type domain.Kuota

[2021-04-07 19:52:38 #5 type.registry] 
New type domain.Event

[2021-04-07 19:52:38 #6 type] 
Type domain.Kuota is not enhanced.

[2021-04-07 19:52:38 #7 type.registry] 
New type domain.Emaitza

[2021-04-07 19:52:38 #8 type.registry] 
New type domain.Apostu

[2021-04-07 19:52:38 #9 type] 
Type domain.Event is not enhanced.

[2021-04-07 19:52:38 #10 type.registry] 
New type java.util.Vector<domain.Question>

[2021-04-07 19:52:38 #11 type] 
Type domain.Emaitza is not enhanced.

[2021-04-07 19:52:38 #12 type] 
Type domain.Apostu is not enhanced.

[2021-04-07 19:52:38 #13 type.registry] 
New type domain.Erabiltzailea

[2021-04-07 19:52:38 #14 type.registry] 
New type domain.Erregistratua

[2021-04-07 19:52:38 #15 type] 
Type domain.Erabiltzailea is not enhanced.

[2021-04-07 19:52:38 #16 type] 
Type domain.Erregistratua is not enhanced.

[2021-04-07 19:52:38 #17 type.registry] 
New type domain.Langilea

[2021-04-07 19:52:38 #18 type] 
Type domain.Langilea is not enhanced.

[2021-04-07 19:52:38 #19 type.registry] 
New type domain.Administratzailea

[2021-04-07 19:52:38 #20 type] 
Type domain.Administratzailea is not enhanced.

[2021-04-07 19:52:38 #21 type.registry] 
New type java.util.Vector<java.lang.Object>

[2021-04-07 19:52:38 #22 type.registry] 
New type java.util.Vector<domain.Kuota>

------------------------------------------------------------------------------------------------------------------------

[2021-04-07 19:53:13 #1 store] 
Database 'D:\OneDrive\Uni\SI1\Proiektua\Iterazioak\Bets21\src\main\resources\bets.temp' has been recovered (tr. 1-8)

[2021-04-07 19:53:13 #2 store] 
Database 'D:\OneDrive\Uni\SI1\Proiektua\Iterazioak\Bets21\src\main\resources\bets.temp' is opened by 7492@Mikel

[2021-04-07 19:53:14 #3 type] 
Type domain.Question is not enhanced.

[2021-04-07 19:53:14 #4 type] 
Type domain.Kuota is not enhanced.

[2021-04-07 19:53:14 #5 type] 
Type domain.Event is not enhanced.

[2021-04-07 19:53:14 #6 type] 
Type domain.Emaitza is not enhanced.

[2021-04-07 19:53:14 #7 type] 
Type domain.Apostu is not enhanced.

[2021-04-07 19:53:14 #8 type] 
Type domain.Erabiltzailea is not enhanced.

[2021-04-07 19:53:14 #9 type] 
Type domain.Erregistratua is not enhanced.

[2021-04-07 19:53:14 #10 type] 
Type domain.Langilea is not enhanced.

[2021-04-07 19:53:14 #11 type] 
Type domain.Administratzailea is not enhanced.

[2021-04-07 19:54:08 #12 type.registry] 
New type java.util.Vector<domain.Apostu>

------------------------------------------------------------------------------------------------------------------------

[2021-04-07 19:55:16 #1 store] 
Database 'D:\OneDrive\Uni\SI1\Proiektua\Iterazioak\Bets21\src\main\resources\bets.temp' has been recovered (tr. 9-13)

[2021-04-07 19:55:16 #2 store] 
Database 'D:\OneDrive\Uni\SI1\Proiektua\Iterazioak\Bets21\src\main\resources\bets.temp' is opened by 7992@Mikel

[2021-04-07 19:55:16 #3 type] 
Type domain.Question is not enhanced.

[2021-04-07 19:55:16 #4 type] 
Type domain.Kuota is not enhanced.

[2021-04-07 19:55:16 #5 type] 
Type domain.Event is not enhanced.

[2021-04-07 19:55:16 #6 type] 
Type domain.Emaitza is not enhanced.

[2021-04-07 19:55:16 #7 type] 
Type domain.Apostu is not enhanced.

[2021-04-07 19:55:16 #8 type] 
Type domain.Erabiltzailea is not enhanced.

[2021-04-07 19:55:16 #9 type] 
Type domain.Erregistratua is not enhanced.

[2021-04-07 19:55:16 #10 type] 
Type domain.Langilea is not enhanced.

[2021-04-07 19:55:16 #11 type] 
Type domain.Administratzailea is not enhanced.

------------------------------------------------------------------------------------------------------------------------

[2021-04-07 19:55:38 #1 store] 
Database 'D:\OneDrive\Uni\SI1\Proiektua\Iterazioak\Bets21\src\main\resources\bets.temp' is opened by 3300@Mikel

[2021-04-07 19:55:38 #2 type] 
Type domain.Question is not enhanced.

[2021-04-07 19:55:38 #3 type] 
Type domain.Kuota is not enhanced.

[2021-04-07 19:55:38 #4 type] 
Type domain.Event is not enhanced.

[2021-04-07 19:55:38 #5 type] 
Type domain.Emaitza is not enhanced.

[2021-04-07 19:55:38 #6 type] 
Type domain.Apostu is not enhanced.

[2021-04-07 19:55:38 #7 type] 
Type domain.Erabiltzailea is not enhanced.

[2021-04-07 19:55:38 #8 type] 
Type domain.Erregistratua is not enhanced.

[2021-04-07 19:55:38 #9 type] 
Type domain.Langilea is not enhanced.

[2021-04-07 19:55:38 #10 type] 
Type domain.Administratzailea is not enhanced.

------------------------------------------------------------------------------------------------------------------------

[2021-04-07 19:57:36 #1 store] 
Database 'D:\OneDrive\Uni\SI1\Proiektua\Iterazioak\Bets21\src\main\resources\bets.temp' has been recovered (tr. 14-15)

[2021-04-07 19:57:36 #2 store] 
Database 'D:\OneDrive\Uni\SI1\Proiektua\Iterazioak\Bets21\src\main\resources\bets.temp' is opened by 9676@Mikel

[2021-04-07 19:57:36 #3 type] 
Type domain.Question is not enhanced.

[2021-04-07 19:57:36 #4 type] 
Type domain.Kuota is not enhanced.

[2021-04-07 19:57:36 #5 type] 
Type domain.Event is not enhanced.

[2021-04-07 19:57:36 #6 type] 
Type domain.Emaitza is not enhanced.

[2021-04-07 19:57:36 #7 type] 
Type domain.Apostu is not enhanced.

[2021-04-07 19:57:36 #8 type] 
Type domain.Erabiltzailea is not enhanced.

[2021-04-07 19:57:36 #9 type] 
Type domain.Erregistratua is not enhanced.

[2021-04-07 19:57:36 #10 type] 
Type domain.Langilea is not enhanced.

[2021-04-07 19:57:36 #11 type] 
Type domain.Administratzailea is not enhanced.

------------------------------------------------------------------------------------------------------------------------

[2021-04-07 19:57:52 #1 store] 
Database 'D:\OneDrive\Uni\SI1\Proiektua\Iterazioak\Bets21\src\main\resources\bets.temp' is opened by 10784@Mikel

[2021-04-07 19:57:52 #2 type] 
Type domain.Question is not enhanced.

[2021-04-07 19:57:52 #3 type] 
Type domain.Kuota is not enhanced.

[2021-04-07 19:57:52 #4 type] 
Type domain.Event is not enhanced.

[2021-04-07 19:57:52 #5 type] 
Type domain.Emaitza is not enhanced.

[2021-04-07 19:57:52 #6 type] 
Type domain.Apostu is not enhanced.

[2021-04-07 19:57:52 #7 type] 
Type domain.Erabiltzailea is not enhanced.

[2021-04-07 19:57:52 #8 type] 
Type domain.Erregistratua is not enhanced.

[2021-04-07 19:57:52 #9 type] 
Type domain.Langilea is not enhanced.

[2021-04-07 19:57:52 #10 type] 
Type domain.Administratzailea is not enhanced.

------------------------------------------------------------------------------------------------------------------------

[2021-04-07 19:58:38 #1 store] 
Database 'D:\OneDrive\Uni\SI1\Proiektua\Iterazioak\Bets21\src\main\resources\bets.temp' is opened by 13812@Mikel

[2021-04-07 19:58:38 #2 type] 
Type domain.Question is not enhanced.

[2021-04-07 19:58:38 #3 type] 
Type domain.Kuota is not enhanced.

[2021-04-07 19:58:38 #4 type] 
Type domain.Event is not enhanced.

[2021-04-07 19:58:38 #5 type] 
Type domain.Emaitza is not enhanced.

[2021-04-07 19:58:38 #6 type] 
Type domain.Apostu is not enhanced.

[2021-04-07 19:58:38 #7 type] 
Type domain.Erabiltzailea is not enhanced.

[2021-04-07 19:58:38 #8 type] 
Type domain.Erregistratua is not enhanced.

[2021-04-07 19:58:38 #9 type] 
Type domain.Langilea is not enhanced.

[2021-04-07 19:58:38 #10 type] 
Type domain.Administratzailea is not enhanced.

[2021-04-07 19:58:45 #11 type.registry] 
New type java.util.Vector<java.lang.Double>

------------------------------------------------------------------------------------------------------------------------

[2021-04-07 20:01:26 #1 store] 
Database 'D:\OneDrive\Uni\SI1\Proiektua\Iterazioak\Bets21\src\main\resources\bets.temp' has been recovered (tr. 16-25)

[2021-04-07 20:01:26 #2 store] 
Database 'D:\OneDrive\Uni\SI1\Proiektua\Iterazioak\Bets21\src\main\resources\bets.temp' is opened by 13132@Mikel

[2021-04-07 20:01:26 #3 type] 
Type domain.Question is not enhanced.

[2021-04-07 20:01:26 #4 type] 
Type domain.Kuota is not enhanced.

[2021-04-07 20:01:26 #5 type] 
Type domain.Event is not enhanced.

[2021-04-07 20:01:26 #6 type] 
Type domain.Emaitza is not enhanced.

[2021-04-07 20:01:26 #7 type] 
Type domain.Apostu is not enhanced.

[2021-04-07 20:01:26 #8 type] 
Type domain.Erabiltzailea is not enhanced.

[2021-04-07 20:01:26 #9 type] 
Type domain.Erregistratua is not enhanced.

[2021-04-07 20:01:26 #10 type] 
Type domain.Langilea is not enhanced.

[2021-04-07 20:01:26 #11 type] 
Type domain.Administratzailea is not enhanced.

------------------------------------------------------------------------------------------------------------------------

[2021-04-07 20:02:07 #1 store] 
Database 'D:\OneDrive\Uni\SI1\Proiektua\Iterazioak\Bets21\src\main\resources\bets.temp' has been recovered (tr. 26-27)

[2021-04-07 20:02:07 #2 store] 
Database 'D:\OneDrive\Uni\SI1\Proiektua\Iterazioak\Bets21\src\main\resources\bets.temp' is opened by 1720@Mikel

[2021-04-07 20:02:08 #3 type] 
Type domain.Question is not enhanced.

[2021-04-07 20:02:08 #4 type] 
Type domain.Kuota is not enhanced.

[2021-04-07 20:02:08 #5 type] 
Type domain.Event is not enhanced.

[2021-04-07 20:02:08 #6 type] 
Type domain.Emaitza is not enhanced.

[2021-04-07 20:02:08 #7 type] 
Type domain.Apostu is not enhanced.

[2021-04-07 20:02:08 #8 type] 
Type domain.Erabiltzailea is not enhanced.

[2021-04-07 20:02:08 #9 type] 
Type domain.Erregistratua is not enhanced.

[2021-04-07 20:02:08 #10 type] 
Type domain.Langilea is not enhanced.

[2021-04-07 20:02:08 #11 type] 
Type domain.Administratzailea is not enhanced.

------------------------------------------------------------------------------------------------------------------------

[2021-04-07 20:03:01 #1 store] 
Database 'D:\OneDrive\Uni\SI1\Proiektua\Iterazioak\Bets21\src\main\resources\bets.temp' has been recovered (tr. 28-32)

[2021-04-07 20:03:01 #2 store] 
Database 'D:\OneDrive\Uni\SI1\Proiektua\Iterazioak\Bets21\src\main\resources\bets.temp' is opened by 6816@Mikel

[2021-04-07 20:03:01 #3 type] 
Type domain.Question is not enhanced.

[2021-04-07 20:03:01 #4 type] 
Type domain.Kuota is not enhanced.

[2021-04-07 20:03:01 #5 type] 
Type domain.Event is not enhanced.

[2021-04-07 20:03:01 #6 type] 
Type domain.Emaitza is not enhanced.

[2021-04-07 20:03:01 #7 type] 
Type domain.Apostu is not enhanced.

[2021-04-07 20:03:01 #8 type] 
Type domain.Erabiltzailea is not enhanced.

[2021-04-07 20:03:01 #9 type] 
Type domain.Erregistratua is not enhanced.

[2021-04-07 20:03:01 #10 type] 
Type domain.Langilea is not enhanced.

[2021-04-07 20:03:01 #11 type] 
Type domain.Administratzailea is not enhanced.

------------------------------------------------------------------------------------------------------------------------

[2021-04-07 23:16:57 #1 store] 
Database 'D:\OneDrive\Uni\SI1\Proiektua\Iterazioak\Bets21\src\main\resources\bets.temp' is opened by 2028@LAPTOP-PR5SQP5G

[2021-04-07 23:16:57 #2 type] 
Type domain.Question is not enhanced.

[2021-04-07 23:16:57 #3 type] 
Type domain.Kuota is not enhanced.

[2021-04-07 23:16:57 #4 type] 
Type domain.Event is not enhanced.

[2021-04-07 23:16:57 #5 type] 
Type domain.Emaitza is not enhanced.

[2021-04-07 23:16:57 #6 type] 
Type domain.Apostu is not enhanced.

[2021-04-07 23:16:57 #7 type] 
Type domain.Erabiltzailea is not enhanced.

[2021-04-07 23:16:57 #8 type] 
Type domain.Erregistratua is not enhanced.

[2021-04-07 23:16:57 #9 type] 
Type domain.Langilea is not enhanced.

[2021-04-07 23:16:57 #10 type] 
Type domain.Administratzailea is not enhanced.

------------------------------------------------------------------------------------------------------------------------

[2021-04-07 23:17:08 #1 store] 
Database 'D:\OneDrive\Uni\SI1\Proiektua\Iterazioak\Bets21\src\main\resources\bets.temp' is opened by 12988@LAPTOP-PR5SQP5G

[2021-04-07 23:17:08 #2 type] 
Type domain.Question is not enhanced.

[2021-04-07 23:17:08 #3 type] 
Type domain.Kuota is not enhanced.

[2021-04-07 23:17:08 #4 type] 
Type domain.Event is not enhanced.

[2021-04-07 23:17:08 #5 type] 
Type domain.Emaitza is not enhanced.

[2021-04-07 23:17:08 #6 type] 
Type domain.Apostu is not enhanced.

[2021-04-07 23:17:08 #7 type] 
Type domain.Erabiltzailea is not enhanced.

[2021-04-07 23:17:08 #8 type] 
Type domain.Erregistratua is not enhanced.

[2021-04-07 23:17:08 #9 type] 
Type domain.Langilea is not enhanced.

[2021-04-07 23:17:08 #10 type] 
Type domain.Administratzailea is not enhanced.

------------------------------------------------------------------------------------------------------------------------

[2021-04-07 23:17:56 #1 store] 
Database 'D:\OneDrive\Uni\SI1\Proiektua\Iterazioak\Bets21\src\main\resources\bets.temp' is opened by 6740@LAPTOP-PR5SQP5G

[2021-04-07 23:17:56 #2 type] 
Type domain.Question is not enhanced.

[2021-04-07 23:17:56 #3 type] 
Type domain.Kuota is not enhanced.

[2021-04-07 23:17:56 #4 type] 
Type domain.Event is not enhanced.

[2021-04-07 23:17:56 #5 type] 
Type domain.Emaitza is not enhanced.

[2021-04-07 23:17:56 #6 type] 
Type domain.Apostu is not enhanced.

[2021-04-07 23:17:56 #7 type] 
Type domain.Erabiltzailea is not enhanced.

[2021-04-07 23:17:56 #8 type] 
Type domain.Erregistratua is not enhanced.

[2021-04-07 23:17:56 #9 type] 
Type domain.Langilea is not enhanced.

[2021-04-07 23:17:56 #10 type] 
Type domain.Administratzailea is not enhanced.

