------------------------------------------------------------------------------------------------------------------------

[2021-05-04 15:49:19 #1 store] 
Database 'D:\OneDrive\Uni\SI1\Proiektua\Iterazioak\Bets21\src\main\resources\bets.temp' is opened by 4488@LAPTOP-PR5SQP5G

[2021-05-04 15:49:20 #2 type.registry] 
New type domain.Question

[2021-05-04 15:49:20 #3 type] 
Type domain.Question is not enhanced.

[2021-05-04 15:49:20 #4 type.registry] 
New type domain.Kuota

[2021-05-04 15:49:20 #5 type.registry] 
New type domain.Event

[2021-05-04 15:49:20 #6 type] 
Type domain.Kuota is not enhanced.

[2021-05-04 15:49:20 #7 type.registry] 
New type domain.Emaitza

[2021-05-04 15:49:20 #8 type.registry] 
New type domain.Apostu

[2021-05-04 15:49:20 #9 type] 
Type domain.Event is not enhanced.

[2021-05-04 15:49:20 #10 type.registry] 
New type java.util.Vector<domain.Question>

[2021-05-04 15:49:20 #11 type] 
Type domain.Emaitza is not enhanced.

[2021-05-04 15:49:20 #12 type] 
Type domain.Apostu is not enhanced.

[2021-05-04 15:49:20 #13 type.registry] 
New type domain.Erabiltzailea

[2021-05-04 15:49:20 #14 type.registry] 
New type domain.Erregistratua

[2021-05-04 15:49:20 #15 type] 
Type domain.Erabiltzailea is not enhanced.

[2021-05-04 15:49:20 #16 type] 
Type domain.Erregistratua is not enhanced.

[2021-05-04 15:49:20 #17 type.registry] 
New type domain.Langilea

[2021-05-04 15:49:20 #18 type] 
Type domain.Langilea is not enhanced.

[2021-05-04 15:49:20 #19 type.registry] 
New type domain.Administratzailea

[2021-05-04 15:49:20 #20 type] 
Type domain.Administratzailea is not enhanced.

[2021-05-04 15:49:20 #21 type.registry] 
New type java.util.Vector<java.lang.Object>

[2021-05-04 15:49:20 #22 type.registry] 
New type java.util.Vector<domain.Kuota>

------------------------------------------------------------------------------------------------------------------------

[2021-05-04 15:51:21 #1 store] 
Database 'D:\OneDrive\Uni\SI1\Proiektua\Iterazioak\Bets21\src\main\resources\bets.temp' is opened by 12592@LAPTOP-PR5SQP5G

[2021-05-04 15:51:21 #2 type.registry] 
New type domain.Question

[2021-05-04 15:51:21 #3 type] 
Type domain.Question is not enhanced.

[2021-05-04 15:51:21 #4 type.registry] 
New type domain.Kuota

[2021-05-04 15:51:21 #5 type.registry] 
New type domain.Event

[2021-05-04 15:51:21 #6 type] 
Type domain.Kuota is not enhanced.

[2021-05-04 15:51:21 #7 type.registry] 
New type domain.Emaitza

[2021-05-04 15:51:21 #8 type.registry] 
New type domain.Apostu

[2021-05-04 15:51:21 #9 type] 
Type domain.Event is not enhanced.

[2021-05-04 15:51:21 #10 type.registry] 
New type java.util.Vector<domain.Question>

[2021-05-04 15:51:21 #11 type] 
Type domain.Emaitza is not enhanced.

[2021-05-04 15:51:21 #12 type] 
Type domain.Apostu is not enhanced.

[2021-05-04 15:51:21 #13 type.registry] 
New type domain.Erabiltzailea

[2021-05-04 15:51:21 #14 type.registry] 
New type domain.Erregistratua

[2021-05-04 15:51:21 #15 type] 
Type domain.Erabiltzailea is not enhanced.

[2021-05-04 15:51:21 #16 type] 
Type domain.Erregistratua is not enhanced.

[2021-05-04 15:51:21 #17 type.registry] 
New type domain.Langilea

[2021-05-04 15:51:21 #18 type] 
Type domain.Langilea is not enhanced.

[2021-05-04 15:51:21 #19 type.registry] 
New type domain.Administratzailea

[2021-05-04 15:51:21 #20 type] 
Type domain.Administratzailea is not enhanced.

[2021-05-04 15:51:21 #21 type.registry] 
New type java.util.Vector<java.lang.Object>

[2021-05-04 15:51:21 #22 type.registry] 
New type java.util.Vector<domain.Kuota>

[2021-05-04 15:51:38 #23 type.registry] 
New type java.util.Vector<domain.Erregistratua>

------------------------------------------------------------------------------------------------------------------------

[2021-05-04 16:01:27 #1 store] 
Database 'D:\OneDrive\Uni\SI1\Proiektua\Iterazioak\Bets21\src\main\resources\bets.temp' is opened by 13852@LAPTOP-PR5SQP5G

[2021-05-04 16:01:27 #2 type.registry] 
New type domain.Question

[2021-05-04 16:01:27 #3 type] 
Type domain.Question is not enhanced.

[2021-05-04 16:01:27 #4 type.registry] 
New type domain.Kuota

[2021-05-04 16:01:27 #5 type.registry] 
New type domain.Event

[2021-05-04 16:01:27 #6 type] 
Type domain.Kuota is not enhanced.

[2021-05-04 16:01:27 #7 type.registry] 
New type domain.Emaitza

[2021-05-04 16:01:27 #8 type.registry] 
New type domain.Apostu

[2021-05-04 16:01:27 #9 type] 
Type domain.Event is not enhanced.

[2021-05-04 16:01:27 #10 type.registry] 
New type java.util.Vector<domain.Question>

[2021-05-04 16:01:27 #11 type] 
Type domain.Emaitza is not enhanced.

[2021-05-04 16:01:27 #12 type] 
Type domain.Apostu is not enhanced.

[2021-05-04 16:01:27 #13 type.registry] 
New type domain.Erabiltzailea

[2021-05-04 16:01:27 #14 type.registry] 
New type domain.Erregistratua

[2021-05-04 16:01:27 #15 type] 
Type domain.Erabiltzailea is not enhanced.

[2021-05-04 16:01:27 #16 type] 
Type domain.Erregistratua is not enhanced.

[2021-05-04 16:01:27 #17 type.registry] 
New type domain.Langilea

[2021-05-04 16:01:27 #18 type] 
Type domain.Langilea is not enhanced.

[2021-05-04 16:01:27 #19 type.registry] 
New type domain.Administratzailea

[2021-05-04 16:01:27 #20 type] 
Type domain.Administratzailea is not enhanced.

[2021-05-04 16:01:27 #21 type.registry] 
New type java.util.Vector<java.lang.Object>

[2021-05-04 16:01:27 #22 type.registry] 
New type java.util.Vector<domain.Kuota>

[2021-05-04 16:01:38 #23 type.registry] 
New type java.util.Vector<domain.Erregistratua>

[2021-05-04 16:01:47 #24 type.registry] 
New type java.util.Vector<java.lang.Double>

------------------------------------------------------------------------------------------------------------------------

[2021-05-04 16:02:15 #1 store] 
Database 'D:\OneDrive\Uni\SI1\Proiektua\Iterazioak\Bets21\src\main\resources\bets.temp' has been recovered (tr. 1-15)

[2021-05-04 16:02:15 #2 store] 
Database 'D:\OneDrive\Uni\SI1\Proiektua\Iterazioak\Bets21\src\main\resources\bets.temp' is opened by 13268@LAPTOP-PR5SQP5G

[2021-05-04 16:02:16 #3 type] 
Type domain.Question is not enhanced.

[2021-05-04 16:02:16 #4 type] 
Type domain.Kuota is not enhanced.

[2021-05-04 16:02:16 #5 type] 
Type domain.Event is not enhanced.

[2021-05-04 16:02:16 #6 type] 
Type domain.Emaitza is not enhanced.

[2021-05-04 16:02:16 #7 type] 
Type domain.Apostu is not enhanced.

[2021-05-04 16:02:16 #8 type] 
Type domain.Erabiltzailea is not enhanced.

[2021-05-04 16:02:16 #9 type] 
Type domain.Erregistratua is not enhanced.

[2021-05-04 16:02:16 #10 type] 
Type domain.Langilea is not enhanced.

[2021-05-04 16:02:16 #11 type] 
Type domain.Administratzailea is not enhanced.

------------------------------------------------------------------------------------------------------------------------

[2021-05-04 16:02:24 #1 store] 
Database 'D:\OneDrive\Uni\SI1\Proiektua\Iterazioak\Bets21\src\main\resources\bets.temp' is opened by 1420@LAPTOP-PR5SQP5G

[2021-05-04 16:02:24 #2 type] 
Type domain.Question is not enhanced.

[2021-05-04 16:02:24 #3 type] 
Type domain.Kuota is not enhanced.

[2021-05-04 16:02:24 #4 type] 
Type domain.Event is not enhanced.

[2021-05-04 16:02:24 #5 type] 
Type domain.Emaitza is not enhanced.

[2021-05-04 16:02:24 #6 type] 
Type domain.Apostu is not enhanced.

[2021-05-04 16:02:24 #7 type] 
Type domain.Erabiltzailea is not enhanced.

[2021-05-04 16:02:24 #8 type] 
Type domain.Erregistratua is not enhanced.

[2021-05-04 16:02:24 #9 type] 
Type domain.Langilea is not enhanced.

[2021-05-04 16:02:24 #10 type] 
Type domain.Administratzailea is not enhanced.

------------------------------------------------------------------------------------------------------------------------

[2021-05-04 16:02:56 #1 store] 
Database 'D:\OneDrive\Uni\SI1\Proiektua\Iterazioak\Bets21\src\main\resources\bets.temp' has been recovered (tr. 16-16)

[2021-05-04 16:02:56 #2 store] 
Database 'D:\OneDrive\Uni\SI1\Proiektua\Iterazioak\Bets21\src\main\resources\bets.temp' is opened by 12976@LAPTOP-PR5SQP5G

[2021-05-04 16:02:56 #3 type] 
Type domain.Question is not enhanced.

[2021-05-04 16:02:56 #4 type] 
Type domain.Kuota is not enhanced.

[2021-05-04 16:02:56 #5 type] 
Type domain.Event is not enhanced.

[2021-05-04 16:02:56 #6 type] 
Type domain.Emaitza is not enhanced.

[2021-05-04 16:02:56 #7 type] 
Type domain.Apostu is not enhanced.

[2021-05-04 16:02:56 #8 type] 
Type domain.Erabiltzailea is not enhanced.

[2021-05-04 16:02:56 #9 type] 
Type domain.Erregistratua is not enhanced.

[2021-05-04 16:02:56 #10 type] 
Type domain.Langilea is not enhanced.

[2021-05-04 16:02:56 #11 type] 
Type domain.Administratzailea is not enhanced.

[2021-05-04 16:03:35 #12 type.registry] 
New type java.util.Vector<domain.Apostu>

------------------------------------------------------------------------------------------------------------------------

[2021-05-04 16:03:51 #1 store] 
Database 'D:\OneDrive\Uni\SI1\Proiektua\Iterazioak\Bets21\src\main\resources\bets.temp' has been recovered (tr. 17-19)

[2021-05-04 16:03:51 #2 store] 
Database 'D:\OneDrive\Uni\SI1\Proiektua\Iterazioak\Bets21\src\main\resources\bets.temp' is opened by 9656@LAPTOP-PR5SQP5G

[2021-05-04 16:03:52 #3 type] 
Type domain.Question is not enhanced.

[2021-05-04 16:03:52 #4 type] 
Type domain.Kuota is not enhanced.

[2021-05-04 16:03:52 #5 type] 
Type domain.Event is not enhanced.

[2021-05-04 16:03:52 #6 type] 
Type domain.Emaitza is not enhanced.

[2021-05-04 16:03:52 #7 type] 
Type domain.Apostu is not enhanced.

[2021-05-04 16:03:52 #8 type] 
Type domain.Erabiltzailea is not enhanced.

[2021-05-04 16:03:52 #9 type] 
Type domain.Erregistratua is not enhanced.

[2021-05-04 16:03:52 #10 type] 
Type domain.Langilea is not enhanced.

[2021-05-04 16:03:52 #11 type] 
Type domain.Administratzailea is not enhanced.

------------------------------------------------------------------------------------------------------------------------

[2021-05-04 16:04:13 #1 store] 
Database 'D:\OneDrive\Uni\SI1\Proiektua\Iterazioak\Bets21\src\main\resources\bets.temp' is opened by 2652@LAPTOP-PR5SQP5G

[2021-05-04 16:04:14 #2 type] 
Type domain.Question is not enhanced.

[2021-05-04 16:04:14 #3 type] 
Type domain.Kuota is not enhanced.

[2021-05-04 16:04:14 #4 type] 
Type domain.Event is not enhanced.

[2021-05-04 16:04:14 #5 type] 
Type domain.Emaitza is not enhanced.

[2021-05-04 16:04:14 #6 type] 
Type domain.Apostu is not enhanced.

[2021-05-04 16:04:14 #7 type] 
Type domain.Erabiltzailea is not enhanced.

[2021-05-04 16:04:14 #8 type] 
Type domain.Erregistratua is not enhanced.

[2021-05-04 16:04:14 #9 type] 
Type domain.Langilea is not enhanced.

[2021-05-04 16:04:14 #10 type] 
Type domain.Administratzailea is not enhanced.

------------------------------------------------------------------------------------------------------------------------

[2021-05-04 16:04:50 #1 store] 
Database 'D:\OneDrive\Uni\SI1\Proiektua\Iterazioak\Bets21\src\main\resources\bets.temp' has been recovered (tr. 20-22)

[2021-05-04 16:04:50 #2 store] 
Database 'D:\OneDrive\Uni\SI1\Proiektua\Iterazioak\Bets21\src\main\resources\bets.temp' is opened by 12552@LAPTOP-PR5SQP5G

[2021-05-04 16:04:50 #3 type] 
Type domain.Question is not enhanced.

[2021-05-04 16:04:50 #4 type] 
Type domain.Kuota is not enhanced.

[2021-05-04 16:04:50 #5 type] 
Type domain.Event is not enhanced.

[2021-05-04 16:04:50 #6 type] 
Type domain.Emaitza is not enhanced.

[2021-05-04 16:04:50 #7 type] 
Type domain.Apostu is not enhanced.

[2021-05-04 16:04:50 #8 type] 
Type domain.Erabiltzailea is not enhanced.

[2021-05-04 16:04:50 #9 type] 
Type domain.Erregistratua is not enhanced.

[2021-05-04 16:04:50 #10 type] 
Type domain.Langilea is not enhanced.

[2021-05-04 16:04:50 #11 type] 
Type domain.Administratzailea is not enhanced.

------------------------------------------------------------------------------------------------------------------------

[2021-05-04 16:09:23 #1 store] 
Database 'D:\OneDrive\Uni\SI1\Proiektua\Iterazioak\Bets21\src\main\resources\bets.temp' is opened by 15464@LAPTOP-PR5SQP5G

[2021-05-04 16:09:23 #2 type] 
Type domain.Question is not enhanced.

[2021-05-04 16:09:23 #3 type] 
Type domain.Kuota is not enhanced.

[2021-05-04 16:09:23 #4 type] 
Type domain.Event is not enhanced.

[2021-05-04 16:09:23 #5 type] 
Type domain.Emaitza is not enhanced.

[2021-05-04 16:09:23 #6 type] 
Type domain.Apostu is not enhanced.

[2021-05-04 16:09:23 #7 type] 
Type domain.Erabiltzailea is not enhanced.

[2021-05-04 16:09:23 #8 type] 
Type domain.Erregistratua is not enhanced.

[2021-05-04 16:09:23 #9 type] 
Type domain.Langilea is not enhanced.

[2021-05-04 16:09:23 #10 type] 
Type domain.Administratzailea is not enhanced.

------------------------------------------------------------------------------------------------------------------------

[2021-05-04 16:10:12 #1 store] 
Database 'D:\OneDrive\Uni\SI1\Proiektua\Iterazioak\Bets21\src\main\resources\bets.temp' has been recovered (tr. 23-26)

[2021-05-04 16:10:12 #2 store] 
Database 'D:\OneDrive\Uni\SI1\Proiektua\Iterazioak\Bets21\src\main\resources\bets.temp' is opened by 6016@LAPTOP-PR5SQP5G

[2021-05-04 16:10:12 #3 type] 
Type domain.Question is not enhanced.

[2021-05-04 16:10:12 #4 type] 
Type domain.Kuota is not enhanced.

[2021-05-04 16:10:12 #5 type] 
Type domain.Event is not enhanced.

[2021-05-04 16:10:12 #6 type] 
Type domain.Emaitza is not enhanced.

[2021-05-04 16:10:12 #7 type] 
Type domain.Apostu is not enhanced.

[2021-05-04 16:10:12 #8 type] 
Type domain.Erabiltzailea is not enhanced.

[2021-05-04 16:10:12 #9 type] 
Type domain.Erregistratua is not enhanced.

[2021-05-04 16:10:12 #10 type] 
Type domain.Langilea is not enhanced.

[2021-05-04 16:10:12 #11 type] 
Type domain.Administratzailea is not enhanced.

------------------------------------------------------------------------------------------------------------------------

[2021-05-04 16:15:12 #1 store] 
Database 'D:\OneDrive\Uni\SI1\Proiektua\Iterazioak\Bets21\src\main\resources\bets.temp' is opened by 14040@LAPTOP-PR5SQP5G

[2021-05-04 16:15:13 #2 type.registry] 
New type domain.Question

[2021-05-04 16:15:13 #3 type] 
Type domain.Question is not enhanced.

[2021-05-04 16:15:13 #4 type.registry] 
New type domain.Kuota

[2021-05-04 16:15:13 #5 type.registry] 
New type domain.Event

[2021-05-04 16:15:13 #6 type] 
Type domain.Kuota is not enhanced.

[2021-05-04 16:15:13 #7 type.registry] 
New type domain.Emaitza

[2021-05-04 16:15:13 #8 type.registry] 
New type domain.Apostu

[2021-05-04 16:15:13 #9 type] 
Type domain.Event is not enhanced.

[2021-05-04 16:15:13 #10 type.registry] 
New type java.util.Vector<domain.Question>

[2021-05-04 16:15:13 #11 type] 
Type domain.Emaitza is not enhanced.

[2021-05-04 16:15:13 #12 type] 
Type domain.Apostu is not enhanced.

[2021-05-04 16:15:13 #13 type.registry] 
New type domain.Erabiltzailea

[2021-05-04 16:15:13 #14 type.registry] 
New type domain.Erregistratua

[2021-05-04 16:15:13 #15 type] 
Type domain.Erabiltzailea is not enhanced.

[2021-05-04 16:15:13 #16 type] 
Type domain.Erregistratua is not enhanced.

[2021-05-04 16:15:13 #17 type.registry] 
New type domain.Langilea

[2021-05-04 16:15:13 #18 type] 
Type domain.Langilea is not enhanced.

[2021-05-04 16:15:13 #19 type.registry] 
New type domain.Administratzailea

[2021-05-04 16:15:13 #20 type] 
Type domain.Administratzailea is not enhanced.

[2021-05-04 16:15:13 #21 type.registry] 
New type java.util.Vector<java.lang.Object>

[2021-05-04 16:15:13 #22 type.registry] 
New type java.util.Vector<domain.Kuota>

------------------------------------------------------------------------------------------------------------------------

[2021-05-04 16:15:23 #1 store] 
Database 'D:\OneDrive\Uni\SI1\Proiektua\Iterazioak\Bets21\src\main\resources\bets.temp' is opened by 13396@LAPTOP-PR5SQP5G

[2021-05-04 16:15:24 #2 type.registry] 
New type domain.Question

[2021-05-04 16:15:24 #3 type] 
Type domain.Question is not enhanced.

[2021-05-04 16:15:24 #4 type.registry] 
New type domain.Kuota

[2021-05-04 16:15:24 #5 type.registry] 
New type domain.Event

[2021-05-04 16:15:24 #6 type] 
Type domain.Kuota is not enhanced.

[2021-05-04 16:15:24 #7 type.registry] 
New type domain.Emaitza

[2021-05-04 16:15:24 #8 type.registry] 
New type domain.Apostu

[2021-05-04 16:15:24 #9 type] 
Type domain.Event is not enhanced.

[2021-05-04 16:15:24 #10 type.registry] 
New type java.util.Vector<domain.Question>

[2021-05-04 16:15:24 #11 type] 
Type domain.Emaitza is not enhanced.

[2021-05-04 16:15:24 #12 type] 
Type domain.Apostu is not enhanced.

[2021-05-04 16:15:24 #13 type.registry] 
New type domain.Erabiltzailea

[2021-05-04 16:15:24 #14 type.registry] 
New type domain.Erregistratua

[2021-05-04 16:15:24 #15 type] 
Type domain.Erabiltzailea is not enhanced.

[2021-05-04 16:15:24 #16 type] 
Type domain.Erregistratua is not enhanced.

[2021-05-04 16:15:24 #17 type.registry] 
New type domain.Langilea

[2021-05-04 16:15:24 #18 type] 
Type domain.Langilea is not enhanced.

[2021-05-04 16:15:24 #19 type.registry] 
New type domain.Administratzailea

[2021-05-04 16:15:24 #20 type] 
Type domain.Administratzailea is not enhanced.

[2021-05-04 16:15:24 #21 type.registry] 
New type java.util.Vector<java.lang.Object>

[2021-05-04 16:15:24 #22 type.registry] 
New type java.util.Vector<domain.Kuota>

------------------------------------------------------------------------------------------------------------------------

[2021-05-04 16:15:50 #1 store] 
Database 'D:\OneDrive\Uni\SI1\Proiektua\Iterazioak\Bets21\src\main\resources\bets.temp' is opened by 15856@LAPTOP-PR5SQP5G

[2021-05-04 16:15:50 #2 type.registry] 
New type domain.Question

[2021-05-04 16:15:50 #3 type] 
Type domain.Question is not enhanced.

[2021-05-04 16:15:50 #4 type.registry] 
New type domain.Kuota

[2021-05-04 16:15:50 #5 type.registry] 
New type domain.Event

[2021-05-04 16:15:50 #6 type] 
Type domain.Kuota is not enhanced.

[2021-05-04 16:15:50 #7 type.registry] 
New type domain.Emaitza

[2021-05-04 16:15:50 #8 type.registry] 
New type domain.Apostu

[2021-05-04 16:15:50 #9 type] 
Type domain.Event is not enhanced.

[2021-05-04 16:15:50 #10 type.registry] 
New type java.util.Vector<domain.Question>

[2021-05-04 16:15:50 #11 type] 
Type domain.Emaitza is not enhanced.

[2021-05-04 16:15:50 #12 type] 
Type domain.Apostu is not enhanced.

[2021-05-04 16:15:50 #13 type.registry] 
New type domain.Erabiltzailea

[2021-05-04 16:15:50 #14 type.registry] 
New type domain.Erregistratua

[2021-05-04 16:15:50 #15 type] 
Type domain.Erabiltzailea is not enhanced.

[2021-05-04 16:15:50 #16 type] 
Type domain.Erregistratua is not enhanced.

[2021-05-04 16:15:51 #17 type.registry] 
New type domain.Langilea

[2021-05-04 16:15:51 #18 type] 
Type domain.Langilea is not enhanced.

[2021-05-04 16:15:51 #19 type.registry] 
New type domain.Administratzailea

[2021-05-04 16:15:51 #20 type] 
Type domain.Administratzailea is not enhanced.

[2021-05-04 16:15:51 #21 type.registry] 
New type java.util.Vector<java.lang.Object>

[2021-05-04 16:15:51 #22 type.registry] 
New type java.util.Vector<domain.Kuota>

[2021-05-04 16:16:11 #23 type.registry] 
New type java.util.Vector<domain.Apostu>

------------------------------------------------------------------------------------------------------------------------

[2021-05-04 16:16:29 #1 store] 
Database 'D:\OneDrive\Uni\SI1\Proiektua\Iterazioak\Bets21\src\main\resources\bets.temp' is opened by 3604@LAPTOP-PR5SQP5G

[2021-05-04 16:16:29 #2 type.registry] 
New type domain.Question

[2021-05-04 16:16:29 #3 type] 
Type domain.Question is not enhanced.

[2021-05-04 16:16:29 #4 type.registry] 
New type domain.Kuota

[2021-05-04 16:16:29 #5 type.registry] 
New type domain.Event

[2021-05-04 16:16:29 #6 type] 
Type domain.Kuota is not enhanced.

[2021-05-04 16:16:29 #7 type.registry] 
New type domain.Emaitza

[2021-05-04 16:16:29 #8 type.registry] 
New type domain.Apostu

[2021-05-04 16:16:29 #9 type] 
Type domain.Event is not enhanced.

[2021-05-04 16:16:29 #10 type.registry] 
New type java.util.Vector<domain.Question>

[2021-05-04 16:16:29 #11 type] 
Type domain.Emaitza is not enhanced.

[2021-05-04 16:16:29 #12 type] 
Type domain.Apostu is not enhanced.

[2021-05-04 16:16:29 #13 type.registry] 
New type domain.Erabiltzailea

[2021-05-04 16:16:29 #14 type.registry] 
New type domain.Erregistratua

[2021-05-04 16:16:29 #15 type] 
Type domain.Erabiltzailea is not enhanced.

[2021-05-04 16:16:29 #16 type] 
Type domain.Erregistratua is not enhanced.

[2021-05-04 16:16:29 #17 type.registry] 
New type domain.Langilea

[2021-05-04 16:16:29 #18 type] 
Type domain.Langilea is not enhanced.

[2021-05-04 16:16:29 #19 type.registry] 
New type domain.Administratzailea

[2021-05-04 16:16:29 #20 type] 
Type domain.Administratzailea is not enhanced.

[2021-05-04 16:16:29 #21 type.registry] 
New type java.util.Vector<java.lang.Object>

[2021-05-04 16:16:29 #22 type.registry] 
New type java.util.Vector<domain.Kuota>

------------------------------------------------------------------------------------------------------------------------

[2021-05-04 16:16:37 #1 store] 
Database 'D:\OneDrive\Uni\SI1\Proiektua\Iterazioak\Bets21\src\main\resources\bets.temp' is opened by 10996@LAPTOP-PR5SQP5G

[2021-05-04 16:16:37 #2 type.registry] 
New type domain.Question

[2021-05-04 16:16:37 #3 type] 
Type domain.Question is not enhanced.

[2021-05-04 16:16:37 #4 type.registry] 
New type domain.Kuota

[2021-05-04 16:16:37 #5 type.registry] 
New type domain.Event

[2021-05-04 16:16:37 #6 type] 
Type domain.Kuota is not enhanced.

[2021-05-04 16:16:37 #7 type.registry] 
New type domain.Emaitza

[2021-05-04 16:16:37 #8 type.registry] 
New type domain.Apostu

[2021-05-04 16:16:37 #9 type] 
Type domain.Event is not enhanced.

[2021-05-04 16:16:37 #10 type.registry] 
New type java.util.Vector<domain.Question>

[2021-05-04 16:16:37 #11 type] 
Type domain.Emaitza is not enhanced.

[2021-05-04 16:16:37 #12 type] 
Type domain.Apostu is not enhanced.

[2021-05-04 16:16:37 #13 type.registry] 
New type domain.Erabiltzailea

[2021-05-04 16:16:37 #14 type.registry] 
New type domain.Erregistratua

[2021-05-04 16:16:37 #15 type] 
Type domain.Erabiltzailea is not enhanced.

[2021-05-04 16:16:37 #16 type] 
Type domain.Erregistratua is not enhanced.

[2021-05-04 16:16:37 #17 type.registry] 
New type domain.Langilea

[2021-05-04 16:16:37 #18 type] 
Type domain.Langilea is not enhanced.

[2021-05-04 16:16:37 #19 type.registry] 
New type domain.Administratzailea

[2021-05-04 16:16:37 #20 type] 
Type domain.Administratzailea is not enhanced.

[2021-05-04 16:16:37 #21 type.registry] 
New type java.util.Vector<java.lang.Object>

[2021-05-04 16:16:37 #22 type.registry] 
New type java.util.Vector<domain.Kuota>

[2021-05-04 16:16:46 #23 type.registry] 
New type java.util.Vector<java.lang.Double>

[2021-05-04 16:17:00 #24 type.registry] 
New type java.util.Vector<domain.Erregistratua>

------------------------------------------------------------------------------------------------------------------------

[2021-05-04 16:17:05 #1 store] 
Database 'D:\OneDrive\Uni\SI1\Proiektua\Iterazioak\Bets21\src\main\resources\bets.temp' is opened by 8056@LAPTOP-PR5SQP5G

[2021-05-04 16:17:05 #2 type.registry] 
New type domain.Question

[2021-05-04 16:17:05 #3 type] 
Type domain.Question is not enhanced.

[2021-05-04 16:17:05 #4 type.registry] 
New type domain.Kuota

[2021-05-04 16:17:06 #5 type.registry] 
New type domain.Event

[2021-05-04 16:17:06 #6 type] 
Type domain.Kuota is not enhanced.

[2021-05-04 16:17:06 #7 type.registry] 
New type domain.Emaitza

[2021-05-04 16:17:06 #8 type.registry] 
New type domain.Apostu

[2021-05-04 16:17:06 #9 type] 
Type domain.Event is not enhanced.

[2021-05-04 16:17:06 #10 type.registry] 
New type java.util.Vector<domain.Question>

[2021-05-04 16:17:06 #11 type] 
Type domain.Emaitza is not enhanced.

[2021-05-04 16:17:06 #12 type] 
Type domain.Apostu is not enhanced.

[2021-05-04 16:17:06 #13 type.registry] 
New type domain.Erabiltzailea

[2021-05-04 16:17:06 #14 type.registry] 
New type domain.Erregistratua

[2021-05-04 16:17:06 #15 type] 
Type domain.Erabiltzailea is not enhanced.

[2021-05-04 16:17:06 #16 type] 
Type domain.Erregistratua is not enhanced.

[2021-05-04 16:17:06 #17 type.registry] 
New type domain.Langilea

[2021-05-04 16:17:06 #18 type] 
Type domain.Langilea is not enhanced.

[2021-05-04 16:17:06 #19 type.registry] 
New type domain.Administratzailea

[2021-05-04 16:17:06 #20 type] 
Type domain.Administratzailea is not enhanced.

[2021-05-04 16:17:06 #21 type.registry] 
New type java.util.Vector<java.lang.Object>

[2021-05-04 16:17:06 #22 type.registry] 
New type java.util.Vector<domain.Kuota>

[2021-05-04 16:17:18 #23 type.registry] 
New type java.util.Vector<java.lang.Double>

------------------------------------------------------------------------------------------------------------------------

[2021-05-04 16:17:35 #1 store] 
Database 'D:\OneDrive\Uni\SI1\Proiektua\Iterazioak\Bets21\src\main\resources\bets.temp' is opened by 9128@LAPTOP-PR5SQP5G

[2021-05-04 16:17:36 #2 type.registry] 
New type domain.Question

[2021-05-04 16:17:36 #3 type] 
Type domain.Question is not enhanced.

[2021-05-04 16:17:36 #4 type.registry] 
New type domain.Kuota

[2021-05-04 16:17:36 #5 type.registry] 
New type domain.Event

[2021-05-04 16:17:36 #6 type] 
Type domain.Kuota is not enhanced.

[2021-05-04 16:17:36 #7 type.registry] 
New type domain.Emaitza

[2021-05-04 16:17:36 #8 type.registry] 
New type domain.Apostu

[2021-05-04 16:17:36 #9 type] 
Type domain.Event is not enhanced.

[2021-05-04 16:17:36 #10 type.registry] 
New type java.util.Vector<domain.Question>

[2021-05-04 16:17:36 #11 type] 
Type domain.Emaitza is not enhanced.

[2021-05-04 16:17:36 #12 type] 
Type domain.Apostu is not enhanced.

[2021-05-04 16:17:36 #13 type.registry] 
New type domain.Erabiltzailea

[2021-05-04 16:17:36 #14 type.registry] 
New type domain.Erregistratua

[2021-05-04 16:17:36 #15 type] 
Type domain.Erabiltzailea is not enhanced.

[2021-05-04 16:17:36 #16 type] 
Type domain.Erregistratua is not enhanced.

[2021-05-04 16:17:36 #17 type.registry] 
New type domain.Langilea

[2021-05-04 16:17:36 #18 type] 
Type domain.Langilea is not enhanced.

[2021-05-04 16:17:36 #19 type.registry] 
New type domain.Administratzailea

[2021-05-04 16:17:36 #20 type] 
Type domain.Administratzailea is not enhanced.

[2021-05-04 16:17:36 #21 type.registry] 
New type java.util.Vector<java.lang.Object>

[2021-05-04 16:17:36 #22 type.registry] 
New type java.util.Vector<domain.Kuota>

------------------------------------------------------------------------------------------------------------------------

[2021-05-04 16:17:44 #1 store] 
Database 'D:\OneDrive\Uni\SI1\Proiektua\Iterazioak\Bets21\src\main\resources\bets.temp' is opened by 7676@LAPTOP-PR5SQP5G

[2021-05-04 16:17:44 #2 type.registry] 
New type domain.Question

[2021-05-04 16:17:44 #3 type] 
Type domain.Question is not enhanced.

[2021-05-04 16:17:44 #4 type.registry] 
New type domain.Kuota

[2021-05-04 16:17:44 #5 type.registry] 
New type domain.Event

[2021-05-04 16:17:44 #6 type] 
Type domain.Kuota is not enhanced.

[2021-05-04 16:17:44 #7 type.registry] 
New type domain.Emaitza

[2021-05-04 16:17:44 #8 type.registry] 
New type domain.Apostu

[2021-05-04 16:17:44 #9 type] 
Type domain.Event is not enhanced.

[2021-05-04 16:17:44 #10 type.registry] 
New type java.util.Vector<domain.Question>

[2021-05-04 16:17:44 #11 type] 
Type domain.Emaitza is not enhanced.

[2021-05-04 16:17:44 #12 type] 
Type domain.Apostu is not enhanced.

[2021-05-04 16:17:44 #13 type.registry] 
New type domain.Erabiltzailea

[2021-05-04 16:17:44 #14 type.registry] 
New type domain.Erregistratua

[2021-05-04 16:17:44 #15 type] 
Type domain.Erabiltzailea is not enhanced.

[2021-05-04 16:17:44 #16 type] 
Type domain.Erregistratua is not enhanced.

[2021-05-04 16:17:44 #17 type.registry] 
New type domain.Langilea

[2021-05-04 16:17:44 #18 type] 
Type domain.Langilea is not enhanced.

[2021-05-04 16:17:44 #19 type.registry] 
New type domain.Administratzailea

[2021-05-04 16:17:44 #20 type] 
Type domain.Administratzailea is not enhanced.

[2021-05-04 16:17:44 #21 type.registry] 
New type java.util.Vector<java.lang.Object>

[2021-05-04 16:17:44 #22 type.registry] 
New type java.util.Vector<domain.Kuota>

------------------------------------------------------------------------------------------------------------------------

[2021-05-04 16:18:11 #1 store] 
Database 'D:\OneDrive\Uni\SI1\Proiektua\Iterazioak\Bets21\src\main\resources\bets.temp' has been recovered (tr. 1-8)

[2021-05-04 16:18:11 #2 store] 
Database 'D:\OneDrive\Uni\SI1\Proiektua\Iterazioak\Bets21\src\main\resources\bets.temp' is opened by 2320@LAPTOP-PR5SQP5G

[2021-05-04 16:18:11 #3 type] 
Type domain.Question is not enhanced.

[2021-05-04 16:18:11 #4 type] 
Type domain.Kuota is not enhanced.

[2021-05-04 16:18:11 #5 type] 
Type domain.Event is not enhanced.

[2021-05-04 16:18:11 #6 type] 
Type domain.Emaitza is not enhanced.

[2021-05-04 16:18:11 #7 type] 
Type domain.Apostu is not enhanced.

[2021-05-04 16:18:11 #8 type] 
Type domain.Erabiltzailea is not enhanced.

[2021-05-04 16:18:11 #9 type] 
Type domain.Erregistratua is not enhanced.

[2021-05-04 16:18:11 #10 type] 
Type domain.Langilea is not enhanced.

[2021-05-04 16:18:11 #11 type] 
Type domain.Administratzailea is not enhanced.

------------------------------------------------------------------------------------------------------------------------

[2021-05-04 16:18:33 #1 store] 
Database 'D:\OneDrive\Uni\SI1\Proiektua\Iterazioak\Bets21\src\main\resources\bets.temp' is opened by 12568@LAPTOP-PR5SQP5G

[2021-05-04 16:18:33 #2 type] 
Type domain.Question is not enhanced.

[2021-05-04 16:18:33 #3 type] 
Type domain.Kuota is not enhanced.

[2021-05-04 16:18:33 #4 type] 
Type domain.Event is not enhanced.

[2021-05-04 16:18:33 #5 type] 
Type domain.Emaitza is not enhanced.

[2021-05-04 16:18:33 #6 type] 
Type domain.Apostu is not enhanced.

[2021-05-04 16:18:33 #7 type] 
Type domain.Erabiltzailea is not enhanced.

[2021-05-04 16:18:33 #8 type] 
Type domain.Erregistratua is not enhanced.

[2021-05-04 16:18:33 #9 type] 
Type domain.Langilea is not enhanced.

[2021-05-04 16:18:33 #10 type] 
Type domain.Administratzailea is not enhanced.

[2021-05-04 16:18:54 #11 type.registry] 
New type java.util.Vector<domain.Apostu>

------------------------------------------------------------------------------------------------------------------------

[2021-05-04 16:19:11 #1 store] 
Database 'D:\OneDrive\Uni\SI1\Proiektua\Iterazioak\Bets21\src\main\resources\bets.temp' has been recovered (tr. 9-11)

[2021-05-04 16:19:11 #2 store] 
Database 'D:\OneDrive\Uni\SI1\Proiektua\Iterazioak\Bets21\src\main\resources\bets.temp' is opened by 13492@LAPTOP-PR5SQP5G

[2021-05-04 16:19:11 #3 type] 
Type domain.Question is not enhanced.

[2021-05-04 16:19:11 #4 type] 
Type domain.Kuota is not enhanced.

[2021-05-04 16:19:11 #5 type] 
Type domain.Event is not enhanced.

[2021-05-04 16:19:11 #6 type] 
Type domain.Emaitza is not enhanced.

[2021-05-04 16:19:11 #7 type] 
Type domain.Apostu is not enhanced.

[2021-05-04 16:19:11 #8 type] 
Type domain.Erabiltzailea is not enhanced.

[2021-05-04 16:19:11 #9 type] 
Type domain.Erregistratua is not enhanced.

[2021-05-04 16:19:11 #10 type] 
Type domain.Langilea is not enhanced.

[2021-05-04 16:19:11 #11 type] 
Type domain.Administratzailea is not enhanced.

[2021-05-04 16:19:21 #12 type.registry] 
New type java.util.Vector<java.lang.Double>

[2021-05-04 16:19:30 #13 type.registry] 
New type java.util.Vector<domain.Erregistratua>

------------------------------------------------------------------------------------------------------------------------

[2021-05-04 16:19:35 #1 store] 
Database 'D:\OneDrive\Uni\SI1\Proiektua\Iterazioak\Bets21\src\main\resources\bets.temp' has been recovered (tr. 12-18)

[2021-05-04 16:19:36 #2 store] 
Database 'D:\OneDrive\Uni\SI1\Proiektua\Iterazioak\Bets21\src\main\resources\bets.temp' is opened by 3376@LAPTOP-PR5SQP5G

[2021-05-04 16:19:36 #3 type] 
Type domain.Question is not enhanced.

[2021-05-04 16:19:36 #4 type] 
Type domain.Kuota is not enhanced.

[2021-05-04 16:19:36 #5 type] 
Type domain.Event is not enhanced.

[2021-05-04 16:19:36 #6 type] 
Type domain.Emaitza is not enhanced.

[2021-05-04 16:19:36 #7 type] 
Type domain.Apostu is not enhanced.

[2021-05-04 16:19:36 #8 type] 
Type domain.Erabiltzailea is not enhanced.

[2021-05-04 16:19:36 #9 type] 
Type domain.Erregistratua is not enhanced.

[2021-05-04 16:19:36 #10 type] 
Type domain.Langilea is not enhanced.

[2021-05-04 16:19:36 #11 type] 
Type domain.Administratzailea is not enhanced.

------------------------------------------------------------------------------------------------------------------------

[2021-05-04 16:19:54 #1 store] 
Database 'D:\OneDrive\Uni\SI1\Proiektua\Iterazioak\Bets21\src\main\resources\bets.temp' is opened by 10952@LAPTOP-PR5SQP5G

[2021-05-04 16:19:54 #2 type] 
Type domain.Question is not enhanced.

[2021-05-04 16:19:54 #3 type] 
Type domain.Kuota is not enhanced.

[2021-05-04 16:19:54 #4 type] 
Type domain.Event is not enhanced.

[2021-05-04 16:19:54 #5 type] 
Type domain.Emaitza is not enhanced.

[2021-05-04 16:19:54 #6 type] 
Type domain.Apostu is not enhanced.

[2021-05-04 16:19:54 #7 type] 
Type domain.Erabiltzailea is not enhanced.

[2021-05-04 16:19:54 #8 type] 
Type domain.Erregistratua is not enhanced.

[2021-05-04 16:19:54 #9 type] 
Type domain.Langilea is not enhanced.

[2021-05-04 16:19:54 #10 type] 
Type domain.Administratzailea is not enhanced.

------------------------------------------------------------------------------------------------------------------------

[2021-05-04 16:21:35 #1 store] 
Database 'D:\OneDrive\Uni\SI1\Proiektua\Iterazioak\Bets21\src\main\resources\bets.temp' has been recovered (tr. 19-22)

[2021-05-04 16:21:36 #2 store] 
Database 'D:\OneDrive\Uni\SI1\Proiektua\Iterazioak\Bets21\src\main\resources\bets.temp' is opened by 8640@LAPTOP-PR5SQP5G

[2021-05-04 16:21:36 #3 type] 
Type domain.Question is not enhanced.

[2021-05-04 16:21:36 #4 type] 
Type domain.Kuota is not enhanced.

[2021-05-04 16:21:36 #5 type] 
Type domain.Event is not enhanced.

[2021-05-04 16:21:36 #6 type] 
Type domain.Emaitza is not enhanced.

[2021-05-04 16:21:36 #7 type] 
Type domain.Apostu is not enhanced.

[2021-05-04 16:21:36 #8 type] 
Type domain.Erabiltzailea is not enhanced.

[2021-05-04 16:21:36 #9 type] 
Type domain.Erregistratua is not enhanced.

[2021-05-04 16:21:36 #10 type] 
Type domain.Langilea is not enhanced.

[2021-05-04 16:21:36 #11 type] 
Type domain.Administratzailea is not enhanced.

------------------------------------------------------------------------------------------------------------------------

[2021-05-04 16:24:10 #1 store] 
Database 'D:\OneDrive\Uni\SI1\Proiektua\Iterazioak\Bets21\src\main\resources\bets.temp' is opened by 7420@LAPTOP-PR5SQP5G

[2021-05-04 16:24:10 #2 type.registry] 
New type domain.Question

[2021-05-04 16:24:10 #3 type] 
Type domain.Question is not enhanced.

[2021-05-04 16:24:10 #4 type.registry] 
New type domain.Kuota

[2021-05-04 16:24:10 #5 type.registry] 
New type domain.Event

[2021-05-04 16:24:10 #6 type] 
Type domain.Kuota is not enhanced.

[2021-05-04 16:24:10 #7 type.registry] 
New type domain.Emaitza

[2021-05-04 16:24:10 #8 type.registry] 
New type domain.Apostu

[2021-05-04 16:24:10 #9 type] 
Type domain.Event is not enhanced.

[2021-05-04 16:24:10 #10 type.registry] 
New type java.util.Vector<domain.Question>

[2021-05-04 16:24:10 #11 type] 
Type domain.Emaitza is not enhanced.

[2021-05-04 16:24:10 #12 type] 
Type domain.Apostu is not enhanced.

[2021-05-04 16:24:10 #13 type.registry] 
New type domain.Erabiltzailea

[2021-05-04 16:24:10 #14 type.registry] 
New type domain.Erregistratua

[2021-05-04 16:24:10 #15 type] 
Type domain.Erabiltzailea is not enhanced.

[2021-05-04 16:24:10 #16 type] 
Type domain.Erregistratua is not enhanced.

[2021-05-04 16:24:10 #17 type.registry] 
New type domain.Langilea

[2021-05-04 16:24:10 #18 type] 
Type domain.Langilea is not enhanced.

[2021-05-04 16:24:10 #19 type.registry] 
New type domain.Administratzailea

[2021-05-04 16:24:10 #20 type] 
Type domain.Administratzailea is not enhanced.

[2021-05-04 16:24:10 #21 type.registry] 
New type java.util.Vector<java.lang.Object>

[2021-05-04 16:24:10 #22 type.registry] 
New type java.util.Vector<domain.Kuota>

------------------------------------------------------------------------------------------------------------------------

[2021-05-04 16:24:35 #1 store] 
Database 'D:\OneDrive\Uni\SI1\Proiektua\Iterazioak\Bets21\src\main\resources\bets.temp' has been recovered (tr. 1-8)

[2021-05-04 16:24:35 #2 store] 
Database 'D:\OneDrive\Uni\SI1\Proiektua\Iterazioak\Bets21\src\main\resources\bets.temp' is opened by 6576@LAPTOP-PR5SQP5G

[2021-05-04 16:24:36 #3 type] 
Type domain.Question is not enhanced.

[2021-05-04 16:24:36 #4 type] 
Type domain.Kuota is not enhanced.

[2021-05-04 16:24:36 #5 type] 
Type domain.Event is not enhanced.

[2021-05-04 16:24:36 #6 type] 
Type domain.Emaitza is not enhanced.

[2021-05-04 16:24:36 #7 type] 
Type domain.Apostu is not enhanced.

[2021-05-04 16:24:36 #8 type] 
Type domain.Erabiltzailea is not enhanced.

[2021-05-04 16:24:36 #9 type] 
Type domain.Erregistratua is not enhanced.

[2021-05-04 16:24:36 #10 type] 
Type domain.Langilea is not enhanced.

[2021-05-04 16:24:36 #11 type] 
Type domain.Administratzailea is not enhanced.

[2021-05-04 16:24:51 #12 type.registry] 
New type java.util.Vector<domain.Erregistratua>

------------------------------------------------------------------------------------------------------------------------

[2021-05-04 16:25:31 #1 store] 
Database 'D:\OneDrive\Uni\SI1\Proiektua\Iterazioak\Bets21\src\main\resources\bets.temp' has been recovered (tr. 9-13)

[2021-05-04 16:25:31 #2 store] 
Database 'D:\OneDrive\Uni\SI1\Proiektua\Iterazioak\Bets21\src\main\resources\bets.temp' is opened by 13984@LAPTOP-PR5SQP5G

[2021-05-04 16:25:31 #3 type] 
Type domain.Question is not enhanced.

[2021-05-04 16:25:31 #4 type] 
Type domain.Kuota is not enhanced.

[2021-05-04 16:25:31 #5 type] 
Type domain.Event is not enhanced.

[2021-05-04 16:25:31 #6 type] 
Type domain.Emaitza is not enhanced.

[2021-05-04 16:25:31 #7 type] 
Type domain.Apostu is not enhanced.

[2021-05-04 16:25:31 #8 type] 
Type domain.Erabiltzailea is not enhanced.

[2021-05-04 16:25:31 #9 type] 
Type domain.Erregistratua is not enhanced.

[2021-05-04 16:25:31 #10 type] 
Type domain.Langilea is not enhanced.

[2021-05-04 16:25:31 #11 type] 
Type domain.Administratzailea is not enhanced.

[2021-05-04 16:25:40 #12 type.registry] 
New type java.util.Vector<java.lang.Double>

------------------------------------------------------------------------------------------------------------------------

[2021-05-04 16:25:49 #1 store] 
Database 'D:\OneDrive\Uni\SI1\Proiektua\Iterazioak\Bets21\src\main\resources\bets.temp' has been recovered (tr. 14-15)

[2021-05-04 16:25:49 #2 store] 
Database 'D:\OneDrive\Uni\SI1\Proiektua\Iterazioak\Bets21\src\main\resources\bets.temp' is opened by 8472@LAPTOP-PR5SQP5G

[2021-05-04 16:25:49 #3 type] 
Type domain.Question is not enhanced.

[2021-05-04 16:25:49 #4 type] 
Type domain.Kuota is not enhanced.

[2021-05-04 16:25:49 #5 type] 
Type domain.Event is not enhanced.

[2021-05-04 16:25:49 #6 type] 
Type domain.Emaitza is not enhanced.

[2021-05-04 16:25:49 #7 type] 
Type domain.Apostu is not enhanced.

[2021-05-04 16:25:49 #8 type] 
Type domain.Erabiltzailea is not enhanced.

[2021-05-04 16:25:49 #9 type] 
Type domain.Erregistratua is not enhanced.

[2021-05-04 16:25:49 #10 type] 
Type domain.Langilea is not enhanced.

[2021-05-04 16:25:49 #11 type] 
Type domain.Administratzailea is not enhanced.

------------------------------------------------------------------------------------------------------------------------

[2021-05-04 16:26:21 #1 store] 
Database 'D:\OneDrive\Uni\SI1\Proiektua\Iterazioak\Bets21\src\main\resources\bets.temp' has been recovered (tr. 16-16)

[2021-05-04 16:26:21 #2 store] 
Database 'D:\OneDrive\Uni\SI1\Proiektua\Iterazioak\Bets21\src\main\resources\bets.temp' is opened by 6688@LAPTOP-PR5SQP5G

[2021-05-04 16:26:21 #3 type] 
Type domain.Question is not enhanced.

[2021-05-04 16:26:21 #4 type] 
Type domain.Kuota is not enhanced.

[2021-05-04 16:26:21 #5 type] 
Type domain.Event is not enhanced.

[2021-05-04 16:26:21 #6 type] 
Type domain.Emaitza is not enhanced.

[2021-05-04 16:26:21 #7 type] 
Type domain.Apostu is not enhanced.

[2021-05-04 16:26:21 #8 type] 
Type domain.Erabiltzailea is not enhanced.

[2021-05-04 16:26:21 #9 type] 
Type domain.Erregistratua is not enhanced.

[2021-05-04 16:26:21 #10 type] 
Type domain.Langilea is not enhanced.

[2021-05-04 16:26:21 #11 type] 
Type domain.Administratzailea is not enhanced.

[2021-05-04 16:27:02 #12 type.registry] 
New type java.util.Vector<domain.Apostu>

------------------------------------------------------------------------------------------------------------------------

[2021-05-04 16:27:07 #1 store] 
Database 'D:\OneDrive\Uni\SI1\Proiektua\Iterazioak\Bets21\src\main\resources\bets.temp' has been recovered (tr. 17-18)

[2021-05-04 16:27:07 #2 store] 
Database 'D:\OneDrive\Uni\SI1\Proiektua\Iterazioak\Bets21\src\main\resources\bets.temp' is opened by 12008@LAPTOP-PR5SQP5G

[2021-05-04 16:27:08 #3 type] 
Type domain.Question is not enhanced.

[2021-05-04 16:27:08 #4 type] 
Type domain.Kuota is not enhanced.

[2021-05-04 16:27:08 #5 type] 
Type domain.Event is not enhanced.

[2021-05-04 16:27:08 #6 type] 
Type domain.Emaitza is not enhanced.

[2021-05-04 16:27:08 #7 type] 
Type domain.Apostu is not enhanced.

[2021-05-04 16:27:08 #8 type] 
Type domain.Erabiltzailea is not enhanced.

[2021-05-04 16:27:08 #9 type] 
Type domain.Erregistratua is not enhanced.

[2021-05-04 16:27:08 #10 type] 
Type domain.Langilea is not enhanced.

[2021-05-04 16:27:08 #11 type] 
Type domain.Administratzailea is not enhanced.

------------------------------------------------------------------------------------------------------------------------

[2021-05-04 16:27:16 #1 store] 
Database 'D:\OneDrive\Uni\SI1\Proiektua\Iterazioak\Bets21\src\main\resources\bets.temp' is opened by 12664@LAPTOP-PR5SQP5G

[2021-05-04 16:27:16 #2 type] 
Type domain.Question is not enhanced.

[2021-05-04 16:27:16 #3 type] 
Type domain.Kuota is not enhanced.

[2021-05-04 16:27:16 #4 type] 
Type domain.Event is not enhanced.

[2021-05-04 16:27:16 #5 type] 
Type domain.Emaitza is not enhanced.

[2021-05-04 16:27:16 #6 type] 
Type domain.Apostu is not enhanced.

[2021-05-04 16:27:16 #7 type] 
Type domain.Erabiltzailea is not enhanced.

[2021-05-04 16:27:16 #8 type] 
Type domain.Erregistratua is not enhanced.

[2021-05-04 16:27:16 #9 type] 
Type domain.Langilea is not enhanced.

[2021-05-04 16:27:16 #10 type] 
Type domain.Administratzailea is not enhanced.

------------------------------------------------------------------------------------------------------------------------

[2021-05-04 16:31:00 #1 store] 
Database 'D:\OneDrive\Uni\SI1\Proiektua\Iterazioak\Bets21\src\main\resources\bets.temp' has been recovered (tr. 19-21)

[2021-05-04 16:31:00 #2 store] 
Database 'D:\OneDrive\Uni\SI1\Proiektua\Iterazioak\Bets21\src\main\resources\bets.temp' is opened by 13728@LAPTOP-PR5SQP5G

[2021-05-04 16:31:01 #3 type] 
Type domain.Question is not enhanced.

[2021-05-04 16:31:01 #4 type] 
Type domain.Kuota is not enhanced.

[2021-05-04 16:31:01 #5 type] 
Type domain.Event is not enhanced.

[2021-05-04 16:31:01 #6 type] 
Type domain.Emaitza is not enhanced.

[2021-05-04 16:31:01 #7 type] 
Type domain.Apostu is not enhanced.

[2021-05-04 16:31:01 #8 type] 
Type domain.Erabiltzailea is not enhanced.

[2021-05-04 16:31:01 #9 type] 
Type domain.Erregistratua is not enhanced.

[2021-05-04 16:31:01 #10 type] 
Type domain.Langilea is not enhanced.

[2021-05-04 16:31:01 #11 type] 
Type domain.Administratzailea is not enhanced.

------------------------------------------------------------------------------------------------------------------------

[2021-05-04 16:32:24 #1 store] 
Database 'D:\OneDrive\Uni\SI1\Proiektua\Iterazioak\Bets21\src\main\resources\bets.temp' is opened by 13300@LAPTOP-PR5SQP5G

[2021-05-04 16:32:24 #2 type.registry] 
New type domain.Question

[2021-05-04 16:32:24 #3 type] 
Type domain.Question is not enhanced.

[2021-05-04 16:32:24 #4 type.registry] 
New type domain.Kuota

[2021-05-04 16:32:24 #5 type.registry] 
New type domain.Event

[2021-05-04 16:32:24 #6 type] 
Type domain.Kuota is not enhanced.

[2021-05-04 16:32:24 #7 type.registry] 
New type domain.Emaitza

[2021-05-04 16:32:24 #8 type.registry] 
New type domain.Apostu

[2021-05-04 16:32:24 #9 type] 
Type domain.Event is not enhanced.

[2021-05-04 16:32:24 #10 type.registry] 
New type java.util.Vector<domain.Question>

[2021-05-04 16:32:24 #11 type] 
Type domain.Emaitza is not enhanced.

[2021-05-04 16:32:24 #12 type] 
Type domain.Apostu is not enhanced.

[2021-05-04 16:32:24 #13 type.registry] 
New type domain.Erabiltzailea

[2021-05-04 16:32:24 #14 type.registry] 
New type domain.Erregistratua

[2021-05-04 16:32:24 #15 type] 
Type domain.Erabiltzailea is not enhanced.

[2021-05-04 16:32:24 #16 type] 
Type domain.Erregistratua is not enhanced.

[2021-05-04 16:32:24 #17 type.registry] 
New type domain.Langilea

[2021-05-04 16:32:24 #18 type] 
Type domain.Langilea is not enhanced.

[2021-05-04 16:32:24 #19 type.registry] 
New type domain.Administratzailea

[2021-05-04 16:32:24 #20 type] 
Type domain.Administratzailea is not enhanced.

[2021-05-04 16:32:24 #21 type.registry] 
New type java.util.Vector<java.lang.Object>

[2021-05-04 16:32:24 #22 type.registry] 
New type java.util.Vector<domain.Kuota>

[2021-05-04 16:32:52 #23 type.registry] 
New type java.util.Vector<domain.Apostu>

------------------------------------------------------------------------------------------------------------------------

[2021-05-04 16:32:57 #1 store] 
Database 'D:\OneDrive\Uni\SI1\Proiektua\Iterazioak\Bets21\src\main\resources\bets.temp' is opened by 6636@LAPTOP-PR5SQP5G

[2021-05-04 16:32:58 #2 type.registry] 
New type domain.Question

[2021-05-04 16:32:58 #3 type] 
Type domain.Question is not enhanced.

[2021-05-04 16:32:58 #4 type.registry] 
New type domain.Kuota

[2021-05-04 16:32:58 #5 type.registry] 
New type domain.Event

[2021-05-04 16:32:58 #6 type] 
Type domain.Kuota is not enhanced.

[2021-05-04 16:32:58 #7 type.registry] 
New type domain.Emaitza

[2021-05-04 16:32:58 #8 type.registry] 
New type domain.Apostu

[2021-05-04 16:32:58 #9 type] 
Type domain.Event is not enhanced.

[2021-05-04 16:32:58 #10 type.registry] 
New type java.util.Vector<domain.Question>

[2021-05-04 16:32:58 #11 type] 
Type domain.Emaitza is not enhanced.

[2021-05-04 16:32:58 #12 type] 
Type domain.Apostu is not enhanced.

[2021-05-04 16:32:58 #13 type.registry] 
New type domain.Erabiltzailea

[2021-05-04 16:32:58 #14 type.registry] 
New type domain.Erregistratua

[2021-05-04 16:32:58 #15 type] 
Type domain.Erabiltzailea is not enhanced.

[2021-05-04 16:32:58 #16 type] 
Type domain.Erregistratua is not enhanced.

[2021-05-04 16:32:58 #17 type.registry] 
New type domain.Langilea

[2021-05-04 16:32:58 #18 type] 
Type domain.Langilea is not enhanced.

[2021-05-04 16:32:58 #19 type.registry] 
New type domain.Administratzailea

[2021-05-04 16:32:58 #20 type] 
Type domain.Administratzailea is not enhanced.

[2021-05-04 16:32:58 #21 type.registry] 
New type java.util.Vector<java.lang.Object>

[2021-05-04 16:32:58 #22 type.registry] 
New type java.util.Vector<domain.Kuota>

[2021-05-04 16:33:07 #23 type.registry] 
New type java.util.Vector<java.lang.Double>

[2021-05-04 16:33:15 #24 type.registry] 
New type java.util.Vector<domain.Erregistratua>

------------------------------------------------------------------------------------------------------------------------

[2021-05-04 16:33:24 #1 store] 
Database 'D:\OneDrive\Uni\SI1\Proiektua\Iterazioak\Bets21\src\main\resources\bets.temp' is opened by 5192@LAPTOP-PR5SQP5G

[2021-05-04 16:33:24 #2 type.registry] 
New type domain.Question

[2021-05-04 16:33:24 #3 type] 
Type domain.Question is not enhanced.

[2021-05-04 16:33:24 #4 type.registry] 
New type domain.Kuota

[2021-05-04 16:33:24 #5 type.registry] 
New type domain.Event

[2021-05-04 16:33:24 #6 type] 
Type domain.Kuota is not enhanced.

[2021-05-04 16:33:24 #7 type.registry] 
New type domain.Emaitza

[2021-05-04 16:33:24 #8 type.registry] 
New type domain.Apostu

[2021-05-04 16:33:24 #9 type] 
Type domain.Event is not enhanced.

[2021-05-04 16:33:24 #10 type.registry] 
New type java.util.Vector<domain.Question>

[2021-05-04 16:33:24 #11 type] 
Type domain.Emaitza is not enhanced.

[2021-05-04 16:33:24 #12 type] 
Type domain.Apostu is not enhanced.

[2021-05-04 16:33:24 #13 type.registry] 
New type domain.Erabiltzailea

[2021-05-04 16:33:24 #14 type.registry] 
New type domain.Erregistratua

[2021-05-04 16:33:24 #15 type] 
Type domain.Erabiltzailea is not enhanced.

[2021-05-04 16:33:24 #16 type] 
Type domain.Erregistratua is not enhanced.

[2021-05-04 16:33:24 #17 type.registry] 
New type domain.Langilea

[2021-05-04 16:33:24 #18 type] 
Type domain.Langilea is not enhanced.

[2021-05-04 16:33:24 #19 type.registry] 
New type domain.Administratzailea

[2021-05-04 16:33:24 #20 type] 
Type domain.Administratzailea is not enhanced.

[2021-05-04 16:33:25 #21 type.registry] 
New type java.util.Vector<java.lang.Object>

[2021-05-04 16:33:25 #22 type.registry] 
New type java.util.Vector<domain.Kuota>

[2021-05-04 16:33:35 #23 type.registry] 
New type java.util.Vector<java.lang.Double>

------------------------------------------------------------------------------------------------------------------------

[2021-05-04 16:33:49 #1 store] 
Database 'D:\OneDrive\Uni\SI1\Proiektua\Iterazioak\Bets21\src\main\resources\bets.temp' is opened by 5932@LAPTOP-PR5SQP5G

[2021-05-04 16:33:49 #2 type.registry] 
New type domain.Question

[2021-05-04 16:33:49 #3 type] 
Type domain.Question is not enhanced.

[2021-05-04 16:33:49 #4 type.registry] 
New type domain.Kuota

[2021-05-04 16:33:49 #5 type.registry] 
New type domain.Event

[2021-05-04 16:33:49 #6 type] 
Type domain.Kuota is not enhanced.

[2021-05-04 16:33:49 #7 type.registry] 
New type domain.Emaitza

[2021-05-04 16:33:49 #8 type.registry] 
New type domain.Apostu

[2021-05-04 16:33:49 #9 type] 
Type domain.Event is not enhanced.

[2021-05-04 16:33:49 #10 type.registry] 
New type java.util.Vector<domain.Question>

[2021-05-04 16:33:49 #11 type] 
Type domain.Emaitza is not enhanced.

[2021-05-04 16:33:49 #12 type] 
Type domain.Apostu is not enhanced.

[2021-05-04 16:33:49 #13 type.registry] 
New type domain.Erabiltzailea

[2021-05-04 16:33:49 #14 type.registry] 
New type domain.Erregistratua

[2021-05-04 16:33:49 #15 type] 
Type domain.Erabiltzailea is not enhanced.

[2021-05-04 16:33:49 #16 type] 
Type domain.Erregistratua is not enhanced.

[2021-05-04 16:33:49 #17 type.registry] 
New type domain.Langilea

[2021-05-04 16:33:49 #18 type] 
Type domain.Langilea is not enhanced.

[2021-05-04 16:33:49 #19 type.registry] 
New type domain.Administratzailea

[2021-05-04 16:33:49 #20 type] 
Type domain.Administratzailea is not enhanced.

[2021-05-04 16:33:49 #21 type.registry] 
New type java.util.Vector<java.lang.Object>

[2021-05-04 16:33:49 #22 type.registry] 
New type java.util.Vector<domain.Kuota>

------------------------------------------------------------------------------------------------------------------------

[2021-05-04 16:34:08 #1 store] 
Database 'D:\OneDrive\Uni\SI1\Proiektua\Iterazioak\Bets21\src\main\resources\bets.temp' has been recovered (tr. 1-8)

[2021-05-04 16:34:08 #2 store] 
Database 'D:\OneDrive\Uni\SI1\Proiektua\Iterazioak\Bets21\src\main\resources\bets.temp' is opened by 6828@LAPTOP-PR5SQP5G

[2021-05-04 16:34:08 #3 type] 
Type domain.Question is not enhanced.

[2021-05-04 16:34:08 #4 type] 
Type domain.Kuota is not enhanced.

[2021-05-04 16:34:08 #5 type] 
Type domain.Event is not enhanced.

[2021-05-04 16:34:08 #6 type] 
Type domain.Emaitza is not enhanced.

[2021-05-04 16:34:08 #7 type] 
Type domain.Apostu is not enhanced.

[2021-05-04 16:34:08 #8 type] 
Type domain.Erabiltzailea is not enhanced.

[2021-05-04 16:34:08 #9 type] 
Type domain.Erregistratua is not enhanced.

[2021-05-04 16:34:08 #10 type] 
Type domain.Langilea is not enhanced.

[2021-05-04 16:34:08 #11 type] 
Type domain.Administratzailea is not enhanced.

[2021-05-04 16:34:22 #12 type.registry] 
New type java.util.Vector<domain.Apostu>

------------------------------------------------------------------------------------------------------------------------

[2021-05-04 16:34:27 #1 store] 
Database 'D:\OneDrive\Uni\SI1\Proiektua\Iterazioak\Bets21\src\main\resources\bets.temp' has been recovered (tr. 9-10)

[2021-05-04 16:34:28 #2 store] 
Database 'D:\OneDrive\Uni\SI1\Proiektua\Iterazioak\Bets21\src\main\resources\bets.temp' is opened by 6408@LAPTOP-PR5SQP5G

[2021-05-04 16:34:28 #3 type] 
Type domain.Question is not enhanced.

[2021-05-04 16:34:28 #4 type] 
Type domain.Kuota is not enhanced.

[2021-05-04 16:34:28 #5 type] 
Type domain.Event is not enhanced.

[2021-05-04 16:34:28 #6 type] 
Type domain.Emaitza is not enhanced.

[2021-05-04 16:34:28 #7 type] 
Type domain.Apostu is not enhanced.

[2021-05-04 16:34:28 #8 type] 
Type domain.Erabiltzailea is not enhanced.

[2021-05-04 16:34:28 #9 type] 
Type domain.Erregistratua is not enhanced.

[2021-05-04 16:34:28 #10 type] 
Type domain.Langilea is not enhanced.

[2021-05-04 16:34:28 #11 type] 
Type domain.Administratzailea is not enhanced.

[2021-05-04 16:34:36 #12 type.registry] 
New type java.util.Vector<java.lang.Double>

[2021-05-04 16:34:45 #13 type.registry] 
New type java.util.Vector<domain.Erregistratua>

------------------------------------------------------------------------------------------------------------------------

[2021-05-04 16:34:54 #1 store] 
Database 'D:\OneDrive\Uni\SI1\Proiektua\Iterazioak\Bets21\src\main\resources\bets.temp' has been recovered (tr. 11-17)

[2021-05-04 16:34:54 #2 store] 
Database 'D:\OneDrive\Uni\SI1\Proiektua\Iterazioak\Bets21\src\main\resources\bets.temp' is opened by 10792@LAPTOP-PR5SQP5G

[2021-05-04 16:34:55 #3 type] 
Type domain.Question is not enhanced.

[2021-05-04 16:34:55 #4 type] 
Type domain.Kuota is not enhanced.

[2021-05-04 16:34:55 #5 type] 
Type domain.Event is not enhanced.

[2021-05-04 16:34:55 #6 type] 
Type domain.Emaitza is not enhanced.

[2021-05-04 16:34:55 #7 type] 
Type domain.Apostu is not enhanced.

[2021-05-04 16:34:55 #8 type] 
Type domain.Erabiltzailea is not enhanced.

[2021-05-04 16:34:55 #9 type] 
Type domain.Erregistratua is not enhanced.

[2021-05-04 16:34:55 #10 type] 
Type domain.Langilea is not enhanced.

[2021-05-04 16:34:55 #11 type] 
Type domain.Administratzailea is not enhanced.

------------------------------------------------------------------------------------------------------------------------

[2021-05-04 16:38:47 #1 store] 
Database 'D:\OneDrive\Uni\SI1\Proiektua\Iterazioak\Bets21\src\main\resources\bets.temp' is opened by 9900@LAPTOP-PR5SQP5G

[2021-05-04 16:38:47 #2 type.registry] 
New type domain.Question

[2021-05-04 16:38:47 #3 type] 
Type domain.Question is not enhanced.

[2021-05-04 16:38:47 #4 type.registry] 
New type domain.Kuota

[2021-05-04 16:38:47 #5 type.registry] 
New type domain.Event

[2021-05-04 16:38:47 #6 type] 
Type domain.Kuota is not enhanced.

[2021-05-04 16:38:47 #7 type.registry] 
New type domain.Emaitza

[2021-05-04 16:38:47 #8 type.registry] 
New type domain.Apostu

[2021-05-04 16:38:47 #9 type] 
Type domain.Event is not enhanced.

[2021-05-04 16:38:47 #10 type.registry] 
New type java.util.Vector<domain.Question>

[2021-05-04 16:38:47 #11 type] 
Type domain.Emaitza is not enhanced.

[2021-05-04 16:38:47 #12 type] 
Type domain.Apostu is not enhanced.

[2021-05-04 16:38:47 #13 type.registry] 
New type domain.Erabiltzailea

[2021-05-04 16:38:47 #14 type.registry] 
New type domain.Erregistratua

[2021-05-04 16:38:47 #15 type] 
Type domain.Erabiltzailea is not enhanced.

[2021-05-04 16:38:47 #16 type] 
Type domain.Erregistratua is not enhanced.

[2021-05-04 16:38:47 #17 type.registry] 
New type domain.Langilea

[2021-05-04 16:38:47 #18 type] 
Type domain.Langilea is not enhanced.

[2021-05-04 16:38:47 #19 type.registry] 
New type domain.Administratzailea

[2021-05-04 16:38:47 #20 type] 
Type domain.Administratzailea is not enhanced.

[2021-05-04 16:38:47 #21 type.registry] 
New type java.util.Vector<java.lang.Object>

[2021-05-04 16:38:47 #22 type.registry] 
New type java.util.Vector<domain.Kuota>

[2021-05-04 16:39:03 #23 type.registry] 
New type java.util.Vector<domain.Erregistratua>

------------------------------------------------------------------------------------------------------------------------

[2021-05-04 16:39:43 #1 store] 
Database 'D:\OneDrive\Uni\SI1\Proiektua\Iterazioak\Bets21\src\main\resources\bets.temp' is opened by 8696@LAPTOP-PR5SQP5G

[2021-05-04 16:39:44 #2 type.registry] 
New type domain.Question

[2021-05-04 16:39:44 #3 type] 
Type domain.Question is not enhanced.

[2021-05-04 16:39:44 #4 type.registry] 
New type domain.Kuota

[2021-05-04 16:39:44 #5 type.registry] 
New type domain.Event

[2021-05-04 16:39:44 #6 type] 
Type domain.Kuota is not enhanced.

[2021-05-04 16:39:44 #7 type.registry] 
New type domain.Emaitza

[2021-05-04 16:39:44 #8 type.registry] 
New type domain.Apostu

[2021-05-04 16:39:44 #9 type] 
Type domain.Event is not enhanced.

[2021-05-04 16:39:44 #10 type.registry] 
New type java.util.Vector<domain.Question>

[2021-05-04 16:39:44 #11 type] 
Type domain.Emaitza is not enhanced.

[2021-05-04 16:39:44 #12 type] 
Type domain.Apostu is not enhanced.

[2021-05-04 16:39:44 #13 type.registry] 
New type domain.Erabiltzailea

[2021-05-04 16:39:44 #14 type.registry] 
New type domain.Erregistratua

[2021-05-04 16:39:44 #15 type] 
Type domain.Erabiltzailea is not enhanced.

[2021-05-04 16:39:44 #16 type] 
Type domain.Erregistratua is not enhanced.

[2021-05-04 16:39:44 #17 type.registry] 
New type domain.Langilea

[2021-05-04 16:39:44 #18 type] 
Type domain.Langilea is not enhanced.

[2021-05-04 16:39:44 #19 type.registry] 
New type domain.Administratzailea

[2021-05-04 16:39:44 #20 type] 
Type domain.Administratzailea is not enhanced.

[2021-05-04 16:39:44 #21 type.registry] 
New type java.util.Vector<java.lang.Object>

[2021-05-04 16:39:44 #22 type.registry] 
New type java.util.Vector<domain.Kuota>

[2021-05-04 16:39:56 #23 type.registry] 
New type java.util.Vector<domain.Erregistratua>

------------------------------------------------------------------------------------------------------------------------

[2021-05-04 16:41:16 #1 store] 
Database 'D:\OneDrive\Uni\SI1\Proiektua\Iterazioak\Bets21\src\main\resources\bets.temp' is opened by 4284@LAPTOP-PR5SQP5G

[2021-05-04 16:41:16 #2 type.registry] 
New type domain.Question

[2021-05-04 16:41:16 #3 type] 
Type domain.Question is not enhanced.

[2021-05-04 16:41:16 #4 type.registry] 
New type domain.Kuota

[2021-05-04 16:41:16 #5 type.registry] 
New type domain.Event

[2021-05-04 16:41:16 #6 type] 
Type domain.Kuota is not enhanced.

[2021-05-04 16:41:16 #7 type.registry] 
New type domain.Emaitza

[2021-05-04 16:41:16 #8 type.registry] 
New type domain.Apostu

[2021-05-04 16:41:16 #9 type] 
Type domain.Event is not enhanced.

[2021-05-04 16:41:16 #10 type.registry] 
New type java.util.Vector<domain.Question>

[2021-05-04 16:41:16 #11 type] 
Type domain.Emaitza is not enhanced.

[2021-05-04 16:41:16 #12 type] 
Type domain.Apostu is not enhanced.

[2021-05-04 16:41:16 #13 type.registry] 
New type domain.Erabiltzailea

[2021-05-04 16:41:16 #14 type.registry] 
New type domain.Erregistratua

[2021-05-04 16:41:16 #15 type] 
Type domain.Erabiltzailea is not enhanced.

[2021-05-04 16:41:16 #16 type] 
Type domain.Erregistratua is not enhanced.

[2021-05-04 16:41:16 #17 type.registry] 
New type domain.Langilea

[2021-05-04 16:41:16 #18 type] 
Type domain.Langilea is not enhanced.

[2021-05-04 16:41:16 #19 type.registry] 
New type domain.Administratzailea

[2021-05-04 16:41:16 #20 type] 
Type domain.Administratzailea is not enhanced.

[2021-05-04 16:41:16 #21 type.registry] 
New type java.util.Vector<java.lang.Object>

[2021-05-04 16:41:16 #22 type.registry] 
New type java.util.Vector<domain.Kuota>

[2021-05-04 16:41:25 #23 type.registry] 
New type java.util.Vector<domain.Erregistratua>

------------------------------------------------------------------------------------------------------------------------

[2021-05-04 16:42:21 #1 store] 
Database 'D:\OneDrive\Uni\SI1\Proiektua\Iterazioak\Bets21\src\main\resources\bets.temp' is opened by 15140@LAPTOP-PR5SQP5G

[2021-05-04 16:42:21 #2 type.registry] 
New type domain.Question

[2021-05-04 16:42:21 #3 type] 
Type domain.Question is not enhanced.

[2021-05-04 16:42:21 #4 type.registry] 
New type domain.Kuota

[2021-05-04 16:42:21 #5 type.registry] 
New type domain.Event

[2021-05-04 16:42:21 #6 type] 
Type domain.Kuota is not enhanced.

[2021-05-04 16:42:21 #7 type.registry] 
New type domain.Emaitza

[2021-05-04 16:42:21 #8 type.registry] 
New type domain.Apostu

[2021-05-04 16:42:21 #9 type] 
Type domain.Event is not enhanced.

[2021-05-04 16:42:21 #10 type.registry] 
New type java.util.Vector<domain.Question>

[2021-05-04 16:42:21 #11 type] 
Type domain.Emaitza is not enhanced.

[2021-05-04 16:42:21 #12 type] 
Type domain.Apostu is not enhanced.

[2021-05-04 16:42:21 #13 type.registry] 
New type domain.Erabiltzailea

[2021-05-04 16:42:21 #14 type.registry] 
New type domain.Erregistratua

[2021-05-04 16:42:21 #15 type] 
Type domain.Erabiltzailea is not enhanced.

[2021-05-04 16:42:21 #16 type] 
Type domain.Erregistratua is not enhanced.

[2021-05-04 16:42:21 #17 type.registry] 
New type domain.Langilea

[2021-05-04 16:42:21 #18 type] 
Type domain.Langilea is not enhanced.

[2021-05-04 16:42:21 #19 type.registry] 
New type domain.Administratzailea

[2021-05-04 16:42:21 #20 type] 
Type domain.Administratzailea is not enhanced.

[2021-05-04 16:42:21 #21 type.registry] 
New type java.util.Vector<java.lang.Object>

[2021-05-04 16:42:21 #22 type.registry] 
New type java.util.Vector<domain.Kuota>

[2021-05-04 16:42:30 #23 type.registry] 
New type java.util.Vector<domain.Erregistratua>

------------------------------------------------------------------------------------------------------------------------

[2021-05-04 16:44:16 #1 store] 
Database 'D:\OneDrive\Uni\SI1\Proiektua\Iterazioak\Bets21\src\main\resources\bets.temp' is opened by 10800@LAPTOP-PR5SQP5G

[2021-05-04 16:44:17 #2 type.registry] 
New type domain.Question

[2021-05-04 16:44:17 #3 type] 
Type domain.Question is not enhanced.

[2021-05-04 16:44:17 #4 type.registry] 
New type domain.Kuota

[2021-05-04 16:44:17 #5 type.registry] 
New type domain.Event

[2021-05-04 16:44:17 #6 type] 
Type domain.Kuota is not enhanced.

[2021-05-04 16:44:17 #7 type.registry] 
New type domain.Emaitza

[2021-05-04 16:44:17 #8 type.registry] 
New type domain.Apostu

[2021-05-04 16:44:17 #9 type] 
Type domain.Event is not enhanced.

[2021-05-04 16:44:17 #10 type.registry] 
New type java.util.Vector<domain.Question>

[2021-05-04 16:44:17 #11 type] 
Type domain.Emaitza is not enhanced.

[2021-05-04 16:44:17 #12 type] 
Type domain.Apostu is not enhanced.

[2021-05-04 16:44:17 #13 type.registry] 
New type domain.Erabiltzailea

[2021-05-04 16:44:17 #14 type.registry] 
New type domain.Erregistratua

[2021-05-04 16:44:17 #15 type] 
Type domain.Erabiltzailea is not enhanced.

[2021-05-04 16:44:17 #16 type] 
Type domain.Erregistratua is not enhanced.

[2021-05-04 16:44:17 #17 type.registry] 
New type domain.Langilea

[2021-05-04 16:44:17 #18 type] 
Type domain.Langilea is not enhanced.

[2021-05-04 16:44:17 #19 type.registry] 
New type domain.Administratzailea

[2021-05-04 16:44:17 #20 type] 
Type domain.Administratzailea is not enhanced.

[2021-05-04 16:44:17 #21 type.registry] 
New type java.util.Vector<java.lang.Object>

[2021-05-04 16:44:17 #22 type.registry] 
New type java.util.Vector<domain.Kuota>

------------------------------------------------------------------------------------------------------------------------

[2021-05-04 16:44:53 #1 store] 
Database 'D:\OneDrive\Uni\SI1\Proiektua\Iterazioak\Bets21\src\main\resources\bets.temp' is opened by 13316@LAPTOP-PR5SQP5G

[2021-05-04 16:44:53 #2 type.registry] 
New type domain.Question

[2021-05-04 16:44:53 #3 type] 
Type domain.Question is not enhanced.

[2021-05-04 16:44:53 #4 type.registry] 
New type domain.Kuota

[2021-05-04 16:44:53 #5 type.registry] 
New type domain.Event

[2021-05-04 16:44:53 #6 type] 
Type domain.Kuota is not enhanced.

[2021-05-04 16:44:53 #7 type.registry] 
New type domain.Emaitza

[2021-05-04 16:44:53 #8 type.registry] 
New type domain.Apostu

[2021-05-04 16:44:53 #9 type] 
Type domain.Event is not enhanced.

[2021-05-04 16:44:53 #10 type.registry] 
New type java.util.Vector<domain.Question>

[2021-05-04 16:44:53 #11 type] 
Type domain.Emaitza is not enhanced.

[2021-05-04 16:44:53 #12 type] 
Type domain.Apostu is not enhanced.

[2021-05-04 16:44:53 #13 type.registry] 
New type domain.Erabiltzailea

[2021-05-04 16:44:53 #14 type.registry] 
New type domain.Erregistratua

[2021-05-04 16:44:53 #15 type] 
Type domain.Erabiltzailea is not enhanced.

[2021-05-04 16:44:53 #16 type] 
Type domain.Erregistratua is not enhanced.

[2021-05-04 16:44:53 #17 type.registry] 
New type domain.Langilea

[2021-05-04 16:44:53 #18 type] 
Type domain.Langilea is not enhanced.

[2021-05-04 16:44:53 #19 type.registry] 
New type domain.Administratzailea

[2021-05-04 16:44:53 #20 type] 
Type domain.Administratzailea is not enhanced.

[2021-05-04 16:44:53 #21 type.registry] 
New type java.util.Vector<java.lang.Object>

[2021-05-04 16:44:53 #22 type.registry] 
New type java.util.Vector<domain.Kuota>

------------------------------------------------------------------------------------------------------------------------

[2021-05-04 16:45:08 #1 store] 
Database 'D:\OneDrive\Uni\SI1\Proiektua\Iterazioak\Bets21\src\main\resources\bets.temp' has been recovered (tr. 1-8)

[2021-05-04 16:45:08 #2 store] 
Database 'D:\OneDrive\Uni\SI1\Proiektua\Iterazioak\Bets21\src\main\resources\bets.temp' is opened by 16144@LAPTOP-PR5SQP5G

[2021-05-04 16:45:08 #3 type] 
Type domain.Question is not enhanced.

[2021-05-04 16:45:08 #4 type] 
Type domain.Kuota is not enhanced.

[2021-05-04 16:45:08 #5 type] 
Type domain.Event is not enhanced.

[2021-05-04 16:45:08 #6 type] 
Type domain.Emaitza is not enhanced.

[2021-05-04 16:45:08 #7 type] 
Type domain.Apostu is not enhanced.

[2021-05-04 16:45:08 #8 type] 
Type domain.Erabiltzailea is not enhanced.

[2021-05-04 16:45:08 #9 type] 
Type domain.Erregistratua is not enhanced.

[2021-05-04 16:45:08 #10 type] 
Type domain.Langilea is not enhanced.

[2021-05-04 16:45:08 #11 type] 
Type domain.Administratzailea is not enhanced.

[2021-05-04 16:45:27 #12 type.registry] 
New type java.util.Vector<domain.Apostu>

------------------------------------------------------------------------------------------------------------------------

[2021-05-04 16:45:31 #1 store] 
Database 'D:\OneDrive\Uni\SI1\Proiektua\Iterazioak\Bets21\src\main\resources\bets.temp' has been recovered (tr. 9-10)

[2021-05-04 16:45:31 #2 store] 
Database 'D:\OneDrive\Uni\SI1\Proiektua\Iterazioak\Bets21\src\main\resources\bets.temp' is opened by 2688@LAPTOP-PR5SQP5G

[2021-05-04 16:45:31 #3 type] 
Type domain.Question is not enhanced.

[2021-05-04 16:45:31 #4 type] 
Type domain.Kuota is not enhanced.

[2021-05-04 16:45:31 #5 type] 
Type domain.Event is not enhanced.

[2021-05-04 16:45:31 #6 type] 
Type domain.Emaitza is not enhanced.

[2021-05-04 16:45:31 #7 type] 
Type domain.Apostu is not enhanced.

[2021-05-04 16:45:31 #8 type] 
Type domain.Erabiltzailea is not enhanced.

[2021-05-04 16:45:31 #9 type] 
Type domain.Erregistratua is not enhanced.

[2021-05-04 16:45:31 #10 type] 
Type domain.Langilea is not enhanced.

[2021-05-04 16:45:31 #11 type] 
Type domain.Administratzailea is not enhanced.

[2021-05-04 16:45:41 #12 type.registry] 
New type java.util.Vector<java.lang.Double>

[2021-05-04 16:45:47 #13 type.registry] 
New type java.util.Vector<domain.Erregistratua>

------------------------------------------------------------------------------------------------------------------------

[2021-05-04 16:45:54 #1 store] 
Database 'D:\OneDrive\Uni\SI1\Proiektua\Iterazioak\Bets21\src\main\resources\bets.temp' has been recovered (tr. 11-17)

[2021-05-04 16:45:55 #2 store] 
Database 'D:\OneDrive\Uni\SI1\Proiektua\Iterazioak\Bets21\src\main\resources\bets.temp' is opened by 9668@LAPTOP-PR5SQP5G

[2021-05-04 16:45:55 #3 type] 
Type domain.Question is not enhanced.

[2021-05-04 16:45:55 #4 type] 
Type domain.Kuota is not enhanced.

[2021-05-04 16:45:55 #5 type] 
Type domain.Event is not enhanced.

[2021-05-04 16:45:55 #6 type] 
Type domain.Emaitza is not enhanced.

[2021-05-04 16:45:55 #7 type] 
Type domain.Apostu is not enhanced.

[2021-05-04 16:45:55 #8 type] 
Type domain.Erabiltzailea is not enhanced.

[2021-05-04 16:45:55 #9 type] 
Type domain.Erregistratua is not enhanced.

[2021-05-04 16:45:55 #10 type] 
Type domain.Langilea is not enhanced.

[2021-05-04 16:45:55 #11 type] 
Type domain.Administratzailea is not enhanced.

------------------------------------------------------------------------------------------------------------------------

[2021-05-04 16:46:01 #1 store] 
Database 'D:\OneDrive\Uni\SI1\Proiektua\Iterazioak\Bets21\src\main\resources\bets.temp' is opened by 15704@LAPTOP-PR5SQP5G

[2021-05-04 16:46:02 #2 type] 
Type domain.Question is not enhanced.

[2021-05-04 16:46:02 #3 type] 
Type domain.Kuota is not enhanced.

[2021-05-04 16:46:02 #4 type] 
Type domain.Event is not enhanced.

[2021-05-04 16:46:02 #5 type] 
Type domain.Emaitza is not enhanced.

[2021-05-04 16:46:02 #6 type] 
Type domain.Apostu is not enhanced.

[2021-05-04 16:46:02 #7 type] 
Type domain.Erabiltzailea is not enhanced.

[2021-05-04 16:46:02 #8 type] 
Type domain.Erregistratua is not enhanced.

[2021-05-04 16:46:02 #9 type] 
Type domain.Langilea is not enhanced.

[2021-05-04 16:46:02 #10 type] 
Type domain.Administratzailea is not enhanced.

------------------------------------------------------------------------------------------------------------------------

[2021-05-04 16:46:45 #1 store] 
Database 'D:\OneDrive\Uni\SI1\Proiektua\Iterazioak\Bets21\src\main\resources\bets.temp' has been recovered (tr. 18-20)

[2021-05-04 16:46:45 #2 store] 
Database 'D:\OneDrive\Uni\SI1\Proiektua\Iterazioak\Bets21\src\main\resources\bets.temp' is opened by 4184@LAPTOP-PR5SQP5G

[2021-05-04 16:46:45 #3 type] 
Type domain.Question is not enhanced.

[2021-05-04 16:46:45 #4 type] 
Type domain.Kuota is not enhanced.

[2021-05-04 16:46:45 #5 type] 
Type domain.Event is not enhanced.

[2021-05-04 16:46:45 #6 type] 
Type domain.Emaitza is not enhanced.

[2021-05-04 16:46:45 #7 type] 
Type domain.Apostu is not enhanced.

[2021-05-04 16:46:45 #8 type] 
Type domain.Erabiltzailea is not enhanced.

[2021-05-04 16:46:45 #9 type] 
Type domain.Erregistratua is not enhanced.

[2021-05-04 16:46:45 #10 type] 
Type domain.Langilea is not enhanced.

[2021-05-04 16:46:45 #11 type] 
Type domain.Administratzailea is not enhanced.

------------------------------------------------------------------------------------------------------------------------

[2021-05-04 16:46:49 #1 store] 
Database 'D:\OneDrive\Uni\SI1\Proiektua\Iterazioak\Bets21\src\main\resources\bets.temp' is opened by 10700@LAPTOP-PR5SQP5G

[2021-05-04 16:46:49 #2 type] 
Type domain.Question is not enhanced.

[2021-05-04 16:46:49 #3 type] 
Type domain.Kuota is not enhanced.

[2021-05-04 16:46:49 #4 type] 
Type domain.Event is not enhanced.

[2021-05-04 16:46:49 #5 type] 
Type domain.Emaitza is not enhanced.

[2021-05-04 16:46:49 #6 type] 
Type domain.Apostu is not enhanced.

[2021-05-04 16:46:49 #7 type] 
Type domain.Erabiltzailea is not enhanced.

[2021-05-04 16:46:49 #8 type] 
Type domain.Erregistratua is not enhanced.

[2021-05-04 16:46:49 #9 type] 
Type domain.Langilea is not enhanced.

[2021-05-04 16:46:49 #10 type] 
Type domain.Administratzailea is not enhanced.

------------------------------------------------------------------------------------------------------------------------

[2021-05-04 16:47:18 #1 store] 
Database 'D:\OneDrive\Uni\SI1\Proiektua\Iterazioak\Bets21\src\main\resources\bets.temp' is opened by 11748@LAPTOP-PR5SQP5G

[2021-05-04 16:47:18 #2 type] 
Type domain.Question is not enhanced.

[2021-05-04 16:47:18 #3 type] 
Type domain.Kuota is not enhanced.

[2021-05-04 16:47:18 #4 type] 
Type domain.Event is not enhanced.

[2021-05-04 16:47:18 #5 type] 
Type domain.Emaitza is not enhanced.

[2021-05-04 16:47:18 #6 type] 
Type domain.Apostu is not enhanced.

[2021-05-04 16:47:18 #7 type] 
Type domain.Erabiltzailea is not enhanced.

[2021-05-04 16:47:18 #8 type] 
Type domain.Erregistratua is not enhanced.

[2021-05-04 16:47:18 #9 type] 
Type domain.Langilea is not enhanced.

[2021-05-04 16:47:18 #10 type] 
Type domain.Administratzailea is not enhanced.

------------------------------------------------------------------------------------------------------------------------

[2021-05-04 16:47:26 #1 store] 
Database 'D:\OneDrive\Uni\SI1\Proiektua\Iterazioak\Bets21\src\main\resources\bets.temp' is opened by 1064@LAPTOP-PR5SQP5G

[2021-05-04 16:47:26 #2 type] 
Type domain.Question is not enhanced.

[2021-05-04 16:47:26 #3 type] 
Type domain.Kuota is not enhanced.

[2021-05-04 16:47:26 #4 type] 
Type domain.Event is not enhanced.

[2021-05-04 16:47:26 #5 type] 
Type domain.Emaitza is not enhanced.

[2021-05-04 16:47:26 #6 type] 
Type domain.Apostu is not enhanced.

[2021-05-04 16:47:26 #7 type] 
Type domain.Erabiltzailea is not enhanced.

[2021-05-04 16:47:26 #8 type] 
Type domain.Erregistratua is not enhanced.

[2021-05-04 16:47:26 #9 type] 
Type domain.Langilea is not enhanced.

[2021-05-04 16:47:26 #10 type] 
Type domain.Administratzailea is not enhanced.

------------------------------------------------------------------------------------------------------------------------

[2021-05-04 16:47:51 #1 store] 
Database 'D:\OneDrive\Uni\SI1\Proiektua\Iterazioak\Bets21\src\main\resources\bets.temp' has been recovered (tr. 21-21)

[2021-05-04 16:47:51 #2 store] 
Database 'D:\OneDrive\Uni\SI1\Proiektua\Iterazioak\Bets21\src\main\resources\bets.temp' is opened by 12836@LAPTOP-PR5SQP5G

[2021-05-04 16:47:51 #3 type] 
Type domain.Question is not enhanced.

[2021-05-04 16:47:51 #4 type] 
Type domain.Kuota is not enhanced.

[2021-05-04 16:47:51 #5 type] 
Type domain.Event is not enhanced.

[2021-05-04 16:47:51 #6 type] 
Type domain.Emaitza is not enhanced.

[2021-05-04 16:47:51 #7 type] 
Type domain.Apostu is not enhanced.

[2021-05-04 16:47:51 #8 type] 
Type domain.Erabiltzailea is not enhanced.

[2021-05-04 16:47:51 #9 type] 
Type domain.Erregistratua is not enhanced.

[2021-05-04 16:47:51 #10 type] 
Type domain.Langilea is not enhanced.

[2021-05-04 16:47:51 #11 type] 
Type domain.Administratzailea is not enhanced.

------------------------------------------------------------------------------------------------------------------------

[2021-05-04 16:48:54 #1 store] 
Database 'D:\OneDrive\Uni\SI1\Proiektua\Iterazioak\Bets21\src\main\resources\bets.temp' has been recovered (tr. 22-25)

[2021-05-04 16:48:55 #2 store] 
Database 'D:\OneDrive\Uni\SI1\Proiektua\Iterazioak\Bets21\src\main\resources\bets.temp' is opened by 6032@LAPTOP-PR5SQP5G

[2021-05-04 16:48:55 #3 type] 
Type domain.Question is not enhanced.

[2021-05-04 16:48:55 #4 type] 
Type domain.Kuota is not enhanced.

[2021-05-04 16:48:55 #5 type] 
Type domain.Event is not enhanced.

[2021-05-04 16:48:55 #6 type] 
Type domain.Emaitza is not enhanced.

[2021-05-04 16:48:55 #7 type] 
Type domain.Apostu is not enhanced.

[2021-05-04 16:48:55 #8 type] 
Type domain.Erabiltzailea is not enhanced.

[2021-05-04 16:48:55 #9 type] 
Type domain.Erregistratua is not enhanced.

[2021-05-04 16:48:55 #10 type] 
Type domain.Langilea is not enhanced.

[2021-05-04 16:48:55 #11 type] 
Type domain.Administratzailea is not enhanced.

------------------------------------------------------------------------------------------------------------------------

[2021-05-04 17:19:00 #1 store] 
Database 'D:\OneDrive\Uni\SI1\Proiektua\Iterazioak\Bets21\src\main\resources\bets.temp' is opened by 13044@LAPTOP-PR5SQP5G

[2021-05-04 17:19:00 #2 type.registry] 
New type domain.Question

[2021-05-04 17:19:00 #3 type] 
Type domain.Question is not enhanced.

[2021-05-04 17:19:00 #4 type.registry] 
New type domain.Kuota

[2021-05-04 17:19:00 #5 type.registry] 
New type domain.Event

[2021-05-04 17:19:00 #6 type] 
Type domain.Kuota is not enhanced.

[2021-05-04 17:19:00 #7 type.registry] 
New type domain.Emaitza

[2021-05-04 17:19:00 #8 type.registry] 
New type domain.Apostu

[2021-05-04 17:19:00 #9 type] 
Type domain.Event is not enhanced.

[2021-05-04 17:19:00 #10 type.registry] 
New type java.util.Vector<domain.Question>

[2021-05-04 17:19:00 #11 type] 
Type domain.Emaitza is not enhanced.

[2021-05-04 17:19:00 #12 type] 
Type domain.Apostu is not enhanced.

[2021-05-04 17:19:00 #13 type.registry] 
New type domain.Erabiltzailea

[2021-05-04 17:19:00 #14 type.registry] 
New type domain.Erregistratua

[2021-05-04 17:19:00 #15 type] 
Type domain.Erabiltzailea is not enhanced.

[2021-05-04 17:19:00 #16 type] 
Type domain.Erregistratua is not enhanced.

[2021-05-04 17:19:00 #17 type.registry] 
New type domain.Langilea

[2021-05-04 17:19:00 #18 type] 
Type domain.Langilea is not enhanced.

[2021-05-04 17:19:00 #19 type.registry] 
New type domain.Administratzailea

[2021-05-04 17:19:00 #20 type] 
Type domain.Administratzailea is not enhanced.

[2021-05-04 17:19:00 #21 type.registry] 
New type java.util.Vector<java.lang.Object>

[2021-05-04 17:19:00 #22 type.registry] 
New type java.util.Vector<domain.Kuota>

------------------------------------------------------------------------------------------------------------------------

[2021-05-04 17:19:15 #1 store] 
Database 'D:\OneDrive\Uni\SI1\Proiektua\Iterazioak\Bets21\src\main\resources\bets.temp' has been recovered (tr. 1-8)

[2021-05-04 17:19:15 #2 store] 
Database 'D:\OneDrive\Uni\SI1\Proiektua\Iterazioak\Bets21\src\main\resources\bets.temp' is opened by 13800@LAPTOP-PR5SQP5G

[2021-05-04 17:19:15 #3 type] 
Type domain.Question is not enhanced.

[2021-05-04 17:19:15 #4 type] 
Type domain.Kuota is not enhanced.

[2021-05-04 17:19:15 #5 type] 
Type domain.Event is not enhanced.

[2021-05-04 17:19:15 #6 type] 
Type domain.Emaitza is not enhanced.

[2021-05-04 17:19:15 #7 type] 
Type domain.Apostu is not enhanced.

[2021-05-04 17:19:15 #8 type] 
Type domain.Erabiltzailea is not enhanced.

[2021-05-04 17:19:15 #9 type] 
Type domain.Erregistratua is not enhanced.

[2021-05-04 17:19:15 #10 type] 
Type domain.Langilea is not enhanced.

[2021-05-04 17:19:15 #11 type] 
Type domain.Administratzailea is not enhanced.

[2021-05-04 17:19:28 #12 type.registry] 
New type java.util.Vector<domain.Apostu>

------------------------------------------------------------------------------------------------------------------------

[2021-05-04 17:19:34 #1 store] 
Database 'D:\OneDrive\Uni\SI1\Proiektua\Iterazioak\Bets21\src\main\resources\bets.temp' has been recovered (tr. 9-10)

[2021-05-04 17:19:34 #2 store] 
Database 'D:\OneDrive\Uni\SI1\Proiektua\Iterazioak\Bets21\src\main\resources\bets.temp' is opened by 7704@LAPTOP-PR5SQP5G

[2021-05-04 17:19:35 #3 type] 
Type domain.Question is not enhanced.

[2021-05-04 17:19:35 #4 type] 
Type domain.Kuota is not enhanced.

[2021-05-04 17:19:35 #5 type] 
Type domain.Event is not enhanced.

[2021-05-04 17:19:35 #6 type] 
Type domain.Emaitza is not enhanced.

[2021-05-04 17:19:35 #7 type] 
Type domain.Apostu is not enhanced.

[2021-05-04 17:19:35 #8 type] 
Type domain.Erabiltzailea is not enhanced.

[2021-05-04 17:19:35 #9 type] 
Type domain.Erregistratua is not enhanced.

[2021-05-04 17:19:35 #10 type] 
Type domain.Langilea is not enhanced.

[2021-05-04 17:19:35 #11 type] 
Type domain.Administratzailea is not enhanced.

------------------------------------------------------------------------------------------------------------------------

[2021-05-04 17:19:43 #1 store] 
Database 'D:\OneDrive\Uni\SI1\Proiektua\Iterazioak\Bets21\src\main\resources\bets.temp' is opened by 1384@LAPTOP-PR5SQP5G

[2021-05-04 17:19:43 #2 type] 
Type domain.Question is not enhanced.

[2021-05-04 17:19:43 #3 type] 
Type domain.Kuota is not enhanced.

[2021-05-04 17:19:43 #4 type] 
Type domain.Event is not enhanced.

[2021-05-04 17:19:43 #5 type] 
Type domain.Emaitza is not enhanced.

[2021-05-04 17:19:43 #6 type] 
Type domain.Apostu is not enhanced.

[2021-05-04 17:19:43 #7 type] 
Type domain.Erabiltzailea is not enhanced.

[2021-05-04 17:19:43 #8 type] 
Type domain.Erregistratua is not enhanced.

[2021-05-04 17:19:43 #9 type] 
Type domain.Langilea is not enhanced.

[2021-05-04 17:19:43 #10 type] 
Type domain.Administratzailea is not enhanced.

[2021-05-04 17:19:52 #11 type.registry] 
New type java.util.Vector<java.lang.Double>

[2021-05-04 17:20:01 #12 type.registry] 
New type java.util.Vector<domain.Erregistratua>

------------------------------------------------------------------------------------------------------------------------

[2021-05-04 17:20:06 #1 store] 
Database 'D:\OneDrive\Uni\SI1\Proiektua\Iterazioak\Bets21\src\main\resources\bets.temp' has been recovered (tr. 11-17)

[2021-05-04 17:20:06 #2 store] 
Database 'D:\OneDrive\Uni\SI1\Proiektua\Iterazioak\Bets21\src\main\resources\bets.temp' is opened by 6220@LAPTOP-PR5SQP5G

[2021-05-04 17:20:07 #3 type] 
Type domain.Question is not enhanced.

[2021-05-04 17:20:07 #4 type] 
Type domain.Kuota is not enhanced.

[2021-05-04 17:20:07 #5 type] 
Type domain.Event is not enhanced.

[2021-05-04 17:20:07 #6 type] 
Type domain.Emaitza is not enhanced.

[2021-05-04 17:20:07 #7 type] 
Type domain.Apostu is not enhanced.

[2021-05-04 17:20:07 #8 type] 
Type domain.Erabiltzailea is not enhanced.

[2021-05-04 17:20:07 #9 type] 
Type domain.Erregistratua is not enhanced.

[2021-05-04 17:20:07 #10 type] 
Type domain.Langilea is not enhanced.

[2021-05-04 17:20:07 #11 type] 
Type domain.Administratzailea is not enhanced.

------------------------------------------------------------------------------------------------------------------------

[2021-05-04 17:20:36 #1 store] 
Database 'D:\OneDrive\Uni\SI1\Proiektua\Iterazioak\Bets21\src\main\resources\bets.temp' has been recovered (tr. 18-18)

[2021-05-04 17:20:36 #2 store] 
Database 'D:\OneDrive\Uni\SI1\Proiektua\Iterazioak\Bets21\src\main\resources\bets.temp' is opened by 11656@LAPTOP-PR5SQP5G

[2021-05-04 17:20:36 #3 type] 
Type domain.Question is not enhanced.

[2021-05-04 17:20:36 #4 type] 
Type domain.Kuota is not enhanced.

[2021-05-04 17:20:36 #5 type] 
Type domain.Event is not enhanced.

[2021-05-04 17:20:36 #6 type] 
Type domain.Emaitza is not enhanced.

[2021-05-04 17:20:36 #7 type] 
Type domain.Apostu is not enhanced.

[2021-05-04 17:20:36 #8 type] 
Type domain.Erabiltzailea is not enhanced.

[2021-05-04 17:20:36 #9 type] 
Type domain.Erregistratua is not enhanced.

[2021-05-04 17:20:36 #10 type] 
Type domain.Langilea is not enhanced.

[2021-05-04 17:20:36 #11 type] 
Type domain.Administratzailea is not enhanced.

------------------------------------------------------------------------------------------------------------------------

[2021-05-04 17:20:53 #1 store] 
Database 'D:\OneDrive\Uni\SI1\Proiektua\Iterazioak\Bets21\src\main\resources\bets.temp' has been recovered (tr. 19-19)

[2021-05-04 17:20:53 #2 store] 
Database 'D:\OneDrive\Uni\SI1\Proiektua\Iterazioak\Bets21\src\main\resources\bets.temp' is opened by 12568@LAPTOP-PR5SQP5G

[2021-05-04 17:20:53 #3 type] 
Type domain.Question is not enhanced.

[2021-05-04 17:20:53 #4 type] 
Type domain.Kuota is not enhanced.

[2021-05-04 17:20:53 #5 type] 
Type domain.Event is not enhanced.

[2021-05-04 17:20:53 #6 type] 
Type domain.Emaitza is not enhanced.

[2021-05-04 17:20:53 #7 type] 
Type domain.Apostu is not enhanced.

[2021-05-04 17:20:53 #8 type] 
Type domain.Erabiltzailea is not enhanced.

[2021-05-04 17:20:53 #9 type] 
Type domain.Erregistratua is not enhanced.

[2021-05-04 17:20:53 #10 type] 
Type domain.Langilea is not enhanced.

[2021-05-04 17:20:53 #11 type] 
Type domain.Administratzailea is not enhanced.

------------------------------------------------------------------------------------------------------------------------

[2021-05-04 17:21:00 #1 store] 
Database 'D:\OneDrive\Uni\SI1\Proiektua\Iterazioak\Bets21\src\main\resources\bets.temp' is opened by 6564@LAPTOP-PR5SQP5G

[2021-05-04 17:21:01 #2 type] 
Type domain.Question is not enhanced.

[2021-05-04 17:21:01 #3 type] 
Type domain.Kuota is not enhanced.

[2021-05-04 17:21:01 #4 type] 
Type domain.Event is not enhanced.

[2021-05-04 17:21:01 #5 type] 
Type domain.Emaitza is not enhanced.

[2021-05-04 17:21:01 #6 type] 
Type domain.Apostu is not enhanced.

[2021-05-04 17:21:01 #7 type] 
Type domain.Erabiltzailea is not enhanced.

[2021-05-04 17:21:01 #8 type] 
Type domain.Erregistratua is not enhanced.

[2021-05-04 17:21:01 #9 type] 
Type domain.Langilea is not enhanced.

[2021-05-04 17:21:01 #10 type] 
Type domain.Administratzailea is not enhanced.

------------------------------------------------------------------------------------------------------------------------

[2021-05-04 17:21:54 #1 store] 
Database 'D:\OneDrive\Uni\SI1\Proiektua\Iterazioak\Bets21\src\main\resources\bets.temp' has been recovered (tr. 20-28)

[2021-05-04 17:21:54 #2 store] 
Database 'D:\OneDrive\Uni\SI1\Proiektua\Iterazioak\Bets21\src\main\resources\bets.temp' is opened by 5620@LAPTOP-PR5SQP5G

[2021-05-04 17:21:54 #3 type] 
Type domain.Question is not enhanced.

[2021-05-04 17:21:55 #4 type] 
Type domain.Kuota is not enhanced.

[2021-05-04 17:21:55 #5 type] 
Type domain.Event is not enhanced.

[2021-05-04 17:21:55 #6 type] 
Type domain.Emaitza is not enhanced.

[2021-05-04 17:21:55 #7 type] 
Type domain.Apostu is not enhanced.

[2021-05-04 17:21:55 #8 type] 
Type domain.Erabiltzailea is not enhanced.

[2021-05-04 17:21:55 #9 type] 
Type domain.Erregistratua is not enhanced.

[2021-05-04 17:21:55 #10 type] 
Type domain.Langilea is not enhanced.

[2021-05-04 17:21:55 #11 type] 
Type domain.Administratzailea is not enhanced.

------------------------------------------------------------------------------------------------------------------------

[2021-05-04 17:22:04 #1 store] 
Database 'D:\OneDrive\Uni\SI1\Proiektua\Iterazioak\Bets21\src\main\resources\bets.temp' is opened by 12876@LAPTOP-PR5SQP5G

[2021-05-04 17:22:04 #2 type] 
Type domain.Question is not enhanced.

[2021-05-04 17:22:04 #3 type] 
Type domain.Kuota is not enhanced.

[2021-05-04 17:22:04 #4 type] 
Type domain.Event is not enhanced.

[2021-05-04 17:22:04 #5 type] 
Type domain.Emaitza is not enhanced.

[2021-05-04 17:22:04 #6 type] 
Type domain.Apostu is not enhanced.

[2021-05-04 17:22:04 #7 type] 
Type domain.Erabiltzailea is not enhanced.

[2021-05-04 17:22:04 #8 type] 
Type domain.Erregistratua is not enhanced.

[2021-05-04 17:22:04 #9 type] 
Type domain.Langilea is not enhanced.

[2021-05-04 17:22:04 #10 type] 
Type domain.Administratzailea is not enhanced.

------------------------------------------------------------------------------------------------------------------------

[2021-05-04 17:22:44 #1 store] 
Database 'D:\OneDrive\Uni\SI1\Proiektua\Iterazioak\Bets21\src\main\resources\bets.temp' has been recovered (tr. 29-36)

[2021-05-04 17:22:44 #2 store] 
Database 'D:\OneDrive\Uni\SI1\Proiektua\Iterazioak\Bets21\src\main\resources\bets.temp' is opened by 6016@LAPTOP-PR5SQP5G

[2021-05-04 17:22:44 #3 type] 
Type domain.Question is not enhanced.

[2021-05-04 17:22:44 #4 type] 
Type domain.Kuota is not enhanced.

[2021-05-04 17:22:44 #5 type] 
Type domain.Event is not enhanced.

[2021-05-04 17:22:44 #6 type] 
Type domain.Emaitza is not enhanced.

[2021-05-04 17:22:44 #7 type] 
Type domain.Apostu is not enhanced.

[2021-05-04 17:22:44 #8 type] 
Type domain.Erabiltzailea is not enhanced.

[2021-05-04 17:22:44 #9 type] 
Type domain.Erregistratua is not enhanced.

[2021-05-04 17:22:44 #10 type] 
Type domain.Langilea is not enhanced.

[2021-05-04 17:22:44 #11 type] 
Type domain.Administratzailea is not enhanced.

------------------------------------------------------------------------------------------------------------------------

[2021-05-04 17:23:15 #1 store] 
Database 'D:\OneDrive\Uni\SI1\Proiektua\Iterazioak\Bets21\src\main\resources\bets.temp' is opened by 11420@LAPTOP-PR5SQP5G

[2021-05-04 17:23:15 #2 type] 
Type domain.Question is not enhanced.

[2021-05-04 17:23:15 #3 type] 
Type domain.Kuota is not enhanced.

[2021-05-04 17:23:15 #4 type] 
Type domain.Event is not enhanced.

[2021-05-04 17:23:15 #5 type] 
Type domain.Emaitza is not enhanced.

[2021-05-04 17:23:15 #6 type] 
Type domain.Apostu is not enhanced.

[2021-05-04 17:23:15 #7 type] 
Type domain.Erabiltzailea is not enhanced.

[2021-05-04 17:23:15 #8 type] 
Type domain.Erregistratua is not enhanced.

[2021-05-04 17:23:15 #9 type] 
Type domain.Langilea is not enhanced.

[2021-05-04 17:23:15 #10 type] 
Type domain.Administratzailea is not enhanced.

------------------------------------------------------------------------------------------------------------------------

[2021-05-04 17:24:05 #1 store] 
Database 'D:\OneDrive\Uni\SI1\Proiektua\Iterazioak\Bets21\src\main\resources\bets.temp' has been recovered (tr. 37-42)

[2021-05-04 17:24:05 #2 store] 
Database 'D:\OneDrive\Uni\SI1\Proiektua\Iterazioak\Bets21\src\main\resources\bets.temp' is opened by 9020@LAPTOP-PR5SQP5G

[2021-05-04 17:24:06 #3 type] 
Type domain.Question is not enhanced.

[2021-05-04 17:24:06 #4 type] 
Type domain.Kuota is not enhanced.

[2021-05-04 17:24:06 #5 type] 
Type domain.Event is not enhanced.

[2021-05-04 17:24:06 #6 type] 
Type domain.Emaitza is not enhanced.

[2021-05-04 17:24:06 #7 type] 
Type domain.Apostu is not enhanced.

[2021-05-04 17:24:06 #8 type] 
Type domain.Erabiltzailea is not enhanced.

[2021-05-04 17:24:06 #9 type] 
Type domain.Erregistratua is not enhanced.

[2021-05-04 17:24:06 #10 type] 
Type domain.Langilea is not enhanced.

[2021-05-04 17:24:06 #11 type] 
Type domain.Administratzailea is not enhanced.

------------------------------------------------------------------------------------------------------------------------

[2021-05-04 17:24:41 #1 store] 
Database 'D:\OneDrive\Uni\SI1\Proiektua\Iterazioak\Bets21\src\main\resources\bets.temp' is opened by 8764@LAPTOP-PR5SQP5G

[2021-05-04 17:24:42 #2 type] 
Type domain.Question is not enhanced.

[2021-05-04 17:24:42 #3 type] 
Type domain.Kuota is not enhanced.

[2021-05-04 17:24:42 #4 type] 
Type domain.Event is not enhanced.

[2021-05-04 17:24:42 #5 type] 
Type domain.Emaitza is not enhanced.

[2021-05-04 17:24:42 #6 type] 
Type domain.Apostu is not enhanced.

[2021-05-04 17:24:42 #7 type] 
Type domain.Erabiltzailea is not enhanced.

[2021-05-04 17:24:42 #8 type] 
Type domain.Erregistratua is not enhanced.

[2021-05-04 17:24:42 #9 type] 
Type domain.Langilea is not enhanced.

[2021-05-04 17:24:42 #10 type] 
Type domain.Administratzailea is not enhanced.

